Log file open, 05/13/18 17:04:37
LogWindows: Failed to load 'aqProf.dll' (GetLastError=126)
LogWindows: File 'aqProf.dll' does not exist
LogWindows: Failed to load 'VtuneApi.dll' (GetLastError=126)
LogWindows: File 'VtuneApi.dll' does not exist
LogWindows: Failed to load 'VtuneApi32e.dll' (GetLastError=126)
LogWindows: File 'VtuneApi32e.dll' does not exist
LogInit: Display: Running engine for game: GameJam
LogPlatformFile: Not using cached read wrapper
LogInit: Display: RandInit(1308708389) SRandInit(1308708389).
LogInit: Read version file with build ID '3944462'
LogInit: Overriding engine version to CL 4033788, compatible CL 3944462
LogInit: Registered custom module enumerator with build ID '3944462'
LogTaskGraph: Started task graph with 5 named threads and 23 total threads with 3 sets of task threads.
LogStats: Stats thread started at 0.274870
LogD3D11RHI: Aftermath initialized
LogICUInternationalization: Display: ICU TimeZone Detection - Raw Offset: -5:00, Platform Override: ''
LogModuleManager: Display: Found up-to-date module file ../../../../../../Users/vikky/Documents/GitHub/Danger-Bee/Plugins/FMODStudio/Binaries/Win64/UE4Editor-FMODStudio.dll (API version 3944462).
LogModuleManager: Display: Found up-to-date module file ../../../../../../Users/vikky/Documents/GitHub/Danger-Bee/Plugins/FMODStudio/Binaries/Win64/UE4Editor-FMODStudioEditor.dll (API version 3944462).
LogModuleManager: Display: Found up-to-date module file ../../../Engine/Plugins/2D/Paper2D/Binaries/Win64/UE4Editor-Paper2D.dll (API version 3944462).
LogModuleManager: Display: Found up-to-date module file ../../../Engine/Plugins/2D/Paper2D/Binaries/Win64/UE4Editor-Paper2DEditor.dll (API version 3944462).
LogModuleManager: Display: Found up-to-date module file ../../../Engine/Plugins/2D/Paper2D/Binaries/Win64/UE4Editor-PaperSpriteSheetImporter.dll (API version 3944462).
LogModuleManager: Display: Found up-to-date module file ../../../Engine/Plugins/2D/Paper2D/Binaries/Win64/UE4Editor-PaperTiledImporter.dll (API version 3944462).
LogModuleManager: Display: Found up-to-date module file ../../../Engine/Plugins/2D/Paper2D/Binaries/Win64/UE4Editor-SmartSnapping.dll (API version 3944462).
LogModuleManager: Display: Found up-to-date module file ../../../Engine/Plugins/Blendables/LightPropagationVolume/Binaries/Win64/UE4Editor-LightPropagationVolumeRuntime.dll (API version 3944462).
LogModuleManager: Display: Found up-to-date module file ../../../Engine/Plugins/Blendables/LightPropagationVolume/Binaries/Win64/UE4Editor-LightPropagationVolumeEditor.dll (API version 3944462).
LogModuleManager: Display: Found up-to-date module file ../../../Engine/Plugins/Developer/CLionSourceCodeAccess/Binaries/Win64/UE4Editor-CLionSourceCodeAccess.dll (API version 3944462).
LogModuleManager: Display: Found up-to-date module file ../../../Engine/Plugins/Developer/GitSourceControl/Binaries/Win64/UE4Editor-GitSourceControl.dll (API version 3944462).
LogModuleManager: Display: Found up-to-date module file ../../../Engine/Plugins/Developer/PerforceSourceControl/Binaries/Win64/UE4Editor-PerforceSourceControl.dll (API version 3944462).
LogModuleManager: Display: Found up-to-date module file ../../../Engine/Plugins/Developer/SubversionSourceControl/Binaries/Win64/UE4Editor-SubversionSourceControl.dll (API version 3944462).
LogModuleManager: Display: Found up-to-date module file ../../../Engine/Plugins/Developer/UObjectPlugin/Binaries/Win64/UE4Editor-UObjectPlugin.dll (API version 3944462).
LogModuleManager: Display: Found up-to-date module file ../../../Engine/Plugins/Developer/VisualStudioCodeSourceCodeAccess/Binaries/Win64/UE4Editor-VisualStudioCodeSourceCodeAccess.dll (API version 3944462).
LogModuleManager: Display: Found up-to-date module file ../../../Engine/Plugins/Developer/VisualStudioSourceCodeAccess/Binaries/Win64/UE4Editor-VisualStudioSourceCodeAccess.dll (API version 3944462).
LogModuleManager: Display: Found up-to-date module file ../../../Engine/Plugins/Editor/AssetManagerEditor/Binaries/Win64/UE4Editor-AssetManagerEditor.dll (API version 3944462).
LogModuleManager: Display: Found up-to-date module file ../../../Engine/Plugins/Editor/CryptoKeys/Binaries/Win64/UE4Editor-CryptoKeys.dll (API version 3944462).
LogModuleManager: Display: Found up-to-date module file ../../../Engine/Plugins/Editor/CryptoKeys/Binaries/Win64/UE4Editor-CryptoKeysOpenSSL.dll (API version 3944462).
LogModuleManager: Display: Found up-to-date module file ../../../Engine/Plugins/Editor/DataValidation/Binaries/Win64/UE4Editor-DataValidation.dll (API version 3944462).
LogModuleManager: Display: Found up-to-date module file ../../../Engine/Plugins/Editor/FacialAnimation/Binaries/Win64/UE4Editor-FacialAnimation.dll (API version 3944462).
LogModuleManager: Display: Found up-to-date module file ../../../Engine/Plugins/Editor/FacialAnimation/Binaries/Win64/UE4Editor-FacialAnimationEditor.dll (API version 3944462).
LogModuleManager: Display: Found up-to-date module file ../../../Engine/Plugins/Editor/GameplayTagsEditor/Binaries/Win64/UE4Editor-GameplayTagsEditor.dll (API version 3944462).
LogModuleManager: Display: Found up-to-date module file ../../../Engine/Plugins/Editor/MobileLauncherProfileWizard/Binaries/Win64/UE4Editor-MobileLauncherProfileWizard.dll (API version 3944462).
LogModuleManager: Display: Found up-to-date module file ../../../Engine/Plugins/Editor/PluginBrowser/Binaries/Win64/UE4Editor-PluginBrowser.dll (API version 3944462).
LogModuleManager: Display: Found up-to-date module file ../../../Engine/Plugins/Editor/SpeedTreeImporter/Binaries/Win64/UE4Editor-SpeedTreeImporter.dll (API version 3944462).
LogModuleManager: Display: Found up-to-date module file ../../../Engine/Plugins/Enterprise/DatasmithContent/Binaries/Win64/UE4Editor-DatasmithContent.dll (API version 3944462).
LogModuleManager: Display: Found up-to-date module file ../../../Engine/Plugins/Experimental/AlembicImporter/Binaries/Win64/UE4Editor-AlembicImporter.dll (API version 3944462).
LogModuleManager: Display: Found up-to-date module file ../../../Engine/Plugins/Experimental/AlembicImporter/Binaries/Win64/UE4Editor-AlembicLibrary.dll (API version 3944462).
LogModuleManager: Display: Found up-to-date module file ../../../Engine/Plugins/Experimental/CharacterAI/Binaries/Win64/UE4Editor-CharacterAI.dll (API version 3944462).
LogModuleManager: Display: Found up-to-date module file ../../../Engine/Plugins/Experimental/HTML5Networking/Binaries/Win64/UE4Editor-HTML5Networking.dll (API version 3944462).
LogModuleManager: Display: Found up-to-date module file ../../../Engine/Plugins/Media/AndroidMedia/Binaries/Win64/UE4Editor-AndroidMediaEditor.dll (API version 3944462).
LogModuleManager: Display: Found up-to-date module file ../../../Engine/Plugins/Media/AndroidMedia/Binaries/Win64/UE4Editor-AndroidMediaFactory.dll (API version 3944462).
LogModuleManager: Display: Found up-to-date module file ../../../Engine/Plugins/Media/AvfMedia/Binaries/Win64/UE4Editor-AvfMediaEditor.dll (API version 3944462).
LogModuleManager: Display: Found up-to-date module file ../../../Engine/Plugins/Media/AvfMedia/Binaries/Win64/UE4Editor-AvfMediaFactory.dll (API version 3944462).
LogModuleManager: Display: Found up-to-date module file ../../../Engine/Plugins/Media/AvfMedia/Binaries/Win64/UE4Editor-AvfMediaFactory.dll (API version 3944462).
LogModuleManager: Display: Found up-to-date module file ../../../Engine/Plugins/Media/ImgMedia/Binaries/Win64/UE4Editor-ImgMedia.dll (API version 3944462).
LogModuleManager: Display: Found up-to-date module file ../../../Engine/Plugins/Media/ImgMedia/Binaries/Win64/UE4Editor-ImgMediaEditor.dll (API version 3944462).
LogModuleManager: Display: Found up-to-date module file ../../../Engine/Plugins/Media/ImgMedia/Binaries/Win64/UE4Editor-ImgMediaFactory.dll (API version 3944462).
LogModuleManager: Display: Found up-to-date module file ../../../Engine/Plugins/Media/ImgMedia/Binaries/Win64/UE4Editor-ImgMediaFactory.dll (API version 3944462).
LogModuleManager: Display: Found up-to-date module file ../../../Engine/Plugins/Media/ImgMedia/Binaries/Win64/UE4Editor-OpenExrWrapper.dll (API version 3944462).
LogModuleManager: Display: Found up-to-date module file ../../../Engine/Plugins/Media/LinearTimecode/Binaries/Win64/UE4Editor-LinearTimecode.dll (API version 3944462).
LogModuleManager: Display: Found up-to-date module file ../../../Engine/Plugins/Media/MediaCompositing/Binaries/Win64/UE4Editor-MediaCompositing.dll (API version 3944462).
LogModuleManager: Display: Found up-to-date module file ../../../Engine/Plugins/Media/MediaCompositing/Binaries/Win64/UE4Editor-MediaCompositingEditor.dll (API version 3944462).
LogModuleManager: Display: Found up-to-date module file ../../../Engine/Plugins/Media/MediaPlayerEditor/Binaries/Win64/UE4Editor-MediaPlayerEditor.dll (API version 3944462).
LogModuleManager: Display: Found up-to-date module file ../../../Engine/Plugins/Media/WmfMedia/Binaries/Win64/UE4Editor-WmfMedia.dll (API version 3944462).
LogModuleManager: Display: Found up-to-date module file ../../../Engine/Plugins/Media/WmfMedia/Binaries/Win64/UE4Editor-WmfMediaEditor.dll (API version 3944462).
LogModuleManager: Display: Found up-to-date module file ../../../Engine/Plugins/Media/WmfMedia/Binaries/Win64/UE4Editor-WmfMediaFactory.dll (API version 3944462).
LogModuleManager: Display: Found up-to-date module file ../../../Engine/Plugins/Media/WmfMedia/Binaries/Win64/UE4Editor-WmfMediaFactory.dll (API version 3944462).
LogModuleManager: Display: Found up-to-date module file ../../../Engine/Plugins/Messaging/TcpMessaging/Binaries/Win64/UE4Editor-TcpMessaging.dll (API version 3944462).
LogModuleManager: Display: Found up-to-date module file ../../../Engine/Plugins/Messaging/UdpMessaging/Binaries/Win64/UE4Editor-UdpMessaging.dll (API version 3944462).
LogModuleManager: Display: Found up-to-date module file ../../../Engine/Plugins/MovieScene/ActorSequence/Binaries/Win64/UE4Editor-ActorSequence.dll (API version 3944462).
LogModuleManager: Display: Found up-to-date module file ../../../Engine/Plugins/MovieScene/LevelSequenceEditor/Binaries/Win64/UE4Editor-LevelSequenceEditor.dll (API version 3944462).
LogModuleManager: Display: Found up-to-date module file ../../../Engine/Plugins/MovieScene/MatineeToLevelSequence/Binaries/Win64/UE4Editor-MatineeToLevelSequence.dll (API version 3944462).
LogModuleManager: Display: Found up-to-date module file ../../../Engine/Plugins/NetcodeUnitTest/NetcodeUnitTest/Binaries/Win64/UE4Editor-NetcodeUnitTest.dll (API version 3944462).
LogModuleManager: Display: Found up-to-date module file ../../../Engine/Plugins/NetcodeUnitTest/NUTUnrealEngine4/Binaries/Win64/UE4Editor-NUTUnrealEngine4.dll (API version 3944462).
LogModuleManager: Display: Found up-to-date module file ../../../Engine/Plugins/Online/OnlineSubsystem/Binaries/Win64/UE4Editor-OnlineSubsystem.dll (API version 3944462).
LogModuleManager: Display: Found up-to-date module file ../../../Engine/Plugins/Runtime/AndroidPermission/Binaries/Win64/UE4Editor-AndroidPermission.dll (API version 3944462).
LogModuleManager: Display: Found up-to-date module file ../../../Engine/Plugins/Online/OnlineSubsystemNull/Binaries/Win64/UE4Editor-OnlineSubsystemNull.dll (API version 3944462).
LogModuleManager: Display: Found up-to-date module file ../../../Engine/Plugins/Online/OnlineSubsystemUtils/Binaries/Win64/UE4Editor-OnlineSubsystemUtils.dll (API version 3944462).
LogModuleManager: Display: Found up-to-date module file ../../../Engine/Plugins/Online/OnlineSubsystemUtils/Binaries/Win64/UE4Editor-OnlineBlueprintSupport.dll (API version 3944462).
LogModuleManager: Display: Found up-to-date module file ../../../Engine/Plugins/Runtime/AndroidDeviceProfileSelector/Binaries/Win64/UE4Editor-AndroidDeviceProfileSelector.dll (API version 3944462).
LogModuleManager: Display: Found up-to-date module file ../../../Engine/Plugins/Runtime/AppleARKit/Binaries/Win64/UE4Editor-AppleARKit.dll (API version 3944462).
LogModuleManager: Display: Found up-to-date module file ../../../Engine/Plugins/Runtime/ProceduralMeshComponent/Binaries/Win64/UE4Editor-ProceduralMeshComponent.dll (API version 3944462).
LogModuleManager: Display: Found up-to-date module file ../../../Engine/Plugins/Runtime/ProceduralMeshComponent/Binaries/Win64/UE4Editor-ProceduralMeshComponentEditor.dll (API version 3944462).
LogModuleManager: Display: Found up-to-date module file ../../../Engine/Plugins/Animation/LiveLink/Binaries/Win64/UE4Editor-LiveLink.dll (API version 3944462).
LogModuleManager: Display: Found up-to-date module file ../../../Engine/Plugins/Animation/LiveLink/Binaries/Win64/UE4Editor-LiveLinkEditor.dll (API version 3944462).
LogModuleManager: Display: Found up-to-date module file ../../../Engine/Plugins/Runtime/ArchVisCharacter/Binaries/Win64/UE4Editor-ArchVisCharacter.dll (API version 3944462).
LogModuleManager: Display: Found up-to-date module file ../../../Engine/Plugins/Runtime/AudioCapture/Binaries/Win64/UE4Editor-AudioCapture.dll (API version 3944462).
LogModuleManager: Display: Found up-to-date module file ../../../Engine/Plugins/Runtime/AudioCapture/Binaries/Win64/UE4Editor-AudioCaptureEditor.dll (API version 3944462).
LogModuleManager: Display: Found up-to-date module file ../../../Engine/Plugins/Runtime/CableComponent/Binaries/Win64/UE4Editor-CableComponent.dll (API version 3944462).
LogModuleManager: Display: Found up-to-date module file ../../../Engine/Plugins/Runtime/CustomMeshComponent/Binaries/Win64/UE4Editor-CustomMeshComponent.dll (API version 3944462).
LogModuleManager: Display: Found up-to-date module file ../../../Engine/Plugins/Runtime/ExampleDeviceProfileSelector/Binaries/Win64/UE4Editor-ExampleDeviceProfileSelector.dll (API version 3944462).
LogModuleManager: Display: Found up-to-date module file ../../../Engine/Plugins/Runtime/ImmediatePhysics/Binaries/Win64/UE4Editor-ImmediatePhysics.dll (API version 3944462).
LogModuleManager: Display: Found up-to-date module file ../../../Engine/Plugins/Runtime/ImmediatePhysics/Binaries/Win64/UE4Editor-ImmediatePhysicsEditor.dll (API version 3944462).
LogModuleManager: Display: Found up-to-date module file ../../../Engine/Plugins/Runtime/LocationServicesBPLibrary/Binaries/Win64/UE4Editor-LocationServicesBPLibrary.dll (API version 3944462).
LogModuleManager: Display: Found up-to-date module file ../../../Engine/Plugins/Runtime/MobilePatchingUtils/Binaries/Win64/UE4Editor-MobilePatchingUtils.dll (API version 3944462).
LogModuleManager: Display: Found up-to-date module file ../../../Engine/Plugins/Runtime/Oculus/OculusVR/Binaries/Win64/UE4Editor-OculusHMD.dll (API version 3944462).
LogModuleManager: Display: Found up-to-date module file ../../../Engine/Plugins/Runtime/Oculus/OculusVR/Binaries/Win64/UE4Editor-OculusInput.dll (API version 3944462).
LogModuleManager: Display: Found up-to-date module file ../../../Engine/Plugins/Runtime/Oculus/OculusVR/Binaries/Win64/UE4Editor-OculusEditor.dll (API version 3944462).
LogModuleManager: Display: Found up-to-date module file ../../../Engine/Plugins/Runtime/PhysXVehicles/Binaries/Win64/UE4Editor-PhysXVehicles.dll (API version 3944462).
LogModuleManager: Display: Found up-to-date module file ../../../Engine/Plugins/Runtime/PhysXVehicles/Binaries/Win64/UE4Editor-PhysXVehiclesEditor.dll (API version 3944462).
LogModuleManager: Display: Found up-to-date module file ../../../Engine/Plugins/Runtime/RuntimePhysXCooking/Binaries/Win64/UE4Editor-RuntimePhysXCooking.dll (API version 3944462).
LogModuleManager: Display: Found up-to-date module file ../../../Engine/Plugins/Runtime/Steam/SteamVR/Binaries/Win64/UE4Editor-SteamVR.dll (API version 3944462).
LogModuleManager: Display: Found up-to-date module file ../../../Engine/Plugins/Runtime/Steam/SteamVR/Binaries/Win64/UE4Editor-SteamVRController.dll (API version 3944462).
LogModuleManager: Display: Found up-to-date module file ../../../Engine/Plugins/Runtime/WindowsMoviePlayer/Binaries/Win64/UE4Editor-WindowsMoviePlayer.dll (API version 3944462).
LogPluginManager: Mounting plugin Paper2D
LogPluginManager: Mounting plugin LiveLink
LogPluginManager: Mounting plugin LightPropagationVolume
LogPluginManager: Mounting plugin CLionSourceCodeAccess
LogPluginManager: Mounting plugin CodeLiteSourceCodeAccess
LogPluginManager: Mounting plugin GitSourceControl
LogPluginManager: Mounting plugin KDevelopSourceCodeAccess
LogPluginManager: Mounting plugin NullSourceCodeAccess
LogPluginManager: Mounting plugin PerforceSourceControl
LogPluginManager: Mounting plugin SubversionSourceControl
LogPluginManager: Mounting plugin UObjectPlugin
LogPluginManager: Mounting plugin VisualStudioCodeSourceCodeAccess
LogPluginManager: Mounting plugin VisualStudioSourceCodeAccess
LogPluginManager: Mounting plugin XCodeSourceCodeAccess
LogPluginManager: Mounting plugin AssetManagerEditor
LogPluginManager: Mounting plugin CryptoKeys
LogPluginManager: Mounting plugin DataValidation
LogPluginManager: Mounting plugin FacialAnimation
LogPluginManager: Mounting plugin GameplayTagsEditor
LogPluginManager: Mounting plugin MobileLauncherProfileWizard
LogPluginManager: Mounting plugin PluginBrowser
LogPluginManager: Mounting plugin SpeedTreeImporter
LogPluginManager: Mounting plugin DatasmithContent
LogPluginManager: Mounting plugin AlembicImporter
LogPluginManager: Mounting plugin CharacterAI
LogPluginManager: Mounting plugin HTML5Networking
LogPluginManager: Mounting plugin AndroidMedia
LogPluginManager: Mounting plugin AvfMedia
LogPluginManager: Mounting plugin ImgMedia
LogPluginManager: Mounting plugin LinearTimecode
LogPluginManager: Mounting plugin MediaCompositing
LogPluginManager: Mounting plugin MediaPlayerEditor
LogPluginManager: Mounting plugin WmfMedia
LogPluginManager: Mounting plugin TcpMessaging
LogPluginManager: Mounting plugin UdpMessaging
LogPluginManager: Mounting plugin ActorSequence
LogPluginManager: Mounting plugin LevelSequenceEditor
LogPluginManager: Mounting plugin MatineeToLevelSequence
LogPluginManager: Mounting plugin NetcodeUnitTest
LogPluginManager: Mounting plugin NUTUnrealEngine4
LogPluginManager: Mounting plugin OnlineSubsystemGooglePlay
LogPluginManager: Mounting plugin OnlineSubsystemIOS
LogPluginManager: Mounting plugin OnlineSubsystem
LogPluginManager: Mounting plugin OnlineSubsystemNull
LogPluginManager: Mounting plugin OnlineSubsystemUtils
LogPluginManager: Mounting plugin AndroidDeviceProfileSelector
LogPluginManager: Mounting plugin AndroidMoviePlayer
LogPluginManager: Mounting plugin AndroidPermission
LogPluginManager: Mounting plugin AppleARKit
LogPluginManager: Mounting plugin AppleMoviePlayer
LogPluginManager: Mounting plugin ArchVisCharacter
LogPluginManager: Mounting plugin AudioCapture
LogPluginManager: Mounting plugin CableComponent
LogPluginManager: Mounting plugin CustomMeshComponent
LogPluginManager: Mounting plugin ExampleDeviceProfileSelector
LogPluginManager: Mounting plugin GoogleCloudMessaging
LogPluginManager: Mounting plugin ImmediatePhysics
LogPluginManager: Mounting plugin IOSDeviceProfileSelector
LogPluginManager: Mounting plugin LinuxDeviceProfileSelector
LogPluginManager: Mounting plugin LocationServicesBPLibrary
LogPluginManager: Mounting plugin MobilePatchingUtils
LogPluginManager: Mounting plugin OculusVR
LogPluginManager: Plugin shader directory ../../../Engine/Plugins/Runtime/Oculus/OculusVR/Shaders found
LogPluginManager: Mapping shader source directory ../../../Engine/Plugins/Runtime/Oculus/OculusVR/Shaders to virtual directory /Plugin/OculusVR
LogPluginManager: Mounting plugin PhysXVehicles
LogPluginManager: Mounting plugin ProceduralMeshComponent
LogPluginManager: Mounting plugin RuntimePhysXCooking
LogPluginManager: Mounting plugin SteamVR
LogPluginManager: Mounting plugin WindowsMoviePlayer
LogPluginManager: Mounting plugin FMODStudio
LogStreaming: Display: Took  0.981s to configure plugins.
LogInit: Using libcurl 7.47.1
LogInit:  - built for x86_64-pc-win32
LogInit:  - supports SSL with OpenSSL/1.0.2g
LogInit:  - supports HTTP deflate (compression) using libz 1.2.8
LogInit:  - other features:
LogInit:      CURL_VERSION_SSL
LogInit:      CURL_VERSION_LIBZ
LogInit:      CURL_VERSION_IPV6
LogInit:      CURL_VERSION_ASYNCHDNS
LogInit:      CURL_VERSION_LARGEFILE
LogInit:      CURL_VERSION_IDN
LogInit:  CurlRequestOptions (configurable via config and command line):
LogInit:  - bVerifyPeer = false  - Libcurl will NOT verify peer certificate
LogInit:  - bUseHttpProxy = false  - Libcurl will NOT use HTTP proxy
LogInit:  - bDontReuseConnections = false  - Libcurl will reuse connections
LogInit:  - CertBundlePath = nullptr  - Libcurl will use whatever was configured at build time.
LogInit:  - MaxHostConnections = 16  - Libcurl will limit the number of connections to a host
LogInit:  - LocalHostAddr = Default
LogInit: WinSock: version 1.1 (2.2), MaxSocks=32767, MaxUdp=65467
LogInit: WinSock: I am DESKTOP-313A1NQ (192.168.2.25:0)
LogInit: Build: ++UE4+Release-4.19-CL-4033788
LogInit: Engine Version: 4.19.2-4033788+++UE4+Release-4.19
LogInit: Compatible Engine Version: 4.19.0-3944462+++UE4+Release-4.19
LogInit: Net CL: 3944462
LogDevObjectVersion: Number of dev versions registered: 18
LogDevObjectVersion:   Dev-Blueprints (B0D832E4-1F89-4F0D-ACCF-7EB736FD4AA2): 10
LogDevObjectVersion:   Dev-Build (E1C64328-A22C-4D53-A36C-8E866417BD8C): 0
LogDevObjectVersion:   Dev-Core (375EC13C-06E4-48FB-B500-84F0262A717E): 2
LogDevObjectVersion:   Dev-Editor (E4B068ED-F494-42E9-A231-DA0B2E46BB41): 23
LogDevObjectVersion:   Dev-Framework (CFFC743F-43B0-4480-9391-14DF171D2073): 33
LogDevObjectVersion:   Dev-Mobile (B02B49B5-BB20-44E9-A304-32B752E40360): 2
LogDevObjectVersion:   Dev-Networking (A4E4105C-59A1-49B5-A7C5-40C4547EDFEE): 0
LogDevObjectVersion:   Dev-Online (39C831C9-5AE6-47DC-9A44-9C173E1C8E7C): 0
LogDevObjectVersion:   Dev-Physics (78F01B33-EBEA-4F98-B9B4-84EACCB95AA2): 0
LogDevObjectVersion:   Dev-Platform (6631380F-2D4D-43E0-8009-CF276956A95A): 0
LogDevObjectVersion:   Dev-Rendering (12F88B9F-8875-4AFC-A67C-D90C383ABD29): 25
LogDevObjectVersion:   Dev-Sequencer (7B5AE74C-D270-4C10-A958-57980B212A5A): 6
LogDevObjectVersion:   Dev-VR (D7296918-1DD6-4BDD-9DE2-64A83CC13884): 1
LogDevObjectVersion:   Dev-LoadTimes (C2A15278-BFE7-4AFE-6C17-90FF531DF755): 1
LogDevObjectVersion:   Private-Geometry (6EACA3D4-40EC-4CC1-B786-8BED09428FC5): 2
LogDevObjectVersion:   Dev-AnimPhys (29E575DD-E0A3-4627-9D10-D276232CDCEA): 16
LogDevObjectVersion:   Dev-ReflectionCapture (6B266CEC-1EC7-4B8F-A30B-E4D90942FC07): 1
LogDevObjectVersion:   Dev-Automation (0DF73D61-A23F-47EA-B727-89E90C41499A): 1
LogInit: Compiled (64-bit): Apr 27 2018 02:06:57
LogInit: Compiled with Visual C++: 19.00.24215.01
LogInit: Build Configuration: Development
LogInit: Branch Name: ++UE4+Release-4.19
LogInit: Command Line:  
LogInit: Base Directory: C:/Program Files/Epic Games/UE_4.19/Engine/Binaries/Win64/
LogInit: Installed Engine Build: 1
LogStreaming: Display: Took  0.002s to delete old logs.
LogInit: Presizing for max 8388607 objects, including 0 objects not considered by GC, pre-allocating 0 bytes for permanent pool.
LogInit: Object subsystem initialized
[2018.05.13-21.04.38:852][  0]LogInit: Selected Device Profile: [Windows]
[2018.05.13-21.04.38:852][  0]LogInit: Applying CVar settings loaded from the selected device profile: [Windows]
[2018.05.13-21.04.38:863][  0]LogInit: Computer: DESKTOP-313A1NQ
[2018.05.13-21.04.38:863][  0]LogInit: User: vikky
[2018.05.13-21.04.38:863][  0]LogInit: CPU Page size=4096, Cores=4
[2018.05.13-21.04.38:863][  0]LogInit: High frequency timer resolution =3.328128 MHz
[2018.05.13-21.04.38:864][  0]LogMemory: Memory total: Physical=15.9GB (16GB approx)
[2018.05.13-21.04.38:864][  0]LogMemory: Platform Memory Stats for Windows
[2018.05.13-21.04.38:864][  0]LogMemory: Process Physical Memory: 275.61 MB used, 275.61 MB peak
[2018.05.13-21.04.38:864][  0]LogMemory: Process Virtual Memory: 264.59 MB used, 264.59 MB peak
[2018.05.13-21.04.38:864][  0]LogMemory: Physical Memory: 6317.57 MB used,  10002.14 MB free, 16319.71 MB total
[2018.05.13-21.04.38:864][  0]LogMemory: Virtual Memory: 693.29 MB used,  10002.14 MB free, 134217728.00 MB total
[2018.05.13-21.04.38:881][  0]LogInit: Using OS detected language (en-US).
[2018.05.13-21.04.38:881][  0]LogInit: Using OS detected locale (en-CA).
[2018.05.13-21.04.38:883][  0]LogTextLocalizationManager: No specific localization for 'en-US' exists, so the 'en' localization will be used.
[2018.05.13-21.04.39:270][  0]LogStreaming: Display: Took  0.389s to EndInitTextLocalization.
[2018.05.13-21.04.39:270][  0]LogInit: Setting process to per monitor DPI aware
[2018.05.13-21.04.39:297][  0]LogSlate: New Slate User Created.  User Index 0, Is Virtual User: 0
[2018.05.13-21.04.39:297][  0]LogSlate: Slate User Registered.  User Index 0, Is Virtual User: 0
[2018.05.13-21.04.39:480][  0]LogD3D11RHI: D3D11 adapters:
[2018.05.13-21.04.39:527][  0]LogD3D11RHI:    0. 'NVIDIA GeForce GTX 960' (Feature Level 11_0)
[2018.05.13-21.04.39:527][  0]LogD3D11RHI:       2016/0/8159 MB DedicatedVideo/DedicatedSystem/SharedSystem, Outputs:1, VendorId:0x10de
[2018.05.13-21.04.39:529][  0]LogD3D11RHI:    1. 'Microsoft Basic Render Driver' (Feature Level 11_0)
[2018.05.13-21.04.39:529][  0]LogD3D11RHI:       0/0/8159 MB DedicatedVideo/DedicatedSystem/SharedSystem, Outputs:0, VendorId:0x1414
[2018.05.13-21.04.39:529][  0]LogD3D11RHI: Chosen D3D11 Adapter: 0
[2018.05.13-21.04.39:537][  0]LogD3D11RHI: Creating new Direct3DDevice
[2018.05.13-21.04.39:537][  0]LogD3D11RHI:     GPU DeviceId: 0x1401 (for the marketing name, search the web for "GPU Device Id")
[2018.05.13-21.04.39:537][  0]LogWindows: EnumDisplayDevices:
[2018.05.13-21.04.39:537][  0]LogWindows:    0. 'NVIDIA GeForce GTX 960' (P:1 D:1)
[2018.05.13-21.04.39:537][  0]LogWindows:    1. 'NVIDIA GeForce GTX 960' (P:0 D:0)
[2018.05.13-21.04.39:537][  0]LogWindows:    2. 'NVIDIA GeForce GTX 960' (P:0 D:0)
[2018.05.13-21.04.39:538][  0]LogWindows:    3. 'NVIDIA GeForce GTX 960' (P:0 D:0)
[2018.05.13-21.04.39:538][  0]LogWindows: DebugString: GetVideoDriverDetailsInvalid PrimaryIsNotTheChoosenAdapter GetVideoDriverDetailsInvalid PrimaryIsNotTheChoosenAdapter GetVideoDriverDetailsInvalid PrimaryIsNotTheChoosenAdapter GetVideoDriverDetailsInvalid PrimaryIsNotTheChoosenAdapter FoundDriverCount:0 
[2018.05.13-21.04.39:538][  0]LogD3D11RHI:     Adapter Name: NVIDIA GeForce GTX 960
[2018.05.13-21.04.39:538][  0]LogD3D11RHI:   Driver Version: Unknown (internal:Unknown, unified:Unknown)
[2018.05.13-21.04.39:538][  0]LogD3D11RHI:      Driver Date: Unknown
[2018.05.13-21.04.39:538][  0]LogRHI: Texture pool is 1411 MB (70% of 2016 MB)
[2018.05.13-21.04.39:565][  0]LogD3D11RHI: [Aftermath] Aftermath enabled and primed
[2018.05.13-21.04.39:565][  0]LogD3D11RHI: [Aftermath] Aftermath enabled and primed
[2018.05.13-21.04.39:565][  0]LogD3D11RHI: Async texture creation enabled
[2018.05.13-21.04.39:629][  0]LogD3D11RHI: GPU Timing Frequency: 1000.000000 (Debug: 2 1)
[2018.05.13-21.04.39:677][  0]LogShaderCompilers: Guid format shader working directory is -12 characters bigger than the processId version (../../../../../../Users/vikky/Documents/GitHub/Danger-Bee/Intermediate/Shaders/WorkingDirectory/12364/).
[2018.05.13-21.04.39:677][  0]LogShaderCompilers: Cleaned the shader compiler working directory 'C:/Users/vikky/AppData/Local/Temp/UnrealShaderWorkingDir/CF0659424D8D50CB422DB786A6289F92/'.
[2018.05.13-21.04.39:889][  0]LogTemp: Display: Loaded TP AllDesktopTargetPlatform
[2018.05.13-21.04.39:901][  0]LogTemp: Display: Loaded TP MacClientTargetPlatform
[2018.05.13-21.04.39:914][  0]LogTemp: Display: Loaded TP MacNoEditorTargetPlatform
[2018.05.13-21.04.39:926][  0]LogTemp: Display: Loaded TP MacServerTargetPlatform
[2018.05.13-21.04.39:937][  0]LogTemp: Display: Loaded TP MacTargetPlatform
[2018.05.13-21.04.39:950][  0]LogTemp: Display: Loaded TP WindowsClientTargetPlatform
[2018.05.13-21.04.39:962][  0]LogTemp: Display: Loaded TP WindowsNoEditorTargetPlatform
[2018.05.13-21.04.39:975][  0]LogTemp: Display: Loaded TP WindowsServerTargetPlatform
[2018.05.13-21.04.39:980][  0]LogTemp: Display: Loaded TP WindowsTargetPlatform
[2018.05.13-21.04.39:993][  0]LogTemp: Display: Loaded TP Android_ASTCTargetPlatform
[2018.05.13-21.04.40:004][  0]LogTemp: Display: Loaded TP Android_ATCTargetPlatform
[2018.05.13-21.04.40:014][  0]LogTemp: Display: Loaded TP Android_DXTTargetPlatform
[2018.05.13-21.04.40:025][  0]LogTemp: Display: Loaded TP Android_ETC1aTargetPlatform
[2018.05.13-21.04.40:036][  0]LogTemp: Display: Loaded TP Android_ETC1TargetPlatform
[2018.05.13-21.04.40:048][  0]LogTemp: Display: Loaded TP Android_ETC2TargetPlatform
[2018.05.13-21.04.40:070][  0]LogTemp: Display: Loaded TP Android_MultiTargetPlatform
[2018.05.13-21.04.40:070][  0]LogTemp: Display: Loaded TP Android_PVRTCTargetPlatform
[2018.05.13-21.04.40:081][  0]LogTemp: Display: Loaded TP AndroidTargetPlatform
[2018.05.13-21.04.40:082][  0]LogTemp: Display: Loaded TP HTML5TargetPlatform
[2018.05.13-21.04.40:117][  0]LogTemp: Display: Loaded TP IOSTargetPlatform
[2018.05.13-21.04.40:128][  0]LogTemp: Display: Loaded TP TVOSTargetPlatform
[2018.05.13-21.04.40:140][  0]LogTemp: Display: Loaded TP LinuxClientTargetPlatform
[2018.05.13-21.04.40:152][  0]LogTemp: Display: Loaded TP LinuxNoEditorTargetPlatform
[2018.05.13-21.04.40:164][  0]LogTemp: Display: Loaded TP LinuxServerTargetPlatform
[2018.05.13-21.04.40:175][  0]LogTemp: Display: Loaded TP LinuxTargetPlatform
[2018.05.13-21.04.40:175][  0]LogTargetPlatformManager: Display: Building Assets For Windows
[2018.05.13-21.04.40:283][  0]LogXGEController: Cleaning working directory: C:/Users/vikky/AppData/Local/Temp/UnrealXGEWorkingDir/
[2018.05.13-21.04.40:283][  0]LogXGEController: Cannot use XGE Controller as Incredibuild is not installed on this machine.
[2018.05.13-21.04.40:283][  0]LogShaderCompilers: Cannot use XGE Shader Compiler as Incredibuild is not installed on this machine.
[2018.05.13-21.04.40:283][  0]LogShaderCompilers: Display: Using Local Shader Compiler.
[2018.05.13-21.04.40:946][  0]LogDerivedDataCache: Display: Max Cache Size: 512 MB
[2018.05.13-21.04.41:011][  0]LogDerivedDataCache: Loaded boot cache 0.07s 74MB C:/Users/vikky/AppData/Local/UnrealEngine/4.19/DerivedDataCache/Boot.ddc.
[2018.05.13-21.04.41:012][  0]LogDerivedDataCache: Display: Loaded Boot cache: C:/Users/vikky/AppData/Local/UnrealEngine/4.19/DerivedDataCache/Boot.ddc
[2018.05.13-21.04.41:012][  0]LogDerivedDataCache: FDerivedDataBackendGraph:  Pak pak cache file ../../../../../../Users/vikky/Documents/GitHub/Danger-Bee/DerivedDataCache/DDC.ddp not found, will not use a pak cache.
[2018.05.13-21.04.41:012][  0]LogDerivedDataCache: Unable to find inner node Pak for hierarchical cache Hierarchy.
[2018.05.13-21.04.41:012][  0]LogDerivedDataCache: FDerivedDataBackendGraph:  CompressedPak pak cache file ../../../../../../Users/vikky/Documents/GitHub/Danger-Bee/DerivedDataCache/Compressed.ddp not found, will not use a pak cache.
[2018.05.13-21.04.41:012][  0]LogDerivedDataCache: Unable to find inner node CompressedPak for hierarchical cache Hierarchy.
[2018.05.13-21.04.41:025][  0]LogDerivedDataCache: Display: Pak cache opened for reading ../../../Engine/DerivedDataCache/Compressed.ddp.
[2018.05.13-21.04.41:038][  0]LogDerivedDataCache: Using Local data cache path C:/Users/vikky/AppData/Local/UnrealEngine/Common/DerivedDataCache: Writable
[2018.05.13-21.04.41:038][  0]LogDerivedDataCache: Shared data cache path not found in *engine.ini, will not use an Shared cache.
[2018.05.13-21.04.41:038][  0]LogDerivedDataCache: Unable to find inner node Shared for hierarchical cache Hierarchy.
[2018.05.13-21.04.41:048][  0]LogMaterial: Verifying Global Shaders for PCD3D_SM5
[2018.05.13-21.04.41:049][  0]LogSlate: Using Freetype 2.6.0
[2018.05.13-21.04.41:049][  0]LogSlate: SlateFontCache - WITH_FREETYPE: 1, WITH_HARFBUZZ: 1
[2018.05.13-21.04.41:049][  0]LogSlate: SlateFontCache - WITH_FREETYPE: 1, WITH_HARFBUZZ: 1
[2018.05.13-21.04.41:170][  0]LogAssetRegistry: FAssetRegistry took 0.0289 seconds to start up
[2018.05.13-21.04.41:448][  0]LogInit: Selected Device Profile: [Windows]
[2018.05.13-21.04.41:590][  0]LogSimplygon: Simplygon DLL not present - disabling.
[2018.05.13-21.04.41:593][  0]LogMeshReduction: Using SimplygonSwarm for distributed automatic mesh merging
[2018.05.13-21.04.41:593][  0]LogMeshReduction: Using QuadricMeshReduction for automatic static mesh reduction
[2018.05.13-21.04.41:593][  0]LogMeshReduction: No automatic skeletal mesh reduction module available
[2018.05.13-21.04.41:593][  0]LogMeshReduction: No automatic mesh merging module available
[2018.05.13-21.04.41:593][  0]LogMeshMerging: No automatic mesh merging module available
[2018.05.13-21.04.41:622][  0]LogNetVersion: GameJam , NetCL: 3944462, EngineNetVer: 2, GameNetVer: 0 (Checksum: 2281863040)
[2018.05.13-21.04.42:031][  0]LogPackageLocalizationCache: Processed 10 localized package path(s) for 2 prioritized culture(s) in 0.078392 seconds
[2018.05.13-21.04.42:036][  0]LogUObjectArray: 36728 objects as part of root set at end of initial load.
[2018.05.13-21.04.42:036][  0]LogUObjectAllocator: 7314312 out of 0 bytes used by permanent object pool.
[2018.05.13-21.04.42:036][  0]LogUObjectArray: CloseDisregardForGC: 0/0 objects in disregard for GC pool
[2018.05.13-21.04.43:534][  0]LogTcpMessaging: Initializing TcpMessaging bridge
[2018.05.13-21.04.43:564][  0]LogUdpMessaging: Initializing bridge on interface 0.0.0.0:0 to multicast group 230.0.0.1:6666.
[2018.05.13-21.04.43:794][  0]LogFMOD: FFMODStudioModule startup
[2018.05.13-21.04.43:794][  0]LogFMOD:  Lib path = '../../../../../../Users/vikky/Documents/GitHub/Danger-Bee/Plugins/FMODStudio/Binaries'
[2018.05.13-21.04.43:794][  0]LogFMOD: FFMODStudioModule::LoadDll: Loading ../../../../../../Users/vikky/Documents/GitHub/Danger-Bee/Plugins/FMODStudio/Binaries/Win64/fmodL64.dll
[2018.05.13-21.04.43:796][  0]LogFMOD: FFMODStudioModule::LoadDll: Loading ../../../../../../Users/vikky/Documents/GitHub/Danger-Bee/Plugins/FMODStudio/Binaries/Win64/fmodstudioL64.dll
[2018.05.13-21.04.43:819][  0]LogFMOD: Loading strings bank: ../../../../../../Users/vikky/Documents/GitHub/Danger-Bee/Content/FMOD/Desktop/Master Bank.strings.bank
[2018.05.13-21.04.43:821][  0]LogFMOD: Constructing asset: /Game/FMOD/Events/AMB/Ambience
[2018.05.13-21.04.43:821][  0]LogFMOD: Skipping asset: bank:/Master Bank.strings
[2018.05.13-21.04.43:821][  0]LogFMOD: Constructing asset: /Game/FMOD/Events/MUS/Music
[2018.05.13-21.04.43:821][  0]LogFMOD: Constructing asset: /Game/FMOD/Events/FX/Buzz
[2018.05.13-21.04.43:821][  0]LogFMOD: Constructing asset: /Game/FMOD/Events/FX/Snail_Scream
[2018.05.13-21.04.43:821][  0]LogFMOD: Constructing asset: /Game/FMOD/Events/FX/Plant_Sprout
[2018.05.13-21.04.43:821][  0]LogFMOD: Constructing asset: /Game/FMOD/Events/FX/Plant_Bloom
[2018.05.13-21.04.43:821][  0]LogFMOD: Skipping asset: bus:/
[2018.05.13-21.04.43:821][  0]LogFMOD: Constructing asset: /Game/FMOD/Events/FX/Sprinkler
[2018.05.13-21.04.43:821][  0]LogFMOD: Constructing asset: /Game/FMOD/Events/FX/Snail_Bop
[2018.05.13-21.04.43:821][  0]LogFMOD: Constructing asset: /Game/FMOD/Banks/Master_Bank
[2018.05.13-21.04.43:821][  0]LogFMOD: Constructing asset: /Game/FMOD/Events/FX/Snail_Chomp
[2018.05.13-21.04.43:821][  0]LogFMOD: Constructing asset: /Game/FMOD/Buses/Reverb
[2018.05.13-21.04.43:821][  0]LogFMOD: Constructing asset: /Game/FMOD/Events/FX/Snail_Squick
[2018.05.13-21.04.43:821][  0]LogFMOD: Constructing asset: /Game/FMOD/Events/FX/Plant_Rustle
[2018.05.13-21.04.43:823][  0]LogFMOD: Default sample rate = 48000
[2018.05.13-21.04.43:823][  0]LogFMOD: System sample rate = 48000
[2018.05.13-21.04.43:823][  0]LogFMOD: Matching system sample rate 48000
[2018.05.13-21.04.43:842][  0]LogFMOD: Default sample rate = 48000
[2018.05.13-21.04.43:842][  0]LogFMOD: System sample rate = 48000
[2018.05.13-21.04.43:842][  0]LogFMOD: Matching system sample rate 48000
[2018.05.13-21.04.43:994][  0]SourceControl: Source control is disabled
[2018.05.13-21.04.43:994][  0]LogWindows: Warning: CreateProc failed: The system cannot find the file specified. (0x00000002)
[2018.05.13-21.04.43:994][  0]LogWindows: Warning: URL: C:/Program Files/Git/bin/git.exe version
[2018.05.13-21.04.43:995][  0]LogWindows: Warning: CreateProc failed: The system cannot find the file specified. (0x00000002)
[2018.05.13-21.04.43:995][  0]LogWindows: Warning: URL: C:/Program Files (x86)/Git/bin/git.exe version
[2018.05.13-21.04.43:995][  0]LogWindows: Warning: CreateProc failed: The system cannot find the file specified. (0x00000002)
[2018.05.13-21.04.43:995][  0]LogWindows: Warning: URL: C:\Users\vikky\AppData\Local/Programs/Git/cmd/git.exe version
[2018.05.13-21.04.43:995][  0]LogWindows: Warning: CreateProc failed: The system cannot find the file specified. (0x00000002)
[2018.05.13-21.04.43:995][  0]LogWindows: Warning: URL: C:/Program Files (x86)/SmartGit/git/bin/git.exe version
[2018.05.13-21.04.43:995][  0]LogWindows: Warning: CreateProc failed: The system cannot find the file specified. (0x00000002)
[2018.05.13-21.04.43:996][  0]LogWindows: Warning: URL: C:/Program Files (x86)/SmartGit/bin/git.exe version
[2018.05.13-21.04.43:996][  0]LogWindows: Warning: CreateProc failed: The system cannot find the file specified. (0x00000002)
[2018.05.13-21.04.43:996][  0]LogWindows: Warning: URL: C:\Users\vikky\AppData\Local/Atlassian/SourceTree/git_local/bin/git.exe version
[2018.05.13-21.04.43:996][  0]LogWindows: Warning: CreateProc failed: The system cannot find the file specified. (0x00000002)
[2018.05.13-21.04.43:996][  0]LogWindows: Warning: URL: C:/Program Files (x86)/fournova/Tower/vendor/Git/bin/git.exe version
[2018.05.13-21.04.44:013][  0]LogWindows: Warning: CreateProc failed: The system cannot find the file specified. (0x00000002)
[2018.05.13-21.04.44:013][  0]LogWindows: Warning: URL: C:/Program Files/Git/bin/git.exe version
[2018.05.13-21.04.44:014][  0]LogWindows: Warning: CreateProc failed: The system cannot find the file specified. (0x00000002)
[2018.05.13-21.04.44:014][  0]LogWindows: Warning: URL: C:/Program Files (x86)/Git/bin/git.exe version
[2018.05.13-21.04.44:014][  0]LogWindows: Warning: CreateProc failed: The system cannot find the file specified. (0x00000002)
[2018.05.13-21.04.44:014][  0]LogWindows: Warning: URL: C:\Users\vikky\AppData\Local/Programs/Git/cmd/git.exe version
[2018.05.13-21.04.44:014][  0]LogWindows: Warning: CreateProc failed: The system cannot find the file specified. (0x00000002)
[2018.05.13-21.04.44:014][  0]LogWindows: Warning: URL: C:/Program Files (x86)/SmartGit/git/bin/git.exe version
[2018.05.13-21.04.44:014][  0]LogWindows: Warning: CreateProc failed: The system cannot find the file specified. (0x00000002)
[2018.05.13-21.04.44:014][  0]LogWindows: Warning: URL: C:/Program Files (x86)/SmartGit/bin/git.exe version
[2018.05.13-21.04.44:014][  0]LogWindows: Warning: CreateProc failed: The system cannot find the file specified. (0x00000002)
[2018.05.13-21.04.44:014][  0]LogWindows: Warning: URL: C:\Users\vikky\AppData\Local/Atlassian/SourceTree/git_local/bin/git.exe version
[2018.05.13-21.04.44:014][  0]LogWindows: Warning: CreateProc failed: The system cannot find the file specified. (0x00000002)
[2018.05.13-21.04.44:014][  0]LogWindows: Warning: URL: C:/Program Files (x86)/fournova/Tower/vendor/Git/bin/git.exe version
[2018.05.13-21.04.44:031][  0]LogWindows: Warning: CreateProc failed: The system cannot find the file specified. (0x00000002)
[2018.05.13-21.04.44:031][  0]LogWindows: Warning: URL: C:/Program Files/Git/bin/git.exe version
[2018.05.13-21.04.44:031][  0]LogWindows: Warning: CreateProc failed: The system cannot find the file specified. (0x00000002)
[2018.05.13-21.04.44:031][  0]LogWindows: Warning: URL: C:/Program Files (x86)/Git/bin/git.exe version
[2018.05.13-21.04.44:031][  0]LogWindows: Warning: CreateProc failed: The system cannot find the file specified. (0x00000002)
[2018.05.13-21.04.44:031][  0]LogWindows: Warning: URL: C:\Users\vikky\AppData\Local/Programs/Git/cmd/git.exe version
[2018.05.13-21.04.44:032][  0]LogWindows: Warning: CreateProc failed: The system cannot find the file specified. (0x00000002)
[2018.05.13-21.04.44:032][  0]LogWindows: Warning: URL: C:/Program Files (x86)/SmartGit/git/bin/git.exe version
[2018.05.13-21.04.44:032][  0]LogWindows: Warning: CreateProc failed: The system cannot find the file specified. (0x00000002)
[2018.05.13-21.04.44:032][  0]LogWindows: Warning: URL: C:/Program Files (x86)/SmartGit/bin/git.exe version
[2018.05.13-21.04.44:032][  0]LogWindows: Warning: CreateProc failed: The system cannot find the file specified. (0x00000002)
[2018.05.13-21.04.44:032][  0]LogWindows: Warning: URL: C:\Users\vikky\AppData\Local/Atlassian/SourceTree/git_local/bin/git.exe version
[2018.05.13-21.04.44:032][  0]LogWindows: Warning: CreateProc failed: The system cannot find the file specified. (0x00000002)
[2018.05.13-21.04.44:032][  0]LogWindows: Warning: URL: C:/Program Files (x86)/fournova/Tower/vendor/Git/bin/git.exe version
[2018.05.13-21.04.44:537][  0]LogAndroidPermission: UAndroidPermissionCallbackProxy::GetInstance
[2018.05.13-21.04.44:659][  0]LogOcInput: OculusInput pre-init called
[2018.05.13-21.04.44:736][  0]LogFMOD: FFMODStudioEditorModule startup
[2018.05.13-21.04.44:800][  0]LogEngine: Initializing Engine...
[2018.05.13-21.04.44:801][  0]LogHMD: Failed to initialize OpenVR with code 110
[2018.05.13-21.04.44:802][  0]LogStats: UGameplayTagsManager::ConstructGameplayTagTree: Construct from data asset -  0.000 s
[2018.05.13-21.04.44:802][  0]LogStats: UGameplayTagsManager::ConstructGameplayTagTree: GameplayTagTreeChangedEvent.Broadcast -  0.000 s
[2018.05.13-21.04.45:010][  0]LogAIModule: Creating AISystem for world Untitled
[2018.05.13-21.04.45:026][  0]LogInit: XAudio2 using 'Speakers (Realtek High Definition Audio)' : 2 channels at 48 kHz using 32 bits per sample (channel mask 0x3)
[2018.05.13-21.04.45:036][  0]LogInit: FAudioDevice initialized.
[2018.05.13-21.04.45:114][  0]LogDerivedDataCache: Saved boot cache 0.08s 74MB C:/Users/vikky/AppData/Local/UnrealEngine/4.19/DerivedDataCache/Boot.ddc.
[2018.05.13-21.04.45:120][  0]LogInit: Texture streaming: Enabled
[2018.05.13-21.04.45:135][  0]LogEngineSessionManager: EngineSessionManager initialized
[2018.05.13-21.04.45:157][  0]LogInit: Transaction tracking system initialized
[2018.05.13-21.04.45:181][  0]BlueprintLog: New page: Editor Load
[2018.05.13-21.04.45:251][  0]LocalizationService: Localization service is disabled
[2018.05.13-21.04.45:363][  0]LogConsoleResponse: Display: 
[2018.05.13-21.04.45:507][  0]LogCook: Display: Max memory allowance for cook 16384mb min free memory 0mb
[2018.05.13-21.04.45:507][  0]LogCook: Display: Mobile HDR setting 1
[2018.05.13-21.04.45:507][  0]LogGameplayTags: Display: UGameplayTagsManager::DoneAddingNativeTags. DelegateIsBound: 0
[2018.05.13-21.04.45:507][  0]LogStats: UGameplayTagsManager::ConstructGameplayTagTree: Construct from data asset -  0.000 s
[2018.05.13-21.04.45:507][  0]LogStats: UGameplayTagsManager::ConstructGameplayTagTree: GameplayTagTreeChangedEvent.Broadcast -  0.000 s
[2018.05.13-21.04.45:898][  0]LogFileCache: Scanning file cache for directory 'C:/Users/vikky/Documents/GitHub/Danger-Bee/Content/' took 0.01s
[2018.05.13-21.04.45:898][  0]LogWindows: Warning: CreateProc failed: The system cannot find the file specified. (0x00000002)
[2018.05.13-21.04.45:898][  0]LogWindows: Warning: URL: C:/Program Files/Git/bin/git.exe version
[2018.05.13-21.04.45:898][  0]LogWindows: Warning: CreateProc failed: The system cannot find the file specified. (0x00000002)
[2018.05.13-21.04.45:898][  0]LogWindows: Warning: URL: C:/Program Files (x86)/Git/bin/git.exe version
[2018.05.13-21.04.45:898][  0]LogWindows: Warning: CreateProc failed: The system cannot find the file specified. (0x00000002)
[2018.05.13-21.04.45:898][  0]LogWindows: Warning: URL: C:\Users\vikky\AppData\Local/Programs/Git/cmd/git.exe version
[2018.05.13-21.04.45:898][  0]LogWindows: Warning: CreateProc failed: The system cannot find the file specified. (0x00000002)
[2018.05.13-21.04.45:898][  0]LogWindows: Warning: URL: C:/Program Files (x86)/SmartGit/git/bin/git.exe version
[2018.05.13-21.04.45:898][  0]LogWindows: Warning: CreateProc failed: The system cannot find the file specified. (0x00000002)
[2018.05.13-21.04.45:898][  0]LogWindows: Warning: URL: C:/Program Files (x86)/SmartGit/bin/git.exe version
[2018.05.13-21.04.45:898][  0]LogWindows: Warning: CreateProc failed: The system cannot find the file specified. (0x00000002)
[2018.05.13-21.04.45:898][  0]LogWindows: Warning: URL: C:\Users\vikky\AppData\Local/Atlassian/SourceTree/git_local/bin/git.exe version
[2018.05.13-21.04.45:899][  0]LogWindows: Warning: CreateProc failed: The system cannot find the file specified. (0x00000002)
[2018.05.13-21.04.45:899][  0]LogWindows: Warning: URL: C:/Program Files (x86)/fournova/Tower/vendor/Git/bin/git.exe version
[2018.05.13-21.04.45:899][  0]Cmd: MAP LOAD FILE="../../../../../../Users/vikky/Documents/GitHub/Danger-Bee/Content/Maps/MainMenu.umap" TEMPLATE=0 SHOWPROGRESS=1 FEATURELEVEL=3
[2018.05.13-21.04.45:899][  0]LightingResults: New page: Lighting Build
[2018.05.13-21.04.45:902][  0]MapCheck: New page: Map Check
[2018.05.13-21.04.45:902][  0]LightingResults: New page: Lighting Build
[2018.05.13-21.04.45:919][  0]LogUObjectGlobals: Created PersistentFrame Addr=0x000002236c3fe5c8, Size=4, Default__UI_Menu_C Function /Game/Blueprints/UI/UI_Menu.UI_Menu_C:ExecuteUbergraph_UI_Menu
[2018.05.13-21.04.45:922][  0]LogUObjectGlobals: Destroyed PersistentFrame Addr=0x000002236c3fe5c8, Size=4
[2018.05.13-21.04.45:922][  0]LogUObjectGlobals: Created PersistentFrame Addr=0x000002236c3fe5c8, Size=4, Default__UI_Menu_C Function /Engine/Transient.REINST_UI_Menu_C_0:ExecuteUbergraph_UI_Menu
[2018.05.13-21.04.45:923][  0]LogUObjectGlobals: Created PersistentFrame Addr=0x000002236c3fe508, Size=4, Default__UI_Menu_C Function /Game/Blueprints/UI/UI_Menu.UI_Menu_C:ExecuteUbergraph_UI_Menu
[2018.05.13-21.04.45:925][  0]LogUObjectGlobals: Created PersistentFrame Addr=0x000002236c3e56d8, Size=24, Default__MainMenu_C Function /Game/Maps/MainMenu.MainMenu_C:ExecuteUbergraph_MainMenu
[2018.05.13-21.04.45:926][  0]LogUObjectGlobals: Destroyed PersistentFrame Addr=0x000002236c3e56d8, Size=24
[2018.05.13-21.04.45:926][  0]LogUObjectGlobals: Created PersistentFrame Addr=0x000002236c3e56d8, Size=24, Default__MainMenu_C Function /Engine/Transient.REINST_MainMenu_C_2:ExecuteUbergraph_MainMenu
[2018.05.13-21.04.45:927][  0]LogUObjectGlobals: Created PersistentFrame Addr=0x000002236c3e4b98, Size=24, Default__MainMenu_C Function /Game/Maps/MainMenu.MainMenu_C:ExecuteUbergraph_MainMenu
[2018.05.13-21.04.45:934][  0]LogAIModule: Creating AISystem for world MainMenu
[2018.05.13-21.04.45:935][  0]LogEditorServer: Finished looking for orphan Actors (0.000 secs)
[2018.05.13-21.04.45:944][  0]LogUObjectGlobals: Destroyed PersistentFrame Addr=0x000002236c3fe5c8, Size=4
[2018.05.13-21.04.45:944][  0]LogUObjectGlobals: Destroyed PersistentFrame Addr=0x000002236c3e56d8, Size=24
[2018.05.13-21.04.45:944][  0]Cmd: MAP CHECKDEP NOCLEARLOG
[2018.05.13-21.04.45:991][  0]MapCheck: Map check complete: 0 Error(s), 0 Warning(s), took 46.678ms to complete.
[2018.05.13-21.04.45:991][  0]LogFileHelpers: Loading map 'MainMenu' took 0.093
[2018.05.13-21.04.46:110][  0]LogCollectionManager: Loaded 0 collections in 0.002395 seconds
[2018.05.13-21.04.46:150][  0]LogFileCache: Scanning file cache for directory 'C:/Users/vikky/Documents/GitHub/Danger-Bee/Saved/Collections/' took 0.01s
[2018.05.13-21.04.46:150][  0]LogFileCache: Scanning file cache for directory 'C:/Users/vikky/Documents/GitHub/Danger-Bee/Content/Developers/vikky/Collections/' took 0.01s
[2018.05.13-21.04.46:150][  0]LogFileCache: Scanning file cache for directory 'C:/Users/vikky/Documents/GitHub/Danger-Bee/Content/Collections/' took 0.01s
[2018.05.13-21.04.46:150][  0]LogCollectionManager: Rebuilt the GUID cache for 0 collections in 0.000000 seconds
[2018.05.13-21.04.46:159][  0]LogContentBrowser: Native class hierarchy populated in 0.0086 seconds. Added 2469 classes and 565 folders.
[2018.05.13-21.04.46:167][  0]LogContentBrowser: Native class hierarchy updated for 'WidgetCarousel' in 0.0002 seconds. Added 0 classes and 0 folders.
[2018.05.13-21.04.46:209][  0]LogContentBrowser: Native class hierarchy updated for 'AddContentDialog' in 0.0002 seconds. Added 0 classes and 0 folders.
[2018.05.13-21.04.46:213][  0]LogContentBrowser: Native class hierarchy updated for 'SceneOutliner' in 0.0002 seconds. Added 1 classes and 2 folders.
[2018.05.13-21.04.47:296][  0]LogSlate: Only BGRA pngs, bmps or icos are supported in by External Image Picker
[2018.05.13-21.04.47:329][  0]LogSlate: Took 0.000134 seconds to synchronously load lazily loaded font '../../../Engine/Content/Slate/Fonts/Roboto-Regular.ttf' (155K)
[2018.05.13-21.04.47:332][  0]LogSlate: Took 0.000147 seconds to synchronously load lazily loaded font '../../../Engine/Content/Slate/Fonts/Roboto-Bold.ttf' (160K)
[2018.05.13-21.04.47:335][  0]LogSlate: Took 0.000120 seconds to synchronously load lazily loaded font '../../../Engine/Content/Editor/Slate/Fonts/FontAwesome.ttf' (139K)
[2018.05.13-21.04.47:486][  0]LogTemp: Executing iPhonePackager certificates Engine -bundlename com.YourCompany.GameJam
[2018.05.13-21.04.47:486][  0]LogTemp: CWD: C:\Program Files\Epic Games\UE_4.19\Engine\Binaries\DotNET\IOS
[2018.05.13-21.04.47:486][  0]LogTemp: Initial Dir: C:\Program Files\Epic Games\UE_4.19
[2018.05.13-21.04.47:486][  0]LogTemp: Env CWD: C:\Program Files\Epic Games\UE_4.19\Engine\Binaries\DotNET\IOS
[2018.05.13-21.04.47:486][  0]LogTemp: BranchPath = DESKTOP-313A1NQ/C/Program Files/Epic Games/UE_4.19/Engine/Binaries --- GameBranchPath = DESKTOP-313A1NQ/C/Program Files/Epic Games/UE_4.19/Engine/Binaries
[2018.05.13-21.04.47:486][  0]LogTemp: IPP ERROR: Could not find provision directory 'C:\Users\vikky\AppData\Local/Apple Computer/MobileDevice/Provisioning Profiles/'.
[2018.05.13-21.04.47:486][  0]LogRenderer: Reallocating scene render targets to support 1576x612 Format 10 NumSamples 1 (Frame:1).
[2018.05.13-21.04.47:526][  0]LogSlate: Took 0.000212 seconds to synchronously load lazily loaded font '../../../Engine/Content/Slate/Fonts/Roboto-Light.ttf' (167K)
[2018.05.13-21.04.47:612][  0]LogContentBrowser: Native class hierarchy updated for 'HierarchicalLODOutliner' in 0.0003 seconds. Added 0 classes and 0 folders.
[2018.05.13-21.04.47:613][  0]LogLoad: (Engine Initialization) Total time: 11.14 seconds
[2018.05.13-21.04.47:613][  0]LogLoad: (Engine Initialization) Total Blueprint compile time: 0.00 seconds
[2018.05.13-21.04.47:992][  0]LogContentStreaming: Texture pool size now 1000 MB
[2018.05.13-21.04.48:030][  1]LogFMOD: File has changed: ../../../../../../Users/vikky/Documents/GitHub/Danger-Bee/Content/FMOD/Desktop/Master Bank.strings.bank
[2018.05.13-21.04.48:127][  1]LogFMOD: Loading strings bank: ../../../../../../Users/vikky/Documents/GitHub/Danger-Bee/Content/FMOD/Desktop/Master Bank.strings.bank
[2018.05.13-21.04.48:129][  1]LogFMOD: Skipping asset: bank:/Master Bank.strings
[2018.05.13-21.04.48:129][  1]LogFMOD: Skipping asset: bus:/
[2018.05.13-21.04.48:130][  1]LogFMOD: Default sample rate = 48000
[2018.05.13-21.04.48:130][  1]LogFMOD: System sample rate = 48000
[2018.05.13-21.04.48:130][  1]LogFMOD: Matching system sample rate 48000
[2018.05.13-21.04.48:288][  1]LogFMOD: Default sample rate = 48000
[2018.05.13-21.04.48:288][  1]LogFMOD: System sample rate = 48000
[2018.05.13-21.04.48:289][  1]LogFMOD: Matching system sample rate 48000
[2018.05.13-21.04.48:348][  1]LogFileCache: Retrieving MD5 hashes for directory 'C:/Users/vikky/Documents/GitHub/Danger-Bee/Content/' took 0.38s
[2018.05.13-21.04.48:360][  1]LogAssetRegistry: Asset discovery search completed in 7.2131 seconds
[2018.05.13-21.04.48:362][  1]LogCollectionManager: Rebuilt the object cache for 0 collections in 0.000000 seconds (found 0 objects)
[2018.05.13-21.04.48:362][  1]LogCollectionManager: Fixed up redirectors for 0 collections in 0.000043 seconds (updated 0 objects)
[2018.05.13-21.04.49:017][  3]LogSlate: Took 0.000212 seconds to synchronously load lazily loaded font '../../../Engine/Content/Slate/Fonts/Roboto-Light.ttf' (167K)
[2018.05.13-21.37.04:106][ 46]LogSlate: FSceneViewport::OnFocusLost() reason 0
[2018.05.13-21.37.10:811][839]LogUObjectGlobals: Created PersistentFrame Addr=0x0000022309400a00, Size=384, Default__BP_Flower_C Function /Game/Blueprints/BP_Flower.BP_Flower_C:ExecuteUbergraph_BP_Flower
[2018.05.13-21.37.10:816][839]LogUObjectGlobals: Destroyed PersistentFrame Addr=0x0000022309400a00, Size=384
[2018.05.13-21.37.10:816][839]LogUObjectGlobals: Created PersistentFrame Addr=0x000002237df8f700, Size=384, Default__BP_Flower_C Function /Engine/Transient.REINST_BP_Flower_C_6:ExecuteUbergraph_BP_Flower
[2018.05.13-21.37.10:819][839]LogUObjectGlobals: Created PersistentFrame Addr=0x000002234ac97a00, Size=384, Default__BP_Flower_C Function /Game/Blueprints/BP_Flower.BP_Flower_C:ExecuteUbergraph_BP_Flower
[2018.05.13-21.37.10:821][839]LogUObjectGlobals: Created PersistentFrame Addr=0x000002233b19dca8, Size=4, Default__AIC_SnailAIController_C Function /Game/Blueprints/AIC_SnailAIController.AIC_SnailAIController_C:ExecuteUbergraph_AIC_SnailAIController
[2018.05.13-21.37.10:822][839]LogUObjectGlobals: Destroyed PersistentFrame Addr=0x000002233b19dca8, Size=4
[2018.05.13-21.37.10:822][839]LogUObjectGlobals: Created PersistentFrame Addr=0x000002233b19dca8, Size=4, Default__AIC_SnailAIController_C Function /Engine/Transient.REINST_AIC_SnailAIController_C_8:ExecuteUbergraph_AIC_SnailAIController
[2018.05.13-21.37.10:823][839]LogUObjectGlobals: Created PersistentFrame Addr=0x000002233b19c4c0, Size=4, Default__AIC_SnailAIController_C Function /Game/Blueprints/AIC_SnailAIController.AIC_SnailAIController_C:ExecuteUbergraph_AIC_SnailAIController
[2018.05.13-21.37.10:836][839]LogUObjectGlobals: Created PersistentFrame Addr=0x000002233c968e20, Size=208, Default__BP_SnailPawn_C Function /Game/Blueprints/BP_SnailPawn.BP_SnailPawn_C:ExecuteUbergraph_BP_SnailPawn
[2018.05.13-21.37.10:849][839]LogUObjectGlobals: Destroyed PersistentFrame Addr=0x000002233c968e20, Size=208
[2018.05.13-21.37.10:849][839]LogUObjectGlobals: Created PersistentFrame Addr=0x000002233c3a8fe0, Size=208, Default__BP_SnailPawn_C Function /Engine/Transient.REINST_BP_SnailPawn_C_10:ExecuteUbergraph_BP_SnailPawn
[2018.05.13-21.37.10:859][839]LogUObjectGlobals: Created PersistentFrame Addr=0x000002233d742320, Size=208, Default__BP_SnailPawn_C Function /Game/Blueprints/BP_SnailPawn.BP_SnailPawn_C:ExecuteUbergraph_BP_SnailPawn
[2018.05.13-21.37.10:917][839]LogUObjectGlobals: Created PersistentFrame Addr=0x000002233b7f90c0, Size=4, Default__BP_Snail_C Function /Game/Blueprints/BP_Snail.BP_Snail_C:ExecuteUbergraph_BP_Snail
[2018.05.13-21.37.10:918][839]LogUObjectGlobals: Destroyed PersistentFrame Addr=0x000002233b7f90c0, Size=4
[2018.05.13-21.37.10:918][839]LogUObjectGlobals: Created PersistentFrame Addr=0x000002233b7f90c0, Size=4, Default__BP_Snail_C Function /Engine/Transient.REINST_BP_Snail_C_14:ExecuteUbergraph_BP_Snail
[2018.05.13-21.37.10:919][839]LogUObjectGlobals: Created PersistentFrame Addr=0x000002233b7f9130, Size=4, Default__BP_Snail_C Function /Game/Blueprints/BP_Snail.BP_Snail_C:ExecuteUbergraph_BP_Snail
[2018.05.13-21.37.10:933][839]LogUObjectGlobals: Created PersistentFrame Addr=0x000002237e80da80, Size=520, Default__BP_Bee_Redo_C Function /Game/Blueprints/BP_Bee_Redo.BP_Bee_Redo_C:ExecuteUbergraph_BP_Bee_Redo
[2018.05.13-21.37.10:949][839]LogUObjectGlobals: Destroyed PersistentFrame Addr=0x000002237e80da80, Size=520
[2018.05.13-21.37.10:949][839]LogUObjectGlobals: Created PersistentFrame Addr=0x000002237e80da80, Size=520, Default__BP_Bee_Redo_C Function /Engine/Transient.REINST_BP_Bee_Redo_C_16:ExecuteUbergraph_BP_Bee_Redo
[2018.05.13-21.37.10:965][839]LogUObjectGlobals: Created PersistentFrame Addr=0x000002230e4dbd80, Size=520, Default__BP_Bee_Redo_C Function /Game/Blueprints/BP_Bee_Redo.BP_Bee_Redo_C:ExecuteUbergraph_BP_Bee_Redo
[2018.05.13-21.37.11:297][839]LogAIModule: Creating AISystem for world L_Level02
[2018.05.13-21.37.11:327][839]LogUObjectGlobals: Destroyed PersistentFrame Addr=0x000002237df8f700, Size=384
[2018.05.13-21.37.11:327][839]LogUObjectGlobals: Destroyed PersistentFrame Addr=0x000002233b19dca8, Size=4
[2018.05.13-21.37.11:327][839]LogUObjectGlobals: Destroyed PersistentFrame Addr=0x000002233c3a8fe0, Size=208
[2018.05.13-21.37.11:327][839]LogUObjectGlobals: Destroyed PersistentFrame Addr=0x000002233b7f90c0, Size=4
[2018.05.13-21.37.11:327][839]LogUObjectGlobals: Destroyed PersistentFrame Addr=0x000002237e80da80, Size=520
[2018.05.13-21.37.11:329][839]Cmd: MAP LOAD FILE="../../../../../../Users/vikky/Documents/GitHub/Danger-Bee/Content/Maps/L_Level02.umap" TEMPLATE=0 SHOWPROGRESS=1 FEATURELEVEL=3
[2018.05.13-21.37.11:329][839]LightingResults: New page: Lighting Build
[2018.05.13-21.37.11:329][839]LoadErrors: New page: Loading map: L_Level02.umap
[2018.05.13-21.37.11:330][839]MapCheck: New page: Map Check
[2018.05.13-21.37.11:330][839]LightingResults: New page: Lighting Build
[2018.05.13-21.37.11:339][839]LogUObjectGlobals: Destroyed PersistentFrame Addr=0x000002236c3e4b98, Size=24
[2018.05.13-21.37.11:401][839]LogEditorServer: Finished looking for orphan Actors (0.000 secs)
[2018.05.13-21.37.11:453][839]Cmd: MAP CHECKDEP NOCLEARLOG
[2018.05.13-21.37.11:519][839]MapCheck: Map check complete: 0 Error(s), 0 Warning(s), took 65.205ms to complete.
[2018.05.13-21.37.11:520][839]LogFileHelpers: Loading map 'L_Level02' took 0.191
[2018.05.13-21.37.13:218][ 28]LogTemp: Repeating last play command: Simulate
[2018.05.13-21.37.13:274][ 28]LogFMOD: Creating runtime Studio System
[2018.05.13-21.37.13:275][ 28]LogFMOD: Default sample rate = 48000
[2018.05.13-21.37.13:275][ 28]LogFMOD: System sample rate = 48000
[2018.05.13-21.37.13:275][ 28]LogFMOD: Matching system sample rate 48000
[2018.05.13-21.37.13:288][ 28]LogFMOD: Loading Banks
[2018.05.13-21.37.13:336][ 28]LogPlayLevel: PlayLevel: No blueprints needed recompiling
[2018.05.13-21.37.13:337][ 28]PIE: New page: SIE session: L_Level02 (May 13, 2018, 1:37:13 PM)
[2018.05.13-21.37.13:337][ 28]LogPlayLevel: Creating play world package: /Game/Maps/UEDPIE_0_L_Level02
[2018.05.13-21.37.13:341][ 28]LogPlayLevel: PIE: StaticDuplicateObject took: (0.003829s)
[2018.05.13-21.37.13:341][ 28]LogAIModule: Creating AISystem for world L_Level02
[2018.05.13-21.37.13:341][ 28]LogPlayLevel: PIE: World Init took: (0.000637s)
[2018.05.13-21.37.13:341][ 28]LogPlayLevel: PIE: Created PIE world by copying editor world from /Game/Maps/L_Level02.L_Level02 to /Game/Maps/UEDPIE_0_L_Level02.L_Level02 (0.004568s)
[2018.05.13-21.37.13:353][ 28]LogInit: XAudio2 using 'Speakers (Realtek High Definition Audio)' : 2 channels at 48 kHz using 32 bits per sample (channel mask 0x3)
[2018.05.13-21.37.13:361][ 28]LogInit: FAudioDevice initialized.
[2018.05.13-21.37.13:405][ 28]LogLoad: Game class is 'GM_DangerBee_C'
[2018.05.13-21.37.13:408][ 28]LogWorld: Bringing World /Game/Maps/UEDPIE_0_L_Level02.L_Level02 up for play (max tick rate 0) at 2018.05.13-17.37.13
[2018.05.13-21.37.13:409][ 28]LogWorld: Bringing up level for play took: 0.002421
[2018.05.13-21.37.13:412][ 28]LogContentBrowser: Native class hierarchy updated for 'MovieSceneCapture' in 0.0002 seconds. Added 11 classes and 0 folders.
[2018.05.13-21.37.13:412][ 28]LogGameMode: Display: Match State Changed from EnteringMap to WaitingToStart
[2018.05.13-21.37.13:413][ 28]LogGameState: Match State Changed from EnteringMap to WaitingToStart
[2018.05.13-21.37.13:413][ 28]PIE: Play in editor start time for /Game/Maps/UEDPIE_0_L_Level02 0.737
[2018.05.13-21.44.24:692][718]LogSlate: FSceneViewport::OnFocusLost() reason 0
[2018.05.13-21.44.24:939][734]LogSlate: Window 'GameJam - Unreal Editor' being destroyed
[2018.05.13-21.44.25:276][735]Cmd: QUIT_EDITOR
[2018.05.13-21.44.25:871][735]LogWindowsTextInputMethodSystem: Display: IME system now deactivated.
[2018.05.13-21.44.25:871][735]LogWindowsTextInputMethodSystem: Display: IME system now deactivated.
[2018.05.13-21.44.25:884][735]LogSlate: Slate User Destroyed.  User Index 0, Is Virtual User: 0
[2018.05.13-21.44.25:884][735]LogExit: Preparing to exit.
[2018.05.13-21.44.26:555][735]LogDirectoryWatcher: A directory notification for 'C:/Users/vikky/Documents/GitHub/Danger-Bee/Content/' was aborted.
[2018.05.13-21.44.26:574][735]LogExit: Editor shut down
[2018.05.13-21.44.26:577][735]LogExit: Transaction tracking system shut down
[2018.05.13-21.44.26:578][735]LogUObjectGlobals: Destroyed PersistentFrame Addr=0x000002236c3fe508, Size=4
[2018.05.13-21.44.26:579][735]LogUObjectGlobals: Destroyed PersistentFrame Addr=0x000002234ac97a00, Size=384
[2018.05.13-21.44.26:579][735]LogUObjectGlobals: Destroyed PersistentFrame Addr=0x000002233b19c4c0, Size=4
[2018.05.13-21.44.26:579][735]LogUObjectGlobals: Destroyed PersistentFrame Addr=0x000002233d742320, Size=208
[2018.05.13-21.44.26:579][735]LogUObjectGlobals: Destroyed PersistentFrame Addr=0x000002233b7f9130, Size=4
[2018.05.13-21.44.26:579][735]LogUObjectGlobals: Destroyed PersistentFrame Addr=0x000002230e4dbd80, Size=520
[2018.05.13-21.44.26:784][735]LogDirectoryWatcher: A directory notification for '../../../Engine/Content/' was aborted.
[2018.05.13-21.44.26:784][735]LogDirectoryWatcher: A directory notification for '../../../../../../Users/vikky/Documents/GitHub/Danger-Bee/Content/' was aborted.
[2018.05.13-21.44.26:784][735]LogDirectoryWatcher: A directory notification for '../../Plugins/2D/Paper2D/Content/' was aborted.
[2018.05.13-21.44.26:784][735]LogDirectoryWatcher: A directory notification for '../../Plugins/Enterprise/DatasmithContent/Content/' was aborted.
[2018.05.13-21.44.26:784][735]LogDirectoryWatcher: A directory notification for '../../Plugins/Media/MediaCompositing/Content/' was aborted.
[2018.05.13-21.44.26:784][735]LogDirectoryWatcher: A directory notification for '../../Plugins/Runtime/AppleARKit/Content/' was aborted.
[2018.05.13-21.44.26:784][735]LogDirectoryWatcher: A directory notification for '../../Plugins/Runtime/Oculus/OculusVR/Content/' was aborted.
[2018.05.13-21.44.26:784][735]LogDirectoryWatcher: A directory notification for '../../Plugins/Runtime/Steam/SteamVR/Content/' was aborted.
[2018.05.13-21.44.26:784][735]LogDirectoryWatcher: A directory notification for '../../../../../../Users/vikky/Documents/GitHub/Danger-Bee/Plugins/FMODStudio/Content/' was aborted.
[2018.05.13-21.44.26:830][735]LogExit: Object subsystem successfully closed.
[2018.05.13-21.44.26:850][735]LogShaderCompilers: Display: Shaders left to compile 0
[2018.05.13-21.44.26:855][735]LogD3D11RHI: Shutdown
[2018.05.13-21.44.26:855][735]LogD3D11RHI: CleanupD3DDevice
[2018.05.13-21.44.26:857][735]LogD3D11RHI: ~FD3D11DynamicRHI
[2018.05.13-21.44.26:876][735]LogModuleManager: Shutting down and abandoning module MovieSceneCapture (582)
[2018.05.13-21.44.26:876][735]LogModuleManager: Shutting down and abandoning module HierarchicalLODOutliner (580)
[2018.05.13-21.44.26:876][735]LogModuleManager: Shutting down and abandoning module ExternalImagePicker (578)
[2018.05.13-21.44.26:876][735]LogModuleManager: Shutting down and abandoning module SceneOutliner (576)
[2018.05.13-21.44.26:876][735]LogModuleManager: Shutting down and abandoning module AddContentDialog (574)
[2018.05.13-21.44.26:877][735]LogDirectoryWatcher: A directory notification for 'C:/Program Files/Epic Games/UE_4.19/FeaturePacks/' was aborted.
[2018.05.13-21.44.26:877][735]LogDirectoryWatcher: A directory notification for 'C:/Program Files/Epic Games/UE_4.19/Enterprise/FeaturePacks/' was aborted.
[2018.05.13-21.44.26:878][735]LogModuleManager: Shutting down and abandoning module WidgetCarousel (573)
[2018.05.13-21.44.26:878][735]LogModuleManager: Shutting down and abandoning module EditorWidgets (570)
[2018.05.13-21.44.26:878][735]LogModuleManager: Shutting down and abandoning module CollectionManager (568)
[2018.05.13-21.44.26:878][735]LogDirectoryWatcher: A directory notification for 'C:/Users/vikky/Documents/GitHub/Danger-Bee/Content/Collections/' was aborted.
[2018.05.13-21.44.26:878][735]LogDirectoryWatcher: A directory notification for 'C:/Users/vikky/Documents/GitHub/Danger-Bee/Content/Developers/vikky/Collections/' was aborted.
[2018.05.13-21.44.26:878][735]LogDirectoryWatcher: A directory notification for 'C:/Users/vikky/Documents/GitHub/Danger-Bee/Saved/Collections/' was aborted.
[2018.05.13-21.44.26:878][735]LogModuleManager: Shutting down and abandoning module StatsViewer (566)
[2018.05.13-21.44.26:878][735]LogModuleManager: Shutting down and abandoning module FoliageEdit (564)
[2018.05.13-21.44.26:878][735]LogModuleManager: Shutting down and abandoning module LandscapeEditor (562)
[2018.05.13-21.44.26:878][735]LogModuleManager: Shutting down and abandoning module MeshPaintMode (560)
[2018.05.13-21.44.26:878][735]LogModuleManager: Shutting down and abandoning module SceneDepthPickerMode (558)
[2018.05.13-21.44.26:878][735]LogModuleManager: Shutting down and abandoning module ActorPickerMode (556)
[2018.05.13-21.44.26:878][735]LogModuleManager: Shutting down and abandoning module GeometryMode (554)
[2018.05.13-21.44.26:878][735]LogModuleManager: Shutting down and abandoning module TextureAlignMode (552)
[2018.05.13-21.44.26:878][735]LogModuleManager: Shutting down and abandoning module BspMode (550)
[2018.05.13-21.44.26:878][735]LogModuleManager: Shutting down and abandoning module PIEPreviewDeviceProfileSelector (548)
[2018.05.13-21.44.26:878][735]LogModuleManager: Shutting down and abandoning module HardwareSurvey (546)
[2018.05.13-21.44.26:878][735]LogModuleManager: Shutting down and abandoning module SequenceRecorderSections (544)
[2018.05.13-21.44.26:878][735]LogModuleManager: Shutting down and abandoning module AutomationWorker (542)
[2018.05.13-21.44.26:878][735]LogModuleManager: Shutting down and abandoning module AudioCaptureEditor (540)
[2018.05.13-21.44.26:878][735]LogModuleManager: Shutting down and abandoning module SequenceRecorder (539)
[2018.05.13-21.44.26:878][735]LogModuleManager: Shutting down and abandoning module MatineeToLevelSequence (536)
[2018.05.13-21.44.26:878][735]LogModuleManager: Shutting down and abandoning module LevelSequenceEditor (534)
[2018.05.13-21.44.26:878][735]LogModuleManager: Shutting down and abandoning module PlacementMode (533)
[2018.05.13-21.44.26:878][735]LogModuleManager: Shutting down and abandoning module MaterialEditor (532)
[2018.05.13-21.44.26:878][735]LogModuleManager: Shutting down and abandoning module WmfMediaFactory (528)
[2018.05.13-21.44.26:879][735]LogModuleManager: Shutting down and abandoning module WmfMediaEditor (526)
[2018.05.13-21.44.26:879][735]LogModuleManager: Shutting down and abandoning module MediaPlayerEditor (524)
[2018.05.13-21.44.26:879][735]LogModuleManager: Shutting down and abandoning module OpenExrWrapper (522)
[2018.05.13-21.44.26:879][735]LogModuleManager: Shutting down and abandoning module ImgMediaFactory (520)
[2018.05.13-21.44.26:879][735]LogModuleManager: Shutting down and abandoning module ImgMediaEditor (518)
[2018.05.13-21.44.26:879][735]LogModuleManager: Shutting down and abandoning module AvfMediaFactory (516)
[2018.05.13-21.44.26:879][735]LogModuleManager: Shutting down and abandoning module AvfMediaEditor (514)
[2018.05.13-21.44.26:879][735]LogModuleManager: Shutting down and abandoning module AndroidMediaFactory (512)
[2018.05.13-21.44.26:879][735]LogModuleManager: Shutting down and abandoning module AndroidMediaEditor (510)
[2018.05.13-21.44.26:879][735]LogModuleManager: Shutting down and abandoning module CharacterAI (508)
[2018.05.13-21.44.26:879][735]LogModuleManager: Shutting down and abandoning module SmartSnapping (506)
[2018.05.13-21.44.26:879][735]LogModuleManager: Shutting down and abandoning module SessionServices (504)
[2018.05.13-21.44.26:879][735]LogModuleManager: Shutting down and abandoning module ViewportSnapping (502)
[2018.05.13-21.44.26:879][735]LogModuleManager: Shutting down and abandoning module ViewportInteraction (500)
[2018.05.13-21.44.26:879][735]LogModuleManager: Shutting down and abandoning module ClothPainter (498)
[2018.05.13-21.44.26:879][735]LogModuleManager: Shutting down and abandoning module SkeletalMeshEditor (497)
[2018.05.13-21.44.26:879][735]LogModuleManager: Shutting down and abandoning module LogVisualizer (494)
[2018.05.13-21.44.26:879][735]LogModuleManager: Shutting down and abandoning module IntroTutorials (492)
[2018.05.13-21.44.26:879][735]LogModuleManager: Shutting down and abandoning module GameProjectGeneration (491)
[2018.05.13-21.44.26:879][735]LogModuleManager: Shutting down and abandoning module IOSPlatformEditor (488)
[2018.05.13-21.44.26:879][735]LogModuleManager: Shutting down and abandoning module HTML5PlatformEditor (486)
[2018.05.13-21.44.26:879][735]LogModuleManager: Shutting down and abandoning module AndroidPlatformEditor (484)
[2018.05.13-21.44.26:879][735]LogModuleManager: Shutting down and abandoning module AndroidDeviceDetection (483)
[2018.05.13-21.44.27:308][735]LogModuleManager: Shutting down and abandoning module WindowsPlatformEditor (480)
[2018.05.13-21.44.27:308][735]LogModuleManager: Shutting down and abandoning module IOSRuntimeSettings (478)
[2018.05.13-21.44.27:308][735]LogModuleManager: Shutting down and abandoning module AndroidRuntimeSettings (476)
[2018.05.13-21.44.27:308][735]LogModuleManager: Shutting down and abandoning module InputBindingEditor (474)
[2018.05.13-21.44.27:308][735]LogModuleManager: Shutting down and abandoning module MergeActors (472)
[2018.05.13-21.44.27:308][735]LogModuleManager: Shutting down and abandoning module LocalizationDashboard (470)
[2018.05.13-21.44.27:308][735]LogModuleManager: Shutting down and abandoning module LocalizationService (469)
[2018.05.13-21.44.27:308][735]LogModuleManager: Shutting down and abandoning module HardwareTargeting (466)
[2018.05.13-21.44.27:308][735]LogModuleManager: Shutting down and abandoning module DeviceProfileEditor (464)
[2018.05.13-21.44.27:308][735]LogModuleManager: Shutting down and abandoning module UndoHistory (462)
[2018.05.13-21.44.27:308][735]LogModuleManager: Shutting down and abandoning module XmlParser (460)
[2018.05.13-21.44.27:308][735]LogModuleManager: Shutting down and abandoning module Blutility (458)
[2018.05.13-21.44.27:308][735]LogModuleManager: Shutting down and abandoning module ProjectSettingsViewer (456)
[2018.05.13-21.44.27:308][735]LogModuleManager: Shutting down and abandoning module ProjectTargetPlatformEditor (455)
[2018.05.13-21.44.27:308][735]LogModuleManager: Shutting down and abandoning module EditorSettingsViewer (452)
[2018.05.13-21.44.27:308][735]LogModuleManager: Shutting down and abandoning module SettingsEditor (450)
[2018.05.13-21.44.27:308][735]LogModuleManager: Shutting down and abandoning module ProjectLauncher (448)
[2018.05.13-21.44.27:308][735]LogModuleManager: Shutting down and abandoning module SessionFrontend (446)
[2018.05.13-21.44.27:308][735]LogModuleManager: Shutting down and abandoning module ProfilerClient (444)
[2018.05.13-21.44.27:308][735]LogModuleManager: Shutting down and abandoning module DeviceManager (442)
[2018.05.13-21.44.27:308][735]LogModuleManager: Shutting down and abandoning module TargetDeviceServices (441)
[2018.05.13-21.44.27:360][735]LogModuleManager: Shutting down and abandoning module AutomationController (438)
[2018.05.13-21.44.27:360][735]LogModuleManager: Shutting down and abandoning module AutomationWindow (436)
[2018.05.13-21.44.27:360][735]LogModuleManager: Shutting down and abandoning module Layers (434)
[2018.05.13-21.44.27:360][735]LogModuleManager: Shutting down and abandoning module ComponentVisualizers (432)
[2018.05.13-21.44.27:360][735]LogModuleManager: Shutting down and abandoning module DetailCustomizations (430)
[2018.05.13-21.44.27:360][735]LogModuleManager: Shutting down and abandoning module PackagesDialog (428)
[2018.05.13-21.44.27:360][735]LogModuleManager: Shutting down and abandoning module Persona (426)
[2018.05.13-21.44.27:360][735]LogModuleManager: Shutting down and abandoning module AdvancedPreviewScene (425)
[2018.05.13-21.44.27:360][735]LogModuleManager: Shutting down and abandoning module AnimGraph (423)
[2018.05.13-21.44.27:360][735]LogModuleManager: Shutting down and abandoning module Kismet (420)
[2018.05.13-21.44.27:361][735]LogModuleManager: Shutting down and abandoning module GraphEditor (418)
[2018.05.13-21.44.27:361][735]LogModuleManager: Shutting down and abandoning module ClassViewer (416)
[2018.05.13-21.44.27:361][735]LogModuleManager: Shutting down and abandoning module Toolbox (414)
[2018.05.13-21.44.27:361][735]LogModuleManager: Shutting down and abandoning module ModuleUI (412)
[2018.05.13-21.44.27:361][735]LogModuleManager: Shutting down and abandoning module MovieSceneTools (410)
[2018.05.13-21.44.27:361][735]LogModuleManager: Shutting down and abandoning module OutputLog (408)
[2018.05.13-21.44.27:361][735]LogModuleManager: Shutting down and abandoning module GammaUI (406)
[2018.05.13-21.44.27:361][735]LogModuleManager: Shutting down and abandoning module Documentation (404)
[2018.05.13-21.44.27:361][735]LogModuleManager: Shutting down and abandoning module MovieSceneTracks (402)
[2018.05.13-21.44.27:361][735]LogModuleManager: Shutting down and abandoning module MovieScene (400)
[2018.05.13-21.44.27:361][735]LogModuleManager: Shutting down and abandoning module StreamingPauseRendering (398)
[2018.05.13-21.44.27:361][735]LogModuleManager: Shutting down and abandoning module LauncherPlatform (396)
[2018.05.13-21.44.27:361][735]LogModuleManager: Shutting down and abandoning module AnalyticsET (394)
[2018.05.13-21.44.27:361][735]LogModuleManager: Shutting down and abandoning module PortalServices (392)
[2018.05.13-21.44.27:361][735]LogModuleManager: Shutting down and abandoning module PortalRpc (390)
[2018.05.13-21.44.27:361][735]LogModuleManager: Shutting down and abandoning module MessagingRpc (388)
[2018.05.13-21.44.27:361][735]LogModuleManager: Shutting down and abandoning module AIModule (386)
[2018.05.13-21.44.27:361][735]LogModuleManager: Shutting down and abandoning module GameplayDebugger (385)
[2018.05.13-21.44.27:361][735]LogModuleManager: Shutting down and abandoning module AITestSuite (383)
[2018.05.13-21.44.27:361][735]LogModuleManager: Shutting down and abandoning module DesktopPlatform (380)
[2018.05.13-21.44.27:361][735]LogModuleManager: Shutting down and abandoning module ProfilerService (378)
[2018.05.13-21.44.27:440][735]LogModuleManager: Shutting down and abandoning module TaskGraph (376)
[2018.05.13-21.44.27:440][735]LogModuleManager: Shutting down and abandoning module FMODStudioEditor (374)
[2018.05.13-21.44.27:440][735]LogModuleManager: Shutting down and abandoning module SteamVRController (372)
[2018.05.13-21.44.27:440][735]LogModuleManager: Shutting down and abandoning module ProceduralMeshComponentEditor (370)
[2018.05.13-21.44.27:440][735]LogModuleManager: Shutting down and abandoning module ProceduralMeshComponent (368)
[2018.05.13-21.44.27:440][735]LogModuleManager: Shutting down and abandoning module OculusInput (366)
[2018.05.13-21.44.27:440][735]LogModuleManager: Shutting down and abandoning module MobilePatchingUtils (364)
[2018.05.13-21.44.27:440][735]LogModuleManager: Shutting down and abandoning module CustomMeshComponent (362)
[2018.05.13-21.44.27:440][735]LogModuleManager: Shutting down and abandoning module CableComponent (360)
[2018.05.13-21.44.27:440][735]LogModuleManager: Shutting down and abandoning module AudioCapture (358)
[2018.05.13-21.44.27:440][735]LogModuleManager: Shutting down and abandoning module ArchVisCharacter (356)
[2018.05.13-21.44.27:440][735]LogModuleManager: Shutting down and abandoning module AndroidPermission (354)
[2018.05.13-21.44.27:440][735]LogModuleManager: Shutting down and abandoning module NUTUnrealEngine4 (350)
[2018.05.13-21.44.27:440][735]LogModuleManager: Shutting down and abandoning module NetcodeUnitTest (348)
[2018.05.13-21.44.27:440][735]LogModuleManager: Shutting down and abandoning module MediaCompositingEditor (346)
[2018.05.13-21.44.27:440][735]LogModuleManager: Shutting down and abandoning module MediaCompositing (344)
[2018.05.13-21.44.27:440][735]LogModuleManager: Shutting down and abandoning module LinearTimecode (342)
[2018.05.13-21.44.27:440][735]LogModuleManager: Shutting down and abandoning module ImgMedia (340)
[2018.05.13-21.44.27:443][735]LogModuleManager: Shutting down and abandoning module HTML5Networking (338)
[2018.05.13-21.44.27:443][735]LogModuleManager: Shutting down and abandoning module AlembicImporter (336)
[2018.05.13-21.44.27:443][735]LogModuleManager: Shutting down and abandoning module AlembicLibrary (335)
[2018.05.13-21.44.27:443][735]LogModuleManager: Shutting down and abandoning module GeometryCache (334)
[2018.05.13-21.44.27:443][735]LogModuleManager: Shutting down and abandoning module GeometryCacheEd (333)
[2018.05.13-21.44.27:443][735]LogModuleManager: Shutting down and abandoning module DatasmithContent (328)
[2018.05.13-21.44.27:443][735]LogModuleManager: Shutting down and abandoning module SpeedTreeImporter (326)
[2018.05.13-21.44.27:443][735]LogModuleManager: Shutting down and abandoning module PluginBrowser (324)
[2018.05.13-21.44.27:443][735]LogModuleManager: Shutting down and abandoning module MobileLauncherProfileWizard (322)
[2018.05.13-21.44.27:443][735]LogModuleManager: Shutting down and abandoning module CryptoKeysOpenSSL (320)
[2018.05.13-21.44.27:443][735]LogModuleManager: Shutting down and abandoning module CryptoKeys (318)
[2018.05.13-21.44.27:443][735]LogModuleManager: Shutting down and abandoning module VisualStudioSourceCodeAccess (316)
[2018.05.13-21.44.27:443][735]LogModuleManager: Shutting down and abandoning module VisualStudioCodeSourceCodeAccess (314)
[2018.05.13-21.44.27:443][735]LogModuleManager: Shutting down and abandoning module UObjectPlugin (312)
[2018.05.13-21.44.27:443][735]LogModuleManager: Shutting down and abandoning module SubversionSourceControl (310)
[2018.05.13-21.44.27:443][735]LogModuleManager: Shutting down and abandoning module PerforceSourceControl (308)
[2018.05.13-21.44.27:443][735]LogModuleManager: Shutting down and abandoning module GitSourceControl (306)
[2018.05.13-21.44.27:443][735]LogModuleManager: Shutting down and abandoning module SourceControl (305)
[2018.05.13-21.44.27:443][735]LogModuleManager: Shutting down and abandoning module CLionSourceCodeAccess (302)
[2018.05.13-21.44.27:443][735]LogModuleManager: Shutting down and abandoning module LightPropagationVolumeEditor (300)
[2018.05.13-21.44.27:443][735]LogModuleManager: Shutting down and abandoning module PaperTiledImporter (298)
[2018.05.13-21.44.27:443][735]LogModuleManager: Shutting down and abandoning module PaperSpriteSheetImporter (296)
[2018.05.13-21.44.27:443][735]LogModuleManager: Shutting down and abandoning module Paper2DEditor (294)
[2018.05.13-21.44.27:444][735]LogModuleManager: Shutting down and abandoning module MeshPaint (293)
[2018.05.13-21.44.27:444][735]LogModuleManager: Shutting down and abandoning module FMODStudio (290)
[2018.05.13-21.44.27:666][735]LogModuleManager: Shutting down and abandoning module RuntimePhysXCooking (288)
[2018.05.13-21.44.27:666][735]LogModuleManager: Shutting down and abandoning module PhysXVehiclesEditor (286)
[2018.05.13-21.44.27:666][735]LogModuleManager: Shutting down and abandoning module PhysXVehicles (284)
[2018.05.13-21.44.27:666][735]LogModuleManager: Shutting down and abandoning module OculusEditor (282)
[2018.05.13-21.44.27:666][735]LogModuleManager: Shutting down and abandoning module LocationServicesBPLibrary (280)
[2018.05.13-21.44.27:666][735]LogModuleManager: Shutting down and abandoning module ImmediatePhysicsEditor (278)
[2018.05.13-21.44.27:666][735]LogModuleManager: Shutting down and abandoning module ImmediatePhysics (276)
[2018.05.13-21.44.27:666][735]LogModuleManager: Shutting down and abandoning module ActorSequence (274)
[2018.05.13-21.44.27:666][735]LogModuleManager: Shutting down and abandoning module UdpMessaging (272)
[2018.05.13-21.44.27:767][735]LogModuleManager: Shutting down and abandoning module TcpMessaging (270)
[2018.05.13-21.44.27:867][735]LogModuleManager: Shutting down and abandoning module GameplayTagsEditor (268)
[2018.05.13-21.44.27:867][735]LogModuleManager: Shutting down and abandoning module FacialAnimationEditor (266)
[2018.05.13-21.44.27:867][735]LogModuleManager: Shutting down and abandoning module FacialAnimation (264)
[2018.05.13-21.44.27:867][735]LogModuleManager: Shutting down and abandoning module DataValidation (262)
[2018.05.13-21.44.27:867][735]LogModuleManager: Shutting down and abandoning module AssetManagerEditor (260)
[2018.05.13-21.44.27:867][735]LogModuleManager: Shutting down and abandoning module LevelEditor (259)
[2018.05.13-21.44.27:869][735]LogModuleManager: Shutting down and abandoning module PixelInspectorModule (258)
[2018.05.13-21.44.27:869][735]LogModuleManager: Shutting down and abandoning module CommonMenuExtensions (256)
[2018.05.13-21.44.27:870][735]LogModuleManager: Shutting down and abandoning module MainFrame (254)
[2018.05.13-21.44.27:870][735]LogModuleManager: Shutting down and abandoning module HotReload (253)
[2018.05.13-21.44.27:870][735]LogDirectoryWatcher: A directory notification for 'C:/Users/vikky/Documents/GitHub/Danger-Bee/Plugins/FMODStudio/Binaries/Win64' was aborted.
[2018.05.13-21.44.27:871][735]LogModuleManager: Shutting down and abandoning module ContentBrowser (249)
[2018.05.13-21.44.27:873][735]LogModuleManager: Shutting down and abandoning module TreeMap (247)
[2018.05.13-21.44.27:873][735]LogModuleManager: Shutting down and abandoning module LightPropagationVolumeRuntime (244)
[2018.05.13-21.44.27:874][735]LogModuleManager: Shutting down and abandoning module LiveLinkEditor (242)
[2018.05.13-21.44.27:874][735]LogModuleManager: Shutting down and abandoning module LiveLink (240)
[2018.05.13-21.44.28:270][735]LogModuleManager: Shutting down and abandoning module Paper2D (238)
[2018.05.13-21.44.28:270][735]LogModuleManager: Shutting down and abandoning module WindowsMoviePlayer (236)
[2018.05.13-21.44.28:270][735]LogModuleManager: Shutting down and abandoning module WmfMedia (234)
[2018.05.13-21.44.28:271][735]LogModuleManager: Shutting down and abandoning module Media (233)
[2018.05.13-21.44.28:278][735]LogModuleManager: Shutting down and abandoning module PacketHandler (230)
[2018.05.13-21.44.28:278][735]LogModuleManager: Shutting down and abandoning module ClothingSystemEditor (228)
[2018.05.13-21.44.28:278][735]LogModuleManager: Shutting down and abandoning module ClothingSystemRuntime (226)
[2018.05.13-21.44.28:278][735]LogModuleManager: Shutting down and abandoning module MediaAssets (224)
[2018.05.13-21.44.28:278][735]LogModuleManager: Shutting down and abandoning module Overlay (222)
[2018.05.13-21.44.28:278][735]LogModuleManager: Shutting down and abandoning module OverlayEditor (221)
[2018.05.13-21.44.28:278][735]LogModuleManager: Shutting down and abandoning module VREditor (218)
[2018.05.13-21.44.28:278][735]LogModuleManager: Shutting down and abandoning module StringTableEditor (216)
[2018.05.13-21.44.28:278][735]LogModuleManager: Shutting down and abandoning module GameplayTasksEditor (214)
[2018.05.13-21.44.28:278][735]LogModuleManager: Shutting down and abandoning module BehaviorTreeEditor (212)
[2018.05.13-21.44.28:278][735]LogModuleManager: Shutting down and abandoning module FunctionalTesting (210)
[2018.05.13-21.44.28:278][735]LogModuleManager: Shutting down and abandoning module CollisionAnalyzer (208)
[2018.05.13-21.44.28:278][735]LogModuleManager: Shutting down and abandoning module WorkspaceMenuStructure (207)
[2018.05.13-21.44.28:278][735]LogModuleManager: Shutting down and abandoning module UMG (204)
[2018.05.13-21.44.28:278][735]LogModuleManager: Shutting down and abandoning module UMGEditor (203)
[2018.05.13-21.44.28:279][735]LogModuleManager: Shutting down and abandoning module Sequencer (202)
[2018.05.13-21.44.28:279][735]LogModuleManager: Shutting down and abandoning module MessageLog (199)
[2018.05.13-21.44.28:279][735]LogModuleManager: Shutting down and abandoning module SlateReflector (194)
[2018.05.13-21.44.28:279][735]LogModuleManager: Shutting down and abandoning module Slate (192)
[2018.05.13-21.44.28:279][735]LogModuleManager: Shutting down and abandoning module EditorStyle (190)
[2018.05.13-21.44.28:281][735]LogModuleManager: Shutting down and abandoning module MRMesh (188)
[2018.05.13-21.44.28:281][735]LogModuleManager: Shutting down and abandoning module SourceCodeAccess (186)
[2018.05.13-21.44.28:281][735]LogModuleManager: Shutting down and abandoning module HeadMountedDisplay (184)
[2018.05.13-21.44.28:281][735]LogModuleManager: Shutting down and abandoning module XAudio2 (182)
[2018.05.13-21.44.28:281][735]LogModuleManager: Shutting down and abandoning module Networking (180)
[2018.05.13-21.44.28:282][735]LogModuleManager: Shutting down and abandoning module Core (178)
[2018.05.13-21.44.28:282][735]LogModuleManager: Shutting down and abandoning module LevelSequence (176)
[2018.05.13-21.44.28:282][735]LogModuleManager: Shutting down and abandoning module KismetCompiler (174)
[2018.05.13-21.44.28:282][735]LogModuleManager: Shutting down and abandoning module MeshUtilities (172)
[2018.05.13-21.44.28:282][735]LogModuleManager: Shutting down and abandoning module MeshMergeUtilities (171)
[2018.05.13-21.44.28:282][735]LogModuleManager: Shutting down and abandoning module MeshReductionInterface (170)
[2018.05.13-21.44.28:282][735]LogModuleManager: Shutting down and abandoning module SimplygonSwarm (169)
[2018.05.13-21.44.28:282][735]LogModuleManager: Shutting down and abandoning module SimplygonMeshReduction (167)
[2018.05.13-21.44.28:282][735]LogModuleManager: Shutting down and abandoning module QuadricMeshReduction (165)
[2018.05.13-21.44.28:282][735]LogModuleManager: Shutting down and abandoning module MaterialBaking (161)
[2018.05.13-21.44.28:282][735]LogModuleManager: Shutting down and abandoning module DirectoryWatcher (157)
[2018.05.13-21.44.28:282][735]LogModuleManager: Shutting down and abandoning module DerivedDataCache (154)
[2018.05.13-21.44.28:359][735]LogDerivedDataCache: Shutdown
[2018.05.13-21.44.28:359][735]LogModuleManager: Shutting down and abandoning module XGEController (152)
[2018.05.13-21.44.28:359][735]LogXGEController: Cleaning working directory: C:/Users/vikky/AppData/Local/Temp/UnrealXGEWorkingDir/
[2018.05.13-21.44.28:359][735]LogModuleManager: Shutting down and abandoning module TargetPlatform (150)
[2018.05.13-21.44.28:359][735]LogModuleManager: Shutting down and abandoning module VulkanShaderFormat (149)
[2018.05.13-21.44.28:359][735]LogModuleManager: Shutting down and abandoning module ShaderFormatVectorVM (147)
[2018.05.13-21.44.28:359][735]LogModuleManager: Shutting down and abandoning module ShaderFormatOpenGL (145)
[2018.05.13-21.44.28:360][735]LogModuleManager: Shutting down and abandoning module ShaderFormatD3D (143)
[2018.05.13-21.44.28:360][735]LogModuleManager: Shutting down and abandoning module MetalShaderFormat (141)
[2018.05.13-21.44.28:360][735]LogModuleManager: Shutting down and abandoning module TextureFormatUncompressed (139)
[2018.05.13-21.44.28:360][735]LogModuleManager: Shutting down and abandoning module TextureFormatPVR (137)
[2018.05.13-21.44.28:360][735]LogModuleManager: Shutting down and abandoning module TextureFormatDXT (135)
[2018.05.13-21.44.28:360][735]LogModuleManager: Shutting down and abandoning module TextureFormatIntelISPCTexComp (133)
[2018.05.13-21.44.28:360][735]LogModuleManager: Shutting down and abandoning module TextureFormatASTC (131)
[2018.05.13-21.44.28:360][735]LogModuleManager: Shutting down and abandoning module ImageWrapper (130)
[2018.05.13-21.44.28:360][735]LogModuleManager: Shutting down and abandoning module TextureFormatAndroid (127)
[2018.05.13-21.44.28:360][735]LogModuleManager: Shutting down and abandoning module AudioFormatOpus (125)
[2018.05.13-21.44.28:360][735]LogModuleManager: Shutting down and abandoning module AudioFormatOgg (123)
[2018.05.13-21.44.28:360][735]LogModuleManager: Shutting down and abandoning module AudioFormatADPCM (121)
[2018.05.13-21.44.28:360][735]LogModuleManager: Shutting down and abandoning module LinuxTargetPlatform (119)
[2018.05.13-21.44.28:360][735]LogModuleManager: Shutting down and abandoning module LinuxServerTargetPlatform (117)
[2018.05.13-21.44.28:360][735]LogModuleManager: Shutting down and abandoning module LinuxNoEditorTargetPlatform (115)
[2018.05.13-21.44.28:361][735]LogModuleManager: Shutting down and abandoning module LinuxClientTargetPlatform (113)
[2018.05.13-21.44.28:361][735]LogModuleManager: Shutting down and abandoning module TVOSTargetPlatform (111)
[2018.05.13-21.44.28:361][735]LogModuleManager: Shutting down and abandoning module Messaging (109)
[2018.05.13-21.44.28:361][735]LogModuleManager: Shutting down and abandoning module IOSTargetPlatform (107)
[2018.05.13-21.44.28:361][735]LogModuleManager: Shutting down and abandoning module HTML5TargetPlatform (105)
[2018.05.13-21.44.28:361][735]LogModuleManager: Shutting down and abandoning module AndroidTargetPlatform (103)
[2018.05.13-21.44.28:361][735]LogModuleManager: Shutting down and abandoning module Android_PVRTCTargetPlatform (101)
[2018.05.13-21.44.28:361][735]LogModuleManager: Shutting down and abandoning module Android_MultiTargetPlatform (99)
[2018.05.13-21.44.28:361][735]LogModuleManager: Shutting down and abandoning module Android_ETC2TargetPlatform (97)
[2018.05.13-21.44.28:361][735]LogModuleManager: Shutting down and abandoning module Android_ETC1TargetPlatform (95)
[2018.05.13-21.44.28:361][735]LogModuleManager: Shutting down and abandoning module Android_ETC1aTargetPlatform (93)
[2018.05.13-21.44.28:361][735]LogModuleManager: Shutting down and abandoning module Android_DXTTargetPlatform (91)
[2018.05.13-21.44.28:362][735]LogModuleManager: Shutting down and abandoning module Android_ATCTargetPlatform (89)
[2018.05.13-21.44.28:362][735]LogModuleManager: Shutting down and abandoning module Android_ASTCTargetPlatform (87)
[2018.05.13-21.44.28:362][735]LogModuleManager: Shutting down and abandoning module WindowsTargetPlatform (85)
[2018.05.13-21.44.28:362][735]LogModuleManager: Shutting down and abandoning module WindowsServerTargetPlatform (83)
[2018.05.13-21.44.28:362][735]LogModuleManager: Shutting down and abandoning module WindowsNoEditorTargetPlatform (81)
[2018.05.13-21.44.28:362][735]LogModuleManager: Shutting down and abandoning module WindowsClientTargetPlatform (79)
[2018.05.13-21.44.28:362][735]LogModuleManager: Shutting down and abandoning module MacTargetPlatform (77)
[2018.05.13-21.44.28:362][735]LogModuleManager: Shutting down and abandoning module MacServerTargetPlatform (75)
[2018.05.13-21.44.28:362][735]LogModuleManager: Shutting down and abandoning module MacNoEditorTargetPlatform (73)
[2018.05.13-21.44.28:362][735]LogModuleManager: Shutting down and abandoning module MacClientTargetPlatform (71)
[2018.05.13-21.44.28:362][735]LogModuleManager: Shutting down and abandoning module AllDesktopTargetPlatform (69)
[2018.05.13-21.44.28:362][735]LogModuleManager: Shutting down and abandoning module InputCore (66)
[2018.05.13-21.44.28:362][735]LogModuleManager: Shutting down and abandoning module Settings (64)
[2018.05.13-21.44.28:362][735]LogModuleManager: Shutting down and abandoning module PhysXCooking (62)
[2018.05.13-21.44.28:362][735]LogModuleManager: Shutting down and abandoning module SteamVR (60)
[2018.05.13-21.44.28:363][735]LogModuleManager: Shutting down and abandoning module OculusHMD (58)
[2018.05.13-21.44.28:363][735]LogModuleManager: Shutting down and abandoning module ExampleDeviceProfileSelector (56)
[2018.05.13-21.44.28:363][735]LogModuleManager: Shutting down and abandoning module AppleARKit (54)
[2018.05.13-21.44.28:363][735]LogModuleManager: Shutting down and abandoning module AugmentedReality (51)
[2018.05.13-21.44.28:363][735]LogModuleManager: Shutting down and abandoning module OnlineBlueprintSupport (48)
[2018.05.13-21.44.28:363][735]LogModuleManager: Shutting down and abandoning module OnlineSubsystem (44)
[2018.05.13-21.44.28:363][735]LogModuleManager: Shutting down and abandoning module XMPP (43)
[2018.05.13-21.44.28:363][735]LogModuleManager: Shutting down and abandoning module HTTP (41)
[2018.05.13-21.44.28:363][735]LogHttp: Display: Http module shutting down, but needs to wait on 1 outstanding Http requests:
[2018.05.13-21.44.28:363][735]LogHttp: Display: 	verb=[POST] url=[https://datarouter.ol.epicgames.com/datarouter/api/v1/public/data?SessionID=%7B039DA4EF-4EF2-0ACC-5E12-94A680B26128%7D&AppID=UEEditor.Rocket.Release&AppVersion=4.19.2-4033788%2B%2B%2BUE4%2BRelease-4.19&UserID=1e255916459df4bccc19bf86a02a43e0%7C4d6f8b13ba44426789b0048b21ea908a%7C61bda5fd-dd5f-4826-9d32-1643ac4daf4f&AppEnvironment=datacollector-binary&UploadType=eteventstream] status=Processing
[2018.05.13-21.44.28:386][735]LogModuleManager: Shutting down and abandoning module SSL (40)
[2018.05.13-21.44.28:386][735]LogModuleManager: Shutting down and abandoning module AnimationModifiers (36)
[2018.05.13-21.44.28:386][735]LogModuleManager: Shutting down and abandoning module PropertyEditor (35)
[2018.05.13-21.44.28:387][735]LogModuleManager: Shutting down and abandoning module AudioEditor (32)
[2018.05.13-21.44.28:387][735]LogModuleManager: Shutting down and abandoning module TextureCompressor (30)
[2018.05.13-21.44.28:387][735]LogModuleManager: Shutting down and abandoning module ShaderCore (28)
[2018.05.13-21.44.28:387][735]LogModuleManager: Shutting down and abandoning module Landscape (26)
[2018.05.13-21.44.28:387][735]LogModuleManager: Shutting down and abandoning module SlateRHIRenderer (24)
[2018.05.13-21.44.28:387][735]LogModuleManager: Shutting down and abandoning module OpenGLDrv (22)
[2018.05.13-21.44.28:387][735]LogModuleManager: Shutting down and abandoning module D3D11RHI (20)
[2018.05.13-21.44.28:387][735]LogModuleManager: Shutting down and abandoning module AnimGraphRuntime (18)
[2018.05.13-21.44.28:387][735]LogModuleManager: Shutting down and abandoning module Renderer (16)
[2018.05.13-21.44.28:387][735]LogModuleManager: Shutting down and abandoning module Engine (14)
[2018.05.13-21.44.28:387][735]LogModuleManager: Shutting down and abandoning module CoreUObject (12)
[2018.05.13-21.44.28:387][735]LogModuleManager: Shutting down and abandoning module NetworkFile (10)
[2018.05.13-21.44.28:387][735]LogModuleManager: Shutting down and abandoning module CookedIterativeFile (8)
[2018.05.13-21.44.28:387][735]LogModuleManager: Shutting down and abandoning module StreamingFile (6)
[2018.05.13-21.44.28:387][735]LogModuleManager: Shutting down and abandoning module SandboxFile (4)
[2018.05.13-21.44.28:388][735]LogModuleManager: Shutting down and abandoning module PakFile (2)
[2018.05.13-21.44.28:393][735]LogExit: Exiting.
[2018.05.13-21.44.28:414][735]Log file closed, 05/13/18 17:44:28
