Log file open, 05/12/18 11:06:39
LogWindows: Failed to load 'aqProf.dll' (GetLastError=126)
LogWindows: File 'aqProf.dll' does not exist
LogWindows: Failed to load 'VtuneApi.dll' (GetLastError=126)
LogWindows: File 'VtuneApi.dll' does not exist
LogWindows: Failed to load 'VtuneApi32e.dll' (GetLastError=126)
LogWindows: File 'VtuneApi32e.dll' does not exist
LogInit: Display: Running engine for game: GameJam
LogPlatformFile: Not using cached read wrapper
LogInit: Display: RandInit(-818729651) SRandInit(-818729651).
LogInit: Read version file with build ID '3944462'
LogInit: Overriding engine version to CL 4033788, compatible CL 3944462
LogInit: Registered custom module enumerator with build ID '3944462'
LogTaskGraph: Started task graph with 5 named threads and 23 total threads with 3 sets of task threads.
LogStats: Stats thread started at 0.260954
LogD3D11RHI: Aftermath initialized
LogICUInternationalization: Display: ICU TimeZone Detection - Raw Offset: -5:00, Platform Override: ''
LogModuleManager: Display: Found up-to-date module file ../../../../../../Users/vikky/Documents/GitHub/Danger-Bee/Plugins/FMODStudio/Binaries/Win64/UE4Editor-FMODStudio.dll (API version 3944462).
LogModuleManager: Display: Found up-to-date module file ../../../../../../Users/vikky/Documents/GitHub/Danger-Bee/Plugins/FMODStudio/Binaries/Win64/UE4Editor-FMODStudioEditor.dll (API version 3944462).
LogModuleManager: Display: Found up-to-date module file ../../../Engine/Plugins/2D/Paper2D/Binaries/Win64/UE4Editor-Paper2D.dll (API version 3944462).
LogModuleManager: Display: Found up-to-date module file ../../../Engine/Plugins/2D/Paper2D/Binaries/Win64/UE4Editor-Paper2DEditor.dll (API version 3944462).
LogModuleManager: Display: Found up-to-date module file ../../../Engine/Plugins/2D/Paper2D/Binaries/Win64/UE4Editor-PaperSpriteSheetImporter.dll (API version 3944462).
LogModuleManager: Display: Found up-to-date module file ../../../Engine/Plugins/2D/Paper2D/Binaries/Win64/UE4Editor-PaperTiledImporter.dll (API version 3944462).
LogModuleManager: Display: Found up-to-date module file ../../../Engine/Plugins/2D/Paper2D/Binaries/Win64/UE4Editor-SmartSnapping.dll (API version 3944462).
LogModuleManager: Display: Found up-to-date module file ../../../Engine/Plugins/Blendables/LightPropagationVolume/Binaries/Win64/UE4Editor-LightPropagationVolumeRuntime.dll (API version 3944462).
LogModuleManager: Display: Found up-to-date module file ../../../Engine/Plugins/Blendables/LightPropagationVolume/Binaries/Win64/UE4Editor-LightPropagationVolumeEditor.dll (API version 3944462).
LogModuleManager: Display: Found up-to-date module file ../../../Engine/Plugins/Developer/CLionSourceCodeAccess/Binaries/Win64/UE4Editor-CLionSourceCodeAccess.dll (API version 3944462).
LogModuleManager: Display: Found up-to-date module file ../../../Engine/Plugins/Developer/GitSourceControl/Binaries/Win64/UE4Editor-GitSourceControl.dll (API version 3944462).
LogModuleManager: Display: Found up-to-date module file ../../../Engine/Plugins/Developer/PerforceSourceControl/Binaries/Win64/UE4Editor-PerforceSourceControl.dll (API version 3944462).
LogModuleManager: Display: Found up-to-date module file ../../../Engine/Plugins/Developer/SubversionSourceControl/Binaries/Win64/UE4Editor-SubversionSourceControl.dll (API version 3944462).
LogModuleManager: Display: Found up-to-date module file ../../../Engine/Plugins/Developer/UObjectPlugin/Binaries/Win64/UE4Editor-UObjectPlugin.dll (API version 3944462).
LogModuleManager: Display: Found up-to-date module file ../../../Engine/Plugins/Developer/VisualStudioCodeSourceCodeAccess/Binaries/Win64/UE4Editor-VisualStudioCodeSourceCodeAccess.dll (API version 3944462).
LogModuleManager: Display: Found up-to-date module file ../../../Engine/Plugins/Developer/VisualStudioSourceCodeAccess/Binaries/Win64/UE4Editor-VisualStudioSourceCodeAccess.dll (API version 3944462).
LogModuleManager: Display: Found up-to-date module file ../../../Engine/Plugins/Editor/AssetManagerEditor/Binaries/Win64/UE4Editor-AssetManagerEditor.dll (API version 3944462).
LogModuleManager: Display: Found up-to-date module file ../../../Engine/Plugins/Editor/CryptoKeys/Binaries/Win64/UE4Editor-CryptoKeys.dll (API version 3944462).
LogModuleManager: Display: Found up-to-date module file ../../../Engine/Plugins/Editor/CryptoKeys/Binaries/Win64/UE4Editor-CryptoKeysOpenSSL.dll (API version 3944462).
LogModuleManager: Display: Found up-to-date module file ../../../Engine/Plugins/Editor/DataValidation/Binaries/Win64/UE4Editor-DataValidation.dll (API version 3944462).
LogModuleManager: Display: Found up-to-date module file ../../../Engine/Plugins/Editor/FacialAnimation/Binaries/Win64/UE4Editor-FacialAnimation.dll (API version 3944462).
LogModuleManager: Display: Found up-to-date module file ../../../Engine/Plugins/Editor/FacialAnimation/Binaries/Win64/UE4Editor-FacialAnimationEditor.dll (API version 3944462).
LogModuleManager: Display: Found up-to-date module file ../../../Engine/Plugins/Editor/GameplayTagsEditor/Binaries/Win64/UE4Editor-GameplayTagsEditor.dll (API version 3944462).
LogModuleManager: Display: Found up-to-date module file ../../../Engine/Plugins/Editor/MobileLauncherProfileWizard/Binaries/Win64/UE4Editor-MobileLauncherProfileWizard.dll (API version 3944462).
LogModuleManager: Display: Found up-to-date module file ../../../Engine/Plugins/Editor/PluginBrowser/Binaries/Win64/UE4Editor-PluginBrowser.dll (API version 3944462).
LogModuleManager: Display: Found up-to-date module file ../../../Engine/Plugins/Editor/SpeedTreeImporter/Binaries/Win64/UE4Editor-SpeedTreeImporter.dll (API version 3944462).
LogModuleManager: Display: Found up-to-date module file ../../../Engine/Plugins/Enterprise/DatasmithContent/Binaries/Win64/UE4Editor-DatasmithContent.dll (API version 3944462).
LogModuleManager: Display: Found up-to-date module file ../../../Engine/Plugins/Experimental/AlembicImporter/Binaries/Win64/UE4Editor-AlembicImporter.dll (API version 3944462).
LogModuleManager: Display: Found up-to-date module file ../../../Engine/Plugins/Experimental/AlembicImporter/Binaries/Win64/UE4Editor-AlembicLibrary.dll (API version 3944462).
LogModuleManager: Display: Found up-to-date module file ../../../Engine/Plugins/Experimental/CharacterAI/Binaries/Win64/UE4Editor-CharacterAI.dll (API version 3944462).
LogModuleManager: Display: Found up-to-date module file ../../../Engine/Plugins/Experimental/HTML5Networking/Binaries/Win64/UE4Editor-HTML5Networking.dll (API version 3944462).
LogModuleManager: Display: Found up-to-date module file ../../../Engine/Plugins/Media/AndroidMedia/Binaries/Win64/UE4Editor-AndroidMediaEditor.dll (API version 3944462).
LogModuleManager: Display: Found up-to-date module file ../../../Engine/Plugins/Media/AndroidMedia/Binaries/Win64/UE4Editor-AndroidMediaFactory.dll (API version 3944462).
LogModuleManager: Display: Found up-to-date module file ../../../Engine/Plugins/Media/AvfMedia/Binaries/Win64/UE4Editor-AvfMediaEditor.dll (API version 3944462).
LogModuleManager: Display: Found up-to-date module file ../../../Engine/Plugins/Media/AvfMedia/Binaries/Win64/UE4Editor-AvfMediaFactory.dll (API version 3944462).
LogModuleManager: Display: Found up-to-date module file ../../../Engine/Plugins/Media/AvfMedia/Binaries/Win64/UE4Editor-AvfMediaFactory.dll (API version 3944462).
LogModuleManager: Display: Found up-to-date module file ../../../Engine/Plugins/Media/ImgMedia/Binaries/Win64/UE4Editor-ImgMedia.dll (API version 3944462).
LogModuleManager: Display: Found up-to-date module file ../../../Engine/Plugins/Media/ImgMedia/Binaries/Win64/UE4Editor-ImgMediaEditor.dll (API version 3944462).
LogModuleManager: Display: Found up-to-date module file ../../../Engine/Plugins/Media/ImgMedia/Binaries/Win64/UE4Editor-ImgMediaFactory.dll (API version 3944462).
LogModuleManager: Display: Found up-to-date module file ../../../Engine/Plugins/Media/ImgMedia/Binaries/Win64/UE4Editor-ImgMediaFactory.dll (API version 3944462).
LogModuleManager: Display: Found up-to-date module file ../../../Engine/Plugins/Media/ImgMedia/Binaries/Win64/UE4Editor-OpenExrWrapper.dll (API version 3944462).
LogModuleManager: Display: Found up-to-date module file ../../../Engine/Plugins/Media/LinearTimecode/Binaries/Win64/UE4Editor-LinearTimecode.dll (API version 3944462).
LogModuleManager: Display: Found up-to-date module file ../../../Engine/Plugins/Media/MediaCompositing/Binaries/Win64/UE4Editor-MediaCompositing.dll (API version 3944462).
LogModuleManager: Display: Found up-to-date module file ../../../Engine/Plugins/Media/MediaCompositing/Binaries/Win64/UE4Editor-MediaCompositingEditor.dll (API version 3944462).
LogModuleManager: Display: Found up-to-date module file ../../../Engine/Plugins/Media/MediaPlayerEditor/Binaries/Win64/UE4Editor-MediaPlayerEditor.dll (API version 3944462).
LogModuleManager: Display: Found up-to-date module file ../../../Engine/Plugins/Media/WmfMedia/Binaries/Win64/UE4Editor-WmfMedia.dll (API version 3944462).
LogModuleManager: Display: Found up-to-date module file ../../../Engine/Plugins/Media/WmfMedia/Binaries/Win64/UE4Editor-WmfMediaEditor.dll (API version 3944462).
LogModuleManager: Display: Found up-to-date module file ../../../Engine/Plugins/Media/WmfMedia/Binaries/Win64/UE4Editor-WmfMediaFactory.dll (API version 3944462).
LogModuleManager: Display: Found up-to-date module file ../../../Engine/Plugins/Media/WmfMedia/Binaries/Win64/UE4Editor-WmfMediaFactory.dll (API version 3944462).
LogModuleManager: Display: Found up-to-date module file ../../../Engine/Plugins/Messaging/TcpMessaging/Binaries/Win64/UE4Editor-TcpMessaging.dll (API version 3944462).
LogModuleManager: Display: Found up-to-date module file ../../../Engine/Plugins/Messaging/UdpMessaging/Binaries/Win64/UE4Editor-UdpMessaging.dll (API version 3944462).
LogModuleManager: Display: Found up-to-date module file ../../../Engine/Plugins/MovieScene/ActorSequence/Binaries/Win64/UE4Editor-ActorSequence.dll (API version 3944462).
LogModuleManager: Display: Found up-to-date module file ../../../Engine/Plugins/MovieScene/LevelSequenceEditor/Binaries/Win64/UE4Editor-LevelSequenceEditor.dll (API version 3944462).
LogModuleManager: Display: Found up-to-date module file ../../../Engine/Plugins/MovieScene/MatineeToLevelSequence/Binaries/Win64/UE4Editor-MatineeToLevelSequence.dll (API version 3944462).
LogModuleManager: Display: Found up-to-date module file ../../../Engine/Plugins/NetcodeUnitTest/NetcodeUnitTest/Binaries/Win64/UE4Editor-NetcodeUnitTest.dll (API version 3944462).
LogModuleManager: Display: Found up-to-date module file ../../../Engine/Plugins/NetcodeUnitTest/NUTUnrealEngine4/Binaries/Win64/UE4Editor-NUTUnrealEngine4.dll (API version 3944462).
LogModuleManager: Display: Found up-to-date module file ../../../Engine/Plugins/Online/OnlineSubsystem/Binaries/Win64/UE4Editor-OnlineSubsystem.dll (API version 3944462).
LogModuleManager: Display: Found up-to-date module file ../../../Engine/Plugins/Runtime/AndroidPermission/Binaries/Win64/UE4Editor-AndroidPermission.dll (API version 3944462).
LogModuleManager: Display: Found up-to-date module file ../../../Engine/Plugins/Online/OnlineSubsystemNull/Binaries/Win64/UE4Editor-OnlineSubsystemNull.dll (API version 3944462).
LogModuleManager: Display: Found up-to-date module file ../../../Engine/Plugins/Online/OnlineSubsystemUtils/Binaries/Win64/UE4Editor-OnlineSubsystemUtils.dll (API version 3944462).
LogModuleManager: Display: Found up-to-date module file ../../../Engine/Plugins/Online/OnlineSubsystemUtils/Binaries/Win64/UE4Editor-OnlineBlueprintSupport.dll (API version 3944462).
LogModuleManager: Display: Found up-to-date module file ../../../Engine/Plugins/Runtime/AndroidDeviceProfileSelector/Binaries/Win64/UE4Editor-AndroidDeviceProfileSelector.dll (API version 3944462).
LogModuleManager: Display: Found up-to-date module file ../../../Engine/Plugins/Runtime/AppleARKit/Binaries/Win64/UE4Editor-AppleARKit.dll (API version 3944462).
LogModuleManager: Display: Found up-to-date module file ../../../Engine/Plugins/Runtime/ProceduralMeshComponent/Binaries/Win64/UE4Editor-ProceduralMeshComponent.dll (API version 3944462).
LogModuleManager: Display: Found up-to-date module file ../../../Engine/Plugins/Runtime/ProceduralMeshComponent/Binaries/Win64/UE4Editor-ProceduralMeshComponentEditor.dll (API version 3944462).
LogModuleManager: Display: Found up-to-date module file ../../../Engine/Plugins/Animation/LiveLink/Binaries/Win64/UE4Editor-LiveLink.dll (API version 3944462).
LogModuleManager: Display: Found up-to-date module file ../../../Engine/Plugins/Animation/LiveLink/Binaries/Win64/UE4Editor-LiveLinkEditor.dll (API version 3944462).
LogModuleManager: Display: Found up-to-date module file ../../../Engine/Plugins/Runtime/ArchVisCharacter/Binaries/Win64/UE4Editor-ArchVisCharacter.dll (API version 3944462).
LogModuleManager: Display: Found up-to-date module file ../../../Engine/Plugins/Runtime/AudioCapture/Binaries/Win64/UE4Editor-AudioCapture.dll (API version 3944462).
LogModuleManager: Display: Found up-to-date module file ../../../Engine/Plugins/Runtime/AudioCapture/Binaries/Win64/UE4Editor-AudioCaptureEditor.dll (API version 3944462).
LogModuleManager: Display: Found up-to-date module file ../../../Engine/Plugins/Runtime/CableComponent/Binaries/Win64/UE4Editor-CableComponent.dll (API version 3944462).
LogModuleManager: Display: Found up-to-date module file ../../../Engine/Plugins/Runtime/CustomMeshComponent/Binaries/Win64/UE4Editor-CustomMeshComponent.dll (API version 3944462).
LogModuleManager: Display: Found up-to-date module file ../../../Engine/Plugins/Runtime/ExampleDeviceProfileSelector/Binaries/Win64/UE4Editor-ExampleDeviceProfileSelector.dll (API version 3944462).
LogModuleManager: Display: Found up-to-date module file ../../../Engine/Plugins/Runtime/ImmediatePhysics/Binaries/Win64/UE4Editor-ImmediatePhysics.dll (API version 3944462).
LogModuleManager: Display: Found up-to-date module file ../../../Engine/Plugins/Runtime/ImmediatePhysics/Binaries/Win64/UE4Editor-ImmediatePhysicsEditor.dll (API version 3944462).
LogModuleManager: Display: Found up-to-date module file ../../../Engine/Plugins/Runtime/LocationServicesBPLibrary/Binaries/Win64/UE4Editor-LocationServicesBPLibrary.dll (API version 3944462).
LogModuleManager: Display: Found up-to-date module file ../../../Engine/Plugins/Runtime/MobilePatchingUtils/Binaries/Win64/UE4Editor-MobilePatchingUtils.dll (API version 3944462).
LogModuleManager: Display: Found up-to-date module file ../../../Engine/Plugins/Runtime/Oculus/OculusVR/Binaries/Win64/UE4Editor-OculusHMD.dll (API version 3944462).
LogModuleManager: Display: Found up-to-date module file ../../../Engine/Plugins/Runtime/Oculus/OculusVR/Binaries/Win64/UE4Editor-OculusInput.dll (API version 3944462).
LogModuleManager: Display: Found up-to-date module file ../../../Engine/Plugins/Runtime/Oculus/OculusVR/Binaries/Win64/UE4Editor-OculusEditor.dll (API version 3944462).
LogModuleManager: Display: Found up-to-date module file ../../../Engine/Plugins/Runtime/PhysXVehicles/Binaries/Win64/UE4Editor-PhysXVehicles.dll (API version 3944462).
LogModuleManager: Display: Found up-to-date module file ../../../Engine/Plugins/Runtime/PhysXVehicles/Binaries/Win64/UE4Editor-PhysXVehiclesEditor.dll (API version 3944462).
LogModuleManager: Display: Found up-to-date module file ../../../Engine/Plugins/Runtime/RuntimePhysXCooking/Binaries/Win64/UE4Editor-RuntimePhysXCooking.dll (API version 3944462).
LogModuleManager: Display: Found up-to-date module file ../../../Engine/Plugins/Runtime/Steam/SteamVR/Binaries/Win64/UE4Editor-SteamVR.dll (API version 3944462).
LogModuleManager: Display: Found up-to-date module file ../../../Engine/Plugins/Runtime/Steam/SteamVR/Binaries/Win64/UE4Editor-SteamVRController.dll (API version 3944462).
LogModuleManager: Display: Found up-to-date module file ../../../Engine/Plugins/Runtime/WindowsMoviePlayer/Binaries/Win64/UE4Editor-WindowsMoviePlayer.dll (API version 3944462).
LogPluginManager: Mounting plugin Paper2D
LogPluginManager: Mounting plugin LiveLink
LogPluginManager: Mounting plugin LightPropagationVolume
LogPluginManager: Mounting plugin CLionSourceCodeAccess
LogPluginManager: Mounting plugin CodeLiteSourceCodeAccess
LogPluginManager: Mounting plugin GitSourceControl
LogPluginManager: Mounting plugin KDevelopSourceCodeAccess
LogPluginManager: Mounting plugin NullSourceCodeAccess
LogPluginManager: Mounting plugin PerforceSourceControl
LogPluginManager: Mounting plugin SubversionSourceControl
LogPluginManager: Mounting plugin UObjectPlugin
LogPluginManager: Mounting plugin VisualStudioCodeSourceCodeAccess
LogPluginManager: Mounting plugin VisualStudioSourceCodeAccess
LogPluginManager: Mounting plugin XCodeSourceCodeAccess
LogPluginManager: Mounting plugin AssetManagerEditor
LogPluginManager: Mounting plugin CryptoKeys
LogPluginManager: Mounting plugin DataValidation
LogPluginManager: Mounting plugin FacialAnimation
LogPluginManager: Mounting plugin GameplayTagsEditor
LogPluginManager: Mounting plugin MobileLauncherProfileWizard
LogPluginManager: Mounting plugin PluginBrowser
LogPluginManager: Mounting plugin SpeedTreeImporter
LogPluginManager: Mounting plugin DatasmithContent
LogPluginManager: Mounting plugin AlembicImporter
LogPluginManager: Mounting plugin CharacterAI
LogPluginManager: Mounting plugin HTML5Networking
LogPluginManager: Mounting plugin AndroidMedia
LogPluginManager: Mounting plugin AvfMedia
LogPluginManager: Mounting plugin ImgMedia
LogPluginManager: Mounting plugin LinearTimecode
LogPluginManager: Mounting plugin MediaCompositing
LogPluginManager: Mounting plugin MediaPlayerEditor
LogPluginManager: Mounting plugin WmfMedia
LogPluginManager: Mounting plugin TcpMessaging
LogPluginManager: Mounting plugin UdpMessaging
LogPluginManager: Mounting plugin ActorSequence
LogPluginManager: Mounting plugin LevelSequenceEditor
LogPluginManager: Mounting plugin MatineeToLevelSequence
LogPluginManager: Mounting plugin NetcodeUnitTest
LogPluginManager: Mounting plugin NUTUnrealEngine4
LogPluginManager: Mounting plugin OnlineSubsystemGooglePlay
LogPluginManager: Mounting plugin OnlineSubsystemIOS
LogPluginManager: Mounting plugin OnlineSubsystem
LogPluginManager: Mounting plugin OnlineSubsystemNull
LogPluginManager: Mounting plugin OnlineSubsystemUtils
LogPluginManager: Mounting plugin AndroidDeviceProfileSelector
LogPluginManager: Mounting plugin AndroidMoviePlayer
LogPluginManager: Mounting plugin AndroidPermission
LogPluginManager: Mounting plugin AppleARKit
LogPluginManager: Mounting plugin AppleMoviePlayer
LogPluginManager: Mounting plugin ArchVisCharacter
LogPluginManager: Mounting plugin AudioCapture
LogPluginManager: Mounting plugin CableComponent
LogPluginManager: Mounting plugin CustomMeshComponent
LogPluginManager: Mounting plugin ExampleDeviceProfileSelector
LogPluginManager: Mounting plugin GoogleCloudMessaging
LogPluginManager: Mounting plugin ImmediatePhysics
LogPluginManager: Mounting plugin IOSDeviceProfileSelector
LogPluginManager: Mounting plugin LinuxDeviceProfileSelector
LogPluginManager: Mounting plugin LocationServicesBPLibrary
LogPluginManager: Mounting plugin MobilePatchingUtils
LogPluginManager: Mounting plugin OculusVR
LogPluginManager: Plugin shader directory ../../../Engine/Plugins/Runtime/Oculus/OculusVR/Shaders found
LogPluginManager: Mapping shader source directory ../../../Engine/Plugins/Runtime/Oculus/OculusVR/Shaders to virtual directory /Plugin/OculusVR
LogPluginManager: Mounting plugin PhysXVehicles
LogPluginManager: Mounting plugin ProceduralMeshComponent
LogPluginManager: Mounting plugin RuntimePhysXCooking
LogPluginManager: Mounting plugin SteamVR
LogPluginManager: Mounting plugin WindowsMoviePlayer
LogPluginManager: Mounting plugin FMODStudio
LogStreaming: Display: Took  0.912s to configure plugins.
LogInit: Using libcurl 7.47.1
LogInit:  - built for x86_64-pc-win32
LogInit:  - supports SSL with OpenSSL/1.0.2g
LogInit:  - supports HTTP deflate (compression) using libz 1.2.8
LogInit:  - other features:
LogInit:      CURL_VERSION_SSL
LogInit:      CURL_VERSION_LIBZ
LogInit:      CURL_VERSION_IPV6
LogInit:      CURL_VERSION_ASYNCHDNS
LogInit:      CURL_VERSION_LARGEFILE
LogInit:      CURL_VERSION_IDN
LogInit:  CurlRequestOptions (configurable via config and command line):
LogInit:  - bVerifyPeer = false  - Libcurl will NOT verify peer certificate
LogInit:  - bUseHttpProxy = false  - Libcurl will NOT use HTTP proxy
LogInit:  - bDontReuseConnections = false  - Libcurl will reuse connections
LogInit:  - CertBundlePath = nullptr  - Libcurl will use whatever was configured at build time.
LogInit:  - MaxHostConnections = 16  - Libcurl will limit the number of connections to a host
LogInit:  - LocalHostAddr = Default
LogInit: WinSock: version 1.1 (2.2), MaxSocks=32767, MaxUdp=65467
LogInit: WinSock: I am DESKTOP-313A1NQ (192.168.2.25:0)
LogInit: Build: ++UE4+Release-4.19-CL-4033788
LogInit: Engine Version: 4.19.2-4033788+++UE4+Release-4.19
LogInit: Compatible Engine Version: 4.19.0-3944462+++UE4+Release-4.19
LogInit: Net CL: 3944462
LogDevObjectVersion: Number of dev versions registered: 18
LogDevObjectVersion:   Dev-Blueprints (B0D832E4-1F89-4F0D-ACCF-7EB736FD4AA2): 10
LogDevObjectVersion:   Dev-Build (E1C64328-A22C-4D53-A36C-8E866417BD8C): 0
LogDevObjectVersion:   Dev-Core (375EC13C-06E4-48FB-B500-84F0262A717E): 2
LogDevObjectVersion:   Dev-Editor (E4B068ED-F494-42E9-A231-DA0B2E46BB41): 23
LogDevObjectVersion:   Dev-Framework (CFFC743F-43B0-4480-9391-14DF171D2073): 33
LogDevObjectVersion:   Dev-Mobile (B02B49B5-BB20-44E9-A304-32B752E40360): 2
LogDevObjectVersion:   Dev-Networking (A4E4105C-59A1-49B5-A7C5-40C4547EDFEE): 0
LogDevObjectVersion:   Dev-Online (39C831C9-5AE6-47DC-9A44-9C173E1C8E7C): 0
LogDevObjectVersion:   Dev-Physics (78F01B33-EBEA-4F98-B9B4-84EACCB95AA2): 0
LogDevObjectVersion:   Dev-Platform (6631380F-2D4D-43E0-8009-CF276956A95A): 0
LogDevObjectVersion:   Dev-Rendering (12F88B9F-8875-4AFC-A67C-D90C383ABD29): 25
LogDevObjectVersion:   Dev-Sequencer (7B5AE74C-D270-4C10-A958-57980B212A5A): 6
LogDevObjectVersion:   Dev-VR (D7296918-1DD6-4BDD-9DE2-64A83CC13884): 1
LogDevObjectVersion:   Dev-LoadTimes (C2A15278-BFE7-4AFE-6C17-90FF531DF755): 1
LogDevObjectVersion:   Private-Geometry (6EACA3D4-40EC-4CC1-B786-8BED09428FC5): 2
LogDevObjectVersion:   Dev-AnimPhys (29E575DD-E0A3-4627-9D10-D276232CDCEA): 16
LogDevObjectVersion:   Dev-ReflectionCapture (6B266CEC-1EC7-4B8F-A30B-E4D90942FC07): 1
LogDevObjectVersion:   Dev-Automation (0DF73D61-A23F-47EA-B727-89E90C41499A): 1
LogInit: Compiled (64-bit): Apr 27 2018 02:06:57
LogInit: Compiled with Visual C++: 19.00.24215.01
LogInit: Build Configuration: Development
LogInit: Branch Name: ++UE4+Release-4.19
LogInit: Command Line:  
LogInit: Base Directory: C:/Program Files/Epic Games/UE_4.19/Engine/Binaries/Win64/
LogInit: Installed Engine Build: 1
LogStreaming: Display: Took  0.002s to delete old logs.
LogInit: Presizing for max 8388607 objects, including 0 objects not considered by GC, pre-allocating 0 bytes for permanent pool.
LogInit: Object subsystem initialized
[2018.05.12-15.06.40:822][  0]LogInit: Selected Device Profile: [Windows]
[2018.05.12-15.06.40:822][  0]LogInit: Applying CVar settings loaded from the selected device profile: [Windows]
[2018.05.12-15.06.40:833][  0]LogInit: Computer: DESKTOP-313A1NQ
[2018.05.12-15.06.40:834][  0]LogInit: User: vikky
[2018.05.12-15.06.40:834][  0]LogInit: CPU Page size=4096, Cores=4
[2018.05.12-15.06.40:834][  0]LogInit: High frequency timer resolution =3.328124 MHz
[2018.05.12-15.06.40:834][  0]LogMemory: Memory total: Physical=15.9GB (16GB approx)
[2018.05.12-15.06.40:834][  0]LogMemory: Platform Memory Stats for Windows
[2018.05.12-15.06.40:834][  0]LogMemory: Process Physical Memory: 275.71 MB used, 275.71 MB peak
[2018.05.12-15.06.40:834][  0]LogMemory: Process Virtual Memory: 264.74 MB used, 264.74 MB peak
[2018.05.12-15.06.40:834][  0]LogMemory: Physical Memory: 5387.80 MB used,  10931.91 MB free, 16319.71 MB total
[2018.05.12-15.06.40:834][  0]LogMemory: Virtual Memory: 693.29 MB used,  10931.91 MB free, 134217728.00 MB total
[2018.05.12-15.06.40:853][  0]LogInit: Using OS detected language (en-US).
[2018.05.12-15.06.40:853][  0]LogInit: Using OS detected locale (en-CA).
[2018.05.12-15.06.40:856][  0]LogTextLocalizationManager: No specific localization for 'en-US' exists, so the 'en' localization will be used.
[2018.05.12-15.06.41:235][  0]LogStreaming: Display: Took  0.382s to EndInitTextLocalization.
[2018.05.12-15.06.41:235][  0]LogInit: Setting process to per monitor DPI aware
[2018.05.12-15.06.41:261][  0]LogSlate: New Slate User Created.  User Index 0, Is Virtual User: 0
[2018.05.12-15.06.41:261][  0]LogSlate: Slate User Registered.  User Index 0, Is Virtual User: 0
[2018.05.12-15.06.41:426][  0]LogD3D11RHI: D3D11 adapters:
[2018.05.12-15.06.41:473][  0]LogD3D11RHI:    0. 'NVIDIA GeForce GTX 960' (Feature Level 11_0)
[2018.05.12-15.06.41:473][  0]LogD3D11RHI:       2016/0/8159 MB DedicatedVideo/DedicatedSystem/SharedSystem, Outputs:1, VendorId:0x10de
[2018.05.12-15.06.41:474][  0]LogD3D11RHI:    1. 'Microsoft Basic Render Driver' (Feature Level 11_0)
[2018.05.12-15.06.41:474][  0]LogD3D11RHI:       0/0/8159 MB DedicatedVideo/DedicatedSystem/SharedSystem, Outputs:0, VendorId:0x1414
[2018.05.12-15.06.41:474][  0]LogD3D11RHI: Chosen D3D11 Adapter: 0
[2018.05.12-15.06.41:480][  0]LogD3D11RHI: Creating new Direct3DDevice
[2018.05.12-15.06.41:480][  0]LogD3D11RHI:     GPU DeviceId: 0x1401 (for the marketing name, search the web for "GPU Device Id")
[2018.05.12-15.06.41:480][  0]LogWindows: EnumDisplayDevices:
[2018.05.12-15.06.41:481][  0]LogWindows:    0. 'NVIDIA GeForce GTX 960' (P:1 D:1)
[2018.05.12-15.06.41:481][  0]LogWindows:    1. 'NVIDIA GeForce GTX 960' (P:0 D:0)
[2018.05.12-15.06.41:481][  0]LogWindows:    2. 'NVIDIA GeForce GTX 960' (P:0 D:0)
[2018.05.12-15.06.41:481][  0]LogWindows:    3. 'NVIDIA GeForce GTX 960' (P:0 D:0)
[2018.05.12-15.06.41:481][  0]LogWindows: DebugString: GetVideoDriverDetailsInvalid PrimaryIsNotTheChoosenAdapter GetVideoDriverDetailsInvalid PrimaryIsNotTheChoosenAdapter GetVideoDriverDetailsInvalid PrimaryIsNotTheChoosenAdapter GetVideoDriverDetailsInvalid PrimaryIsNotTheChoosenAdapter FoundDriverCount:0 
[2018.05.12-15.06.41:481][  0]LogD3D11RHI:     Adapter Name: NVIDIA GeForce GTX 960
[2018.05.12-15.06.41:481][  0]LogD3D11RHI:   Driver Version: Unknown (internal:Unknown, unified:Unknown)
[2018.05.12-15.06.41:481][  0]LogD3D11RHI:      Driver Date: Unknown
[2018.05.12-15.06.41:481][  0]LogRHI: Texture pool is 1411 MB (70% of 2016 MB)
[2018.05.12-15.06.41:505][  0]LogD3D11RHI: [Aftermath] Aftermath enabled and primed
[2018.05.12-15.06.41:505][  0]LogD3D11RHI: [Aftermath] Aftermath enabled and primed
[2018.05.12-15.06.41:505][  0]LogD3D11RHI: Async texture creation enabled
[2018.05.12-15.06.41:561][  0]LogD3D11RHI: GPU Timing Frequency: 1000.000000 (Debug: 2 1)
[2018.05.12-15.06.41:610][  0]LogShaderCompilers: Guid format shader working directory is -11 characters bigger than the processId version (../../../../../../Users/vikky/Documents/GitHub/Danger-Bee/Intermediate/Shaders/WorkingDirectory/3496/).
[2018.05.12-15.06.41:610][  0]LogShaderCompilers: Cleaned the shader compiler working directory 'C:/Users/vikky/AppData/Local/Temp/UnrealShaderWorkingDir/0471B5D4412229D34AFD33981719AC76/'.
[2018.05.12-15.06.41:808][  0]LogTemp: Display: Loaded TP AllDesktopTargetPlatform
[2018.05.12-15.06.41:820][  0]LogTemp: Display: Loaded TP MacClientTargetPlatform
[2018.05.12-15.06.41:833][  0]LogTemp: Display: Loaded TP MacNoEditorTargetPlatform
[2018.05.12-15.06.41:845][  0]LogTemp: Display: Loaded TP MacServerTargetPlatform
[2018.05.12-15.06.41:857][  0]LogTemp: Display: Loaded TP MacTargetPlatform
[2018.05.12-15.06.41:870][  0]LogTemp: Display: Loaded TP WindowsClientTargetPlatform
[2018.05.12-15.06.41:882][  0]LogTemp: Display: Loaded TP WindowsNoEditorTargetPlatform
[2018.05.12-15.06.41:894][  0]LogTemp: Display: Loaded TP WindowsServerTargetPlatform
[2018.05.12-15.06.41:901][  0]LogTemp: Display: Loaded TP WindowsTargetPlatform
[2018.05.12-15.06.41:913][  0]LogTemp: Display: Loaded TP Android_ASTCTargetPlatform
[2018.05.12-15.06.41:923][  0]LogTemp: Display: Loaded TP Android_ATCTargetPlatform
[2018.05.12-15.06.41:933][  0]LogTemp: Display: Loaded TP Android_DXTTargetPlatform
[2018.05.12-15.06.41:944][  0]LogTemp: Display: Loaded TP Android_ETC1aTargetPlatform
[2018.05.12-15.06.41:954][  0]LogTemp: Display: Loaded TP Android_ETC1TargetPlatform
[2018.05.12-15.06.41:964][  0]LogTemp: Display: Loaded TP Android_ETC2TargetPlatform
[2018.05.12-15.06.41:986][  0]LogTemp: Display: Loaded TP Android_MultiTargetPlatform
[2018.05.12-15.06.41:986][  0]LogTemp: Display: Loaded TP Android_PVRTCTargetPlatform
[2018.05.12-15.06.41:997][  0]LogTemp: Display: Loaded TP AndroidTargetPlatform
[2018.05.12-15.06.41:998][  0]LogTemp: Display: Loaded TP HTML5TargetPlatform
[2018.05.12-15.06.42:033][  0]LogTemp: Display: Loaded TP IOSTargetPlatform
[2018.05.12-15.06.42:044][  0]LogTemp: Display: Loaded TP TVOSTargetPlatform
[2018.05.12-15.06.42:054][  0]LogTemp: Display: Loaded TP LinuxClientTargetPlatform
[2018.05.12-15.06.42:065][  0]LogTemp: Display: Loaded TP LinuxNoEditorTargetPlatform
[2018.05.12-15.06.42:076][  0]LogTemp: Display: Loaded TP LinuxServerTargetPlatform
[2018.05.12-15.06.42:086][  0]LogTemp: Display: Loaded TP LinuxTargetPlatform
[2018.05.12-15.06.42:086][  0]LogTargetPlatformManager: Display: Building Assets For Windows
[2018.05.12-15.06.42:185][  0]LogXGEController: Cleaning working directory: C:/Users/vikky/AppData/Local/Temp/UnrealXGEWorkingDir/
[2018.05.12-15.06.42:185][  0]LogXGEController: Cannot use XGE Controller as Incredibuild is not installed on this machine.
[2018.05.12-15.06.42:185][  0]LogShaderCompilers: Cannot use XGE Shader Compiler as Incredibuild is not installed on this machine.
[2018.05.12-15.06.42:185][  0]LogShaderCompilers: Display: Using Local Shader Compiler.
[2018.05.12-15.06.42:844][  0]LogDerivedDataCache: Display: Max Cache Size: 512 MB
[2018.05.12-15.06.42:903][  0]LogDerivedDataCache: Loaded boot cache 0.06s 74MB C:/Users/vikky/AppData/Local/UnrealEngine/4.19/DerivedDataCache/Boot.ddc.
[2018.05.12-15.06.42:903][  0]LogDerivedDataCache: Display: Loaded Boot cache: C:/Users/vikky/AppData/Local/UnrealEngine/4.19/DerivedDataCache/Boot.ddc
[2018.05.12-15.06.42:903][  0]LogDerivedDataCache: FDerivedDataBackendGraph:  Pak pak cache file ../../../../../../Users/vikky/Documents/GitHub/Danger-Bee/DerivedDataCache/DDC.ddp not found, will not use a pak cache.
[2018.05.12-15.06.42:903][  0]LogDerivedDataCache: Unable to find inner node Pak for hierarchical cache Hierarchy.
[2018.05.12-15.06.42:903][  0]LogDerivedDataCache: FDerivedDataBackendGraph:  CompressedPak pak cache file ../../../../../../Users/vikky/Documents/GitHub/Danger-Bee/DerivedDataCache/Compressed.ddp not found, will not use a pak cache.
[2018.05.12-15.06.42:903][  0]LogDerivedDataCache: Unable to find inner node CompressedPak for hierarchical cache Hierarchy.
[2018.05.12-15.06.42:917][  0]LogDerivedDataCache: Display: Pak cache opened for reading ../../../Engine/DerivedDataCache/Compressed.ddp.
[2018.05.12-15.06.42:930][  0]LogDerivedDataCache: Using Local data cache path C:/Users/vikky/AppData/Local/UnrealEngine/Common/DerivedDataCache: Writable
[2018.05.12-15.06.42:930][  0]LogDerivedDataCache: Shared data cache path not found in *engine.ini, will not use an Shared cache.
[2018.05.12-15.06.42:930][  0]LogDerivedDataCache: Unable to find inner node Shared for hierarchical cache Hierarchy.
[2018.05.12-15.06.42:943][  0]LogMaterial: Verifying Global Shaders for PCD3D_SM5
[2018.05.12-15.06.42:943][  0]LogSlate: Using Freetype 2.6.0
[2018.05.12-15.06.42:944][  0]LogSlate: SlateFontCache - WITH_FREETYPE: 1, WITH_HARFBUZZ: 1
[2018.05.12-15.06.42:944][  0]LogSlate: SlateFontCache - WITH_FREETYPE: 1, WITH_HARFBUZZ: 1
[2018.05.12-15.06.43:054][  0]LogAssetRegistry: FAssetRegistry took 0.0258 seconds to start up
[2018.05.12-15.06.43:326][  0]LogInit: Selected Device Profile: [Windows]
[2018.05.12-15.06.43:457][  0]LogSimplygon: Simplygon DLL not present - disabling.
[2018.05.12-15.06.43:460][  0]LogMeshReduction: Using SimplygonSwarm for distributed automatic mesh merging
[2018.05.12-15.06.43:460][  0]LogMeshReduction: Using QuadricMeshReduction for automatic static mesh reduction
[2018.05.12-15.06.43:460][  0]LogMeshReduction: No automatic skeletal mesh reduction module available
[2018.05.12-15.06.43:460][  0]LogMeshReduction: No automatic mesh merging module available
[2018.05.12-15.06.43:460][  0]LogMeshMerging: No automatic mesh merging module available
[2018.05.12-15.06.43:490][  0]LogNetVersion: GameJam , NetCL: 3944462, EngineNetVer: 2, GameNetVer: 0 (Checksum: 2281863040)
[2018.05.12-15.06.43:916][  0]LogPackageLocalizationCache: Processed 10 localized package path(s) for 2 prioritized culture(s) in 0.079120 seconds
[2018.05.12-15.06.43:921][  0]LogUObjectArray: 36728 objects as part of root set at end of initial load.
[2018.05.12-15.06.43:921][  0]LogUObjectAllocator: 7314312 out of 0 bytes used by permanent object pool.
[2018.05.12-15.06.43:921][  0]LogUObjectArray: CloseDisregardForGC: 0/0 objects in disregard for GC pool
[2018.05.12-15.06.45:390][  0]LogTcpMessaging: Initializing TcpMessaging bridge
[2018.05.12-15.06.45:418][  0]LogUdpMessaging: Initializing bridge on interface 0.0.0.0:0 to multicast group 230.0.0.1:6666.
[2018.05.12-15.06.45:634][  0]LogFMOD: FFMODStudioModule startup
[2018.05.12-15.06.45:634][  0]LogFMOD:  Lib path = '../../../../../../Users/vikky/Documents/GitHub/Danger-Bee/Plugins/FMODStudio/Binaries'
[2018.05.12-15.06.45:634][  0]LogFMOD: FFMODStudioModule::LoadDll: Loading ../../../../../../Users/vikky/Documents/GitHub/Danger-Bee/Plugins/FMODStudio/Binaries/Win64/fmodL64.dll
[2018.05.12-15.06.45:636][  0]LogFMOD: FFMODStudioModule::LoadDll: Loading ../../../../../../Users/vikky/Documents/GitHub/Danger-Bee/Plugins/FMODStudio/Binaries/Win64/fmodstudioL64.dll
[2018.05.12-15.06.45:658][  0]LogFMOD: Loading strings bank: ../../../../../../Users/vikky/Documents/GitHub/Danger-Bee/Content/FMOD/Desktop/Master Bank.strings.bank
[2018.05.12-15.06.45:660][  0]LogFMOD: Constructing asset: /Game/FMOD/Events/AMB/Ambience
[2018.05.12-15.06.45:660][  0]LogFMOD: Skipping asset: bank:/Master Bank.strings
[2018.05.12-15.06.45:660][  0]LogFMOD: Constructing asset: /Game/FMOD/Events/MUS/Music
[2018.05.12-15.06.45:660][  0]LogFMOD: Constructing asset: /Game/FMOD/Events/FX/Buzz
[2018.05.12-15.06.45:660][  0]LogFMOD: Constructing asset: /Game/FMOD/Events/FX/Snail_Scream
[2018.05.12-15.06.45:660][  0]LogFMOD: Skipping asset: bus:/
[2018.05.12-15.06.45:660][  0]LogFMOD: Constructing asset: /Game/FMOD/Events/FX/Sprinkler
[2018.05.12-15.06.45:660][  0]LogFMOD: Constructing asset: /Game/FMOD/Events/FX/Snail_Bop
[2018.05.12-15.06.45:660][  0]LogFMOD: Constructing asset: /Game/FMOD/Banks/Master_Bank
[2018.05.12-15.06.45:660][  0]LogFMOD: Constructing asset: /Game/FMOD/Buses/Reverb
[2018.05.12-15.06.45:660][  0]LogFMOD: Constructing asset: /Game/FMOD/Events/FX/Snail_Squick
[2018.05.12-15.06.45:660][  0]LogFMOD: Constructing asset: /Game/FMOD/Events/FX/Plant_Rustle
[2018.05.12-15.06.45:662][  0]LogFMOD: Default sample rate = 48000
[2018.05.12-15.06.45:662][  0]LogFMOD: System sample rate = 48000
[2018.05.12-15.06.45:662][  0]LogFMOD: Matching system sample rate 48000
[2018.05.12-15.06.45:675][  0]LogFMOD: Default sample rate = 48000
[2018.05.12-15.06.45:675][  0]LogFMOD: System sample rate = 48000
[2018.05.12-15.06.45:675][  0]LogFMOD: Matching system sample rate 48000
[2018.05.12-15.06.45:808][  0]SourceControl: Source control is disabled
[2018.05.12-15.06.45:808][  0]SourceControl: Source control is disabled
[2018.05.12-15.06.45:826][  0]SourceControl: Source control is disabled
[2018.05.12-15.06.45:842][  0]SourceControl: Source control is disabled
[2018.05.12-15.06.46:284][  0]LogAndroidPermission: UAndroidPermissionCallbackProxy::GetInstance
[2018.05.12-15.06.46:396][  0]LogOcInput: OculusInput pre-init called
[2018.05.12-15.06.46:461][  0]LogFMOD: FFMODStudioEditorModule startup
[2018.05.12-15.06.46:525][  0]LogEngine: Initializing Engine...
[2018.05.12-15.06.46:526][  0]LogHMD: Failed to initialize OpenVR with code 110
[2018.05.12-15.06.46:528][  0]LogStats: UGameplayTagsManager::ConstructGameplayTagTree: Construct from data asset -  0.000 s
[2018.05.12-15.06.46:528][  0]LogStats: UGameplayTagsManager::ConstructGameplayTagTree: GameplayTagTreeChangedEvent.Broadcast -  0.000 s
[2018.05.12-15.06.46:723][  0]LogAIModule: Creating AISystem for world Untitled
[2018.05.12-15.06.46:734][  0]LogInit: XAudio2 using 'Speakers (Realtek High Definition Audio)' : 2 channels at 48 kHz using 32 bits per sample (channel mask 0x3)
[2018.05.12-15.06.46:743][  0]LogInit: FAudioDevice initialized.
[2018.05.12-15.06.46:829][  0]LogDerivedDataCache: Saved boot cache 0.09s 74MB C:/Users/vikky/AppData/Local/UnrealEngine/4.19/DerivedDataCache/Boot.ddc.
[2018.05.12-15.06.46:836][  0]LogInit: Texture streaming: Enabled
[2018.05.12-15.06.46:850][  0]LogEngineSessionManager: EngineSessionManager initialized
[2018.05.12-15.06.46:867][  0]LogInit: Transaction tracking system initialized
[2018.05.12-15.06.46:891][  0]BlueprintLog: New page: Editor Load
[2018.05.12-15.06.46:961][  0]LocalizationService: Localization service is disabled
[2018.05.12-15.06.47:062][  0]LogConsoleResponse: Display: 
[2018.05.12-15.06.47:209][  0]LogCook: Display: Max memory allowance for cook 16384mb min free memory 0mb
[2018.05.12-15.06.47:209][  0]LogCook: Display: Mobile HDR setting 1
[2018.05.12-15.06.47:209][  0]LogGameplayTags: Display: UGameplayTagsManager::DoneAddingNativeTags. DelegateIsBound: 0
[2018.05.12-15.06.47:209][  0]LogStats: UGameplayTagsManager::ConstructGameplayTagTree: Construct from data asset -  0.000 s
[2018.05.12-15.06.47:209][  0]LogStats: UGameplayTagsManager::ConstructGameplayTagTree: GameplayTagTreeChangedEvent.Broadcast -  0.000 s
[2018.05.12-15.06.47:336][  0]LogFileCache: Scanning file cache for directory 'C:/Users/vikky/Documents/GitHub/Danger-Bee/Content/' took 0.01s
[2018.05.12-15.06.47:564][  0]SourceControl: Source control is disabled
[2018.05.12-15.06.47:564][  0]Cmd: MAP LOAD FILE="../../../../../../Users/vikky/Documents/GitHub/Danger-Bee/Content/Maps/L_Level01.umap" TEMPLATE=0 SHOWPROGRESS=1 FEATURELEVEL=3
[2018.05.12-15.06.47:564][  0]LightingResults: New page: Lighting Build
[2018.05.12-15.06.47:567][  0]MapCheck: New page: Map Check
[2018.05.12-15.06.47:567][  0]LightingResults: New page: Lighting Build
[2018.05.12-15.06.47:695][  0]LogUObjectGlobals: Created PersistentFrame Addr=0x000001c720ee9d00, Size=1408, Default__BP_Bee_Redo_C Function /Game/Blueprints/BP_Bee_Redo.BP_Bee_Redo_C:ExecuteUbergraph_BP_Bee_Redo
[2018.05.12-15.06.47:706][  0]LogUObjectGlobals: Destroyed PersistentFrame Addr=0x000001c720ee9d00, Size=1408
[2018.05.12-15.06.47:706][  0]LogUObjectGlobals: Created PersistentFrame Addr=0x000001c720ed8100, Size=1408, Default__BP_Bee_Redo_C Function /Engine/Transient.REINST_BP_Bee_Redo_C_5:ExecuteUbergraph_BP_Bee_Redo
[2018.05.12-15.06.47:713][  0]LogUObjectGlobals: Created PersistentFrame Addr=0x000001c720a10f00, Size=1408, Default__BP_Bee_Redo_C Function /Game/Blueprints/BP_Bee_Redo.BP_Bee_Redo_C:ExecuteUbergraph_BP_Bee_Redo
[2018.05.12-15.06.47:857][  0]LogAIModule: Creating AISystem for world L_Level01
[2018.05.12-15.06.47:862][  0]LogEditorServer: Finished looking for orphan Actors (0.000 secs)
[2018.05.12-15.06.47:875][  0]LogUObjectGlobals: Destroyed PersistentFrame Addr=0x000001c720ed8100, Size=1408
[2018.05.12-15.06.47:876][  0]Cmd: MAP CHECKDEP NOCLEARLOG
[2018.05.12-15.06.47:923][  0]MapCheck: Map check complete: 0 Error(s), 0 Warning(s), took 46.59ms to complete.
[2018.05.12-15.06.47:923][  0]LogFileHelpers: Loading map 'L_Level01' took 0.359
[2018.05.12-15.06.48:056][  0]LogCollectionManager: Loaded 0 collections in 0.001745 seconds
[2018.05.12-15.06.48:094][  0]LogFileCache: Scanning file cache for directory 'C:/Users/vikky/Documents/GitHub/Danger-Bee/Saved/Collections/' took 0.01s
[2018.05.12-15.06.48:094][  0]LogFileCache: Scanning file cache for directory 'C:/Users/vikky/Documents/GitHub/Danger-Bee/Content/Developers/vikky/Collections/' took 0.01s
[2018.05.12-15.06.48:094][  0]LogFileCache: Scanning file cache for directory 'C:/Users/vikky/Documents/GitHub/Danger-Bee/Content/Collections/' took 0.01s
[2018.05.12-15.06.48:094][  0]LogCollectionManager: Rebuilt the GUID cache for 0 collections in 0.000000 seconds
[2018.05.12-15.06.48:103][  0]LogContentBrowser: Native class hierarchy populated in 0.0094 seconds. Added 2471 classes and 568 folders.
[2018.05.12-15.06.48:109][  0]LogContentBrowser: Native class hierarchy updated for 'WidgetCarousel' in 0.0002 seconds. Added 0 classes and 0 folders.
[2018.05.12-15.06.48:148][  0]LogContentBrowser: Native class hierarchy updated for 'AddContentDialog' in 0.0002 seconds. Added 0 classes and 0 folders.
[2018.05.12-15.06.48:153][  0]LogContentBrowser: Native class hierarchy updated for 'SceneOutliner' in 0.0002 seconds. Added 1 classes and 2 folders.
[2018.05.12-15.06.48:220][  0]LogSlate: Took 0.000175 seconds to synchronously load lazily loaded font '../../../Engine/Content/Slate/Fonts/Roboto-Regular.ttf' (155K)
[2018.05.12-15.06.48:224][  0]LogSlate: Took 0.000221 seconds to synchronously load lazily loaded font '../../../Engine/Content/Slate/Fonts/Roboto-Bold.ttf' (160K)
[2018.05.12-15.06.48:227][  0]LogSlate: Took 0.000155 seconds to synchronously load lazily loaded font '../../../Engine/Content/Editor/Slate/Fonts/FontAwesome.ttf' (139K)
[2018.05.12-15.06.48:301][  0]LogRenderer: Reallocating scene render targets to support 1428x572 Format 10 NumSamples 1 (Frame:1).
[2018.05.12-15.06.48:334][  0]LogSlate: Took 0.000145 seconds to synchronously load lazily loaded font '../../../Engine/Content/Slate/Fonts/Roboto-Light.ttf' (167K)
[2018.05.12-15.06.48:405][  0]LogContentBrowser: Native class hierarchy updated for 'HierarchicalLODOutliner' in 0.0003 seconds. Added 0 classes and 0 folders.
[2018.05.12-15.06.48:405][  0]LogLoad: (Engine Initialization) Total time: 9.79 seconds
[2018.05.12-15.06.48:405][  0]LogLoad: (Engine Initialization) Total Blueprint compile time: 0.00 seconds
[2018.05.12-15.06.48:775][  0]LogContentStreaming: Texture pool size now 1000 MB
[2018.05.12-15.06.48:821][  1]LogFMOD: File has changed: ../../../../../../Users/vikky/Documents/GitHub/Danger-Bee/Content/FMOD/Desktop/Master Bank.strings.bank
[2018.05.12-15.06.48:922][  1]LogFMOD: Loading strings bank: ../../../../../../Users/vikky/Documents/GitHub/Danger-Bee/Content/FMOD/Desktop/Master Bank.strings.bank
[2018.05.12-15.06.48:923][  1]LogFMOD: Skipping asset: bank:/Master Bank.strings
[2018.05.12-15.06.48:923][  1]LogFMOD: Skipping asset: bus:/
[2018.05.12-15.06.48:924][  1]LogFMOD: Default sample rate = 48000
[2018.05.12-15.06.48:924][  1]LogFMOD: System sample rate = 48000
[2018.05.12-15.06.48:924][  1]LogFMOD: Matching system sample rate 48000
[2018.05.12-15.06.49:083][  1]LogFMOD: Default sample rate = 48000
[2018.05.12-15.06.49:083][  1]LogFMOD: System sample rate = 48000
[2018.05.12-15.06.49:083][  1]LogFMOD: Matching system sample rate 48000
[2018.05.12-15.06.49:143][  1]LogFileCache: Retrieving MD5 hashes for directory 'C:/Users/vikky/Documents/GitHub/Danger-Bee/Content/' took 0.39s
[2018.05.12-15.06.49:155][  1]LogAssetRegistry: Asset discovery search completed in 6.1235 seconds
[2018.05.12-15.06.49:157][  1]LogCollectionManager: Rebuilt the object cache for 0 collections in 0.000000 seconds (found 0 objects)
[2018.05.12-15.06.49:157][  1]LogCollectionManager: Fixed up redirectors for 0 collections in 0.000047 seconds (updated 0 objects)
[2018.05.12-15.06.49:811][  3]LogSlate: Took 0.000191 seconds to synchronously load lazily loaded font '../../../Engine/Content/Slate/Fonts/Roboto-Light.ttf' (167K)
