Log file open, 05/12/18 23:28:17
LogWindows: Failed to load 'aqProf.dll' (GetLastError=126)
LogWindows: File 'aqProf.dll' does not exist
LogWindows: Failed to load 'VtuneApi.dll' (GetLastError=126)
LogWindows: File 'VtuneApi.dll' does not exist
LogWindows: Failed to load 'VtuneApi32e.dll' (GetLastError=126)
LogWindows: File 'VtuneApi32e.dll' does not exist
LogInit: Display: Running engine for game: GameJam
LogPlatformFile: Not using cached read wrapper
LogInit: Display: RandInit(1420157634) SRandInit(1420157634).
LogInit: Read version file with build ID '3944462'
LogInit: Overriding engine version to CL 4033788, compatible CL 3944462
LogInit: Registered custom module enumerator with build ID '3944462'
LogTaskGraph: Started task graph with 5 named threads and 23 total threads with 3 sets of task threads.
LogStats: Stats thread started at 0.264014
LogD3D11RHI: Aftermath initialized
LogICUInternationalization: Display: ICU TimeZone Detection - Raw Offset: -5:00, Platform Override: ''
LogModuleManager: Display: Found up-to-date module file ../../../../../../Users/vikky/Documents/GitHub/Danger-Bee/Plugins/FMODStudio/Binaries/Win64/UE4Editor-FMODStudio.dll (API version 3944462).
LogModuleManager: Display: Found up-to-date module file ../../../../../../Users/vikky/Documents/GitHub/Danger-Bee/Plugins/FMODStudio/Binaries/Win64/UE4Editor-FMODStudioEditor.dll (API version 3944462).
LogModuleManager: Display: Found up-to-date module file ../../../Engine/Plugins/2D/Paper2D/Binaries/Win64/UE4Editor-Paper2D.dll (API version 3944462).
LogModuleManager: Display: Found up-to-date module file ../../../Engine/Plugins/2D/Paper2D/Binaries/Win64/UE4Editor-Paper2DEditor.dll (API version 3944462).
LogModuleManager: Display: Found up-to-date module file ../../../Engine/Plugins/2D/Paper2D/Binaries/Win64/UE4Editor-PaperSpriteSheetImporter.dll (API version 3944462).
LogModuleManager: Display: Found up-to-date module file ../../../Engine/Plugins/2D/Paper2D/Binaries/Win64/UE4Editor-PaperTiledImporter.dll (API version 3944462).
LogModuleManager: Display: Found up-to-date module file ../../../Engine/Plugins/2D/Paper2D/Binaries/Win64/UE4Editor-SmartSnapping.dll (API version 3944462).
LogModuleManager: Display: Found up-to-date module file ../../../Engine/Plugins/Blendables/LightPropagationVolume/Binaries/Win64/UE4Editor-LightPropagationVolumeRuntime.dll (API version 3944462).
LogModuleManager: Display: Found up-to-date module file ../../../Engine/Plugins/Blendables/LightPropagationVolume/Binaries/Win64/UE4Editor-LightPropagationVolumeEditor.dll (API version 3944462).
LogModuleManager: Display: Found up-to-date module file ../../../Engine/Plugins/Developer/CLionSourceCodeAccess/Binaries/Win64/UE4Editor-CLionSourceCodeAccess.dll (API version 3944462).
LogModuleManager: Display: Found up-to-date module file ../../../Engine/Plugins/Developer/GitSourceControl/Binaries/Win64/UE4Editor-GitSourceControl.dll (API version 3944462).
LogModuleManager: Display: Found up-to-date module file ../../../Engine/Plugins/Developer/PerforceSourceControl/Binaries/Win64/UE4Editor-PerforceSourceControl.dll (API version 3944462).
LogModuleManager: Display: Found up-to-date module file ../../../Engine/Plugins/Developer/SubversionSourceControl/Binaries/Win64/UE4Editor-SubversionSourceControl.dll (API version 3944462).
LogModuleManager: Display: Found up-to-date module file ../../../Engine/Plugins/Developer/UObjectPlugin/Binaries/Win64/UE4Editor-UObjectPlugin.dll (API version 3944462).
LogModuleManager: Display: Found up-to-date module file ../../../Engine/Plugins/Developer/VisualStudioCodeSourceCodeAccess/Binaries/Win64/UE4Editor-VisualStudioCodeSourceCodeAccess.dll (API version 3944462).
LogModuleManager: Display: Found up-to-date module file ../../../Engine/Plugins/Developer/VisualStudioSourceCodeAccess/Binaries/Win64/UE4Editor-VisualStudioSourceCodeAccess.dll (API version 3944462).
LogModuleManager: Display: Found up-to-date module file ../../../Engine/Plugins/Editor/AssetManagerEditor/Binaries/Win64/UE4Editor-AssetManagerEditor.dll (API version 3944462).
LogModuleManager: Display: Found up-to-date module file ../../../Engine/Plugins/Editor/CryptoKeys/Binaries/Win64/UE4Editor-CryptoKeys.dll (API version 3944462).
LogModuleManager: Display: Found up-to-date module file ../../../Engine/Plugins/Editor/CryptoKeys/Binaries/Win64/UE4Editor-CryptoKeysOpenSSL.dll (API version 3944462).
LogModuleManager: Display: Found up-to-date module file ../../../Engine/Plugins/Editor/DataValidation/Binaries/Win64/UE4Editor-DataValidation.dll (API version 3944462).
LogModuleManager: Display: Found up-to-date module file ../../../Engine/Plugins/Editor/FacialAnimation/Binaries/Win64/UE4Editor-FacialAnimation.dll (API version 3944462).
LogModuleManager: Display: Found up-to-date module file ../../../Engine/Plugins/Editor/FacialAnimation/Binaries/Win64/UE4Editor-FacialAnimationEditor.dll (API version 3944462).
LogModuleManager: Display: Found up-to-date module file ../../../Engine/Plugins/Editor/GameplayTagsEditor/Binaries/Win64/UE4Editor-GameplayTagsEditor.dll (API version 3944462).
LogModuleManager: Display: Found up-to-date module file ../../../Engine/Plugins/Editor/MobileLauncherProfileWizard/Binaries/Win64/UE4Editor-MobileLauncherProfileWizard.dll (API version 3944462).
LogModuleManager: Display: Found up-to-date module file ../../../Engine/Plugins/Editor/PluginBrowser/Binaries/Win64/UE4Editor-PluginBrowser.dll (API version 3944462).
LogModuleManager: Display: Found up-to-date module file ../../../Engine/Plugins/Editor/SpeedTreeImporter/Binaries/Win64/UE4Editor-SpeedTreeImporter.dll (API version 3944462).
LogModuleManager: Display: Found up-to-date module file ../../../Engine/Plugins/Enterprise/DatasmithContent/Binaries/Win64/UE4Editor-DatasmithContent.dll (API version 3944462).
LogModuleManager: Display: Found up-to-date module file ../../../Engine/Plugins/Experimental/AlembicImporter/Binaries/Win64/UE4Editor-AlembicImporter.dll (API version 3944462).
LogModuleManager: Display: Found up-to-date module file ../../../Engine/Plugins/Experimental/AlembicImporter/Binaries/Win64/UE4Editor-AlembicLibrary.dll (API version 3944462).
LogModuleManager: Display: Found up-to-date module file ../../../Engine/Plugins/Experimental/CharacterAI/Binaries/Win64/UE4Editor-CharacterAI.dll (API version 3944462).
LogModuleManager: Display: Found up-to-date module file ../../../Engine/Plugins/Experimental/HTML5Networking/Binaries/Win64/UE4Editor-HTML5Networking.dll (API version 3944462).
LogModuleManager: Display: Found up-to-date module file ../../../Engine/Plugins/Media/AndroidMedia/Binaries/Win64/UE4Editor-AndroidMediaEditor.dll (API version 3944462).
LogModuleManager: Display: Found up-to-date module file ../../../Engine/Plugins/Media/AndroidMedia/Binaries/Win64/UE4Editor-AndroidMediaFactory.dll (API version 3944462).
LogModuleManager: Display: Found up-to-date module file ../../../Engine/Plugins/Media/AvfMedia/Binaries/Win64/UE4Editor-AvfMediaEditor.dll (API version 3944462).
LogModuleManager: Display: Found up-to-date module file ../../../Engine/Plugins/Media/AvfMedia/Binaries/Win64/UE4Editor-AvfMediaFactory.dll (API version 3944462).
LogModuleManager: Display: Found up-to-date module file ../../../Engine/Plugins/Media/AvfMedia/Binaries/Win64/UE4Editor-AvfMediaFactory.dll (API version 3944462).
LogModuleManager: Display: Found up-to-date module file ../../../Engine/Plugins/Media/ImgMedia/Binaries/Win64/UE4Editor-ImgMedia.dll (API version 3944462).
LogModuleManager: Display: Found up-to-date module file ../../../Engine/Plugins/Media/ImgMedia/Binaries/Win64/UE4Editor-ImgMediaEditor.dll (API version 3944462).
LogModuleManager: Display: Found up-to-date module file ../../../Engine/Plugins/Media/ImgMedia/Binaries/Win64/UE4Editor-ImgMediaFactory.dll (API version 3944462).
LogModuleManager: Display: Found up-to-date module file ../../../Engine/Plugins/Media/ImgMedia/Binaries/Win64/UE4Editor-ImgMediaFactory.dll (API version 3944462).
LogModuleManager: Display: Found up-to-date module file ../../../Engine/Plugins/Media/ImgMedia/Binaries/Win64/UE4Editor-OpenExrWrapper.dll (API version 3944462).
LogModuleManager: Display: Found up-to-date module file ../../../Engine/Plugins/Media/LinearTimecode/Binaries/Win64/UE4Editor-LinearTimecode.dll (API version 3944462).
LogModuleManager: Display: Found up-to-date module file ../../../Engine/Plugins/Media/MediaCompositing/Binaries/Win64/UE4Editor-MediaCompositing.dll (API version 3944462).
LogModuleManager: Display: Found up-to-date module file ../../../Engine/Plugins/Media/MediaCompositing/Binaries/Win64/UE4Editor-MediaCompositingEditor.dll (API version 3944462).
LogModuleManager: Display: Found up-to-date module file ../../../Engine/Plugins/Media/MediaPlayerEditor/Binaries/Win64/UE4Editor-MediaPlayerEditor.dll (API version 3944462).
LogModuleManager: Display: Found up-to-date module file ../../../Engine/Plugins/Media/WmfMedia/Binaries/Win64/UE4Editor-WmfMedia.dll (API version 3944462).
LogModuleManager: Display: Found up-to-date module file ../../../Engine/Plugins/Media/WmfMedia/Binaries/Win64/UE4Editor-WmfMediaEditor.dll (API version 3944462).
LogModuleManager: Display: Found up-to-date module file ../../../Engine/Plugins/Media/WmfMedia/Binaries/Win64/UE4Editor-WmfMediaFactory.dll (API version 3944462).
LogModuleManager: Display: Found up-to-date module file ../../../Engine/Plugins/Media/WmfMedia/Binaries/Win64/UE4Editor-WmfMediaFactory.dll (API version 3944462).
LogModuleManager: Display: Found up-to-date module file ../../../Engine/Plugins/Messaging/TcpMessaging/Binaries/Win64/UE4Editor-TcpMessaging.dll (API version 3944462).
LogModuleManager: Display: Found up-to-date module file ../../../Engine/Plugins/Messaging/UdpMessaging/Binaries/Win64/UE4Editor-UdpMessaging.dll (API version 3944462).
LogModuleManager: Display: Found up-to-date module file ../../../Engine/Plugins/MovieScene/ActorSequence/Binaries/Win64/UE4Editor-ActorSequence.dll (API version 3944462).
LogModuleManager: Display: Found up-to-date module file ../../../Engine/Plugins/MovieScene/LevelSequenceEditor/Binaries/Win64/UE4Editor-LevelSequenceEditor.dll (API version 3944462).
LogModuleManager: Display: Found up-to-date module file ../../../Engine/Plugins/MovieScene/MatineeToLevelSequence/Binaries/Win64/UE4Editor-MatineeToLevelSequence.dll (API version 3944462).
LogModuleManager: Display: Found up-to-date module file ../../../Engine/Plugins/NetcodeUnitTest/NetcodeUnitTest/Binaries/Win64/UE4Editor-NetcodeUnitTest.dll (API version 3944462).
LogModuleManager: Display: Found up-to-date module file ../../../Engine/Plugins/NetcodeUnitTest/NUTUnrealEngine4/Binaries/Win64/UE4Editor-NUTUnrealEngine4.dll (API version 3944462).
LogModuleManager: Display: Found up-to-date module file ../../../Engine/Plugins/Online/OnlineSubsystem/Binaries/Win64/UE4Editor-OnlineSubsystem.dll (API version 3944462).
LogModuleManager: Display: Found up-to-date module file ../../../Engine/Plugins/Runtime/AndroidPermission/Binaries/Win64/UE4Editor-AndroidPermission.dll (API version 3944462).
LogModuleManager: Display: Found up-to-date module file ../../../Engine/Plugins/Online/OnlineSubsystemNull/Binaries/Win64/UE4Editor-OnlineSubsystemNull.dll (API version 3944462).
LogModuleManager: Display: Found up-to-date module file ../../../Engine/Plugins/Online/OnlineSubsystemUtils/Binaries/Win64/UE4Editor-OnlineSubsystemUtils.dll (API version 3944462).
LogModuleManager: Display: Found up-to-date module file ../../../Engine/Plugins/Online/OnlineSubsystemUtils/Binaries/Win64/UE4Editor-OnlineBlueprintSupport.dll (API version 3944462).
LogModuleManager: Display: Found up-to-date module file ../../../Engine/Plugins/Runtime/AndroidDeviceProfileSelector/Binaries/Win64/UE4Editor-AndroidDeviceProfileSelector.dll (API version 3944462).
LogModuleManager: Display: Found up-to-date module file ../../../Engine/Plugins/Runtime/AppleARKit/Binaries/Win64/UE4Editor-AppleARKit.dll (API version 3944462).
LogModuleManager: Display: Found up-to-date module file ../../../Engine/Plugins/Runtime/ProceduralMeshComponent/Binaries/Win64/UE4Editor-ProceduralMeshComponent.dll (API version 3944462).
LogModuleManager: Display: Found up-to-date module file ../../../Engine/Plugins/Runtime/ProceduralMeshComponent/Binaries/Win64/UE4Editor-ProceduralMeshComponentEditor.dll (API version 3944462).
LogModuleManager: Display: Found up-to-date module file ../../../Engine/Plugins/Animation/LiveLink/Binaries/Win64/UE4Editor-LiveLink.dll (API version 3944462).
LogModuleManager: Display: Found up-to-date module file ../../../Engine/Plugins/Animation/LiveLink/Binaries/Win64/UE4Editor-LiveLinkEditor.dll (API version 3944462).
LogModuleManager: Display: Found up-to-date module file ../../../Engine/Plugins/Runtime/ArchVisCharacter/Binaries/Win64/UE4Editor-ArchVisCharacter.dll (API version 3944462).
LogModuleManager: Display: Found up-to-date module file ../../../Engine/Plugins/Runtime/AudioCapture/Binaries/Win64/UE4Editor-AudioCapture.dll (API version 3944462).
LogModuleManager: Display: Found up-to-date module file ../../../Engine/Plugins/Runtime/AudioCapture/Binaries/Win64/UE4Editor-AudioCaptureEditor.dll (API version 3944462).
LogModuleManager: Display: Found up-to-date module file ../../../Engine/Plugins/Runtime/CableComponent/Binaries/Win64/UE4Editor-CableComponent.dll (API version 3944462).
LogModuleManager: Display: Found up-to-date module file ../../../Engine/Plugins/Runtime/CustomMeshComponent/Binaries/Win64/UE4Editor-CustomMeshComponent.dll (API version 3944462).
LogModuleManager: Display: Found up-to-date module file ../../../Engine/Plugins/Runtime/ExampleDeviceProfileSelector/Binaries/Win64/UE4Editor-ExampleDeviceProfileSelector.dll (API version 3944462).
LogModuleManager: Display: Found up-to-date module file ../../../Engine/Plugins/Runtime/ImmediatePhysics/Binaries/Win64/UE4Editor-ImmediatePhysics.dll (API version 3944462).
LogModuleManager: Display: Found up-to-date module file ../../../Engine/Plugins/Runtime/ImmediatePhysics/Binaries/Win64/UE4Editor-ImmediatePhysicsEditor.dll (API version 3944462).
LogModuleManager: Display: Found up-to-date module file ../../../Engine/Plugins/Runtime/LocationServicesBPLibrary/Binaries/Win64/UE4Editor-LocationServicesBPLibrary.dll (API version 3944462).
LogModuleManager: Display: Found up-to-date module file ../../../Engine/Plugins/Runtime/MobilePatchingUtils/Binaries/Win64/UE4Editor-MobilePatchingUtils.dll (API version 3944462).
LogModuleManager: Display: Found up-to-date module file ../../../Engine/Plugins/Runtime/Oculus/OculusVR/Binaries/Win64/UE4Editor-OculusHMD.dll (API version 3944462).
LogModuleManager: Display: Found up-to-date module file ../../../Engine/Plugins/Runtime/Oculus/OculusVR/Binaries/Win64/UE4Editor-OculusInput.dll (API version 3944462).
LogModuleManager: Display: Found up-to-date module file ../../../Engine/Plugins/Runtime/Oculus/OculusVR/Binaries/Win64/UE4Editor-OculusEditor.dll (API version 3944462).
LogModuleManager: Display: Found up-to-date module file ../../../Engine/Plugins/Runtime/PhysXVehicles/Binaries/Win64/UE4Editor-PhysXVehicles.dll (API version 3944462).
LogModuleManager: Display: Found up-to-date module file ../../../Engine/Plugins/Runtime/PhysXVehicles/Binaries/Win64/UE4Editor-PhysXVehiclesEditor.dll (API version 3944462).
LogModuleManager: Display: Found up-to-date module file ../../../Engine/Plugins/Runtime/RuntimePhysXCooking/Binaries/Win64/UE4Editor-RuntimePhysXCooking.dll (API version 3944462).
LogModuleManager: Display: Found up-to-date module file ../../../Engine/Plugins/Runtime/Steam/SteamVR/Binaries/Win64/UE4Editor-SteamVR.dll (API version 3944462).
LogModuleManager: Display: Found up-to-date module file ../../../Engine/Plugins/Runtime/Steam/SteamVR/Binaries/Win64/UE4Editor-SteamVRController.dll (API version 3944462).
LogModuleManager: Display: Found up-to-date module file ../../../Engine/Plugins/Runtime/WindowsMoviePlayer/Binaries/Win64/UE4Editor-WindowsMoviePlayer.dll (API version 3944462).
LogPluginManager: Mounting plugin Paper2D
LogPluginManager: Mounting plugin LiveLink
LogPluginManager: Mounting plugin LightPropagationVolume
LogPluginManager: Mounting plugin CLionSourceCodeAccess
LogPluginManager: Mounting plugin CodeLiteSourceCodeAccess
LogPluginManager: Mounting plugin GitSourceControl
LogPluginManager: Mounting plugin KDevelopSourceCodeAccess
LogPluginManager: Mounting plugin NullSourceCodeAccess
LogPluginManager: Mounting plugin PerforceSourceControl
LogPluginManager: Mounting plugin SubversionSourceControl
LogPluginManager: Mounting plugin UObjectPlugin
LogPluginManager: Mounting plugin VisualStudioCodeSourceCodeAccess
LogPluginManager: Mounting plugin VisualStudioSourceCodeAccess
LogPluginManager: Mounting plugin XCodeSourceCodeAccess
LogPluginManager: Mounting plugin AssetManagerEditor
LogPluginManager: Mounting plugin CryptoKeys
LogPluginManager: Mounting plugin DataValidation
LogPluginManager: Mounting plugin FacialAnimation
LogPluginManager: Mounting plugin GameplayTagsEditor
LogPluginManager: Mounting plugin MobileLauncherProfileWizard
LogPluginManager: Mounting plugin PluginBrowser
LogPluginManager: Mounting plugin SpeedTreeImporter
LogPluginManager: Mounting plugin DatasmithContent
LogPluginManager: Mounting plugin AlembicImporter
LogPluginManager: Mounting plugin CharacterAI
LogPluginManager: Mounting plugin HTML5Networking
LogPluginManager: Mounting plugin AndroidMedia
LogPluginManager: Mounting plugin AvfMedia
LogPluginManager: Mounting plugin ImgMedia
LogPluginManager: Mounting plugin LinearTimecode
LogPluginManager: Mounting plugin MediaCompositing
LogPluginManager: Mounting plugin MediaPlayerEditor
LogPluginManager: Mounting plugin WmfMedia
LogPluginManager: Mounting plugin TcpMessaging
LogPluginManager: Mounting plugin UdpMessaging
LogPluginManager: Mounting plugin ActorSequence
LogPluginManager: Mounting plugin LevelSequenceEditor
LogPluginManager: Mounting plugin MatineeToLevelSequence
LogPluginManager: Mounting plugin NetcodeUnitTest
LogPluginManager: Mounting plugin NUTUnrealEngine4
LogPluginManager: Mounting plugin OnlineSubsystemGooglePlay
LogPluginManager: Mounting plugin OnlineSubsystemIOS
LogPluginManager: Mounting plugin OnlineSubsystem
LogPluginManager: Mounting plugin OnlineSubsystemNull
LogPluginManager: Mounting plugin OnlineSubsystemUtils
LogPluginManager: Mounting plugin AndroidDeviceProfileSelector
LogPluginManager: Mounting plugin AndroidMoviePlayer
LogPluginManager: Mounting plugin AndroidPermission
LogPluginManager: Mounting plugin AppleARKit
LogPluginManager: Mounting plugin AppleMoviePlayer
LogPluginManager: Mounting plugin ArchVisCharacter
LogPluginManager: Mounting plugin AudioCapture
LogPluginManager: Mounting plugin CableComponent
LogPluginManager: Mounting plugin CustomMeshComponent
LogPluginManager: Mounting plugin ExampleDeviceProfileSelector
LogPluginManager: Mounting plugin GoogleCloudMessaging
LogPluginManager: Mounting plugin ImmediatePhysics
LogPluginManager: Mounting plugin IOSDeviceProfileSelector
LogPluginManager: Mounting plugin LinuxDeviceProfileSelector
LogPluginManager: Mounting plugin LocationServicesBPLibrary
LogPluginManager: Mounting plugin MobilePatchingUtils
LogPluginManager: Mounting plugin OculusVR
LogPluginManager: Plugin shader directory ../../../Engine/Plugins/Runtime/Oculus/OculusVR/Shaders found
LogPluginManager: Mapping shader source directory ../../../Engine/Plugins/Runtime/Oculus/OculusVR/Shaders to virtual directory /Plugin/OculusVR
LogPluginManager: Mounting plugin PhysXVehicles
LogPluginManager: Mounting plugin ProceduralMeshComponent
LogPluginManager: Mounting plugin RuntimePhysXCooking
LogPluginManager: Mounting plugin SteamVR
LogPluginManager: Mounting plugin WindowsMoviePlayer
LogPluginManager: Mounting plugin FMODStudio
LogStreaming: Display: Took  0.899s to configure plugins.
LogInit: Using libcurl 7.47.1
LogInit:  - built for x86_64-pc-win32
LogInit:  - supports SSL with OpenSSL/1.0.2g
LogInit:  - supports HTTP deflate (compression) using libz 1.2.8
LogInit:  - other features:
LogInit:      CURL_VERSION_SSL
LogInit:      CURL_VERSION_LIBZ
LogInit:      CURL_VERSION_IPV6
LogInit:      CURL_VERSION_ASYNCHDNS
LogInit:      CURL_VERSION_LARGEFILE
LogInit:      CURL_VERSION_IDN
LogInit:  CurlRequestOptions (configurable via config and command line):
LogInit:  - bVerifyPeer = false  - Libcurl will NOT verify peer certificate
LogInit:  - bUseHttpProxy = false  - Libcurl will NOT use HTTP proxy
LogInit:  - bDontReuseConnections = false  - Libcurl will reuse connections
LogInit:  - CertBundlePath = nullptr  - Libcurl will use whatever was configured at build time.
LogInit:  - MaxHostConnections = 16  - Libcurl will limit the number of connections to a host
LogInit:  - LocalHostAddr = Default
LogInit: WinSock: version 1.1 (2.2), MaxSocks=32767, MaxUdp=65467
LogInit: WinSock: I am DESKTOP-313A1NQ (192.168.2.25:0)
LogInit: Build: ++UE4+Release-4.19-CL-4033788
LogInit: Engine Version: 4.19.2-4033788+++UE4+Release-4.19
LogInit: Compatible Engine Version: 4.19.0-3944462+++UE4+Release-4.19
LogInit: Net CL: 3944462
LogDevObjectVersion: Number of dev versions registered: 18
LogDevObjectVersion:   Dev-Blueprints (B0D832E4-1F89-4F0D-ACCF-7EB736FD4AA2): 10
LogDevObjectVersion:   Dev-Build (E1C64328-A22C-4D53-A36C-8E866417BD8C): 0
LogDevObjectVersion:   Dev-Core (375EC13C-06E4-48FB-B500-84F0262A717E): 2
LogDevObjectVersion:   Dev-Editor (E4B068ED-F494-42E9-A231-DA0B2E46BB41): 23
LogDevObjectVersion:   Dev-Framework (CFFC743F-43B0-4480-9391-14DF171D2073): 33
LogDevObjectVersion:   Dev-Mobile (B02B49B5-BB20-44E9-A304-32B752E40360): 2
LogDevObjectVersion:   Dev-Networking (A4E4105C-59A1-49B5-A7C5-40C4547EDFEE): 0
LogDevObjectVersion:   Dev-Online (39C831C9-5AE6-47DC-9A44-9C173E1C8E7C): 0
LogDevObjectVersion:   Dev-Physics (78F01B33-EBEA-4F98-B9B4-84EACCB95AA2): 0
LogDevObjectVersion:   Dev-Platform (6631380F-2D4D-43E0-8009-CF276956A95A): 0
LogDevObjectVersion:   Dev-Rendering (12F88B9F-8875-4AFC-A67C-D90C383ABD29): 25
LogDevObjectVersion:   Dev-Sequencer (7B5AE74C-D270-4C10-A958-57980B212A5A): 6
LogDevObjectVersion:   Dev-VR (D7296918-1DD6-4BDD-9DE2-64A83CC13884): 1
LogDevObjectVersion:   Dev-LoadTimes (C2A15278-BFE7-4AFE-6C17-90FF531DF755): 1
LogDevObjectVersion:   Private-Geometry (6EACA3D4-40EC-4CC1-B786-8BED09428FC5): 2
LogDevObjectVersion:   Dev-AnimPhys (29E575DD-E0A3-4627-9D10-D276232CDCEA): 16
LogDevObjectVersion:   Dev-ReflectionCapture (6B266CEC-1EC7-4B8F-A30B-E4D90942FC07): 1
LogDevObjectVersion:   Dev-Automation (0DF73D61-A23F-47EA-B727-89E90C41499A): 1
LogInit: Compiled (64-bit): Apr 27 2018 02:06:57
LogInit: Compiled with Visual C++: 19.00.24215.01
LogInit: Build Configuration: Development
LogInit: Branch Name: ++UE4+Release-4.19
LogInit: Command Line:  
LogInit: Base Directory: C:/Program Files/Epic Games/UE_4.19/Engine/Binaries/Win64/
LogInit: Installed Engine Build: 1
LogStreaming: Display: Took  0.002s to delete old logs.
LogInit: Presizing for max 8388607 objects, including 0 objects not considered by GC, pre-allocating 0 bytes for permanent pool.
LogInit: Object subsystem initialized
[2018.05.13-03.28.18:920][  0]LogInit: Selected Device Profile: [Windows]
[2018.05.13-03.28.18:920][  0]LogInit: Applying CVar settings loaded from the selected device profile: [Windows]
[2018.05.13-03.28.18:932][  0]LogInit: Computer: DESKTOP-313A1NQ
[2018.05.13-03.28.18:932][  0]LogInit: User: vikky
[2018.05.13-03.28.18:932][  0]LogInit: CPU Page size=4096, Cores=4
[2018.05.13-03.28.18:932][  0]LogInit: High frequency timer resolution =3.328124 MHz
[2018.05.13-03.28.18:932][  0]LogMemory: Memory total: Physical=15.9GB (16GB approx)
[2018.05.13-03.28.18:932][  0]LogMemory: Platform Memory Stats for Windows
[2018.05.13-03.28.18:932][  0]LogMemory: Process Physical Memory: 274.48 MB used, 274.48 MB peak
[2018.05.13-03.28.18:932][  0]LogMemory: Process Virtual Memory: 264.55 MB used, 264.55 MB peak
[2018.05.13-03.28.18:932][  0]LogMemory: Physical Memory: 6935.27 MB used,  9384.43 MB free, 16319.71 MB total
[2018.05.13-03.28.18:932][  0]LogMemory: Virtual Memory: 693.29 MB used,  9384.43 MB free, 134217728.00 MB total
[2018.05.13-03.28.18:959][  0]LogInit: Using OS detected language (en-US).
[2018.05.13-03.28.18:959][  0]LogInit: Using OS detected locale (en-CA).
[2018.05.13-03.28.18:961][  0]LogTextLocalizationManager: No specific localization for 'en-US' exists, so the 'en' localization will be used.
[2018.05.13-03.28.19:349][  0]LogStreaming: Display: Took  0.390s to EndInitTextLocalization.
[2018.05.13-03.28.19:349][  0]LogInit: Setting process to per monitor DPI aware
[2018.05.13-03.28.19:387][  0]LogSlate: New Slate User Created.  User Index 0, Is Virtual User: 0
[2018.05.13-03.28.19:387][  0]LogSlate: Slate User Registered.  User Index 0, Is Virtual User: 0
[2018.05.13-03.28.19:560][  0]LogD3D11RHI: D3D11 adapters:
[2018.05.13-03.28.19:607][  0]LogD3D11RHI:    0. 'NVIDIA GeForce GTX 960' (Feature Level 11_0)
[2018.05.13-03.28.19:607][  0]LogD3D11RHI:       2016/0/8159 MB DedicatedVideo/DedicatedSystem/SharedSystem, Outputs:1, VendorId:0x10de
[2018.05.13-03.28.19:608][  0]LogD3D11RHI:    1. 'Microsoft Basic Render Driver' (Feature Level 11_0)
[2018.05.13-03.28.19:608][  0]LogD3D11RHI:       0/0/8159 MB DedicatedVideo/DedicatedSystem/SharedSystem, Outputs:0, VendorId:0x1414
[2018.05.13-03.28.19:608][  0]LogD3D11RHI: Chosen D3D11 Adapter: 0
[2018.05.13-03.28.19:615][  0]LogD3D11RHI: Creating new Direct3DDevice
[2018.05.13-03.28.19:615][  0]LogD3D11RHI:     GPU DeviceId: 0x1401 (for the marketing name, search the web for "GPU Device Id")
[2018.05.13-03.28.19:615][  0]LogWindows: EnumDisplayDevices:
[2018.05.13-03.28.19:616][  0]LogWindows:    0. 'NVIDIA GeForce GTX 960' (P:1 D:1)
[2018.05.13-03.28.19:616][  0]LogWindows:    1. 'NVIDIA GeForce GTX 960' (P:0 D:0)
[2018.05.13-03.28.19:616][  0]LogWindows:    2. 'NVIDIA GeForce GTX 960' (P:0 D:0)
[2018.05.13-03.28.19:616][  0]LogWindows:    3. 'NVIDIA GeForce GTX 960' (P:0 D:0)
[2018.05.13-03.28.19:616][  0]LogWindows: DebugString: GetVideoDriverDetailsInvalid PrimaryIsNotTheChoosenAdapter GetVideoDriverDetailsInvalid PrimaryIsNotTheChoosenAdapter GetVideoDriverDetailsInvalid PrimaryIsNotTheChoosenAdapter GetVideoDriverDetailsInvalid PrimaryIsNotTheChoosenAdapter FoundDriverCount:0 
[2018.05.13-03.28.19:616][  0]LogD3D11RHI:     Adapter Name: NVIDIA GeForce GTX 960
[2018.05.13-03.28.19:616][  0]LogD3D11RHI:   Driver Version: Unknown (internal:Unknown, unified:Unknown)
[2018.05.13-03.28.19:616][  0]LogD3D11RHI:      Driver Date: Unknown
[2018.05.13-03.28.19:616][  0]LogRHI: Texture pool is 1411 MB (70% of 2016 MB)
[2018.05.13-03.28.19:642][  0]LogD3D11RHI: [Aftermath] Aftermath enabled and primed
[2018.05.13-03.28.19:642][  0]LogD3D11RHI: [Aftermath] Aftermath enabled and primed
[2018.05.13-03.28.19:642][  0]LogD3D11RHI: Async texture creation enabled
[2018.05.13-03.28.19:704][  0]LogD3D11RHI: GPU Timing Frequency: 1000.000000 (Debug: 2 1)
[2018.05.13-03.28.19:753][  0]LogShaderCompilers: Guid format shader working directory is -12 characters bigger than the processId version (../../../../../../Users/vikky/Documents/GitHub/Danger-Bee/Intermediate/Shaders/WorkingDirectory/11216/).
[2018.05.13-03.28.19:753][  0]LogShaderCompilers: Cleaned the shader compiler working directory 'C:/Users/vikky/AppData/Local/Temp/UnrealShaderWorkingDir/BEFE3436475370E96BBB2C93458DF889/'.
[2018.05.13-03.28.19:959][  0]LogTemp: Display: Loaded TP AllDesktopTargetPlatform
[2018.05.13-03.28.19:974][  0]LogTemp: Display: Loaded TP MacClientTargetPlatform
[2018.05.13-03.28.19:988][  0]LogTemp: Display: Loaded TP MacNoEditorTargetPlatform
[2018.05.13-03.28.20:001][  0]LogTemp: Display: Loaded TP MacServerTargetPlatform
[2018.05.13-03.28.20:015][  0]LogTemp: Display: Loaded TP MacTargetPlatform
[2018.05.13-03.28.20:027][  0]LogTemp: Display: Loaded TP WindowsClientTargetPlatform
[2018.05.13-03.28.20:039][  0]LogTemp: Display: Loaded TP WindowsNoEditorTargetPlatform
[2018.05.13-03.28.20:052][  0]LogTemp: Display: Loaded TP WindowsServerTargetPlatform
[2018.05.13-03.28.20:058][  0]LogTemp: Display: Loaded TP WindowsTargetPlatform
[2018.05.13-03.28.20:069][  0]LogTemp: Display: Loaded TP Android_ASTCTargetPlatform
[2018.05.13-03.28.20:081][  0]LogTemp: Display: Loaded TP Android_ATCTargetPlatform
[2018.05.13-03.28.20:091][  0]LogTemp: Display: Loaded TP Android_DXTTargetPlatform
[2018.05.13-03.28.20:102][  0]LogTemp: Display: Loaded TP Android_ETC1aTargetPlatform
[2018.05.13-03.28.20:113][  0]LogTemp: Display: Loaded TP Android_ETC1TargetPlatform
[2018.05.13-03.28.20:124][  0]LogTemp: Display: Loaded TP Android_ETC2TargetPlatform
[2018.05.13-03.28.20:149][  0]LogTemp: Display: Loaded TP Android_MultiTargetPlatform
[2018.05.13-03.28.20:149][  0]LogTemp: Display: Loaded TP Android_PVRTCTargetPlatform
[2018.05.13-03.28.20:161][  0]LogTemp: Display: Loaded TP AndroidTargetPlatform
[2018.05.13-03.28.20:162][  0]LogTemp: Display: Loaded TP HTML5TargetPlatform
[2018.05.13-03.28.20:197][  0]LogTemp: Display: Loaded TP IOSTargetPlatform
[2018.05.13-03.28.20:208][  0]LogTemp: Display: Loaded TP TVOSTargetPlatform
[2018.05.13-03.28.20:219][  0]LogTemp: Display: Loaded TP LinuxClientTargetPlatform
[2018.05.13-03.28.20:231][  0]LogTemp: Display: Loaded TP LinuxNoEditorTargetPlatform
[2018.05.13-03.28.20:242][  0]LogTemp: Display: Loaded TP LinuxServerTargetPlatform
[2018.05.13-03.28.20:253][  0]LogTemp: Display: Loaded TP LinuxTargetPlatform
[2018.05.13-03.28.20:253][  0]LogTargetPlatformManager: Display: Building Assets For Windows
[2018.05.13-03.28.20:355][  0]LogXGEController: Cleaning working directory: C:/Users/vikky/AppData/Local/Temp/UnrealXGEWorkingDir/
[2018.05.13-03.28.20:355][  0]LogXGEController: Cannot use XGE Controller as Incredibuild is not installed on this machine.
[2018.05.13-03.28.20:355][  0]LogShaderCompilers: Cannot use XGE Shader Compiler as Incredibuild is not installed on this machine.
[2018.05.13-03.28.20:355][  0]LogShaderCompilers: Display: Using Local Shader Compiler.
[2018.05.13-03.28.20:997][  0]LogDerivedDataCache: Display: Max Cache Size: 512 MB
[2018.05.13-03.28.21:056][  0]LogDerivedDataCache: Loaded boot cache 0.06s 74MB C:/Users/vikky/AppData/Local/UnrealEngine/4.19/DerivedDataCache/Boot.ddc.
[2018.05.13-03.28.21:056][  0]LogDerivedDataCache: Display: Loaded Boot cache: C:/Users/vikky/AppData/Local/UnrealEngine/4.19/DerivedDataCache/Boot.ddc
[2018.05.13-03.28.21:057][  0]LogDerivedDataCache: FDerivedDataBackendGraph:  Pak pak cache file ../../../../../../Users/vikky/Documents/GitHub/Danger-Bee/DerivedDataCache/DDC.ddp not found, will not use a pak cache.
[2018.05.13-03.28.21:057][  0]LogDerivedDataCache: Unable to find inner node Pak for hierarchical cache Hierarchy.
[2018.05.13-03.28.21:057][  0]LogDerivedDataCache: FDerivedDataBackendGraph:  CompressedPak pak cache file ../../../../../../Users/vikky/Documents/GitHub/Danger-Bee/DerivedDataCache/Compressed.ddp not found, will not use a pak cache.
[2018.05.13-03.28.21:057][  0]LogDerivedDataCache: Unable to find inner node CompressedPak for hierarchical cache Hierarchy.
[2018.05.13-03.28.21:072][  0]LogDerivedDataCache: Display: Pak cache opened for reading ../../../Engine/DerivedDataCache/Compressed.ddp.
[2018.05.13-03.28.21:084][  0]LogDerivedDataCache: Using Local data cache path C:/Users/vikky/AppData/Local/UnrealEngine/Common/DerivedDataCache: Writable
[2018.05.13-03.28.21:084][  0]LogDerivedDataCache: Shared data cache path not found in *engine.ini, will not use an Shared cache.
[2018.05.13-03.28.21:084][  0]LogDerivedDataCache: Unable to find inner node Shared for hierarchical cache Hierarchy.
[2018.05.13-03.28.21:096][  0]LogMaterial: Verifying Global Shaders for PCD3D_SM5
[2018.05.13-03.28.21:096][  0]LogSlate: Using Freetype 2.6.0
[2018.05.13-03.28.21:096][  0]LogSlate: SlateFontCache - WITH_FREETYPE: 1, WITH_HARFBUZZ: 1
[2018.05.13-03.28.21:096][  0]LogSlate: SlateFontCache - WITH_FREETYPE: 1, WITH_HARFBUZZ: 1
[2018.05.13-03.28.21:208][  0]LogAssetRegistry: FAssetRegistry took 0.0254 seconds to start up
[2018.05.13-03.28.21:491][  0]LogInit: Selected Device Profile: [Windows]
[2018.05.13-03.28.21:629][  0]LogSimplygon: Simplygon DLL not present - disabling.
[2018.05.13-03.28.21:632][  0]LogMeshReduction: Using SimplygonSwarm for distributed automatic mesh merging
[2018.05.13-03.28.21:632][  0]LogMeshReduction: Using QuadricMeshReduction for automatic static mesh reduction
[2018.05.13-03.28.21:632][  0]LogMeshReduction: No automatic skeletal mesh reduction module available
[2018.05.13-03.28.21:632][  0]LogMeshReduction: No automatic mesh merging module available
[2018.05.13-03.28.21:632][  0]LogMeshMerging: No automatic mesh merging module available
[2018.05.13-03.28.21:661][  0]LogNetVersion: GameJam , NetCL: 3944462, EngineNetVer: 2, GameNetVer: 0 (Checksum: 2281863040)
[2018.05.13-03.28.22:096][  0]LogPackageLocalizationCache: Processed 10 localized package path(s) for 2 prioritized culture(s) in 0.090164 seconds
[2018.05.13-03.28.22:101][  0]LogUObjectArray: 36728 objects as part of root set at end of initial load.
[2018.05.13-03.28.22:101][  0]LogUObjectAllocator: 7314312 out of 0 bytes used by permanent object pool.
[2018.05.13-03.28.22:101][  0]LogUObjectArray: CloseDisregardForGC: 0/0 objects in disregard for GC pool
[2018.05.13-03.28.23:540][  0]LogTcpMessaging: Initializing TcpMessaging bridge
[2018.05.13-03.28.23:567][  0]LogUdpMessaging: Initializing bridge on interface 0.0.0.0:0 to multicast group 230.0.0.1:6666.
[2018.05.13-03.28.23:775][  0]LogFMOD: FFMODStudioModule startup
[2018.05.13-03.28.23:775][  0]LogFMOD:  Lib path = '../../../../../../Users/vikky/Documents/GitHub/Danger-Bee/Plugins/FMODStudio/Binaries'
[2018.05.13-03.28.23:775][  0]LogFMOD: FFMODStudioModule::LoadDll: Loading ../../../../../../Users/vikky/Documents/GitHub/Danger-Bee/Plugins/FMODStudio/Binaries/Win64/fmodL64.dll
[2018.05.13-03.28.23:777][  0]LogFMOD: FFMODStudioModule::LoadDll: Loading ../../../../../../Users/vikky/Documents/GitHub/Danger-Bee/Plugins/FMODStudio/Binaries/Win64/fmodstudioL64.dll
[2018.05.13-03.28.23:799][  0]LogFMOD: Loading strings bank: ../../../../../../Users/vikky/Documents/GitHub/Danger-Bee/Content/FMOD/Desktop/Master Bank.strings.bank
[2018.05.13-03.28.23:801][  0]LogFMOD: Constructing asset: /Game/FMOD/Events/AMB/Ambience
[2018.05.13-03.28.23:801][  0]LogFMOD: Skipping asset: bank:/Master Bank.strings
[2018.05.13-03.28.23:801][  0]LogFMOD: Constructing asset: /Game/FMOD/Events/MUS/Music
[2018.05.13-03.28.23:801][  0]LogFMOD: Constructing asset: /Game/FMOD/Events/FX/Buzz
[2018.05.13-03.28.23:801][  0]LogFMOD: Constructing asset: /Game/FMOD/Events/FX/Snail_Scream
[2018.05.13-03.28.23:801][  0]LogFMOD: Constructing asset: /Game/FMOD/Events/FX/Plant_Sprout
[2018.05.13-03.28.23:801][  0]LogFMOD: Constructing asset: /Game/FMOD/Events/FX/Plant_Bloom
[2018.05.13-03.28.23:801][  0]LogFMOD: Skipping asset: bus:/
[2018.05.13-03.28.23:801][  0]LogFMOD: Constructing asset: /Game/FMOD/Events/FX/Sprinkler
[2018.05.13-03.28.23:801][  0]LogFMOD: Constructing asset: /Game/FMOD/Events/FX/Snail_Bop
[2018.05.13-03.28.23:801][  0]LogFMOD: Constructing asset: /Game/FMOD/Banks/Master_Bank
[2018.05.13-03.28.23:801][  0]LogFMOD: Constructing asset: /Game/FMOD/Events/FX/Snail_Chomp
[2018.05.13-03.28.23:801][  0]LogFMOD: Constructing asset: /Game/FMOD/Buses/Reverb
[2018.05.13-03.28.23:801][  0]LogFMOD: Constructing asset: /Game/FMOD/Events/FX/Snail_Squick
[2018.05.13-03.28.23:801][  0]LogFMOD: Constructing asset: /Game/FMOD/Events/FX/Plant_Rustle
[2018.05.13-03.28.23:803][  0]LogFMOD: Default sample rate = 48000
[2018.05.13-03.28.23:803][  0]LogFMOD: System sample rate = 48000
[2018.05.13-03.28.23:803][  0]LogFMOD: Matching system sample rate 48000
[2018.05.13-03.28.23:817][  0]LogFMOD: Default sample rate = 48000
[2018.05.13-03.28.23:817][  0]LogFMOD: System sample rate = 48000
[2018.05.13-03.28.23:817][  0]LogFMOD: Matching system sample rate 48000
[2018.05.13-03.28.23:950][  0]SourceControl: Source control is disabled
[2018.05.13-03.28.23:950][  0]LogWindows: Warning: CreateProc failed: The system cannot find the file specified. (0x00000002)
[2018.05.13-03.28.23:950][  0]LogWindows: Warning: URL: C:/Program Files/Git/bin/git.exe version
[2018.05.13-03.28.23:950][  0]LogWindows: Warning: CreateProc failed: The system cannot find the file specified. (0x00000002)
[2018.05.13-03.28.23:950][  0]LogWindows: Warning: URL: C:/Program Files (x86)/Git/bin/git.exe version
[2018.05.13-03.28.23:950][  0]LogWindows: Warning: CreateProc failed: The system cannot find the file specified. (0x00000002)
[2018.05.13-03.28.23:950][  0]LogWindows: Warning: URL: C:\Users\vikky\AppData\Local/Programs/Git/cmd/git.exe version
[2018.05.13-03.28.23:951][  0]LogWindows: Warning: CreateProc failed: The system cannot find the file specified. (0x00000002)
[2018.05.13-03.28.23:951][  0]LogWindows: Warning: URL: C:/Program Files (x86)/SmartGit/git/bin/git.exe version
[2018.05.13-03.28.23:951][  0]LogWindows: Warning: CreateProc failed: The system cannot find the file specified. (0x00000002)
[2018.05.13-03.28.23:951][  0]LogWindows: Warning: URL: C:/Program Files (x86)/SmartGit/bin/git.exe version
[2018.05.13-03.28.23:951][  0]LogWindows: Warning: CreateProc failed: The system cannot find the file specified. (0x00000002)
[2018.05.13-03.28.23:951][  0]LogWindows: Warning: URL: C:\Users\vikky\AppData\Local/Atlassian/SourceTree/git_local/bin/git.exe version
[2018.05.13-03.28.23:951][  0]LogWindows: Warning: CreateProc failed: The system cannot find the file specified. (0x00000002)
[2018.05.13-03.28.23:951][  0]LogWindows: Warning: URL: C:/Program Files (x86)/fournova/Tower/vendor/Git/bin/git.exe version
[2018.05.13-03.28.23:967][  0]LogWindows: Warning: CreateProc failed: The system cannot find the file specified. (0x00000002)
[2018.05.13-03.28.23:967][  0]LogWindows: Warning: URL: C:/Program Files/Git/bin/git.exe version
[2018.05.13-03.28.23:967][  0]LogWindows: Warning: CreateProc failed: The system cannot find the file specified. (0x00000002)
[2018.05.13-03.28.23:967][  0]LogWindows: Warning: URL: C:/Program Files (x86)/Git/bin/git.exe version
[2018.05.13-03.28.23:967][  0]LogWindows: Warning: CreateProc failed: The system cannot find the file specified. (0x00000002)
[2018.05.13-03.28.23:967][  0]LogWindows: Warning: URL: C:\Users\vikky\AppData\Local/Programs/Git/cmd/git.exe version
[2018.05.13-03.28.23:967][  0]LogWindows: Warning: CreateProc failed: The system cannot find the file specified. (0x00000002)
[2018.05.13-03.28.23:967][  0]LogWindows: Warning: URL: C:/Program Files (x86)/SmartGit/git/bin/git.exe version
[2018.05.13-03.28.23:967][  0]LogWindows: Warning: CreateProc failed: The system cannot find the file specified. (0x00000002)
[2018.05.13-03.28.23:967][  0]LogWindows: Warning: URL: C:/Program Files (x86)/SmartGit/bin/git.exe version
[2018.05.13-03.28.23:967][  0]LogWindows: Warning: CreateProc failed: The system cannot find the file specified. (0x00000002)
[2018.05.13-03.28.23:967][  0]LogWindows: Warning: URL: C:\Users\vikky\AppData\Local/Atlassian/SourceTree/git_local/bin/git.exe version
[2018.05.13-03.28.23:968][  0]LogWindows: Warning: CreateProc failed: The system cannot find the file specified. (0x00000002)
[2018.05.13-03.28.23:968][  0]LogWindows: Warning: URL: C:/Program Files (x86)/fournova/Tower/vendor/Git/bin/git.exe version
[2018.05.13-03.28.23:983][  0]LogWindows: Warning: CreateProc failed: The system cannot find the file specified. (0x00000002)
[2018.05.13-03.28.23:983][  0]LogWindows: Warning: URL: C:/Program Files/Git/bin/git.exe version
[2018.05.13-03.28.23:983][  0]LogWindows: Warning: CreateProc failed: The system cannot find the file specified. (0x00000002)
[2018.05.13-03.28.23:983][  0]LogWindows: Warning: URL: C:/Program Files (x86)/Git/bin/git.exe version
[2018.05.13-03.28.23:983][  0]LogWindows: Warning: CreateProc failed: The system cannot find the file specified. (0x00000002)
[2018.05.13-03.28.23:983][  0]LogWindows: Warning: URL: C:\Users\vikky\AppData\Local/Programs/Git/cmd/git.exe version
[2018.05.13-03.28.23:983][  0]LogWindows: Warning: CreateProc failed: The system cannot find the file specified. (0x00000002)
[2018.05.13-03.28.23:983][  0]LogWindows: Warning: URL: C:/Program Files (x86)/SmartGit/git/bin/git.exe version
[2018.05.13-03.28.23:983][  0]LogWindows: Warning: CreateProc failed: The system cannot find the file specified. (0x00000002)
[2018.05.13-03.28.23:983][  0]LogWindows: Warning: URL: C:/Program Files (x86)/SmartGit/bin/git.exe version
[2018.05.13-03.28.23:983][  0]LogWindows: Warning: CreateProc failed: The system cannot find the file specified. (0x00000002)
[2018.05.13-03.28.23:983][  0]LogWindows: Warning: URL: C:\Users\vikky\AppData\Local/Atlassian/SourceTree/git_local/bin/git.exe version
[2018.05.13-03.28.23:983][  0]LogWindows: Warning: CreateProc failed: The system cannot find the file specified. (0x00000002)
[2018.05.13-03.28.23:983][  0]LogWindows: Warning: URL: C:/Program Files (x86)/fournova/Tower/vendor/Git/bin/git.exe version
[2018.05.13-03.28.24:412][  0]LogAndroidPermission: UAndroidPermissionCallbackProxy::GetInstance
[2018.05.13-03.28.24:518][  0]LogOcInput: OculusInput pre-init called
[2018.05.13-03.28.24:581][  0]LogFMOD: FFMODStudioEditorModule startup
[2018.05.13-03.28.24:645][  0]LogEngine: Initializing Engine...
[2018.05.13-03.28.24:646][  0]LogHMD: Failed to initialize OpenVR with code 110
[2018.05.13-03.28.24:647][  0]LogStats: UGameplayTagsManager::ConstructGameplayTagTree: Construct from data asset -  0.000 s
[2018.05.13-03.28.24:647][  0]LogStats: UGameplayTagsManager::ConstructGameplayTagTree: GameplayTagTreeChangedEvent.Broadcast -  0.000 s
[2018.05.13-03.28.24:835][  0]LogAIModule: Creating AISystem for world Untitled
[2018.05.13-03.28.24:846][  0]LogInit: XAudio2 using 'Speakers (Realtek High Definition Audio)' : 2 channels at 48 kHz using 32 bits per sample (channel mask 0x3)
[2018.05.13-03.28.24:854][  0]LogInit: FAudioDevice initialized.
[2018.05.13-03.28.24:973][  0]LogDerivedDataCache: Saved boot cache 0.12s 74MB C:/Users/vikky/AppData/Local/UnrealEngine/4.19/DerivedDataCache/Boot.ddc.
[2018.05.13-03.28.24:979][  0]LogInit: Texture streaming: Enabled
[2018.05.13-03.28.24:993][  0]LogEngineSessionManager: EngineSessionManager initialized
[2018.05.13-03.28.25:014][  0]LogInit: Transaction tracking system initialized
[2018.05.13-03.28.25:034][  0]BlueprintLog: New page: Editor Load
[2018.05.13-03.28.25:105][  0]LocalizationService: Localization service is disabled
[2018.05.13-03.28.25:197][  0]LogConsoleResponse: Display: 
[2018.05.13-03.28.25:332][  0]LogCook: Display: Max memory allowance for cook 16384mb min free memory 0mb
[2018.05.13-03.28.25:332][  0]LogCook: Display: Mobile HDR setting 1
[2018.05.13-03.28.25:332][  0]LogGameplayTags: Display: UGameplayTagsManager::DoneAddingNativeTags. DelegateIsBound: 0
[2018.05.13-03.28.25:332][  0]LogStats: UGameplayTagsManager::ConstructGameplayTagTree: Construct from data asset -  0.000 s
[2018.05.13-03.28.25:332][  0]LogStats: UGameplayTagsManager::ConstructGameplayTagTree: GameplayTagTreeChangedEvent.Broadcast -  0.000 s
[2018.05.13-03.28.25:449][  0]LogFileCache: Scanning file cache for directory 'C:/Users/vikky/Documents/GitHub/Danger-Bee/Content/' took 0.01s
[2018.05.13-03.28.25:658][  0]LogWindows: Warning: CreateProc failed: The system cannot find the file specified. (0x00000002)
[2018.05.13-03.28.25:658][  0]LogWindows: Warning: URL: C:/Program Files/Git/bin/git.exe version
[2018.05.13-03.28.25:658][  0]LogWindows: Warning: CreateProc failed: The system cannot find the file specified. (0x00000002)
[2018.05.13-03.28.25:658][  0]LogWindows: Warning: URL: C:/Program Files (x86)/Git/bin/git.exe version
[2018.05.13-03.28.25:658][  0]LogWindows: Warning: CreateProc failed: The system cannot find the file specified. (0x00000002)
[2018.05.13-03.28.25:658][  0]LogWindows: Warning: URL: C:\Users\vikky\AppData\Local/Programs/Git/cmd/git.exe version
[2018.05.13-03.28.25:658][  0]LogWindows: Warning: CreateProc failed: The system cannot find the file specified. (0x00000002)
[2018.05.13-03.28.25:658][  0]LogWindows: Warning: URL: C:/Program Files (x86)/SmartGit/git/bin/git.exe version
[2018.05.13-03.28.25:659][  0]LogWindows: Warning: CreateProc failed: The system cannot find the file specified. (0x00000002)
[2018.05.13-03.28.25:659][  0]LogWindows: Warning: URL: C:/Program Files (x86)/SmartGit/bin/git.exe version
[2018.05.13-03.28.25:659][  0]LogWindows: Warning: CreateProc failed: The system cannot find the file specified. (0x00000002)
[2018.05.13-03.28.25:659][  0]LogWindows: Warning: URL: C:\Users\vikky\AppData\Local/Atlassian/SourceTree/git_local/bin/git.exe version
[2018.05.13-03.28.25:659][  0]LogWindows: Warning: CreateProc failed: The system cannot find the file specified. (0x00000002)
[2018.05.13-03.28.25:659][  0]LogWindows: Warning: URL: C:/Program Files (x86)/fournova/Tower/vendor/Git/bin/git.exe version
[2018.05.13-03.28.25:659][  0]Cmd: MAP LOAD FILE="../../../../../../Users/vikky/Documents/GitHub/Danger-Bee/Content/Maps/L_Level01.umap" TEMPLATE=0 SHOWPROGRESS=1 FEATURELEVEL=3
[2018.05.13-03.28.25:659][  0]LightingResults: New page: Lighting Build
[2018.05.13-03.28.25:662][  0]MapCheck: New page: Map Check
[2018.05.13-03.28.25:662][  0]LightingResults: New page: Lighting Build
[2018.05.13-03.28.25:746][  0]LogUObjectGlobals: Created PersistentFrame Addr=0x000002d9c54d0e80, Size=368, Default__BP_Flower_C Function /Game/Blueprints/BP_Flower.BP_Flower_C:ExecuteUbergraph_BP_Flower
[2018.05.13-03.28.25:750][  0]LogUObjectGlobals: Destroyed PersistentFrame Addr=0x000002d9c54d0e80, Size=368
[2018.05.13-03.28.25:750][  0]LogUObjectGlobals: Created PersistentFrame Addr=0x000002d9a77b8700, Size=368, Default__BP_Flower_C Function /Engine/Transient.REINST_BP_Flower_C_3:ExecuteUbergraph_BP_Flower
[2018.05.13-03.28.25:752][  0]LogUObjectGlobals: Created PersistentFrame Addr=0x000002d9a4b36680, Size=368, Default__BP_Flower_C Function /Game/Blueprints/BP_Flower.BP_Flower_C:ExecuteUbergraph_BP_Flower
[2018.05.13-03.28.25:754][  0]LogUObjectGlobals: Created PersistentFrame Addr=0x000002d99c395af0, Size=4, Default__AIC_SnailAIController_C Function /Game/Blueprints/AIC_SnailAIController.AIC_SnailAIController_C:ExecuteUbergraph_AIC_SnailAIController
[2018.05.13-03.28.25:756][  0]LogUObjectGlobals: Destroyed PersistentFrame Addr=0x000002d99c395af0, Size=4
[2018.05.13-03.28.25:756][  0]LogUObjectGlobals: Created PersistentFrame Addr=0x000002d99c395af0, Size=4, Default__AIC_SnailAIController_C Function /Engine/Transient.REINST_AIC_SnailAIController_C_5:ExecuteUbergraph_AIC_SnailAIController
[2018.05.13-03.28.25:756][  0]LogUObjectGlobals: Created PersistentFrame Addr=0x000002d99c395d80, Size=4, Default__AIC_SnailAIController_C Function /Game/Blueprints/AIC_SnailAIController.AIC_SnailAIController_C:ExecuteUbergraph_AIC_SnailAIController
[2018.05.13-03.28.25:768][  0]LogUObjectGlobals: Created PersistentFrame Addr=0x000002d9a77a51a0, Size=208, Default__BP_SnailPawn_C Function /Game/Blueprints/BP_SnailPawn.BP_SnailPawn_C:ExecuteUbergraph_BP_SnailPawn
[2018.05.13-03.28.25:780][  0]LogUObjectGlobals: Destroyed PersistentFrame Addr=0x000002d9a77a51a0, Size=208
[2018.05.13-03.28.25:780][  0]LogUObjectGlobals: Created PersistentFrame Addr=0x000002d9a4accf00, Size=208, Default__BP_SnailPawn_C Function /Engine/Transient.REINST_BP_SnailPawn_C_7:ExecuteUbergraph_BP_SnailPawn
[2018.05.13-03.28.25:790][  0]LogUObjectGlobals: Created PersistentFrame Addr=0x000002d99ba0a780, Size=208, Default__BP_SnailPawn_C Function /Game/Blueprints/BP_SnailPawn.BP_SnailPawn_C:ExecuteUbergraph_BP_SnailPawn
[2018.05.13-03.28.25:856][  0]LogUObjectGlobals: Created PersistentFrame Addr=0x000002d99b995300, Size=272, Default__BP_Flower_Spawner_C Function /Game/Blueprints/BP_Flower_Spawner.BP_Flower_Spawner_C:ExecuteUbergraph_BP_Flower_Spawner
[2018.05.13-03.28.25:858][  0]LogUObjectGlobals: Destroyed PersistentFrame Addr=0x000002d99b995300, Size=272
[2018.05.13-03.28.25:858][  0]LogUObjectGlobals: Created PersistentFrame Addr=0x000002d99b995300, Size=272, Default__BP_Flower_Spawner_C Function /Engine/Transient.REINST_BP_Flower_Spawner_C_11:ExecuteUbergraph_BP_Flower_Spawner
[2018.05.13-03.28.25:861][  0]LogUObjectGlobals: Created PersistentFrame Addr=0x000002d99b9947c0, Size=272, Default__BP_Flower_Spawner_C Function /Game/Blueprints/BP_Flower_Spawner.BP_Flower_Spawner_C:ExecuteUbergraph_BP_Flower_Spawner
[2018.05.13-03.28.25:875][  0]LogUObjectGlobals: Created PersistentFrame Addr=0x000002d99f432b00, Size=1408, Default__BP_Bee_Redo_C Function /Game/Blueprints/BP_Bee_Redo.BP_Bee_Redo_C:ExecuteUbergraph_BP_Bee_Redo
[2018.05.13-03.28.25:884][  0]LogUObjectGlobals: Destroyed PersistentFrame Addr=0x000002d99f432b00, Size=1408
[2018.05.13-03.28.25:884][  0]LogUObjectGlobals: Created PersistentFrame Addr=0x000002d99b388800, Size=1408, Default__BP_Bee_Redo_C Function /Engine/Transient.REINST_BP_Bee_Redo_C_13:ExecuteUbergraph_BP_Bee_Redo
[2018.05.13-03.28.25:891][  0]LogUObjectGlobals: Created PersistentFrame Addr=0x000002d99b3c1d00, Size=1408, Default__BP_Bee_Redo_C Function /Game/Blueprints/BP_Bee_Redo.BP_Bee_Redo_C:ExecuteUbergraph_BP_Bee_Redo
[2018.05.13-03.28.26:101][  0]LogAIModule: Creating AISystem for world L_Level01
[2018.05.13-03.28.26:112][  0]LogEditorServer: Finished looking for orphan Actors (0.000 secs)
[2018.05.13-03.28.26:124][  0]LogUObjectGlobals: Destroyed PersistentFrame Addr=0x000002d9a77b8700, Size=368
[2018.05.13-03.28.26:125][  0]LogUObjectGlobals: Destroyed PersistentFrame Addr=0x000002d99c395af0, Size=4
[2018.05.13-03.28.26:125][  0]LogUObjectGlobals: Destroyed PersistentFrame Addr=0x000002d9a4accf00, Size=208
[2018.05.13-03.28.26:125][  0]LogUObjectGlobals: Destroyed PersistentFrame Addr=0x000002d99b995300, Size=272
[2018.05.13-03.28.26:125][  0]LogUObjectGlobals: Destroyed PersistentFrame Addr=0x000002d99b388800, Size=1408
[2018.05.13-03.28.26:126][  0]Cmd: MAP CHECKDEP NOCLEARLOG
[2018.05.13-03.28.26:175][  0]MapCheck: Map check complete: 0 Error(s), 0 Warning(s), took 49.268ms to complete.
[2018.05.13-03.28.26:175][  0]LogFileHelpers: Loading map 'L_Level01' took 0.516
[2018.05.13-03.28.26:244][  0]LogWindowsTextInputMethodSystem: Display: IME system now deactivated.
[2018.05.13-03.28.26:244][  0]LogWindowsTextInputMethodSystem: Display: IME system now deactivated.
[2018.05.13-03.28.26:306][  0]LogCollectionManager: Loaded 0 collections in 0.001862 seconds
[2018.05.13-03.28.26:348][  0]LogFileCache: Scanning file cache for directory 'C:/Users/vikky/Documents/GitHub/Danger-Bee/Saved/Collections/' took 0.01s
[2018.05.13-03.28.26:348][  0]LogFileCache: Scanning file cache for directory 'C:/Users/vikky/Documents/GitHub/Danger-Bee/Content/Developers/vikky/Collections/' took 0.01s
[2018.05.13-03.28.26:348][  0]LogFileCache: Scanning file cache for directory 'C:/Users/vikky/Documents/GitHub/Danger-Bee/Content/Collections/' took 0.01s
[2018.05.13-03.28.26:348][  0]LogCollectionManager: Rebuilt the GUID cache for 0 collections in 0.000001 seconds
[2018.05.13-03.28.26:356][  0]LogContentBrowser: Native class hierarchy populated in 0.0076 seconds. Added 2469 classes and 565 folders.
[2018.05.13-03.28.26:361][  0]LogContentBrowser: Native class hierarchy updated for 'WidgetCarousel' in 0.0002 seconds. Added 0 classes and 0 folders.
[2018.05.13-03.28.26:399][  0]LogContentBrowser: Native class hierarchy updated for 'AddContentDialog' in 0.0002 seconds. Added 0 classes and 0 folders.
[2018.05.13-03.28.26:403][  0]LogContentBrowser: Native class hierarchy updated for 'SceneOutliner' in 0.0002 seconds. Added 1 classes and 2 folders.
[2018.05.13-03.28.26:466][  0]LogSlate: Took 0.000259 seconds to synchronously load lazily loaded font '../../../Engine/Content/Slate/Fonts/Roboto-Regular.ttf' (155K)
[2018.05.13-03.28.26:470][  0]LogSlate: Took 0.000261 seconds to synchronously load lazily loaded font '../../../Engine/Content/Slate/Fonts/Roboto-Bold.ttf' (160K)
[2018.05.13-03.28.26:474][  0]LogSlate: Took 0.000230 seconds to synchronously load lazily loaded font '../../../Engine/Content/Editor/Slate/Fonts/FontAwesome.ttf' (139K)
[2018.05.13-03.28.26:548][  0]LogRenderer: Reallocating scene render targets to support 1576x532 Format 10 NumSamples 1 (Frame:1).
[2018.05.13-03.28.26:581][  0]LogSlate: Took 0.000172 seconds to synchronously load lazily loaded font '../../../Engine/Content/Slate/Fonts/Roboto-Light.ttf' (167K)
[2018.05.13-03.28.26:651][  0]LogContentBrowser: Native class hierarchy updated for 'HierarchicalLODOutliner' in 0.0002 seconds. Added 0 classes and 0 folders.
[2018.05.13-03.28.26:651][  0]LogLoad: (Engine Initialization) Total time: 9.96 seconds
[2018.05.13-03.28.26:651][  0]LogLoad: (Engine Initialization) Total Blueprint compile time: 0.00 seconds
[2018.05.13-03.28.26:692][  0]LogContentStreaming: Texture pool size now 1000 MB
[2018.05.13-03.28.26:772][  1]LogFMOD: File has changed: ../../../../../../Users/vikky/Documents/GitHub/Danger-Bee/Content/FMOD/Desktop/Master Bank.strings.bank
[2018.05.13-03.28.26:858][  1]LogFMOD: Loading strings bank: ../../../../../../Users/vikky/Documents/GitHub/Danger-Bee/Content/FMOD/Desktop/Master Bank.strings.bank
[2018.05.13-03.28.26:859][  1]LogFMOD: Skipping asset: bank:/Master Bank.strings
[2018.05.13-03.28.26:859][  1]LogFMOD: Skipping asset: bus:/
[2018.05.13-03.28.26:860][  1]LogFMOD: Default sample rate = 48000
[2018.05.13-03.28.26:860][  1]LogFMOD: System sample rate = 48000
[2018.05.13-03.28.26:860][  1]LogFMOD: Matching system sample rate 48000
[2018.05.13-03.28.27:008][  1]LogFMOD: Default sample rate = 48000
[2018.05.13-03.28.27:009][  1]LogFMOD: System sample rate = 48000
[2018.05.13-03.28.27:009][  1]LogFMOD: Matching system sample rate 48000
[2018.05.13-03.28.27:065][  1]LogFileCache: Retrieving MD5 hashes for directory 'C:/Users/vikky/Documents/GitHub/Danger-Bee/Content/' took 0.39s
[2018.05.13-03.28.27:078][  1]LogAssetRegistry: Asset discovery search completed in 5.8913 seconds
[2018.05.13-03.28.27:080][  1]LogCollectionManager: Rebuilt the object cache for 0 collections in 0.000001 seconds (found 0 objects)
[2018.05.13-03.28.27:080][  1]LogCollectionManager: Fixed up redirectors for 0 collections in 0.000041 seconds (updated 0 objects)
[2018.05.13-03.28.27:685][ 48]LogSlate: Took 0.000148 seconds to synchronously load lazily loaded font '../../../Engine/Content/Slate/Fonts/Roboto-Light.ttf' (167K)
[2018.05.13-03.28.32:397][573]LogSlate: FSceneViewport::OnFocusLost() reason 0
[2018.05.13-03.28.33:638][715]LogUObjectGlobals: Created PersistentFrame Addr=0x000002d9e1096418, Size=4, Default__BP_Snail_C Function /Game/Blueprints/BP_Snail.BP_Snail_C:ExecuteUbergraph_BP_Snail
[2018.05.13-03.28.33:640][715]LogUObjectGlobals: Destroyed PersistentFrame Addr=0x000002d9e1096418, Size=4
[2018.05.13-03.28.33:640][715]LogUObjectGlobals: Created PersistentFrame Addr=0x000002d9e1096418, Size=4, Default__BP_Snail_C Function /Engine/Transient.REINST_BP_Snail_C_17:ExecuteUbergraph_BP_Snail
[2018.05.13-03.28.33:641][715]LogUObjectGlobals: Created PersistentFrame Addr=0x000002d9e1096340, Size=4, Default__BP_Snail_C Function /Game/Blueprints/BP_Snail.BP_Snail_C:ExecuteUbergraph_BP_Snail
[2018.05.13-03.28.33:893][715]LogAIModule: Creating AISystem for world L_LevelNicoleBigger2
[2018.05.13-03.28.33:981][715]LogUObjectGlobals: Destroyed PersistentFrame Addr=0x000002d9e1096418, Size=4
[2018.05.13-03.28.33:982][715]Cmd: MAP LOAD FILE="../../../../../../Users/vikky/Documents/GitHub/Danger-Bee/Content/Maps/L_LevelNicoleBigger2.umap" TEMPLATE=0 SHOWPROGRESS=1 FEATURELEVEL=3
[2018.05.13-03.28.33:982][715]LightingResults: New page: Lighting Build
[2018.05.13-03.28.33:983][715]LoadErrors: New page: Loading map: L_LevelNicoleBigger2.umap
[2018.05.13-03.28.33:983][715]MapCheck: New page: Map Check
[2018.05.13-03.28.33:984][715]LightingResults: New page: Lighting Build
[2018.05.13-03.28.34:183][715]LogEditorServer: Finished looking for orphan Actors (0.000 secs)
[2018.05.13-03.28.34:239][715]Cmd: MAP CHECKDEP NOCLEARLOG
[2018.05.13-03.28.34:299][715]MapCheck: Map check complete: 0 Error(s), 0 Warning(s), took 60.011ms to complete.
[2018.05.13-03.28.34:299][715]LogFileHelpers: Loading map 'L_LevelNicoleBigger2' took 0.316
[2018.05.13-03.28.42:995][ 52]LogEditorViewport: Clicking on Actor (LMB): StaticMeshActor (SM_Room_01)
[2018.05.13-03.28.45:505][122]LogSlate: FSceneViewport::OnFocusLost() reason 0
[2018.05.13-03.28.56:656][241]LogFactory: FactoryCreateFile: StaticMesh with FbxFactory (0 0 ../../../../../../Users/vikky/Desktop/GameJam/ExternalModels/SM_Room_02.FBX)
[2018.05.13-03.28.56:664][241]LogFbx: ItemName: GlobalSettings, ItemCount : 1
[2018.05.13-03.28.56:664][241]LogFbx: ItemName: AnimationStack, ItemCount : 1
[2018.05.13-03.28.56:664][241]LogFbx: ItemName: AnimationLayer, ItemCount : 1
[2018.05.13-03.28.56:664][241]LogFbx: ItemName: Model, ItemCount : 1
[2018.05.13-03.28.56:664][241]LogFbx: ItemName: Geometry, ItemCount : 1
[2018.05.13-03.28.56:669][241]LogFbx: Loading FBX Scene from ../../../../../../Users/vikky/Desktop/GameJam/ExternalModels/SM_Room_02.FBX
[2018.05.13-03.28.56:674][241]LogFbx: FBX Scene Loaded Succesfully
[2018.05.13-03.28.58:425][241]LogSlate: Window 'FBX Import Options' being destroyed
[2018.05.13-03.28.58:463][241]LogFbx: Loading FBX Scene from ../../../../../../Users/vikky/Desktop/GameJam/ExternalModels/SM_Room_02.FBX
[2018.05.13-03.28.58:470][241]LogFbx: FBX Scene Loaded Succesfully
[2018.05.13-03.28.58:470][241]LogFbx: Warning: Triangulating static mesh SM_Room_02
[2018.05.13-03.28.58:472][241]LogStaticMesh: Building static mesh SM_Room_02...
[2018.05.13-03.28.58:473][241]LogStaticMesh: Built static mesh [0.00s] /Game/Assets/Meshes/SM_Room_02.SM_Room_02
[2018.05.13-03.29.45:706][115]LogSlate: FSceneViewport::OnFocusLost() reason 0
[2018.05.13-03.29.46:926][119]LogSlate: Window 'Save Content' being destroyed
[2018.05.13-03.29.46:963][119]Cmd: OBJ SAVEPACKAGE PACKAGE="/Game/Assets/Meshes/SM_Room_02" FILE="../../../../../../Users/vikky/Documents/GitHub/Danger-Bee/Content/Assets/Meshes/SM_Room_02.uasset" SILENT=true
[2018.05.13-03.29.46:979][119]LogSavePackage: Save=13.00ms
[2018.05.13-03.29.46:979][119]LogSavePackage: Moving '../../../../../../Users/vikky/Documents/GitHub/Danger-Bee/Saved/SM_Room_02628CFDE646FBC115A9DCFAA81D8B94A3.tmp' to '../../../../../../Users/vikky/Documents/GitHub/Danger-Bee/Content/Assets/Meshes/SM_Room_02.uasset'
[2018.05.13-03.29.46:982][119]LogSavePackage: Display: Finished SavePackage ../../../../../../Users/vikky/Documents/GitHub/Danger-Bee/Content/Assets/Meshes/SM_Room_02.uasset
[2018.05.13-03.29.47:841][119]LogSavePackage: Save=765.71ms
[2018.05.13-03.29.47:841][119]LogSavePackage: Moving '../../../../../../Users/vikky/Documents/GitHub/Danger-Bee/Saved/L_LevelNicoleBigger28C96B3D2443F5E36A05AE88C74946EFB.tmp' to '../../../../../../Users/vikky/Documents/GitHub/Danger-Bee/Content/Maps/L_LevelNicoleBigger2.umap'
[2018.05.13-03.29.47:845][119]LogSavePackage: Display: Finished SavePackage ../../../../../../Users/vikky/Documents/GitHub/Danger-Bee/Content/Maps/L_LevelNicoleBigger2.umap
[2018.05.13-03.29.47:895][119]LogFileHelpers: Saving map 'L_LevelNicoleBigger2' took 0.909
[2018.05.13-03.29.53:689][379]LogEditorViewport: Clicking on Actor (LMB): StaticMeshActor (SM_Room_01)
[2018.05.13-03.29.54:384][419]LogEditorViewport: Clicking on Actor (LMB): StaticMeshActor (SM_Room_01)
[2018.05.13-03.29.55:789][505]LogEditorViewport: Clicking on Actor (LMB): StaticMeshActor (SM_Room_01)
[2018.05.13-03.30.34:323][657]LogSlate: FSceneViewport::OnFocusLost() reason 2
[2018.05.13-03.30.35:335][708]LogEditorViewport: Clicking on Actor (LMB): StaticMeshActor (SM_Room_01)
[2018.05.13-03.30.39:423][967]LogSlate: FSceneViewport::OnFocusLost() reason 0
[2018.05.13-03.30.42:802][202]LogEditorViewport: Clicking on Actor (LMB): StaticMeshActor (SM_Room_01)
[2018.05.13-03.30.47:095][473]LogSlate: FSceneViewport::OnFocusLost() reason 0
[2018.05.13-03.30.50:954][730]LogEditorViewport: Clicking Background
[2018.05.13-03.30.51:799][782]LogEditorViewport: Clicking on Actor (LMB): StaticMeshActor (SM_Room_02)
[2018.05.13-03.30.53:093][860]LogEditorViewport: Clicking on Actor (LMB): StaticMeshActor (SM_Room_02)
[2018.05.13-03.31.03:161][727]LogSlate: FSceneViewport::OnFocusLost() reason 0
[2018.05.13-03.31.12:293][225]LogSlate: FSceneViewport::OnFocusLost() reason 0
[2018.05.13-03.31.21:019][677]LogSlate: FSceneViewport::OnFocusLost() reason 0
[2018.05.13-03.31.28:611][995]LogSlate: FSceneViewport::OnFocusLost() reason 0
[2018.05.13-03.31.30:950][ 98]LogEditorActor: Deleted Actor: StaticMeshActor
[2018.05.13-03.31.30:951][ 98]LogEditorActor: Deleted Actor: StaticMeshActor
[2018.05.13-03.31.30:951][ 98]LogEditorActor: Deleted Actor: StaticMeshActor
[2018.05.13-03.31.30:962][ 98]LogEditorActor: Deleted 3 Actors (0.014 secs)
[2018.05.13-03.31.42:632][689]LogSlate: FSceneViewport::OnFocusLost() reason 0
[2018.05.13-03.31.50:692][ 47]LogEditorActor: Deleted Actor: StaticMeshActor
[2018.05.13-03.31.50:692][ 47]LogEditorActor: Deleted Actor: StaticMeshActor
[2018.05.13-03.31.50:704][ 47]LogEditorActor: Deleted 2 Actors (0.026 secs)
[2018.05.13-03.31.53:034][140]LogEditorActor: Deleted Actor: StaticMeshActor
[2018.05.13-03.31.53:045][140]LogEditorActor: Deleted 1 Actors (0.024 secs)
[2018.05.13-03.31.54:382][198]LogEditorActor: Deleted Actor: StaticMeshActor
[2018.05.13-03.31.54:393][198]LogEditorActor: Deleted 1 Actors (0.028 secs)
[2018.05.13-03.31.57:608][355]Cmd: DELETE
[2018.05.13-03.31.57:608][355]Cmd: ACTOR DELETE
[2018.05.13-03.31.57:622][355]LogEditorActor: Deleted Actor: StaticMeshActor
[2018.05.13-03.31.57:633][355]LogEditorActor: Deleted 1 Actors (0.025 secs)
[2018.05.13-03.31.58:247][396]LogSlate: FSceneViewport::OnFocusLost() reason 0
[2018.05.13-03.31.59:039][448]LogEditorActor: Deleted Actor: StaticMeshActor
[2018.05.13-03.31.59:049][448]LogEditorActor: Deleted 1 Actors (0.024 secs)
[2018.05.13-03.32.06:146][842]LogSlate: FSceneViewport::OnFocusLost() reason 0
[2018.05.13-03.32.09:127][957]Cmd: DELETE
[2018.05.13-03.32.09:127][957]Cmd: ACTOR DELETE
[2018.05.13-03.32.09:143][957]LogEditorActor: Deleted Actor: StaticMeshActor
[2018.05.13-03.32.09:155][957]LogEditorActor: Deleted 1 Actors (0.027 secs)
[2018.05.13-03.32.10:220][  2]LogSlate: FSceneViewport::OnFocusLost() reason 0
[2018.05.13-03.32.10:978][ 34]LogEditorActor: Deleted Actor: StaticMeshActor
[2018.05.13-03.32.10:990][ 34]LogEditorActor: Deleted 1 Actors (0.031 secs)
[2018.05.13-03.32.14:577][177]LogSlate: FSceneViewport::OnFocusLost() reason 0
[2018.05.13-03.32.15:941][221]LogEditorActor: Deleted Actor: StaticMeshActor
[2018.05.13-03.32.15:952][221]LogEditorActor: Deleted 1 Actors (0.024 secs)
[2018.05.13-03.32.19:302][334]LogEditorActor: Deleted Actor: StaticMeshActor
[2018.05.13-03.32.19:313][334]LogEditorActor: Deleted 1 Actors (0.024 secs)
[2018.05.13-03.32.20:700][381]LogEditorActor: Deleted Actor: StaticMeshActor
[2018.05.13-03.32.20:711][381]LogEditorActor: Deleted 1 Actors (0.024 secs)
[2018.05.13-03.32.21:984][427]LogEditorActor: Deleted Actor: StaticMeshActor
[2018.05.13-03.32.21:994][427]LogEditorActor: Deleted 1 Actors (0.024 secs)
[2018.05.13-03.32.31:519][673]LogSlate: FSceneViewport::OnFocusLost() reason 0
[2018.05.13-03.32.32:824][674]LogSlate: Window 'Save Content' being destroyed
[2018.05.13-03.32.33:676][674]LogSavePackage: Save=749.87ms
[2018.05.13-03.32.33:676][674]LogSavePackage: Moving '../../../../../../Users/vikky/Documents/GitHub/Danger-Bee/Saved/L_LevelNicoleBigger29EBC76E445E8F06C49F4D99CA35CA869.tmp' to '../../../../../../Users/vikky/Documents/GitHub/Danger-Bee/Content/Maps/L_LevelNicoleBigger2.umap'
[2018.05.13-03.32.33:679][674]LogSavePackage: Display: Finished SavePackage ../../../../../../Users/vikky/Documents/GitHub/Danger-Bee/Content/Maps/L_LevelNicoleBigger2.umap
[2018.05.13-03.32.33:718][674]LogFileHelpers: Saving map 'L_LevelNicoleBigger2' took 0.877
[2018.05.13-03.32.48:512][938]LogSlate: FSceneViewport::OnFocusLost() reason 0
[2018.05.13-03.32.59:744][136]LogSlate: FSceneViewport::OnFocusLost() reason 0
[2018.05.13-03.33.03:969][178]LogEditorViewport: Clicking on Actor (LMB): StaticMeshActor (SM_Room_02)
[2018.05.13-03.34.03:587][498]LogSlate: FSceneViewport::OnFocusLost() reason 2
[2018.05.13-03.35.54:423][946]LogSlate: Window 'GameJam - Unreal Editor' being destroyed
[2018.05.13-03.35.54:625][947]Cmd: QUIT_EDITOR
[2018.05.13-03.35.54:637][947]LogWindowsTextInputMethodSystem: Display: IME system now deactivated.
[2018.05.13-03.35.54:637][947]LogWindowsTextInputMethodSystem: Display: IME system now deactivated.
[2018.05.13-03.35.54:649][947]LogSlate: Slate User Destroyed.  User Index 0, Is Virtual User: 0
[2018.05.13-03.35.54:649][947]LogExit: Preparing to exit.
[2018.05.13-03.35.54:726][947]LogDirectoryWatcher: A directory notification for 'C:/Users/vikky/Documents/GitHub/Danger-Bee/Content/' was aborted.
[2018.05.13-03.35.54:752][947]LogExit: Editor shut down
[2018.05.13-03.35.54:755][947]LogExit: Transaction tracking system shut down
[2018.05.13-03.35.54:756][947]LogUObjectGlobals: Destroyed PersistentFrame Addr=0x000002d9a4b36680, Size=368
[2018.05.13-03.35.54:756][947]LogUObjectGlobals: Destroyed PersistentFrame Addr=0x000002d99c395d80, Size=4
[2018.05.13-03.35.54:757][947]LogUObjectGlobals: Destroyed PersistentFrame Addr=0x000002d99ba0a780, Size=208
[2018.05.13-03.35.54:758][947]LogUObjectGlobals: Destroyed PersistentFrame Addr=0x000002d99b9947c0, Size=272
[2018.05.13-03.35.54:758][947]LogUObjectGlobals: Destroyed PersistentFrame Addr=0x000002d9e1096340, Size=4
[2018.05.13-03.35.54:758][947]LogUObjectGlobals: Destroyed PersistentFrame Addr=0x000002d99b3c1d00, Size=1408
[2018.05.13-03.35.54:895][947]LogDirectoryWatcher: A directory notification for '../../../Engine/Content/' was aborted.
[2018.05.13-03.35.54:895][947]LogDirectoryWatcher: A directory notification for '../../../../../../Users/vikky/Documents/GitHub/Danger-Bee/Content/' was aborted.
[2018.05.13-03.35.54:895][947]LogDirectoryWatcher: A directory notification for '../../Plugins/2D/Paper2D/Content/' was aborted.
[2018.05.13-03.35.54:895][947]LogDirectoryWatcher: A directory notification for '../../Plugins/Enterprise/DatasmithContent/Content/' was aborted.
[2018.05.13-03.35.54:895][947]LogDirectoryWatcher: A directory notification for '../../Plugins/Media/MediaCompositing/Content/' was aborted.
[2018.05.13-03.35.54:895][947]LogDirectoryWatcher: A directory notification for '../../Plugins/Runtime/AppleARKit/Content/' was aborted.
[2018.05.13-03.35.54:895][947]LogDirectoryWatcher: A directory notification for '../../Plugins/Runtime/Oculus/OculusVR/Content/' was aborted.
[2018.05.13-03.35.54:895][947]LogDirectoryWatcher: A directory notification for '../../Plugins/Runtime/Steam/SteamVR/Content/' was aborted.
[2018.05.13-03.35.54:895][947]LogDirectoryWatcher: A directory notification for '../../../../../../Users/vikky/Documents/GitHub/Danger-Bee/Plugins/FMODStudio/Content/' was aborted.
[2018.05.13-03.35.54:943][947]LogExit: Object subsystem successfully closed.
[2018.05.13-03.35.54:960][947]LogShaderCompilers: Display: Shaders left to compile 0
[2018.05.13-03.35.54:964][947]LogD3D11RHI: Shutdown
[2018.05.13-03.35.54:964][947]LogD3D11RHI: CleanupD3DDevice
[2018.05.13-03.35.54:968][947]LogD3D11RHI: ~FD3D11DynamicRHI
[2018.05.13-03.35.54:983][947]LogModuleManager: Shutting down and abandoning module HierarchicalLODUtilities (580)
[2018.05.13-03.35.54:983][947]LogModuleManager: Shutting down and abandoning module HierarchicalLODOutliner (578)
[2018.05.13-03.35.54:983][947]LogModuleManager: Shutting down and abandoning module SceneOutliner (576)
[2018.05.13-03.35.54:983][947]LogModuleManager: Shutting down and abandoning module AddContentDialog (574)
[2018.05.13-03.35.54:983][947]LogDirectoryWatcher: A directory notification for 'C:/Program Files/Epic Games/UE_4.19/FeaturePacks/' was aborted.
[2018.05.13-03.35.54:983][947]LogDirectoryWatcher: A directory notification for 'C:/Program Files/Epic Games/UE_4.19/Enterprise/FeaturePacks/' was aborted.
[2018.05.13-03.35.54:984][947]LogModuleManager: Shutting down and abandoning module WidgetCarousel (573)
[2018.05.13-03.35.54:984][947]LogModuleManager: Shutting down and abandoning module EditorWidgets (570)
[2018.05.13-03.35.54:984][947]LogModuleManager: Shutting down and abandoning module CollectionManager (568)
[2018.05.13-03.35.54:984][947]LogDirectoryWatcher: A directory notification for 'C:/Users/vikky/Documents/GitHub/Danger-Bee/Content/Collections/' was aborted.
[2018.05.13-03.35.54:984][947]LogDirectoryWatcher: A directory notification for 'C:/Users/vikky/Documents/GitHub/Danger-Bee/Content/Developers/vikky/Collections/' was aborted.
[2018.05.13-03.35.54:984][947]LogDirectoryWatcher: A directory notification for 'C:/Users/vikky/Documents/GitHub/Danger-Bee/Saved/Collections/' was aborted.
[2018.05.13-03.35.54:984][947]LogModuleManager: Shutting down and abandoning module StatsViewer (566)
[2018.05.13-03.35.54:984][947]LogModuleManager: Shutting down and abandoning module FoliageEdit (564)
[2018.05.13-03.35.54:984][947]LogModuleManager: Shutting down and abandoning module LandscapeEditor (562)
[2018.05.13-03.35.54:984][947]LogModuleManager: Shutting down and abandoning module MeshPaintMode (560)
[2018.05.13-03.35.54:984][947]LogModuleManager: Shutting down and abandoning module SceneDepthPickerMode (558)
[2018.05.13-03.35.54:984][947]LogModuleManager: Shutting down and abandoning module ActorPickerMode (556)
[2018.05.13-03.35.54:984][947]LogModuleManager: Shutting down and abandoning module GeometryMode (554)
[2018.05.13-03.35.54:984][947]LogModuleManager: Shutting down and abandoning module TextureAlignMode (552)
[2018.05.13-03.35.54:984][947]LogModuleManager: Shutting down and abandoning module BspMode (550)
[2018.05.13-03.35.54:984][947]LogModuleManager: Shutting down and abandoning module PIEPreviewDeviceProfileSelector (548)
[2018.05.13-03.35.54:984][947]LogModuleManager: Shutting down and abandoning module HardwareSurvey (546)
[2018.05.13-03.35.54:984][947]LogModuleManager: Shutting down and abandoning module SequenceRecorderSections (544)
[2018.05.13-03.35.54:984][947]LogModuleManager: Shutting down and abandoning module AutomationWorker (542)
[2018.05.13-03.35.54:984][947]LogModuleManager: Shutting down and abandoning module AudioCaptureEditor (540)
[2018.05.13-03.35.54:984][947]LogModuleManager: Shutting down and abandoning module SequenceRecorder (539)
[2018.05.13-03.35.54:984][947]LogModuleManager: Shutting down and abandoning module MatineeToLevelSequence (536)
[2018.05.13-03.35.54:984][947]LogModuleManager: Shutting down and abandoning module LevelSequenceEditor (534)
[2018.05.13-03.35.54:985][947]LogModuleManager: Shutting down and abandoning module PlacementMode (533)
[2018.05.13-03.35.54:985][947]LogModuleManager: Shutting down and abandoning module MaterialEditor (532)
[2018.05.13-03.35.54:985][947]LogModuleManager: Shutting down and abandoning module WmfMediaFactory (528)
[2018.05.13-03.35.54:985][947]LogModuleManager: Shutting down and abandoning module WmfMediaEditor (526)
[2018.05.13-03.35.54:985][947]LogModuleManager: Shutting down and abandoning module MediaPlayerEditor (524)
[2018.05.13-03.35.54:985][947]LogModuleManager: Shutting down and abandoning module OpenExrWrapper (522)
[2018.05.13-03.35.54:985][947]LogModuleManager: Shutting down and abandoning module ImgMediaFactory (520)
[2018.05.13-03.35.54:985][947]LogModuleManager: Shutting down and abandoning module ImgMediaEditor (518)
[2018.05.13-03.35.54:985][947]LogModuleManager: Shutting down and abandoning module AvfMediaFactory (516)
[2018.05.13-03.35.54:985][947]LogModuleManager: Shutting down and abandoning module AvfMediaEditor (514)
[2018.05.13-03.35.54:985][947]LogModuleManager: Shutting down and abandoning module AndroidMediaFactory (512)
[2018.05.13-03.35.54:985][947]LogModuleManager: Shutting down and abandoning module AndroidMediaEditor (510)
[2018.05.13-03.35.54:985][947]LogModuleManager: Shutting down and abandoning module CharacterAI (508)
[2018.05.13-03.35.54:985][947]LogModuleManager: Shutting down and abandoning module SmartSnapping (506)
[2018.05.13-03.35.54:985][947]LogModuleManager: Shutting down and abandoning module SessionServices (504)
[2018.05.13-03.35.54:985][947]LogModuleManager: Shutting down and abandoning module ViewportSnapping (502)
[2018.05.13-03.35.54:985][947]LogModuleManager: Shutting down and abandoning module ViewportInteraction (500)
[2018.05.13-03.35.54:985][947]LogModuleManager: Shutting down and abandoning module ClothPainter (498)
[2018.05.13-03.35.54:985][947]LogModuleManager: Shutting down and abandoning module SkeletalMeshEditor (497)
[2018.05.13-03.35.54:985][947]LogModuleManager: Shutting down and abandoning module LogVisualizer (494)
[2018.05.13-03.35.54:985][947]LogModuleManager: Shutting down and abandoning module IntroTutorials (492)
[2018.05.13-03.35.54:985][947]LogModuleManager: Shutting down and abandoning module GameProjectGeneration (491)
[2018.05.13-03.35.54:985][947]LogModuleManager: Shutting down and abandoning module IOSPlatformEditor (488)
[2018.05.13-03.35.54:985][947]LogModuleManager: Shutting down and abandoning module HTML5PlatformEditor (486)
[2018.05.13-03.35.54:985][947]LogModuleManager: Shutting down and abandoning module AndroidPlatformEditor (484)
[2018.05.13-03.35.54:985][947]LogModuleManager: Shutting down and abandoning module AndroidDeviceDetection (483)
[2018.05.13-03.35.55:303][947]LogModuleManager: Shutting down and abandoning module WindowsPlatformEditor (480)
[2018.05.13-03.35.55:303][947]LogModuleManager: Shutting down and abandoning module IOSRuntimeSettings (478)
[2018.05.13-03.35.55:303][947]LogModuleManager: Shutting down and abandoning module AndroidRuntimeSettings (476)
[2018.05.13-03.35.55:303][947]LogModuleManager: Shutting down and abandoning module InputBindingEditor (474)
[2018.05.13-03.35.55:303][947]LogModuleManager: Shutting down and abandoning module MergeActors (472)
[2018.05.13-03.35.55:303][947]LogModuleManager: Shutting down and abandoning module LocalizationDashboard (470)
[2018.05.13-03.35.55:303][947]LogModuleManager: Shutting down and abandoning module LocalizationService (469)
[2018.05.13-03.35.55:303][947]LogModuleManager: Shutting down and abandoning module HardwareTargeting (466)
[2018.05.13-03.35.55:303][947]LogModuleManager: Shutting down and abandoning module DeviceProfileEditor (464)
[2018.05.13-03.35.55:303][947]LogModuleManager: Shutting down and abandoning module UndoHistory (462)
[2018.05.13-03.35.55:303][947]LogModuleManager: Shutting down and abandoning module XmlParser (460)
[2018.05.13-03.35.55:303][947]LogModuleManager: Shutting down and abandoning module Blutility (458)
[2018.05.13-03.35.55:304][947]LogModuleManager: Shutting down and abandoning module ProjectSettingsViewer (456)
[2018.05.13-03.35.55:304][947]LogModuleManager: Shutting down and abandoning module ProjectTargetPlatformEditor (455)
[2018.05.13-03.35.55:304][947]LogModuleManager: Shutting down and abandoning module EditorSettingsViewer (452)
[2018.05.13-03.35.55:304][947]LogModuleManager: Shutting down and abandoning module SettingsEditor (450)
[2018.05.13-03.35.55:304][947]LogModuleManager: Shutting down and abandoning module ProjectLauncher (448)
[2018.05.13-03.35.55:304][947]LogModuleManager: Shutting down and abandoning module SessionFrontend (446)
[2018.05.13-03.35.55:304][947]LogModuleManager: Shutting down and abandoning module ProfilerClient (444)
[2018.05.13-03.35.55:304][947]LogModuleManager: Shutting down and abandoning module DeviceManager (442)
[2018.05.13-03.35.55:304][947]LogModuleManager: Shutting down and abandoning module TargetDeviceServices (441)
[2018.05.13-03.35.55:357][947]LogModuleManager: Shutting down and abandoning module AutomationController (438)
[2018.05.13-03.35.55:357][947]LogModuleManager: Shutting down and abandoning module AutomationWindow (436)
[2018.05.13-03.35.55:357][947]LogModuleManager: Shutting down and abandoning module Layers (434)
[2018.05.13-03.35.55:357][947]LogModuleManager: Shutting down and abandoning module ComponentVisualizers (432)
[2018.05.13-03.35.55:357][947]LogModuleManager: Shutting down and abandoning module DetailCustomizations (430)
[2018.05.13-03.35.55:357][947]LogModuleManager: Shutting down and abandoning module PackagesDialog (428)
[2018.05.13-03.35.55:357][947]LogModuleManager: Shutting down and abandoning module Persona (426)
[2018.05.13-03.35.55:357][947]LogModuleManager: Shutting down and abandoning module AdvancedPreviewScene (425)
[2018.05.13-03.35.55:357][947]LogModuleManager: Shutting down and abandoning module AnimGraph (423)
[2018.05.13-03.35.55:357][947]LogModuleManager: Shutting down and abandoning module Kismet (420)
[2018.05.13-03.35.55:358][947]LogModuleManager: Shutting down and abandoning module GraphEditor (418)
[2018.05.13-03.35.55:358][947]LogModuleManager: Shutting down and abandoning module ClassViewer (416)
[2018.05.13-03.35.55:358][947]LogModuleManager: Shutting down and abandoning module Toolbox (414)
[2018.05.13-03.35.55:358][947]LogModuleManager: Shutting down and abandoning module ModuleUI (412)
[2018.05.13-03.35.55:358][947]LogModuleManager: Shutting down and abandoning module MovieSceneTools (410)
[2018.05.13-03.35.55:358][947]LogModuleManager: Shutting down and abandoning module OutputLog (408)
[2018.05.13-03.35.55:358][947]LogModuleManager: Shutting down and abandoning module GammaUI (406)
[2018.05.13-03.35.55:358][947]LogModuleManager: Shutting down and abandoning module Documentation (404)
[2018.05.13-03.35.55:358][947]LogModuleManager: Shutting down and abandoning module MovieSceneTracks (402)
[2018.05.13-03.35.55:358][947]LogModuleManager: Shutting down and abandoning module MovieScene (400)
[2018.05.13-03.35.55:358][947]LogModuleManager: Shutting down and abandoning module StreamingPauseRendering (398)
[2018.05.13-03.35.55:358][947]LogModuleManager: Shutting down and abandoning module LauncherPlatform (396)
[2018.05.13-03.35.55:358][947]LogModuleManager: Shutting down and abandoning module AnalyticsET (394)
[2018.05.13-03.35.55:358][947]LogModuleManager: Shutting down and abandoning module PortalServices (392)
[2018.05.13-03.35.55:358][947]LogModuleManager: Shutting down and abandoning module PortalRpc (390)
[2018.05.13-03.35.55:358][947]LogModuleManager: Shutting down and abandoning module MessagingRpc (388)
[2018.05.13-03.35.55:358][947]LogModuleManager: Shutting down and abandoning module AIModule (386)
[2018.05.13-03.35.55:358][947]LogModuleManager: Shutting down and abandoning module GameplayDebugger (385)
[2018.05.13-03.35.55:358][947]LogModuleManager: Shutting down and abandoning module AITestSuite (383)
[2018.05.13-03.35.55:358][947]LogModuleManager: Shutting down and abandoning module DesktopPlatform (380)
[2018.05.13-03.35.55:358][947]LogModuleManager: Shutting down and abandoning module ProfilerService (378)
[2018.05.13-03.35.55:429][947]LogModuleManager: Shutting down and abandoning module TaskGraph (376)
[2018.05.13-03.35.55:429][947]LogModuleManager: Shutting down and abandoning module FMODStudioEditor (374)
[2018.05.13-03.35.55:429][947]LogModuleManager: Shutting down and abandoning module SteamVRController (372)
[2018.05.13-03.35.55:429][947]LogModuleManager: Shutting down and abandoning module ProceduralMeshComponentEditor (370)
[2018.05.13-03.35.55:429][947]LogModuleManager: Shutting down and abandoning module ProceduralMeshComponent (368)
[2018.05.13-03.35.55:429][947]LogModuleManager: Shutting down and abandoning module OculusInput (366)
[2018.05.13-03.35.55:429][947]LogModuleManager: Shutting down and abandoning module MobilePatchingUtils (364)
[2018.05.13-03.35.55:429][947]LogModuleManager: Shutting down and abandoning module CustomMeshComponent (362)
[2018.05.13-03.35.55:429][947]LogModuleManager: Shutting down and abandoning module CableComponent (360)
[2018.05.13-03.35.55:429][947]LogModuleManager: Shutting down and abandoning module AudioCapture (358)
[2018.05.13-03.35.55:429][947]LogModuleManager: Shutting down and abandoning module ArchVisCharacter (356)
[2018.05.13-03.35.55:429][947]LogModuleManager: Shutting down and abandoning module AndroidPermission (354)
[2018.05.13-03.35.55:429][947]LogModuleManager: Shutting down and abandoning module NUTUnrealEngine4 (350)
[2018.05.13-03.35.55:429][947]LogModuleManager: Shutting down and abandoning module NetcodeUnitTest (348)
[2018.05.13-03.35.55:429][947]LogModuleManager: Shutting down and abandoning module MediaCompositingEditor (346)
[2018.05.13-03.35.55:429][947]LogModuleManager: Shutting down and abandoning module MediaCompositing (344)
[2018.05.13-03.35.55:429][947]LogModuleManager: Shutting down and abandoning module LinearTimecode (342)
[2018.05.13-03.35.55:429][947]LogModuleManager: Shutting down and abandoning module ImgMedia (340)
[2018.05.13-03.35.55:432][947]LogModuleManager: Shutting down and abandoning module HTML5Networking (338)
[2018.05.13-03.35.55:432][947]LogModuleManager: Shutting down and abandoning module AlembicImporter (336)
[2018.05.13-03.35.55:432][947]LogModuleManager: Shutting down and abandoning module AlembicLibrary (335)
[2018.05.13-03.35.55:432][947]LogModuleManager: Shutting down and abandoning module GeometryCache (334)
[2018.05.13-03.35.55:432][947]LogModuleManager: Shutting down and abandoning module GeometryCacheEd (333)
[2018.05.13-03.35.55:433][947]LogModuleManager: Shutting down and abandoning module DatasmithContent (328)
[2018.05.13-03.35.55:433][947]LogModuleManager: Shutting down and abandoning module SpeedTreeImporter (326)
[2018.05.13-03.35.55:433][947]LogModuleManager: Shutting down and abandoning module PluginBrowser (324)
[2018.05.13-03.35.55:433][947]LogModuleManager: Shutting down and abandoning module MobileLauncherProfileWizard (322)
[2018.05.13-03.35.55:433][947]LogModuleManager: Shutting down and abandoning module CryptoKeysOpenSSL (320)
[2018.05.13-03.35.55:433][947]LogModuleManager: Shutting down and abandoning module CryptoKeys (318)
[2018.05.13-03.35.55:433][947]LogModuleManager: Shutting down and abandoning module VisualStudioSourceCodeAccess (316)
[2018.05.13-03.35.55:433][947]LogModuleManager: Shutting down and abandoning module VisualStudioCodeSourceCodeAccess (314)
[2018.05.13-03.35.55:433][947]LogModuleManager: Shutting down and abandoning module UObjectPlugin (312)
[2018.05.13-03.35.55:433][947]LogModuleManager: Shutting down and abandoning module SubversionSourceControl (310)
[2018.05.13-03.35.55:433][947]LogModuleManager: Shutting down and abandoning module PerforceSourceControl (308)
[2018.05.13-03.35.55:433][947]LogModuleManager: Shutting down and abandoning module GitSourceControl (306)
[2018.05.13-03.35.55:433][947]LogModuleManager: Shutting down and abandoning module SourceControl (305)
[2018.05.13-03.35.55:433][947]LogModuleManager: Shutting down and abandoning module CLionSourceCodeAccess (302)
[2018.05.13-03.35.55:433][947]LogModuleManager: Shutting down and abandoning module LightPropagationVolumeEditor (300)
[2018.05.13-03.35.55:433][947]LogModuleManager: Shutting down and abandoning module PaperTiledImporter (298)
[2018.05.13-03.35.55:433][947]LogModuleManager: Shutting down and abandoning module PaperSpriteSheetImporter (296)
[2018.05.13-03.35.55:433][947]LogModuleManager: Shutting down and abandoning module Paper2DEditor (294)
[2018.05.13-03.35.55:433][947]LogModuleManager: Shutting down and abandoning module MeshPaint (293)
[2018.05.13-03.35.55:433][947]LogModuleManager: Shutting down and abandoning module FMODStudio (290)
[2018.05.13-03.35.55:617][947]LogModuleManager: Shutting down and abandoning module RuntimePhysXCooking (288)
[2018.05.13-03.35.55:617][947]LogModuleManager: Shutting down and abandoning module PhysXVehiclesEditor (286)
[2018.05.13-03.35.55:617][947]LogModuleManager: Shutting down and abandoning module PhysXVehicles (284)
[2018.05.13-03.35.55:617][947]LogModuleManager: Shutting down and abandoning module OculusEditor (282)
[2018.05.13-03.35.55:617][947]LogModuleManager: Shutting down and abandoning module LocationServicesBPLibrary (280)
[2018.05.13-03.35.55:617][947]LogModuleManager: Shutting down and abandoning module ImmediatePhysicsEditor (278)
[2018.05.13-03.35.55:617][947]LogModuleManager: Shutting down and abandoning module ImmediatePhysics (276)
[2018.05.13-03.35.55:617][947]LogModuleManager: Shutting down and abandoning module ActorSequence (274)
[2018.05.13-03.35.55:618][947]LogModuleManager: Shutting down and abandoning module UdpMessaging (272)
[2018.05.13-03.35.55:718][947]LogModuleManager: Shutting down and abandoning module TcpMessaging (270)
[2018.05.13-03.35.55:818][947]LogModuleManager: Shutting down and abandoning module GameplayTagsEditor (268)
[2018.05.13-03.35.55:818][947]LogModuleManager: Shutting down and abandoning module FacialAnimationEditor (266)
[2018.05.13-03.35.55:818][947]LogModuleManager: Shutting down and abandoning module FacialAnimation (264)
[2018.05.13-03.35.55:818][947]LogModuleManager: Shutting down and abandoning module DataValidation (262)
[2018.05.13-03.35.55:818][947]LogModuleManager: Shutting down and abandoning module AssetManagerEditor (260)
[2018.05.13-03.35.55:818][947]LogModuleManager: Shutting down and abandoning module LevelEditor (259)
[2018.05.13-03.35.55:819][947]LogModuleManager: Shutting down and abandoning module PixelInspectorModule (258)
[2018.05.13-03.35.55:819][947]LogModuleManager: Shutting down and abandoning module CommonMenuExtensions (256)
[2018.05.13-03.35.55:819][947]LogModuleManager: Shutting down and abandoning module MainFrame (254)
[2018.05.13-03.35.55:819][947]LogModuleManager: Shutting down and abandoning module HotReload (253)
[2018.05.13-03.35.55:820][947]LogDirectoryWatcher: A directory notification for 'C:/Users/vikky/Documents/GitHub/Danger-Bee/Plugins/FMODStudio/Binaries/Win64' was aborted.
[2018.05.13-03.35.55:820][947]LogModuleManager: Shutting down and abandoning module ContentBrowser (249)
[2018.05.13-03.35.55:821][947]LogModuleManager: Shutting down and abandoning module TreeMap (247)
[2018.05.13-03.35.55:821][947]LogModuleManager: Shutting down and abandoning module LightPropagationVolumeRuntime (244)
[2018.05.13-03.35.55:821][947]LogModuleManager: Shutting down and abandoning module LiveLinkEditor (242)
[2018.05.13-03.35.55:821][947]LogModuleManager: Shutting down and abandoning module LiveLink (240)
[2018.05.13-03.35.56:416][947]LogModuleManager: Shutting down and abandoning module Paper2D (238)
[2018.05.13-03.35.56:417][947]LogModuleManager: Shutting down and abandoning module WindowsMoviePlayer (236)
[2018.05.13-03.35.56:417][947]LogModuleManager: Shutting down and abandoning module WmfMedia (234)
[2018.05.13-03.35.56:421][947]LogModuleManager: Shutting down and abandoning module Media (233)
[2018.05.13-03.35.56:427][947]LogModuleManager: Shutting down and abandoning module PacketHandler (230)
[2018.05.13-03.35.56:427][947]LogModuleManager: Shutting down and abandoning module ClothingSystemEditor (228)
[2018.05.13-03.35.56:427][947]LogModuleManager: Shutting down and abandoning module ClothingSystemRuntime (226)
[2018.05.13-03.35.56:427][947]LogModuleManager: Shutting down and abandoning module MediaAssets (224)
[2018.05.13-03.35.56:427][947]LogModuleManager: Shutting down and abandoning module Overlay (222)
[2018.05.13-03.35.56:427][947]LogModuleManager: Shutting down and abandoning module OverlayEditor (221)
[2018.05.13-03.35.56:427][947]LogModuleManager: Shutting down and abandoning module VREditor (218)
[2018.05.13-03.35.56:427][947]LogModuleManager: Shutting down and abandoning module StringTableEditor (216)
[2018.05.13-03.35.56:427][947]LogModuleManager: Shutting down and abandoning module GameplayTasksEditor (214)
[2018.05.13-03.35.56:427][947]LogModuleManager: Shutting down and abandoning module BehaviorTreeEditor (212)
[2018.05.13-03.35.56:427][947]LogModuleManager: Shutting down and abandoning module FunctionalTesting (210)
[2018.05.13-03.35.56:427][947]LogModuleManager: Shutting down and abandoning module CollisionAnalyzer (208)
[2018.05.13-03.35.56:427][947]LogModuleManager: Shutting down and abandoning module WorkspaceMenuStructure (207)
[2018.05.13-03.35.56:427][947]LogModuleManager: Shutting down and abandoning module UMG (204)
[2018.05.13-03.35.56:427][947]LogModuleManager: Shutting down and abandoning module UMGEditor (203)
[2018.05.13-03.35.56:427][947]LogModuleManager: Shutting down and abandoning module Sequencer (202)
[2018.05.13-03.35.56:427][947]LogModuleManager: Shutting down and abandoning module MessageLog (199)
[2018.05.13-03.35.56:427][947]LogModuleManager: Shutting down and abandoning module SlateReflector (194)
[2018.05.13-03.35.56:427][947]LogModuleManager: Shutting down and abandoning module Slate (192)
[2018.05.13-03.35.56:427][947]LogModuleManager: Shutting down and abandoning module EditorStyle (190)
[2018.05.13-03.35.56:428][947]LogModuleManager: Shutting down and abandoning module MRMesh (188)
[2018.05.13-03.35.56:428][947]LogModuleManager: Shutting down and abandoning module SourceCodeAccess (186)
[2018.05.13-03.35.56:428][947]LogModuleManager: Shutting down and abandoning module HeadMountedDisplay (184)
[2018.05.13-03.35.56:429][947]LogModuleManager: Shutting down and abandoning module XAudio2 (182)
[2018.05.13-03.35.56:429][947]LogModuleManager: Shutting down and abandoning module Networking (180)
[2018.05.13-03.35.56:429][947]LogModuleManager: Shutting down and abandoning module Core (178)
[2018.05.13-03.35.56:429][947]LogModuleManager: Shutting down and abandoning module LevelSequence (176)
[2018.05.13-03.35.56:429][947]LogModuleManager: Shutting down and abandoning module KismetCompiler (174)
[2018.05.13-03.35.56:429][947]LogModuleManager: Shutting down and abandoning module MeshUtilities (172)
[2018.05.13-03.35.56:429][947]LogModuleManager: Shutting down and abandoning module MeshMergeUtilities (171)
[2018.05.13-03.35.56:429][947]LogModuleManager: Shutting down and abandoning module MeshReductionInterface (170)
[2018.05.13-03.35.56:429][947]LogModuleManager: Shutting down and abandoning module SimplygonSwarm (169)
[2018.05.13-03.35.56:429][947]LogModuleManager: Shutting down and abandoning module SimplygonMeshReduction (167)
[2018.05.13-03.35.56:429][947]LogModuleManager: Shutting down and abandoning module QuadricMeshReduction (165)
[2018.05.13-03.35.56:429][947]LogModuleManager: Shutting down and abandoning module MaterialBaking (161)
[2018.05.13-03.35.56:429][947]LogModuleManager: Shutting down and abandoning module DirectoryWatcher (157)
[2018.05.13-03.35.56:429][947]LogModuleManager: Shutting down and abandoning module DerivedDataCache (154)
[2018.05.13-03.35.56:510][947]LogDerivedDataCache: Shutdown
[2018.05.13-03.35.56:510][947]LogModuleManager: Shutting down and abandoning module XGEController (152)
[2018.05.13-03.35.56:510][947]LogXGEController: Cleaning working directory: C:/Users/vikky/AppData/Local/Temp/UnrealXGEWorkingDir/
[2018.05.13-03.35.56:510][947]LogModuleManager: Shutting down and abandoning module TargetPlatform (150)
[2018.05.13-03.35.56:510][947]LogModuleManager: Shutting down and abandoning module VulkanShaderFormat (149)
[2018.05.13-03.35.56:510][947]LogModuleManager: Shutting down and abandoning module ShaderFormatVectorVM (147)
[2018.05.13-03.35.56:510][947]LogModuleManager: Shutting down and abandoning module ShaderFormatOpenGL (145)
[2018.05.13-03.35.56:510][947]LogModuleManager: Shutting down and abandoning module ShaderFormatD3D (143)
[2018.05.13-03.35.56:510][947]LogModuleManager: Shutting down and abandoning module MetalShaderFormat (141)
[2018.05.13-03.35.56:510][947]LogModuleManager: Shutting down and abandoning module TextureFormatUncompressed (139)
[2018.05.13-03.35.56:510][947]LogModuleManager: Shutting down and abandoning module TextureFormatPVR (137)
[2018.05.13-03.35.56:510][947]LogModuleManager: Shutting down and abandoning module TextureFormatDXT (135)
[2018.05.13-03.35.56:510][947]LogModuleManager: Shutting down and abandoning module TextureFormatIntelISPCTexComp (133)
[2018.05.13-03.35.56:510][947]LogModuleManager: Shutting down and abandoning module TextureFormatASTC (131)
[2018.05.13-03.35.56:510][947]LogModuleManager: Shutting down and abandoning module ImageWrapper (130)
[2018.05.13-03.35.56:511][947]LogModuleManager: Shutting down and abandoning module TextureFormatAndroid (127)
[2018.05.13-03.35.56:511][947]LogModuleManager: Shutting down and abandoning module AudioFormatOpus (125)
[2018.05.13-03.35.56:511][947]LogModuleManager: Shutting down and abandoning module AudioFormatOgg (123)
[2018.05.13-03.35.56:511][947]LogModuleManager: Shutting down and abandoning module AudioFormatADPCM (121)
[2018.05.13-03.35.56:511][947]LogModuleManager: Shutting down and abandoning module LinuxTargetPlatform (119)
[2018.05.13-03.35.56:511][947]LogModuleManager: Shutting down and abandoning module LinuxServerTargetPlatform (117)
[2018.05.13-03.35.56:511][947]LogModuleManager: Shutting down and abandoning module LinuxNoEditorTargetPlatform (115)
[2018.05.13-03.35.56:511][947]LogModuleManager: Shutting down and abandoning module LinuxClientTargetPlatform (113)
[2018.05.13-03.35.56:511][947]LogModuleManager: Shutting down and abandoning module TVOSTargetPlatform (111)
[2018.05.13-03.35.56:511][947]LogModuleManager: Shutting down and abandoning module Messaging (109)
[2018.05.13-03.35.56:511][947]LogModuleManager: Shutting down and abandoning module IOSTargetPlatform (107)
[2018.05.13-03.35.56:511][947]LogModuleManager: Shutting down and abandoning module HTML5TargetPlatform (105)
[2018.05.13-03.35.56:511][947]LogModuleManager: Shutting down and abandoning module AndroidTargetPlatform (103)
[2018.05.13-03.35.56:511][947]LogModuleManager: Shutting down and abandoning module Android_PVRTCTargetPlatform (101)
[2018.05.13-03.35.56:511][947]LogModuleManager: Shutting down and abandoning module Android_MultiTargetPlatform (99)
[2018.05.13-03.35.56:511][947]LogModuleManager: Shutting down and abandoning module Android_ETC2TargetPlatform (97)
[2018.05.13-03.35.56:511][947]LogModuleManager: Shutting down and abandoning module Android_ETC1TargetPlatform (95)
[2018.05.13-03.35.56:511][947]LogModuleManager: Shutting down and abandoning module Android_ETC1aTargetPlatform (93)
[2018.05.13-03.35.56:511][947]LogModuleManager: Shutting down and abandoning module Android_DXTTargetPlatform (91)
[2018.05.13-03.35.56:511][947]LogModuleManager: Shutting down and abandoning module Android_ATCTargetPlatform (89)
[2018.05.13-03.35.56:511][947]LogModuleManager: Shutting down and abandoning module Android_ASTCTargetPlatform (87)
[2018.05.13-03.35.56:511][947]LogModuleManager: Shutting down and abandoning module WindowsTargetPlatform (85)
[2018.05.13-03.35.56:511][947]LogModuleManager: Shutting down and abandoning module WindowsServerTargetPlatform (83)
[2018.05.13-03.35.56:511][947]LogModuleManager: Shutting down and abandoning module WindowsNoEditorTargetPlatform (81)
[2018.05.13-03.35.56:511][947]LogModuleManager: Shutting down and abandoning module WindowsClientTargetPlatform (79)
[2018.05.13-03.35.56:511][947]LogModuleManager: Shutting down and abandoning module MacTargetPlatform (77)
[2018.05.13-03.35.56:511][947]LogModuleManager: Shutting down and abandoning module MacServerTargetPlatform (75)
[2018.05.13-03.35.56:511][947]LogModuleManager: Shutting down and abandoning module MacNoEditorTargetPlatform (73)
[2018.05.13-03.35.56:511][947]LogModuleManager: Shutting down and abandoning module MacClientTargetPlatform (71)
[2018.05.13-03.35.56:511][947]LogModuleManager: Shutting down and abandoning module AllDesktopTargetPlatform (69)
[2018.05.13-03.35.56:511][947]LogModuleManager: Shutting down and abandoning module InputCore (66)
[2018.05.13-03.35.56:512][947]LogModuleManager: Shutting down and abandoning module Settings (64)
[2018.05.13-03.35.56:512][947]LogModuleManager: Shutting down and abandoning module PhysXCooking (62)
[2018.05.13-03.35.56:512][947]LogModuleManager: Shutting down and abandoning module SteamVR (60)
[2018.05.13-03.35.56:512][947]LogModuleManager: Shutting down and abandoning module OculusHMD (58)
[2018.05.13-03.35.56:512][947]LogModuleManager: Shutting down and abandoning module ExampleDeviceProfileSelector (56)
[2018.05.13-03.35.56:512][947]LogModuleManager: Shutting down and abandoning module AppleARKit (54)
[2018.05.13-03.35.56:512][947]LogModuleManager: Shutting down and abandoning module AugmentedReality (51)
[2018.05.13-03.35.56:512][947]LogModuleManager: Shutting down and abandoning module OnlineBlueprintSupport (48)
[2018.05.13-03.35.56:512][947]LogModuleManager: Shutting down and abandoning module OnlineSubsystem (44)
[2018.05.13-03.35.56:512][947]LogModuleManager: Shutting down and abandoning module XMPP (43)
[2018.05.13-03.35.56:512][947]LogModuleManager: Shutting down and abandoning module HTTP (41)
[2018.05.13-03.35.56:512][947]LogHttp: Display: Http module shutting down, but needs to wait on 1 outstanding Http requests:
[2018.05.13-03.35.56:512][947]LogHttp: Display: 	verb=[POST] url=[https://datarouter.ol.epicgames.com/datarouter/api/v1/public/data?SessionID=%7BF76A3E81-4C75-B84F-349E-C59B662D11AB%7D&AppID=UEEditor.Rocket.Release&AppVersion=4.19.2-4033788%2B%2B%2BUE4%2BRelease-4.19&UserID=1e255916459df4bccc19bf86a02a43e0%7C4d6f8b13ba44426789b0048b21ea908a%7C61bda5fd-dd5f-4826-9d32-1643ac4daf4f&AppEnvironment=datacollector-binary&UploadType=eteventstream] status=Processing
[2018.05.13-03.35.56:531][947]LogModuleManager: Shutting down and abandoning module SSL (40)
[2018.05.13-03.35.56:532][947]LogModuleManager: Shutting down and abandoning module AnimationModifiers (36)
[2018.05.13-03.35.56:532][947]LogModuleManager: Shutting down and abandoning module PropertyEditor (35)
[2018.05.13-03.35.56:532][947]LogModuleManager: Shutting down and abandoning module AudioEditor (32)
[2018.05.13-03.35.56:532][947]LogModuleManager: Shutting down and abandoning module TextureCompressor (30)
[2018.05.13-03.35.56:532][947]LogModuleManager: Shutting down and abandoning module ShaderCore (28)
[2018.05.13-03.35.56:532][947]LogModuleManager: Shutting down and abandoning module Landscape (26)
[2018.05.13-03.35.56:532][947]LogModuleManager: Shutting down and abandoning module SlateRHIRenderer (24)
[2018.05.13-03.35.56:533][947]LogModuleManager: Shutting down and abandoning module OpenGLDrv (22)
[2018.05.13-03.35.56:533][947]LogModuleManager: Shutting down and abandoning module D3D11RHI (20)
[2018.05.13-03.35.56:533][947]LogModuleManager: Shutting down and abandoning module AnimGraphRuntime (18)
[2018.05.13-03.35.56:533][947]LogModuleManager: Shutting down and abandoning module Renderer (16)
[2018.05.13-03.35.56:533][947]LogModuleManager: Shutting down and abandoning module Engine (14)
[2018.05.13-03.35.56:533][947]LogModuleManager: Shutting down and abandoning module CoreUObject (12)
[2018.05.13-03.35.56:533][947]LogModuleManager: Shutting down and abandoning module NetworkFile (10)
[2018.05.13-03.35.56:533][947]LogModuleManager: Shutting down and abandoning module CookedIterativeFile (8)
[2018.05.13-03.35.56:533][947]LogModuleManager: Shutting down and abandoning module StreamingFile (6)
[2018.05.13-03.35.56:533][947]LogModuleManager: Shutting down and abandoning module SandboxFile (4)
[2018.05.13-03.35.56:533][947]LogModuleManager: Shutting down and abandoning module PakFile (2)
[2018.05.13-03.35.56:539][947]LogExit: Exiting.
[2018.05.13-03.35.56:557][947]Log file closed, 05/12/18 23:35:56
