Log file open, 05/12/18 18:40:22
LogWindows: Failed to load 'aqProf.dll' (GetLastError=126)
LogWindows: File 'aqProf.dll' does not exist
LogWindows: Failed to load 'VtuneApi.dll' (GetLastError=126)
LogWindows: File 'VtuneApi.dll' does not exist
LogWindows: Failed to load 'VtuneApi32e.dll' (GetLastError=126)
LogWindows: File 'VtuneApi32e.dll' does not exist
LogInit: Display: Running engine for game: GameJam
LogPlatformFile: Not using cached read wrapper
LogInit: Display: RandInit(790779306) SRandInit(790779320).
LogInit: Read version file with build ID '3944462'
LogInit: Overriding engine version to CL 4033788, compatible CL 3944462
LogInit: Registered custom module enumerator with build ID '3944462'
LogTaskGraph: Started task graph with 5 named threads and 23 total threads with 3 sets of task threads.
LogStats: Stats thread started at 0.357232
LogD3D11RHI: Aftermath initialized
LogICUInternationalization: Display: ICU TimeZone Detection - Raw Offset: +0:00, Platform Override: ''
LogModuleManager: Display: Found up-to-date module file ../../../../../Users/Kyle/Documents/Unreal Projects/GameJam/Plugins/FMODStudio/Binaries/Win64/UE4Editor-FMODStudio.dll (API version 3944462).
LogModuleManager: Display: Found up-to-date module file ../../../../../Users/Kyle/Documents/Unreal Projects/GameJam/Plugins/FMODStudio/Binaries/Win64/UE4Editor-FMODStudioEditor.dll (API version 3944462).
LogModuleManager: Display: Found up-to-date module file ../../../Engine/Plugins/2D/Paper2D/Binaries/Win64/UE4Editor-Paper2D.dll (API version 3944462).
LogModuleManager: Display: Found up-to-date module file ../../../Engine/Plugins/2D/Paper2D/Binaries/Win64/UE4Editor-Paper2DEditor.dll (API version 3944462).
LogModuleManager: Display: Found up-to-date module file ../../../Engine/Plugins/2D/Paper2D/Binaries/Win64/UE4Editor-PaperSpriteSheetImporter.dll (API version 3944462).
LogModuleManager: Display: Found up-to-date module file ../../../Engine/Plugins/2D/Paper2D/Binaries/Win64/UE4Editor-PaperTiledImporter.dll (API version 3944462).
LogModuleManager: Display: Found up-to-date module file ../../../Engine/Plugins/2D/Paper2D/Binaries/Win64/UE4Editor-SmartSnapping.dll (API version 3944462).
LogModuleManager: Display: Found up-to-date module file ../../../Engine/Plugins/Blendables/LightPropagationVolume/Binaries/Win64/UE4Editor-LightPropagationVolumeRuntime.dll (API version 3944462).
LogModuleManager: Display: Found up-to-date module file ../../../Engine/Plugins/Blendables/LightPropagationVolume/Binaries/Win64/UE4Editor-LightPropagationVolumeEditor.dll (API version 3944462).
LogModuleManager: Display: Found up-to-date module file ../../../Engine/Plugins/Developer/CLionSourceCodeAccess/Binaries/Win64/UE4Editor-CLionSourceCodeAccess.dll (API version 3944462).
LogModuleManager: Display: Found up-to-date module file ../../../Engine/Plugins/Developer/GitSourceControl/Binaries/Win64/UE4Editor-GitSourceControl.dll (API version 3944462).
LogModuleManager: Display: Found up-to-date module file ../../../Engine/Plugins/Developer/PerforceSourceControl/Binaries/Win64/UE4Editor-PerforceSourceControl.dll (API version 3944462).
LogModuleManager: Display: Found up-to-date module file ../../../Engine/Plugins/Developer/SubversionSourceControl/Binaries/Win64/UE4Editor-SubversionSourceControl.dll (API version 3944462).
LogModuleManager: Display: Found up-to-date module file ../../../Engine/Plugins/Developer/UObjectPlugin/Binaries/Win64/UE4Editor-UObjectPlugin.dll (API version 3944462).
LogModuleManager: Display: Found up-to-date module file ../../../Engine/Plugins/Developer/VisualStudioCodeSourceCodeAccess/Binaries/Win64/UE4Editor-VisualStudioCodeSourceCodeAccess.dll (API version 3944462).
LogModuleManager: Display: Found up-to-date module file ../../../Engine/Plugins/Developer/VisualStudioSourceCodeAccess/Binaries/Win64/UE4Editor-VisualStudioSourceCodeAccess.dll (API version 3944462).
LogModuleManager: Display: Found up-to-date module file ../../../Engine/Plugins/Editor/AssetManagerEditor/Binaries/Win64/UE4Editor-AssetManagerEditor.dll (API version 3944462).
LogModuleManager: Display: Found up-to-date module file ../../../Engine/Plugins/Editor/CryptoKeys/Binaries/Win64/UE4Editor-CryptoKeys.dll (API version 3944462).
LogModuleManager: Display: Found up-to-date module file ../../../Engine/Plugins/Editor/CryptoKeys/Binaries/Win64/UE4Editor-CryptoKeysOpenSSL.dll (API version 3944462).
LogModuleManager: Display: Found up-to-date module file ../../../Engine/Plugins/Editor/DataValidation/Binaries/Win64/UE4Editor-DataValidation.dll (API version 3944462).
LogModuleManager: Display: Found up-to-date module file ../../../Engine/Plugins/Editor/FacialAnimation/Binaries/Win64/UE4Editor-FacialAnimation.dll (API version 3944462).
LogModuleManager: Display: Found up-to-date module file ../../../Engine/Plugins/Editor/FacialAnimation/Binaries/Win64/UE4Editor-FacialAnimationEditor.dll (API version 3944462).
LogModuleManager: Display: Found up-to-date module file ../../../Engine/Plugins/Editor/GameplayTagsEditor/Binaries/Win64/UE4Editor-GameplayTagsEditor.dll (API version 3944462).
LogModuleManager: Display: Found up-to-date module file ../../../Engine/Plugins/Editor/MobileLauncherProfileWizard/Binaries/Win64/UE4Editor-MobileLauncherProfileWizard.dll (API version 3944462).
LogModuleManager: Display: Found up-to-date module file ../../../Engine/Plugins/Editor/PluginBrowser/Binaries/Win64/UE4Editor-PluginBrowser.dll (API version 3944462).
LogModuleManager: Display: Found up-to-date module file ../../../Engine/Plugins/Editor/SpeedTreeImporter/Binaries/Win64/UE4Editor-SpeedTreeImporter.dll (API version 3944462).
LogModuleManager: Display: Found up-to-date module file ../../../Engine/Plugins/Enterprise/DatasmithContent/Binaries/Win64/UE4Editor-DatasmithContent.dll (API version 3944462).
LogModuleManager: Display: Found up-to-date module file ../../../Engine/Plugins/Experimental/AlembicImporter/Binaries/Win64/UE4Editor-AlembicImporter.dll (API version 3944462).
LogModuleManager: Display: Found up-to-date module file ../../../Engine/Plugins/Experimental/AlembicImporter/Binaries/Win64/UE4Editor-AlembicLibrary.dll (API version 3944462).
LogModuleManager: Display: Found up-to-date module file ../../../Engine/Plugins/Experimental/CharacterAI/Binaries/Win64/UE4Editor-CharacterAI.dll (API version 3944462).
LogModuleManager: Display: Found up-to-date module file ../../../Engine/Plugins/Experimental/HTML5Networking/Binaries/Win64/UE4Editor-HTML5Networking.dll (API version 3944462).
LogModuleManager: Display: Found up-to-date module file ../../../Engine/Plugins/Media/AndroidMedia/Binaries/Win64/UE4Editor-AndroidMediaEditor.dll (API version 3944462).
LogModuleManager: Display: Found up-to-date module file ../../../Engine/Plugins/Media/AndroidMedia/Binaries/Win64/UE4Editor-AndroidMediaFactory.dll (API version 3944462).
LogModuleManager: Display: Found up-to-date module file ../../../Engine/Plugins/Media/AvfMedia/Binaries/Win64/UE4Editor-AvfMediaEditor.dll (API version 3944462).
LogModuleManager: Display: Found up-to-date module file ../../../Engine/Plugins/Media/AvfMedia/Binaries/Win64/UE4Editor-AvfMediaFactory.dll (API version 3944462).
LogModuleManager: Display: Found up-to-date module file ../../../Engine/Plugins/Media/AvfMedia/Binaries/Win64/UE4Editor-AvfMediaFactory.dll (API version 3944462).
LogModuleManager: Display: Found up-to-date module file ../../../Engine/Plugins/Media/ImgMedia/Binaries/Win64/UE4Editor-ImgMedia.dll (API version 3944462).
LogModuleManager: Display: Found up-to-date module file ../../../Engine/Plugins/Media/ImgMedia/Binaries/Win64/UE4Editor-ImgMediaEditor.dll (API version 3944462).
LogModuleManager: Display: Found up-to-date module file ../../../Engine/Plugins/Media/ImgMedia/Binaries/Win64/UE4Editor-ImgMediaFactory.dll (API version 3944462).
LogModuleManager: Display: Found up-to-date module file ../../../Engine/Plugins/Media/ImgMedia/Binaries/Win64/UE4Editor-ImgMediaFactory.dll (API version 3944462).
LogModuleManager: Display: Found up-to-date module file ../../../Engine/Plugins/Media/ImgMedia/Binaries/Win64/UE4Editor-OpenExrWrapper.dll (API version 3944462).
LogModuleManager: Display: Found up-to-date module file ../../../Engine/Plugins/Media/LinearTimecode/Binaries/Win64/UE4Editor-LinearTimecode.dll (API version 3944462).
LogModuleManager: Display: Found up-to-date module file ../../../Engine/Plugins/Media/MediaCompositing/Binaries/Win64/UE4Editor-MediaCompositing.dll (API version 3944462).
LogModuleManager: Display: Found up-to-date module file ../../../Engine/Plugins/Media/MediaCompositing/Binaries/Win64/UE4Editor-MediaCompositingEditor.dll (API version 3944462).
LogModuleManager: Display: Found up-to-date module file ../../../Engine/Plugins/Media/MediaPlayerEditor/Binaries/Win64/UE4Editor-MediaPlayerEditor.dll (API version 3944462).
LogModuleManager: Display: Found up-to-date module file ../../../Engine/Plugins/Media/WmfMedia/Binaries/Win64/UE4Editor-WmfMedia.dll (API version 3944462).
LogModuleManager: Display: Found up-to-date module file ../../../Engine/Plugins/Media/WmfMedia/Binaries/Win64/UE4Editor-WmfMediaEditor.dll (API version 3944462).
LogModuleManager: Display: Found up-to-date module file ../../../Engine/Plugins/Media/WmfMedia/Binaries/Win64/UE4Editor-WmfMediaFactory.dll (API version 3944462).
LogModuleManager: Display: Found up-to-date module file ../../../Engine/Plugins/Media/WmfMedia/Binaries/Win64/UE4Editor-WmfMediaFactory.dll (API version 3944462).
LogModuleManager: Display: Found up-to-date module file ../../../Engine/Plugins/Messaging/TcpMessaging/Binaries/Win64/UE4Editor-TcpMessaging.dll (API version 3944462).
LogModuleManager: Display: Found up-to-date module file ../../../Engine/Plugins/Messaging/UdpMessaging/Binaries/Win64/UE4Editor-UdpMessaging.dll (API version 3944462).
LogModuleManager: Display: Found up-to-date module file ../../../Engine/Plugins/MovieScene/ActorSequence/Binaries/Win64/UE4Editor-ActorSequence.dll (API version 3944462).
LogModuleManager: Display: Found up-to-date module file ../../../Engine/Plugins/MovieScene/LevelSequenceEditor/Binaries/Win64/UE4Editor-LevelSequenceEditor.dll (API version 3944462).
LogModuleManager: Display: Found up-to-date module file ../../../Engine/Plugins/MovieScene/MatineeToLevelSequence/Binaries/Win64/UE4Editor-MatineeToLevelSequence.dll (API version 3944462).
LogModuleManager: Display: Found up-to-date module file ../../../Engine/Plugins/NetcodeUnitTest/NetcodeUnitTest/Binaries/Win64/UE4Editor-NetcodeUnitTest.dll (API version 3944462).
LogModuleManager: Display: Found up-to-date module file ../../../Engine/Plugins/NetcodeUnitTest/NUTUnrealEngine4/Binaries/Win64/UE4Editor-NUTUnrealEngine4.dll (API version 3944462).
LogModuleManager: Display: Found up-to-date module file ../../../Engine/Plugins/Online/OnlineSubsystem/Binaries/Win64/UE4Editor-OnlineSubsystem.dll (API version 3944462).
LogModuleManager: Display: Found up-to-date module file ../../../Engine/Plugins/Runtime/AndroidPermission/Binaries/Win64/UE4Editor-AndroidPermission.dll (API version 3944462).
LogModuleManager: Display: Found up-to-date module file ../../../Engine/Plugins/Online/OnlineSubsystemNull/Binaries/Win64/UE4Editor-OnlineSubsystemNull.dll (API version 3944462).
LogModuleManager: Display: Found up-to-date module file ../../../Engine/Plugins/Online/OnlineSubsystemUtils/Binaries/Win64/UE4Editor-OnlineSubsystemUtils.dll (API version 3944462).
LogModuleManager: Display: Found up-to-date module file ../../../Engine/Plugins/Online/OnlineSubsystemUtils/Binaries/Win64/UE4Editor-OnlineBlueprintSupport.dll (API version 3944462).
LogModuleManager: Display: Found up-to-date module file ../../../Engine/Plugins/Runtime/AndroidDeviceProfileSelector/Binaries/Win64/UE4Editor-AndroidDeviceProfileSelector.dll (API version 3944462).
LogModuleManager: Display: Found up-to-date module file ../../../Engine/Plugins/Runtime/AppleARKit/Binaries/Win64/UE4Editor-AppleARKit.dll (API version 3944462).
LogModuleManager: Display: Found up-to-date module file ../../../Engine/Plugins/Runtime/ProceduralMeshComponent/Binaries/Win64/UE4Editor-ProceduralMeshComponent.dll (API version 3944462).
LogModuleManager: Display: Found up-to-date module file ../../../Engine/Plugins/Runtime/ProceduralMeshComponent/Binaries/Win64/UE4Editor-ProceduralMeshComponentEditor.dll (API version 3944462).
LogModuleManager: Display: Found up-to-date module file ../../../Engine/Plugins/Animation/LiveLink/Binaries/Win64/UE4Editor-LiveLink.dll (API version 3944462).
LogModuleManager: Display: Found up-to-date module file ../../../Engine/Plugins/Animation/LiveLink/Binaries/Win64/UE4Editor-LiveLinkEditor.dll (API version 3944462).
LogModuleManager: Display: Found up-to-date module file ../../../Engine/Plugins/Runtime/ArchVisCharacter/Binaries/Win64/UE4Editor-ArchVisCharacter.dll (API version 3944462).
LogModuleManager: Display: Found up-to-date module file ../../../Engine/Plugins/Runtime/AudioCapture/Binaries/Win64/UE4Editor-AudioCapture.dll (API version 3944462).
LogModuleManager: Display: Found up-to-date module file ../../../Engine/Plugins/Runtime/AudioCapture/Binaries/Win64/UE4Editor-AudioCaptureEditor.dll (API version 3944462).
LogModuleManager: Display: Found up-to-date module file ../../../Engine/Plugins/Runtime/CableComponent/Binaries/Win64/UE4Editor-CableComponent.dll (API version 3944462).
LogModuleManager: Display: Found up-to-date module file ../../../Engine/Plugins/Runtime/CustomMeshComponent/Binaries/Win64/UE4Editor-CustomMeshComponent.dll (API version 3944462).
LogModuleManager: Display: Found up-to-date module file ../../../Engine/Plugins/Runtime/ExampleDeviceProfileSelector/Binaries/Win64/UE4Editor-ExampleDeviceProfileSelector.dll (API version 3944462).
LogModuleManager: Display: Found up-to-date module file ../../../Engine/Plugins/Runtime/ImmediatePhysics/Binaries/Win64/UE4Editor-ImmediatePhysics.dll (API version 3944462).
LogModuleManager: Display: Found up-to-date module file ../../../Engine/Plugins/Runtime/ImmediatePhysics/Binaries/Win64/UE4Editor-ImmediatePhysicsEditor.dll (API version 3944462).
LogModuleManager: Display: Found up-to-date module file ../../../Engine/Plugins/Runtime/LocationServicesBPLibrary/Binaries/Win64/UE4Editor-LocationServicesBPLibrary.dll (API version 3944462).
LogModuleManager: Display: Found up-to-date module file ../../../Engine/Plugins/Runtime/MobilePatchingUtils/Binaries/Win64/UE4Editor-MobilePatchingUtils.dll (API version 3944462).
LogModuleManager: Display: Found up-to-date module file ../../../Engine/Plugins/Runtime/Oculus/OculusVR/Binaries/Win64/UE4Editor-OculusHMD.dll (API version 3944462).
LogModuleManager: Display: Found up-to-date module file ../../../Engine/Plugins/Runtime/Oculus/OculusVR/Binaries/Win64/UE4Editor-OculusInput.dll (API version 3944462).
LogModuleManager: Display: Found up-to-date module file ../../../Engine/Plugins/Runtime/Oculus/OculusVR/Binaries/Win64/UE4Editor-OculusEditor.dll (API version 3944462).
LogModuleManager: Display: Found up-to-date module file ../../../Engine/Plugins/Runtime/PhysXVehicles/Binaries/Win64/UE4Editor-PhysXVehicles.dll (API version 3944462).
LogModuleManager: Display: Found up-to-date module file ../../../Engine/Plugins/Runtime/PhysXVehicles/Binaries/Win64/UE4Editor-PhysXVehiclesEditor.dll (API version 3944462).
LogModuleManager: Display: Found up-to-date module file ../../../Engine/Plugins/Runtime/RuntimePhysXCooking/Binaries/Win64/UE4Editor-RuntimePhysXCooking.dll (API version 3944462).
LogModuleManager: Display: Found up-to-date module file ../../../Engine/Plugins/Runtime/Steam/SteamVR/Binaries/Win64/UE4Editor-SteamVR.dll (API version 3944462).
LogModuleManager: Display: Found up-to-date module file ../../../Engine/Plugins/Runtime/Steam/SteamVR/Binaries/Win64/UE4Editor-SteamVRController.dll (API version 3944462).
LogModuleManager: Display: Found up-to-date module file ../../../Engine/Plugins/Runtime/WindowsMoviePlayer/Binaries/Win64/UE4Editor-WindowsMoviePlayer.dll (API version 3944462).
LogPluginManager: Mounting plugin Paper2D
LogPluginManager: Mounting plugin LiveLink
LogPluginManager: Mounting plugin LightPropagationVolume
LogPluginManager: Mounting plugin CLionSourceCodeAccess
LogPluginManager: Mounting plugin CodeLiteSourceCodeAccess
LogPluginManager: Mounting plugin GitSourceControl
LogPluginManager: Mounting plugin KDevelopSourceCodeAccess
LogPluginManager: Mounting plugin NullSourceCodeAccess
LogPluginManager: Mounting plugin PerforceSourceControl
LogPluginManager: Mounting plugin SubversionSourceControl
LogPluginManager: Mounting plugin UObjectPlugin
LogPluginManager: Mounting plugin VisualStudioCodeSourceCodeAccess
LogPluginManager: Mounting plugin VisualStudioSourceCodeAccess
LogPluginManager: Mounting plugin XCodeSourceCodeAccess
LogPluginManager: Mounting plugin AssetManagerEditor
LogPluginManager: Mounting plugin CryptoKeys
LogPluginManager: Mounting plugin DataValidation
LogPluginManager: Mounting plugin FacialAnimation
LogPluginManager: Mounting plugin GameplayTagsEditor
LogPluginManager: Mounting plugin MobileLauncherProfileWizard
LogPluginManager: Mounting plugin PluginBrowser
LogPluginManager: Mounting plugin SpeedTreeImporter
LogPluginManager: Mounting plugin DatasmithContent
LogPluginManager: Mounting plugin AlembicImporter
LogPluginManager: Mounting plugin CharacterAI
LogPluginManager: Mounting plugin HTML5Networking
LogPluginManager: Mounting plugin FMODStudio
LogPluginManager: Mounting plugin AndroidMedia
LogPluginManager: Mounting plugin AvfMedia
LogPluginManager: Mounting plugin ImgMedia
LogPluginManager: Mounting plugin LinearTimecode
LogPluginManager: Mounting plugin MediaCompositing
LogPluginManager: Mounting plugin MediaPlayerEditor
LogPluginManager: Mounting plugin WmfMedia
LogPluginManager: Mounting plugin TcpMessaging
LogPluginManager: Mounting plugin UdpMessaging
LogPluginManager: Mounting plugin ActorSequence
LogPluginManager: Mounting plugin LevelSequenceEditor
LogPluginManager: Mounting plugin MatineeToLevelSequence
LogPluginManager: Mounting plugin NetcodeUnitTest
LogPluginManager: Mounting plugin NUTUnrealEngine4
LogPluginManager: Mounting plugin OnlineSubsystemGooglePlay
LogPluginManager: Mounting plugin OnlineSubsystemIOS
LogPluginManager: Mounting plugin OnlineSubsystem
LogPluginManager: Mounting plugin OnlineSubsystemNull
LogPluginManager: Mounting plugin OnlineSubsystemUtils
LogPluginManager: Mounting plugin AndroidDeviceProfileSelector
LogPluginManager: Mounting plugin AndroidMoviePlayer
LogPluginManager: Mounting plugin AndroidPermission
LogPluginManager: Mounting plugin AppleARKit
LogPluginManager: Mounting plugin AppleMoviePlayer
LogPluginManager: Mounting plugin ArchVisCharacter
LogPluginManager: Mounting plugin AudioCapture
LogPluginManager: Mounting plugin CableComponent
LogPluginManager: Mounting plugin CustomMeshComponent
LogPluginManager: Mounting plugin ExampleDeviceProfileSelector
LogPluginManager: Mounting plugin GoogleCloudMessaging
LogPluginManager: Mounting plugin ImmediatePhysics
LogPluginManager: Mounting plugin IOSDeviceProfileSelector
LogPluginManager: Mounting plugin LinuxDeviceProfileSelector
LogPluginManager: Mounting plugin LocationServicesBPLibrary
LogPluginManager: Mounting plugin MobilePatchingUtils
LogPluginManager: Mounting plugin OculusVR
LogPluginManager: Plugin shader directory ../../../Engine/Plugins/Runtime/Oculus/OculusVR/Shaders found
LogPluginManager: Mapping shader source directory ../../../Engine/Plugins/Runtime/Oculus/OculusVR/Shaders to virtual directory /Plugin/OculusVR
LogPluginManager: Mounting plugin PhysXVehicles
LogPluginManager: Mounting plugin ProceduralMeshComponent
LogPluginManager: Mounting plugin RuntimePhysXCooking
LogPluginManager: Mounting plugin SteamVR
LogPluginManager: Mounting plugin WindowsMoviePlayer
LogStreaming: Display: Took  2.454s to configure plugins.
LogInit: Using libcurl 7.47.1
LogInit:  - built for x86_64-pc-win32
LogInit:  - supports SSL with OpenSSL/1.0.2g
LogInit:  - supports HTTP deflate (compression) using libz 1.2.8
LogInit:  - other features:
LogInit:      CURL_VERSION_SSL
LogInit:      CURL_VERSION_LIBZ
LogInit:      CURL_VERSION_IPV6
LogInit:      CURL_VERSION_ASYNCHDNS
LogInit:      CURL_VERSION_LARGEFILE
LogInit:      CURL_VERSION_IDN
LogInit:  CurlRequestOptions (configurable via config and command line):
LogInit:  - bVerifyPeer = false  - Libcurl will NOT verify peer certificate
LogInit:  - bUseHttpProxy = false  - Libcurl will NOT use HTTP proxy
LogInit:  - bDontReuseConnections = false  - Libcurl will reuse connections
LogInit:  - CertBundlePath = nullptr  - Libcurl will use whatever was configured at build time.
LogInit:  - MaxHostConnections = 16  - Libcurl will limit the number of connections to a host
LogInit:  - LocalHostAddr = Default
LogInit: WinSock: version 1.1 (2.2), MaxSocks=32767, MaxUdp=65467
LogInit: WinSock: I am KYLE-PC (192.168.0.12:0)
LogInit: Build: ++UE4+Release-4.19-CL-4033788
LogInit: Engine Version: 4.19.2-4033788+++UE4+Release-4.19
LogInit: Compatible Engine Version: 4.19.0-3944462+++UE4+Release-4.19
LogInit: Net CL: 3944462
LogDevObjectVersion: Number of dev versions registered: 18
LogDevObjectVersion:   Dev-Blueprints (B0D832E4-1F89-4F0D-ACCF-7EB736FD4AA2): 10
LogDevObjectVersion:   Dev-Build (E1C64328-A22C-4D53-A36C-8E866417BD8C): 0
LogDevObjectVersion:   Dev-Core (375EC13C-06E4-48FB-B500-84F0262A717E): 2
LogDevObjectVersion:   Dev-Editor (E4B068ED-F494-42E9-A231-DA0B2E46BB41): 23
LogDevObjectVersion:   Dev-Framework (CFFC743F-43B0-4480-9391-14DF171D2073): 33
LogDevObjectVersion:   Dev-Mobile (B02B49B5-BB20-44E9-A304-32B752E40360): 2
LogDevObjectVersion:   Dev-Networking (A4E4105C-59A1-49B5-A7C5-40C4547EDFEE): 0
LogDevObjectVersion:   Dev-Online (39C831C9-5AE6-47DC-9A44-9C173E1C8E7C): 0
LogDevObjectVersion:   Dev-Physics (78F01B33-EBEA-4F98-B9B4-84EACCB95AA2): 0
LogDevObjectVersion:   Dev-Platform (6631380F-2D4D-43E0-8009-CF276956A95A): 0
LogDevObjectVersion:   Dev-Rendering (12F88B9F-8875-4AFC-A67C-D90C383ABD29): 25
LogDevObjectVersion:   Dev-Sequencer (7B5AE74C-D270-4C10-A958-57980B212A5A): 6
LogDevObjectVersion:   Dev-VR (D7296918-1DD6-4BDD-9DE2-64A83CC13884): 1
LogDevObjectVersion:   Dev-LoadTimes (C2A15278-BFE7-4AFE-6C17-90FF531DF755): 1
LogDevObjectVersion:   Private-Geometry (6EACA3D4-40EC-4CC1-B786-8BED09428FC5): 2
LogDevObjectVersion:   Dev-AnimPhys (29E575DD-E0A3-4627-9D10-D276232CDCEA): 16
LogDevObjectVersion:   Dev-ReflectionCapture (6B266CEC-1EC7-4B8F-A30B-E4D90942FC07): 1
LogDevObjectVersion:   Dev-Automation (0DF73D61-A23F-47EA-B727-89E90C41499A): 1
LogInit: Compiled (64-bit): Apr 27 2018 02:06:57
LogInit: Compiled with Visual C++: 19.00.24215.01
LogInit: Build Configuration: Development
LogInit: Branch Name: ++UE4+Release-4.19
LogInit: Command Line: 
LogInit: Base Directory: C:/Games/UE_4.19/Engine/Binaries/Win64/
LogInit: Installed Engine Build: 1
LogStreaming: Display: Took  0.005s to delete old logs.
LogInit: Presizing for max 8388607 objects, including 0 objects not considered by GC, pre-allocating 0 bytes for permanent pool.
LogInit: Object subsystem initialized
[2018.05.12-17.40.25:303][  0]LogInit: Selected Device Profile: [Windows]
[2018.05.12-17.40.25:303][  0]LogInit: Applying CVar settings loaded from the selected device profile: [Windows]
[2018.05.12-17.40.25:339][  0]LogInit: Computer: KYLE-PC
[2018.05.12-17.40.25:339][  0]LogInit: User: Kyle
[2018.05.12-17.40.25:339][  0]LogInit: CPU Page size=4096, Cores=4
[2018.05.12-17.40.25:339][  0]LogInit: High frequency timer resolution =14.318180 MHz
[2018.05.12-17.40.25:339][  0]LogMemory: Memory total: Physical=15.9GB (16GB approx)
[2018.05.12-17.40.25:339][  0]LogMemory: Platform Memory Stats for Windows
[2018.05.12-17.40.25:339][  0]LogMemory: Process Physical Memory: 273.16 MB used, 273.16 MB peak
[2018.05.12-17.40.25:339][  0]LogMemory: Process Virtual Memory: 264.47 MB used, 264.47 MB peak
[2018.05.12-17.40.25:339][  0]LogMemory: Physical Memory: 3828.31 MB used,  12453.92 MB free, 16282.23 MB total
[2018.05.12-17.40.25:339][  0]LogMemory: Virtual Memory: 642.13 MB used,  12453.92 MB free, 134217728.00 MB total
[2018.05.12-17.40.25:595][  0]LogInit: Using OS detected language (en-US).
[2018.05.12-17.40.25:595][  0]LogInit: Using OS detected locale (en-GB).
[2018.05.12-17.40.25:599][  0]LogTextLocalizationManager: No specific localization for 'en-US' exists, so the 'en' localization will be used.
[2018.05.12-17.40.26:090][  0]LogStreaming: Display: Took  0.495s to EndInitTextLocalization.
[2018.05.12-17.40.26:090][  0]LogInit: Setting process to per monitor DPI aware
[2018.05.12-17.40.26:177][  0]LogSlate: New Slate User Created.  User Index 0, Is Virtual User: 0
[2018.05.12-17.40.26:177][  0]LogSlate: Slate User Registered.  User Index 0, Is Virtual User: 0
[2018.05.12-17.40.26:384][  0]LogD3D11RHI: D3D11 adapters:
[2018.05.12-17.40.26:479][  0]LogD3D11RHI:    0. 'AMD Radeon (TM) R9 200 Series' (Feature Level 11_0)
[2018.05.12-17.40.26:479][  0]LogD3D11RHI:       2027/0/3840 MB DedicatedVideo/DedicatedSystem/SharedSystem, Outputs:2, VendorId:0x1002
[2018.05.12-17.40.26:481][  0]LogD3D11RHI:    1. 'Microsoft Basic Render Driver' (Feature Level 11_0)
[2018.05.12-17.40.26:481][  0]LogD3D11RHI:       0/0/256 MB DedicatedVideo/DedicatedSystem/SharedSystem, Outputs:0, VendorId:0x1414
[2018.05.12-17.40.26:481][  0]LogD3D11RHI: Chosen D3D11 Adapter: 0
[2018.05.12-17.40.26:489][  0]LogD3D11RHI: Creating new Direct3DDevice
[2018.05.12-17.40.26:489][  0]LogD3D11RHI:     GPU DeviceId: 0x6811 (for the marketing name, search the web for "GPU Device Id")
[2018.05.12-17.40.26:489][  0]LogWindows: EnumDisplayDevices:
[2018.05.12-17.40.26:489][  0]LogWindows:    0. 'AMD Radeon (TM) R9 200 Series' (P:1 D:1)
[2018.05.12-17.40.26:489][  0]LogWindows:    1. 'AMD Radeon (TM) R9 200 Series' (P:0 D:1)
[2018.05.12-17.40.26:489][  0]LogWindows:    2. 'AMD Radeon (TM) R9 200 Series' (P:0 D:0)
[2018.05.12-17.40.26:490][  0]LogWindows:    3. 'AMD Radeon (TM) R9 200 Series' (P:0 D:0)
[2018.05.12-17.40.26:490][  0]LogWindows:    4. 'AMD Radeon (TM) R9 200 Series' (P:0 D:0)
[2018.05.12-17.40.26:490][  0]LogWindows:    5. 'AMD Radeon (TM) R9 200 Series' (P:0 D:0)
[2018.05.12-17.40.26:491][  0]LogWindows: DebugString: FoundDriverCount:6 
[2018.05.12-17.40.26:491][  0]LogD3D11RHI:     Adapter Name: AMD Radeon (TM) R9 200 Series
[2018.05.12-17.40.26:491][  0]LogD3D11RHI:   Driver Version: Crimson 16.4.1 (internal:16.150.2211.1001, unified:16.150.2211.1001)
[2018.05.12-17.40.26:491][  0]LogD3D11RHI:      Driver Date: 4-3-2016
[2018.05.12-17.40.26:491][  0]LogRHI: Texture pool is 1419 MB (70% of 2027 MB)
[2018.05.12-17.40.26:550][  0]LogD3D11RHI: Async texture creation enabled
[2018.05.12-17.40.26:561][  0]LogD3D11RHI: GPU Timing Frequency: 27.000000 (Debug: 2 1)
[2018.05.12-17.40.26:561][  0]LogShaderCompilers: Guid format shader working directory is -14 characters bigger than the processId version (../../../../../Users/Kyle/Documents/Unreal Projects/GameJam/Intermediate/Shaders/WorkingDirectory/4940/).
[2018.05.12-17.40.26:561][  0]LogShaderCompilers: Cleaned the shader compiler working directory 'C:/Users/Kyle/AppData/Local/Temp/UnrealShaderWorkingDir/D6FE7FCF4868FB3C6D54A7BB9B3E6212/'.
[2018.05.12-17.40.27:034][  0]LogTemp: Display: Loaded TP AllDesktopTargetPlatform
[2018.05.12-17.40.27:073][  0]LogTemp: Display: Loaded TP MacClientTargetPlatform
[2018.05.12-17.40.27:110][  0]LogTemp: Display: Loaded TP MacNoEditorTargetPlatform
[2018.05.12-17.40.27:144][  0]LogTemp: Display: Loaded TP MacServerTargetPlatform
[2018.05.12-17.40.27:181][  0]LogTemp: Display: Loaded TP MacTargetPlatform
[2018.05.12-17.40.27:221][  0]LogTemp: Display: Loaded TP WindowsClientTargetPlatform
[2018.05.12-17.40.27:262][  0]LogTemp: Display: Loaded TP WindowsNoEditorTargetPlatform
[2018.05.12-17.40.27:300][  0]LogTemp: Display: Loaded TP WindowsServerTargetPlatform
[2018.05.12-17.40.27:327][  0]LogTemp: Display: Loaded TP WindowsTargetPlatform
[2018.05.12-17.40.27:363][  0]LogTemp: Display: Loaded TP Android_ASTCTargetPlatform
[2018.05.12-17.40.27:397][  0]LogTemp: Display: Loaded TP Android_ATCTargetPlatform
[2018.05.12-17.40.27:433][  0]LogTemp: Display: Loaded TP Android_DXTTargetPlatform
[2018.05.12-17.40.27:467][  0]LogTemp: Display: Loaded TP Android_ETC1aTargetPlatform
[2018.05.12-17.40.27:502][  0]LogTemp: Display: Loaded TP Android_ETC1TargetPlatform
[2018.05.12-17.40.27:538][  0]LogTemp: Display: Loaded TP Android_ETC2TargetPlatform
[2018.05.12-17.40.27:607][  0]LogTemp: Display: Loaded TP Android_MultiTargetPlatform
[2018.05.12-17.40.27:607][  0]LogTemp: Display: Loaded TP Android_PVRTCTargetPlatform
[2018.05.12-17.40.27:641][  0]LogTemp: Display: Loaded TP AndroidTargetPlatform
[2018.05.12-17.40.27:659][  0]LogTemp: Display: Loaded TP HTML5TargetPlatform
[2018.05.12-17.40.27:753][  0]LogTemp: Display: Loaded TP IOSTargetPlatform
[2018.05.12-17.40.27:789][  0]LogTemp: Display: Loaded TP TVOSTargetPlatform
[2018.05.12-17.40.27:822][  0]LogTemp: Display: Loaded TP LinuxClientTargetPlatform
[2018.05.12-17.40.27:858][  0]LogTemp: Display: Loaded TP LinuxNoEditorTargetPlatform
[2018.05.12-17.40.27:891][  0]LogTemp: Display: Loaded TP LinuxServerTargetPlatform
[2018.05.12-17.40.27:924][  0]LogTemp: Display: Loaded TP LinuxTargetPlatform
[2018.05.12-17.40.27:924][  0]LogTargetPlatformManager: Display: Building Assets For Windows
[2018.05.12-17.40.28:606][  0]LogXGEController: Cleaning working directory: C:/Users/Kyle/AppData/Local/Temp/UnrealXGEWorkingDir/
[2018.05.12-17.40.28:606][  0]LogXGEController: Cannot use XGE Controller as Incredibuild is not installed on this machine.
[2018.05.12-17.40.28:606][  0]LogShaderCompilers: Cannot use XGE Shader Compiler as Incredibuild is not installed on this machine.
[2018.05.12-17.40.28:606][  0]LogShaderCompilers: Display: Using Local Shader Compiler.
[2018.05.12-17.40.29:710][  0]LogDerivedDataCache: Display: Max Cache Size: 512 MB
[2018.05.12-17.40.29:882][  0]LogDerivedDataCache: Loaded boot cache 0.17s 74MB C:/Users/Kyle/AppData/Local/UnrealEngine/4.19/DerivedDataCache/Boot.ddc.
[2018.05.12-17.40.29:882][  0]LogDerivedDataCache: Display: Loaded Boot cache: C:/Users/Kyle/AppData/Local/UnrealEngine/4.19/DerivedDataCache/Boot.ddc
[2018.05.12-17.40.29:882][  0]LogDerivedDataCache: FDerivedDataBackendGraph:  Pak pak cache file ../../../../../Users/Kyle/Documents/Unreal Projects/GameJam/DerivedDataCache/DDC.ddp not found, will not use a pak cache.
[2018.05.12-17.40.29:882][  0]LogDerivedDataCache: Unable to find inner node Pak for hierarchical cache Hierarchy.
[2018.05.12-17.40.29:882][  0]LogDerivedDataCache: FDerivedDataBackendGraph:  CompressedPak pak cache file ../../../../../Users/Kyle/Documents/Unreal Projects/GameJam/DerivedDataCache/Compressed.ddp not found, will not use a pak cache.
[2018.05.12-17.40.29:882][  0]LogDerivedDataCache: Unable to find inner node CompressedPak for hierarchical cache Hierarchy.
[2018.05.12-17.40.29:906][  0]LogDerivedDataCache: Display: Pak cache opened for reading ../../../Engine/DerivedDataCache/Compressed.ddp.
[2018.05.12-17.40.29:919][  0]LogDerivedDataCache: Using Local data cache path C:/Users/Kyle/AppData/Local/UnrealEngine/Common/DerivedDataCache: Writable
[2018.05.12-17.40.29:919][  0]LogDerivedDataCache: Shared data cache path not found in *engine.ini, will not use an Shared cache.
[2018.05.12-17.40.29:919][  0]LogDerivedDataCache: Unable to find inner node Shared for hierarchical cache Hierarchy.
[2018.05.12-17.40.29:938][  0]LogMaterial: Verifying Global Shaders for PCD3D_SM5
[2018.05.12-17.40.29:939][  0]LogSlate: Using Freetype 2.6.0
[2018.05.12-17.40.29:939][  0]LogSlate: SlateFontCache - WITH_FREETYPE: 1, WITH_HARFBUZZ: 1
[2018.05.12-17.40.29:940][  0]LogSlate: SlateFontCache - WITH_FREETYPE: 1, WITH_HARFBUZZ: 1
[2018.05.12-17.40.30:153][  0]LogAssetRegistry: FAssetRegistry took 0.0286 seconds to start up
[2018.05.12-17.40.30:625][  0]LogInit: Selected Device Profile: [Windows]
[2018.05.12-17.40.31:079][  0]LogSimplygon: Simplygon DLL not present - disabling.
[2018.05.12-17.40.31:104][  0]LogMeshReduction: Using SimplygonSwarm for distributed automatic mesh merging
[2018.05.12-17.40.31:104][  0]LogMeshReduction: Using QuadricMeshReduction for automatic static mesh reduction
[2018.05.12-17.40.31:104][  0]LogMeshReduction: No automatic skeletal mesh reduction module available
[2018.05.12-17.40.31:104][  0]LogMeshReduction: No automatic mesh merging module available
[2018.05.12-17.40.31:104][  0]LogMeshMerging: No automatic mesh merging module available
[2018.05.12-17.40.31:177][  0]LogNetVersion: GameJam , NetCL: 3944462, EngineNetVer: 2, GameNetVer: 0 (Checksum: 2281863040)
[2018.05.12-17.40.31:944][  0]LogPackageLocalizationCache: Processed 10 localized package path(s) for 2 prioritized culture(s) in 0.132050 seconds
[2018.05.12-17.40.31:951][  0]LogUObjectArray: 36728 objects as part of root set at end of initial load.
[2018.05.12-17.40.31:951][  0]LogUObjectAllocator: 7314304 out of 0 bytes used by permanent object pool.
[2018.05.12-17.40.31:952][  0]LogUObjectArray: CloseDisregardForGC: 0/0 objects in disregard for GC pool
[2018.05.12-17.40.35:646][  0]LogFMOD: FFMODStudioModule startup
[2018.05.12-17.40.35:646][  0]LogFMOD:  Lib path = '../../../../../Users/Kyle/Documents/Unreal Projects/GameJam/Plugins/FMODStudio/Binaries'
[2018.05.12-17.40.35:646][  0]LogFMOD: FFMODStudioModule::LoadDll: Loading ../../../../../Users/Kyle/Documents/Unreal Projects/GameJam/Plugins/FMODStudio/Binaries/Win64/fmodL64.dll
[2018.05.12-17.40.35:841][  0]LogFMOD: FFMODStudioModule::LoadDll: Loading ../../../../../Users/Kyle/Documents/Unreal Projects/GameJam/Plugins/FMODStudio/Binaries/Win64/fmodstudioL64.dll
[2018.05.12-17.40.36:020][  0]LogFMOD: Loading strings bank: ../../../../../Users/Kyle/Documents/Unreal Projects/GameJam/Content/FMOD/Desktop/Master Bank.strings.bank
[2018.05.12-17.40.36:039][  0]LogFMOD: Constructing asset: /Game/FMOD/Events/AMB/Ambience
[2018.05.12-17.40.36:039][  0]LogFMOD: Skipping asset: bank:/Master Bank.strings
[2018.05.12-17.40.36:039][  0]LogFMOD: Constructing asset: /Game/FMOD/Events/MUS/Music
[2018.05.12-17.40.36:040][  0]LogFMOD: Constructing asset: /Game/FMOD/Events/FX/Buzz
[2018.05.12-17.40.36:040][  0]LogFMOD: Constructing asset: /Game/FMOD/Events/FX/Snail_Scream
[2018.05.12-17.40.36:040][  0]LogFMOD: Skipping asset: bus:/
[2018.05.12-17.40.36:040][  0]LogFMOD: Constructing asset: /Game/FMOD/Events/FX/Sprinkler
[2018.05.12-17.40.36:040][  0]LogFMOD: Constructing asset: /Game/FMOD/Events/FX/Snail_Bop
[2018.05.12-17.40.36:040][  0]LogFMOD: Constructing asset: /Game/FMOD/Banks/Master_Bank
[2018.05.12-17.40.36:040][  0]LogFMOD: Constructing asset: /Game/FMOD/Buses/Reverb
[2018.05.12-17.40.36:041][  0]LogFMOD: Constructing asset: /Game/FMOD/Events/FX/Snail_Squick
[2018.05.12-17.40.36:041][  0]LogFMOD: Constructing asset: /Game/FMOD/Events/FX/Plant_Rustle
[2018.05.12-17.40.36:048][  0]LogFMOD: Default sample rate = 48000
[2018.05.12-17.40.36:048][  0]LogFMOD: System sample rate = 44100
[2018.05.12-17.40.36:048][  0]LogFMOD: Matching system sample rate 44100
[2018.05.12-17.40.36:084][  0]LogFMOD: Default sample rate = 48000
[2018.05.12-17.40.36:084][  0]LogFMOD: System sample rate = 44100
[2018.05.12-17.40.36:084][  0]LogFMOD: Matching system sample rate 44100
[2018.05.12-17.40.36:238][  0]LogTcpMessaging: Initializing TcpMessaging bridge
[2018.05.12-17.40.36:329][  0]LogUdpMessaging: Initializing bridge on interface 0.0.0.0:0 to multicast group 230.0.0.1:6666.
[2018.05.12-17.40.37:357][  0]SourceControl: Source control is disabled
[2018.05.12-17.40.37:357][  0]SourceControl: Source control is disabled
[2018.05.12-17.40.37:432][  0]SourceControl: Source control is disabled
[2018.05.12-17.40.37:494][  0]SourceControl: Source control is disabled
[2018.05.12-17.40.38:465][  0]LogFMOD: FFMODStudioEditorModule startup
[2018.05.12-17.40.39:154][  0]LogAndroidPermission: UAndroidPermissionCallbackProxy::GetInstance
[2018.05.12-17.40.39:813][  0]LogOcInput: OculusInput pre-init called
[2018.05.12-17.40.40:258][  0]LogEngine: Initializing Engine...
[2018.05.12-17.40.40:260][  0]LogHMD: Failed to initialize OpenVR with code 110
[2018.05.12-17.40.40:262][  0]LogStats: UGameplayTagsManager::ConstructGameplayTagTree: Construct from data asset -  0.000 s
[2018.05.12-17.40.40:262][  0]LogStats: UGameplayTagsManager::ConstructGameplayTagTree: GameplayTagTreeChangedEvent.Broadcast -  0.000 s
[2018.05.12-17.40.40:692][  0]LogAIModule: Creating AISystem for world Untitled
[2018.05.12-17.40.40:748][  0]LogInit: XAudio2 using 'Speakers (High Definition Audio Device)' : 2 channels at 44.1 kHz using 32 bits per sample (channel mask 0x3)
[2018.05.12-17.40.40:760][  0]LogInit: FAudioDevice initialized.
[2018.05.12-17.40.41:100][  0]LogDerivedDataCache: Saved boot cache 0.34s 74MB C:/Users/Kyle/AppData/Local/UnrealEngine/4.19/DerivedDataCache/Boot.ddc.
[2018.05.12-17.40.41:153][  0]LogInit: Texture streaming: Enabled
[2018.05.12-17.40.41:383][  0]LogEngineSessionManager: EngineSessionManager initialized
[2018.05.12-17.40.41:473][  0]LogInit: Transaction tracking system initialized
[2018.05.12-17.40.41:803][  0]BlueprintLog: New page: Editor Load
[2018.05.12-17.40.42:586][  0]LocalizationService: Localization service is disabled
[2018.05.12-17.40.43:219][  0]LogConsoleResponse: Display: 
[2018.05.12-17.40.43:493][  0]LogCook: Display: Max memory allowance for cook 16384mb min free memory 0mb
[2018.05.12-17.40.43:493][  0]LogCook: Display: Mobile HDR setting 1
[2018.05.12-17.40.43:493][  0]LogGameplayTags: Display: UGameplayTagsManager::DoneAddingNativeTags. DelegateIsBound: 0
[2018.05.12-17.40.43:493][  0]LogStats: UGameplayTagsManager::ConstructGameplayTagTree: Construct from data asset -  0.000 s
[2018.05.12-17.40.43:493][  0]LogStats: UGameplayTagsManager::ConstructGameplayTagTree: GameplayTagTreeChangedEvent.Broadcast -  0.000 s
[2018.05.12-17.40.43:678][  0]LogFileCache: Scanning file cache for directory 'C:/Users/Kyle/Documents/Unreal Projects/GameJam/Content/' took 0.02s
[2018.05.12-17.40.44:715][  0]SourceControl: Source control is disabled
[2018.05.12-17.40.44:716][  0]Cmd: MAP LOAD FILE="../../../../../Users/Kyle/Documents/Unreal Projects/GameJam/Content/Maps/L_Level01.umap" TEMPLATE=0 SHOWPROGRESS=1 FEATURELEVEL=3
[2018.05.12-17.40.44:716][  0]LightingResults: New page: Lighting Build
[2018.05.12-17.40.44:722][  0]MapCheck: New page: Map Check
[2018.05.12-17.40.44:722][  0]LightingResults: New page: Lighting Build
[2018.05.12-17.40.45:296][  0]LogUObjectGlobals: Created PersistentFrame Addr=0x000000d714fe2840, Size=320, Default__BP_Flower_C Function /Game/Blueprints/BP_Flower.BP_Flower_C:ExecuteUbergraph_BP_Flower
[2018.05.12-17.40.45:302][  0]LogUObjectGlobals: Destroyed PersistentFrame Addr=0x000000d714fe2840, Size=320
[2018.05.12-17.40.45:302][  0]LogUObjectGlobals: Created PersistentFrame Addr=0x000000d714fe2840, Size=320, Default__BP_Flower_C Function /Engine/Transient.REINST_BP_Flower_C_5:ExecuteUbergraph_BP_Flower
[2018.05.12-17.40.45:305][  0]LogUObjectGlobals: Created PersistentFrame Addr=0x000000d714fe2700, Size=320, Default__BP_Flower_C Function /Game/Blueprints/BP_Flower.BP_Flower_C:ExecuteUbergraph_BP_Flower
[2018.05.12-17.40.45:313][  0]LogUObjectGlobals: Created PersistentFrame Addr=0x000000d714fd5080, Size=128, Default__AIC_SnailAIController_C Function /Game/Blueprints/AIC_SnailAIController.AIC_SnailAIController_C:ExecuteUbergraph_AIC_SnailAIController
[2018.05.12-17.40.45:316][  0]LogUObjectGlobals: Destroyed PersistentFrame Addr=0x000000d714fd5080, Size=128
[2018.05.12-17.40.45:316][  0]LogUObjectGlobals: Created PersistentFrame Addr=0x000000d714fd5080, Size=128, Default__AIC_SnailAIController_C Function /Engine/Transient.REINST_AIC_SnailAIController_C_7:ExecuteUbergraph_AIC_SnailAIController
[2018.05.12-17.40.45:319][  0]LogUObjectGlobals: Created PersistentFrame Addr=0x000000d714fd4700, Size=128, Default__AIC_SnailAIController_C Function /Game/Blueprints/AIC_SnailAIController.AIC_SnailAIController_C:ExecuteUbergraph_AIC_SnailAIController
[2018.05.12-17.40.45:389][  0]LogUObjectGlobals: Created PersistentFrame Addr=0x000000d715b2eb00, Size=1408, Default__BP_Bee_Redo_C Function /Game/Blueprints/BP_Bee_Redo.BP_Bee_Redo_C:ExecuteUbergraph_BP_Bee_Redo
[2018.05.12-17.40.45:408][  0]LogUObjectGlobals: Destroyed PersistentFrame Addr=0x000000d715b2eb00, Size=1408
[2018.05.12-17.40.45:408][  0]LogUObjectGlobals: Created PersistentFrame Addr=0x000000d7153edd00, Size=1408, Default__BP_Bee_Redo_C Function /Engine/Transient.REINST_BP_Bee_Redo_C_11:ExecuteUbergraph_BP_Bee_Redo
[2018.05.12-17.40.45:418][  0]LogUObjectGlobals: Created PersistentFrame Addr=0x000000d715362400, Size=1408, Default__BP_Bee_Redo_C Function /Game/Blueprints/BP_Bee_Redo.BP_Bee_Redo_C:ExecuteUbergraph_BP_Bee_Redo
[2018.05.12-17.40.46:479][  0]LogTexture: Display: Building textures: T_FabricNoise1_N (BC5, 128X128)
[2018.05.12-17.40.46:480][  0]LogTexture: Display: Building textures: Grad_FlatCentre_01 (AutoDXT, 1024X1024)
[2018.05.12-17.40.46:480][  0]LogTexture: Display: Building textures: T_FractalNoise_Blur_Reg_N (BC5, 128X128)
[2018.05.12-17.40.46:480][  0]LogTexture: Display: Building textures: T_CrinklyNoise1_N (BC5, 128X128)
[2018.05.12-17.40.46:480][  0]LogTexture: Display: Building textures: FractalNoise_Blur_Reg (AutoDXT, 1024X1024)
[2018.05.12-17.40.46:480][  0]LogTexture: Display: Building textures: CrossHatch_Reg (AutoDXT, 1024X1024)
[2018.05.12-17.40.46:480][  0]LogTexture: Display: Building textures: CrinklyNoise1 (AutoDXT, 512X512)
[2018.05.12-17.40.46:480][  0]LogTexture: Display: Building textures: ClothNoise1 (AutoDXT, 1028X1028)
[2018.05.12-17.40.46:480][  0]LogMaterial: Missing cached shader map for material M_MasterMaterial, compiling. 
[2018.05.12-17.40.46:759][  0]LogTexture: Display: Building textures: FabricNoise1 (AutoDXT, 512X512)
[2018.05.12-17.40.46:759][  0]LogTexture: Display: Building textures: PerlinNoise_Blur_Reg (AutoDXT, 1024X1024)
[2018.05.12-17.40.46:759][  0]LogTexture: Display: Building textures: CrossHatch_Thick4 (AutoDXT, 1024X1024)
[2018.05.12-17.40.46:759][  0]LogTexture: Display: Building textures: T_Grad_Thick_01 (AutoDXT, 128X128)
[2018.05.12-17.40.47:999][  0]LogShaderCompilers: Display: Shaders left to compile 46
[2018.05.12-17.40.47:999][  0]LogShaderCompilers: Display: Shaders left to compile 36
[2018.05.12-17.40.47:999][  0]LogShaderCompilers: Display: Shaders left to compile 26
[2018.05.12-17.40.47:999][  0]LogShaderCompilers: Display: Shaders left to compile 16
[2018.05.12-17.40.47:999][  0]LogShaderCompilers: Display: Shaders left to compile 6
[2018.05.12-17.40.47:999][  0]LogMaterial: Missing cached shader map for material M_MasterMaterial, compiling. 
[2018.05.12-17.40.48:030][  0]LogStaticMesh: Building static mesh SM_FlowerHead_01_SM_FlowerHead_01...
[2018.05.12-17.40.48:139][  0]LogStaticMesh: Built static mesh [0.11s] /Game/Assets/Meshes/SM_FlowerHead_01_SM_FlowerHead_01.SM_FlowerHead_01_SM_FlowerHead_01
[2018.05.12-17.40.48:890][  0]LogStaticMesh: Building static mesh SM_SnailBody_01...
[2018.05.12-17.40.48:892][  0]LogStaticMesh: Built static mesh [0.00s] /Game/Assets/Meshes/SM_SnailBody_01.SM_SnailBody_01
[2018.05.12-17.40.48:941][  0]LogStaticMesh: Building static mesh SM_SnailShell_01...
[2018.05.12-17.40.49:030][  0]LogStaticMesh: Built static mesh [0.09s] /Game/Assets/Meshes/SM_SnailShell_01.SM_SnailShell_01
[2018.05.12-17.40.49:376][  0]LogMaterial: Missing cached shader map for material M_MasterMaterial, compiling. 
[2018.05.12-17.40.49:472][  0]LogStaticMesh: Building static mesh SM_BeeWing_02_SM_BeeWing_R...
[2018.05.12-17.40.49:480][  0]LogStaticMesh: Built static mesh [0.01s] /Game/Assets/Meshes/SM_BeeWing_02_SM_BeeWing_R.SM_BeeWing_02_SM_BeeWing_R
[2018.05.12-17.40.49:626][  0]LogMaterial: Missing cached shader map for material M_MasterMaterial, compiling. 
[2018.05.12-17.40.49:674][  0]LogMaterial: Missing cached shader map for material M_MasterMaterial, compiling. 
[2018.05.12-17.40.49:769][  0]LogMaterial: Missing cached shader map for material M_MasterMaterial, compiling. 
[2018.05.12-17.40.49:841][  0]LogMaterial: Missing cached shader map for material M_MasterMaterial, compiling. 
[2018.05.12-17.40.49:885][  0]LogAIModule: Creating AISystem for world L_Level01
[2018.05.12-17.40.49:908][  0]LogEditorServer: Finished looking for orphan Actors (0.000 secs)
[2018.05.12-17.40.49:936][  0]LogUObjectGlobals: Destroyed PersistentFrame Addr=0x000000d714fe2840, Size=320
[2018.05.12-17.40.49:937][  0]LogUObjectGlobals: Destroyed PersistentFrame Addr=0x000000d714fd5080, Size=128
[2018.05.12-17.40.49:937][  0]LogUObjectGlobals: Destroyed PersistentFrame Addr=0x000000d7153edd00, Size=1408
[2018.05.12-17.40.49:976][  0]Cmd: MAP CHECKDEP NOCLEARLOG
[2018.05.12-17.40.50:095][  0]MapCheck: Map check complete: 0 Error(s), 0 Warning(s), took 118.259ms to complete.
[2018.05.12-17.40.50:095][  0]LogFileHelpers: Loading map 'L_Level01' took 5.380
[2018.05.12-17.40.50:894][  0]LogCollectionManager: Loaded 0 collections in 0.006016 seconds
[2018.05.12-17.40.50:961][  0]LogFileCache: Scanning file cache for directory 'C:/Users/Kyle/Documents/Unreal Projects/GameJam/Saved/Collections/' took 0.01s
[2018.05.12-17.40.50:961][  0]LogFileCache: Scanning file cache for directory 'C:/Users/Kyle/Documents/Unreal Projects/GameJam/Content/Developers/Kyle/Collections/' took 0.01s
[2018.05.12-17.40.50:961][  0]LogFileCache: Scanning file cache for directory 'C:/Users/Kyle/Documents/Unreal Projects/GameJam/Content/Collections/' took 0.01s
[2018.05.12-17.40.50:961][  0]LogCollectionManager: Rebuilt the GUID cache for 0 collections in 0.000002 seconds
[2018.05.12-17.40.50:991][  0]LogContentBrowser: Native class hierarchy populated in 0.0294 seconds. Added 2469 classes and 565 folders.
[2018.05.12-17.40.51:018][  0]LogContentBrowser: Native class hierarchy updated for 'WidgetCarousel' in 0.0006 seconds. Added 0 classes and 0 folders.
[2018.05.12-17.40.54:935][  0]LogShaderCompilers: Display: Shaders left to compile 276
[2018.05.12-17.40.54:935][  0]LogShaderCompilers: Display: Shaders left to compile 266
[2018.05.12-17.40.54:935][  0]LogShaderCompilers: Display: Shaders left to compile 256
[2018.05.12-17.40.54:936][  0]LogShaderCompilers: Display: Shaders left to compile 246
[2018.05.12-17.40.54:936][  0]LogShaderCompilers: Display: Shaders left to compile 236
[2018.05.12-17.40.54:936][  0]LogShaderCompilers: Display: Shaders left to compile 226
[2018.05.12-17.40.54:936][  0]LogShaderCompilers: Display: Shaders left to compile 216
[2018.05.12-17.40.54:936][  0]LogContentBrowser: Native class hierarchy updated for 'AddContentDialog' in 0.0004 seconds. Added 0 classes and 0 folders.
[2018.05.12-17.40.55:040][  0]LogContentBrowser: Native class hierarchy updated for 'SceneOutliner' in 0.0007 seconds. Added 1 classes and 2 folders.
[2018.05.12-17.40.59:848][  0]LogShaderCompilers: Display: Shaders left to compile 206
[2018.05.12-17.40.59:849][  0]LogShaderCompilers: Display: Shaders left to compile 196
[2018.05.12-17.40.59:849][  0]LogShaderCompilers: Display: Shaders left to compile 186
[2018.05.12-17.40.59:849][  0]LogShaderCompilers: Display: Shaders left to compile 176
[2018.05.12-17.40.59:849][  0]LogShaderCompilers: Display: Shaders left to compile 166
[2018.05.12-17.40.59:849][  0]LogShaderCompilers: Display: Shaders left to compile 156
[2018.05.12-17.40.59:849][  0]LogShaderCompilers: Display: Shaders left to compile 146
[2018.05.12-17.40.59:849][  0]LogSlate: Only BGRA pngs, bmps or icos are supported in by External Image Picker
[2018.05.12-17.41.00:009][  0]LogContentBrowser: Native class hierarchy updated for 'HierarchicalLODOutliner' in 0.0006 seconds. Added 0 classes and 0 folders.
[2018.05.12-17.41.00:010][  0]LogLoad: (Engine Initialization) Total time: 40.76 seconds
[2018.05.12-17.41.00:010][  0]LogLoad: (Engine Initialization) Total Blueprint compile time: 0.00 seconds
[2018.05.12-17.41.00:347][  0]LogSlate: FSceneViewport::OnFocusLost() reason 2
[2018.05.12-17.41.00:427][  0]LogTemp: Executing iPhonePackager certificates Engine -bundlename com.YourCompany.GameJam
[2018.05.12-17.41.00:427][  0]LogTemp: CWD: C:\Games\UE_4.19\Engine\Binaries\DotNET\IOS
[2018.05.12-17.41.00:427][  0]LogTemp: Initial Dir: C:\Games\UE_4.19
[2018.05.12-17.41.00:427][  0]LogTemp: Env CWD: C:\Games\UE_4.19\Engine\Binaries\DotNET\IOS
[2018.05.12-17.41.00:427][  0]LogTemp: BranchPath = KYLE-PC/C/Games/UE_4.19/Engine/Binaries --- GameBranchPath = KYLE-PC/C/Games/UE_4.19/Engine/Binaries
[2018.05.12-17.41.00:427][  0]LogTemp: IPP ERROR: Could not find provision directory 'C:\Users\Kyle\AppData\Local/Apple Computer/MobileDevice/Provisioning Profiles/'.
[2018.05.12-17.41.00:466][  0]LogContentStreaming: Texture pool size now 800 MB
[2018.05.12-17.41.00:470][  0]LogSlate: Took 0.000605 seconds to synchronously load lazily loaded font '../../../Engine/Content/Slate/Fonts/Roboto-Regular.ttf' (155K)
[2018.05.12-17.41.00:474][  0]LogSlate: Took 0.000460 seconds to synchronously load lazily loaded font '../../../Engine/Content/Slate/Fonts/Roboto-Bold.ttf' (160K)
[2018.05.12-17.41.00:512][  0]LogSlate: Took 0.028060 seconds to synchronously load lazily loaded font '../../../Engine/Content/Editor/Slate/Fonts/FontAwesome.ttf' (139K)
[2018.05.12-17.41.00:805][  0]LogRenderer: Reallocating scene render targets to support 64x64 Format 9 NumSamples 1 (Frame:1).
[2018.05.12-17.41.01:069][  0]LogShaderCompilers: Display: Shaders left to compile 136
[2018.05.12-17.41.01:069][  0]LogRenderer: Reallocating scene render targets to support 676x360 Format 9 NumSamples 1 (Frame:1).
[2018.05.12-17.41.01:069][  0]LogSlate: Took 0.030338 seconds to synchronously load lazily loaded font '../../../Engine/Content/Slate/Fonts/Roboto-Light.ttf' (167K)
[2018.05.12-17.41.01:267][  1]LogFMOD: File has changed: ../../../../../Users/Kyle/Documents/Unreal Projects/GameJam/Content/FMOD/Desktop/Master Bank.strings.bank
[2018.05.12-17.41.01:384][  1]LogFMOD: Loading strings bank: ../../../../../Users/Kyle/Documents/Unreal Projects/GameJam/Content/FMOD/Desktop/Master Bank.strings.bank
[2018.05.12-17.41.01:386][  1]LogFMOD: Skipping asset: bank:/Master Bank.strings
[2018.05.12-17.41.01:386][  1]LogFMOD: Skipping asset: bus:/
[2018.05.12-17.41.01:390][  1]LogFMOD: Default sample rate = 48000
[2018.05.12-17.41.01:390][  1]LogFMOD: System sample rate = 44100
[2018.05.12-17.41.01:390][  1]LogFMOD: Matching system sample rate 44100
[2018.05.12-17.41.01:571][  1]LogFMOD: Default sample rate = 48000
[2018.05.12-17.41.01:571][  1]LogFMOD: System sample rate = 44100
[2018.05.12-17.41.01:571][  1]LogFMOD: Matching system sample rate 44100
[2018.05.12-17.41.01:672][  1]LogFileCache: Retrieving MD5 hashes for directory 'C:/Users/Kyle/Documents/Unreal Projects/GameJam/Content/' took 1.30s
[2018.05.12-17.41.01:979][  1]LogShaderCompilers: Display: Shaders left to compile 126
[2018.05.12-17.41.02:216][  2]LogSlate: Took 0.000645 seconds to synchronously load lazily loaded font '../../../Engine/Content/Slate/Fonts/Roboto-Light.ttf' (167K)
[2018.05.12-17.41.02:815][  4]LogShaderCompilers: Display: Shaders left to compile 116
[2018.05.12-17.41.02:815][  4]LogAssetRegistry: Asset discovery search completed in 32.6853 seconds
[2018.05.12-17.41.02:823][  4]LogCollectionManager: Rebuilt the object cache for 0 collections in 0.000003 seconds (found 0 objects)
[2018.05.12-17.41.02:825][  4]LogCollectionManager: Fixed up redirectors for 0 collections in 0.001452 seconds (updated 0 objects)
[2018.05.12-17.41.02:885][  4]LogShaderCompilers: Display: Shaders left to compile 106
[2018.05.12-17.41.03:528][  7]LogShaderCompilers: Display: Shaders left to compile 96
[2018.05.12-17.41.04:152][  9]LogShaderCompilers: Display: Shaders left to compile 86
[2018.05.12-17.41.05:164][ 12]LogShaderCompilers: Display: Shaders left to compile 76
[2018.05.12-17.41.06:175][ 15]LogShaderCompilers: Display: Shaders left to compile 66
[2018.05.12-17.41.06:176][ 15]LogShaderCompilers: Display: Shaders left to compile 56
[2018.05.12-17.41.06:176][ 15]LogShaderCompilers: Display: Shaders left to compile 46
[2018.05.12-17.41.07:154][ 18]LogShaderCompilers: Display: Shaders left to compile 36
[2018.05.12-17.41.07:816][ 20]LogShaderCompilers: Display: Shaders left to compile 26
[2018.05.12-17.41.08:486][ 22]LogShaderCompilers: Display: Shaders left to compile 16
[2018.05.12-17.41.09:171][ 24]LogShaderCompilers: Display: Shaders left to compile 6
[2018.05.12-17.41.39:728][144]LogRenderer: Reallocating scene render targets to support 1016x576 Format 9 NumSamples 1 (Frame:35).
[2018.05.12-17.41.40:844][164]LogTemp: Repeating last play command: New Editor Window (PIE)
[2018.05.12-17.41.40:920][164]LogFMOD: Creating runtime Studio System
[2018.05.12-17.41.40:922][164]LogFMOD: Default sample rate = 48000
[2018.05.12-17.41.40:922][164]LogFMOD: System sample rate = 44100
[2018.05.12-17.41.40:922][164]LogFMOD: Matching system sample rate 44100
[2018.05.12-17.41.40:934][164]LogFMOD: Loading Banks
[2018.05.12-17.41.40:983][164]LogPlayLevel: PlayLevel: No blueprints needed recompiling
[2018.05.12-17.41.40:983][164]PIE: New page: PIE session: L_Level01 (12 May 2018 19:41:40)
[2018.05.12-17.41.40:983][164]LogPlayLevel: Creating play world package: /Game/Maps/UEDPIE_0_L_Level01
[2018.05.12-17.41.40:986][164]LogPlayLevel: PIE: StaticDuplicateObject took: (0.002980s)
[2018.05.12-17.41.40:987][164]LogAIModule: Creating AISystem for world L_Level01
[2018.05.12-17.41.40:987][164]LogPlayLevel: PIE: World Init took: (0.000925s)
[2018.05.12-17.41.40:987][164]LogPlayLevel: PIE: Created PIE world by copying editor world from /Game/Maps/L_Level01.L_Level01 to /Game/Maps/UEDPIE_0_L_Level01.L_Level01 (0.004086s)
[2018.05.12-17.41.41:017][164]LogInit: XAudio2 using 'Speakers (High Definition Audio Device)' : 2 channels at 44.1 kHz using 32 bits per sample (channel mask 0x3)
[2018.05.12-17.41.41:026][164]LogInit: FAudioDevice initialized.
[2018.05.12-17.41.41:117][164]LogLoad: Game class is 'GM_DangerBee_C'
[2018.05.12-17.41.41:120][164]LogWorld: Bringing World /Game/Maps/UEDPIE_0_L_Level01.L_Level01 up for play (max tick rate 0) at 2018.05.12-18.41.41
[2018.05.12-17.41.41:150][164]LogWorld: Bringing up level for play took: 0.031593
[2018.05.12-17.41.41:157][164]LogContentBrowser: Native class hierarchy updated for 'MovieSceneCapture' in 0.0004 seconds. Added 11 classes and 0 folders.
[2018.05.12-17.41.41:157][164]LogGameMode: Display: Match State Changed from EnteringMap to WaitingToStart
[2018.05.12-17.41.41:157][164]LogGameState: Match State Changed from EnteringMap to WaitingToStart
[2018.05.12-17.41.41:157][164]LogGameMode: Display: Match State Changed from WaitingToStart to InProgress
[2018.05.12-17.41.41:185][164]LogGameState: Match State Changed from WaitingToStart to InProgress
[2018.05.12-17.41.41:191][164]PIE: Play in editor start time for /Game/Maps/UEDPIE_0_L_Level01 0.917
[2018.05.12-17.41.41:249][164]LogRenderer: Reallocating scene render targets to support 1124x656 Format 9 NumSamples 1 (Frame:1).
[2018.05.12-17.42.40:433][ 49]LogSlate: Window 'GameJam Game Preview Standalone (64-bit/PCD3D_SM5)' being destroyed
[2018.05.12-17.43.20:736][584]LogSlate: FSceneViewport::OnFocusLost() reason 0
[2018.05.12-17.43.27:398][618]LogSlate: Window 'Pick Parent Class' being destroyed
[2018.05.12-17.43.35:575][760]LogContentBrowser: Native class hierarchy updated for 'BlueprintGraph' in 0.0008 seconds. Added 116 classes and 0 folders.
[2018.05.12-17.43.36:056][760]LogUObjectGlobals: Created PersistentFrame Addr=0x000000d7172ba758, Size=4, Default__SKEL_PROTO_BP_AnimBlueprint_0_C Function /Engine/Transient.SKEL_PROTO_BP_AnimBlueprint_0_C:ExecuteUbergraph_PROTO_BP_AnimBlueprint_0
[2018.05.12-17.43.36:057][760]LogUObjectGlobals: Created PersistentFrame Addr=0x000000d7172ba750, Size=4, Default__PROTO_BP_AnimBlueprint_0_C Function /Engine/Transient.PROTO_BP_AnimBlueprint_0_C:ExecuteUbergraph_PROTO_BP_AnimBlueprint_0
[2018.05.12-17.43.41:313][844]LogSlate: Took 0.012638 seconds to synchronously load lazily loaded font '../../../Engine/Content/Slate/Fonts/Roboto-Italic.ttf' (157K)
[2018.05.12-17.43.49:816][965]BlueprintLog: New page: Compile BP_Flower_Spawner
[2018.05.12-17.43.57:853][104]LogSlate: FSceneViewport::OnFocusLost() reason 0
[2018.05.12-17.44.13:379][398]LogSlate: FSceneViewport::OnFocusLost() reason 0
[2018.05.12-17.44.24:796][603]LogTexture: Display: Building textures: water_drops (AutoDXT, 64X64)
[2018.05.12-17.44.24:797][603]LogMaterial: Missing cached shader map for material water_drops_Mat, compiling. 
[2018.05.12-17.44.24:886][603]LogStaticMesh: Building static mesh SM_SquareFlowerpot_01...
[2018.05.12-17.44.24:889][603]LogShaderCompilers: Display: Shaders left to compile 87
[2018.05.12-17.44.24:889][603]LogShaderCompilers: Display: Shaders left to compile 77
[2018.05.12-17.44.24:890][603]LogShaderCompilers: Display: Shaders left to compile 67
[2018.05.12-17.44.24:890][603]LogShaderCompilers: Display: Shaders left to compile 57
[2018.05.12-17.44.24:890][603]LogStaticMesh: Built static mesh [0.00s] /Game/Assets/Meshes/SM_SquareFlowerpot_01.SM_SquareFlowerpot_01
[2018.05.12-17.44.24:895][603]LogMaterial: Missing cached shader map for material M_MasterMaterial, compiling. 
[2018.05.12-17.44.24:924][603]LogStaticMesh: Building static mesh SM_CurvedCeiling_16x16_01...
[2018.05.12-17.44.24:925][603]LogStaticMesh: Built static mesh [0.00s] /Game/Assets/Meshes/SM_CurvedCeiling_16x16_01.SM_CurvedCeiling_16x16_01
[2018.05.12-17.44.24:976][603]LogStaticMesh: Building static mesh SM_Hanging_basket_01...
[2018.05.12-17.44.24:981][603]LogStaticMesh: Built static mesh [0.03s] /Game/Assets/Meshes/SM_Hanging_basket_01.SM_Hanging_basket_01
[2018.05.12-17.44.24:982][603]LogStaticMesh: Building static mesh SM_Hanging_basket_02...
[2018.05.12-17.44.24:988][603]LogStaticMesh: Built static mesh [0.01s] /Game/Assets/Meshes/SM_Hanging_basket_02.SM_Hanging_basket_02
[2018.05.12-17.44.24:989][603]LogStaticMesh: Building static mesh SM_Hanging_basket_03...
[2018.05.12-17.44.24:993][603]LogStaticMesh: Built static mesh [0.00s] /Game/Assets/Meshes/SM_Hanging_basket_03.SM_Hanging_basket_03
[2018.05.12-17.44.25:005][603]LogStaticMesh: Building static mesh SM_SprinklerPipe_01...
[2018.05.12-17.44.25:009][603]LogStaticMesh: Built static mesh [0.01s] /Game/Assets/Meshes/SM_SprinklerPipe_01.SM_SprinklerPipe_01
[2018.05.12-17.44.25:026][603]LogStaticMesh: Building static mesh SM_Table_3x3x6_01...
[2018.05.12-17.44.25:028][603]LogStaticMesh: Built static mesh [0.00s] /Game/Assets/Meshes/SM_Table_3x3x6_01.SM_Table_3x3x6_01
[2018.05.12-17.44.25:044][603]LogStaticMesh: Building static mesh SM_Wall_16x16_01...
[2018.05.12-17.44.25:046][603]LogStaticMesh: Built static mesh [0.00s] /Game/Assets/Meshes/SM_Wall_16x16_01.SM_Wall_16x16_01
[2018.05.12-17.44.25:055][603]LogMaterial: Missing cached shader map for material M_MasterMaterial, compiling. 
[2018.05.12-17.44.25:087][603]LogMaterial: Missing cached shader map for material M_MasterMaterial, compiling. 
[2018.05.12-17.44.25:117][603]LogAIModule: Creating AISystem for world L_LevelNICOLE_DONT_TOUCH
[2018.05.12-17.44.28:378][603]LogSlate: Window 'Save Content' being destroyed
[2018.05.12-17.44.28:388][603]Cmd: OBJ SAVEPACKAGE PACKAGE="/Game/Blueprints/BP_Flower_Spawner" FILE="../../../../../Users/Kyle/Documents/Unreal Projects/GameJam/Content/Blueprints/BP_Flower_Spawner.uasset" SILENT=true
[2018.05.12-17.44.28:417][603]LogSavePackage: Save=13.17ms
[2018.05.12-17.44.28:417][603]LogSavePackage: Moving '../../../../../Users/Kyle/Documents/Unreal Projects/GameJam/Saved/BP_Flower_Spawner22F51C1A4DAD45EBE54E0784EB5C86D9.tmp' to '../../../../../Users/Kyle/Documents/Unreal Projects/GameJam/Content/Blueprints/BP_Flower_Spawner.uasset'
[2018.05.12-17.44.28:423][603]LogSavePackage: Display: Finished SavePackage ../../../../../Users/Kyle/Documents/Unreal Projects/GameJam/Content/Blueprints/BP_Flower_Spawner.uasset
[2018.05.12-17.44.28:425][603]Cmd: MAP LOAD FILE="../../../../../Users/Kyle/Documents/Unreal Projects/GameJam/Content/Maps/L_LevelNICOLE_DONT_TOUCH.umap" TEMPLATE=0 SHOWPROGRESS=1 FEATURELEVEL=3
[2018.05.12-17.44.28:425][603]LightingResults: New page: Lighting Build
[2018.05.12-17.44.28:426][603]LoadErrors: New page: Loading map: L_LevelNICOLE_DONT_TOUCH.umap
[2018.05.12-17.44.28:427][603]MapCheck: New page: Map Check
[2018.05.12-17.44.28:428][603]LightingResults: New page: Lighting Build
[2018.05.12-17.44.28:483][603]LogEditorServer: Finished looking for orphan Actors (0.000 secs)
[2018.05.12-17.44.28:533][603]LogShaderCompilers: Display: Shaders left to compile 185
[2018.05.12-17.44.28:617][603]Cmd: MAP CHECKDEP NOCLEARLOG
[2018.05.12-17.44.28:770][603]MapCheck: Map check complete: 0 Error(s), 0 Warning(s), took 152.378ms to complete.
[2018.05.12-17.44.28:770][603]LogFileHelpers: Loading map 'L_LevelNICOLE_DONT_TOUCH' took 0.347
[2018.05.12-17.44.29:379][613]LogShaderCompilers: Display: Shaders left to compile 175
[2018.05.12-17.44.29:691][619]LogShaderCompilers: Display: Shaders left to compile 165
[2018.05.12-17.44.30:036][624]LogShaderCompilers: Display: Shaders left to compile 155
[2018.05.12-17.44.33:326][669]LogShaderCompilers: Display: Shaders left to compile 145
[2018.05.12-17.44.33:466][671]LogShaderCompilers: Display: Shaders left to compile 135
[2018.05.12-17.44.33:530][672]LogShaderCompilers: Display: Shaders left to compile 125
[2018.05.12-17.44.34:515][686]LogShaderCompilers: Display: Shaders left to compile 115
[2018.05.12-17.44.35:531][699]LogShaderCompilers: Display: Shaders left to compile 105
[2018.05.12-17.44.35:693][701]LogShaderCompilers: Display: Shaders left to compile 95
[2018.05.12-17.44.36:724][716]LogShaderCompilers: Display: Shaders left to compile 85
[2018.05.12-17.44.36:790][717]LogShaderCompilers: Display: Shaders left to compile 75
[2018.05.12-17.44.37:983][733]LogShaderCompilers: Display: Shaders left to compile 65
[2018.05.12-17.44.38:807][745]LogShaderCompilers: Display: Shaders left to compile 55
[2018.05.12-17.44.39:004][748]LogShaderCompilers: Display: Shaders left to compile 45
[2018.05.12-17.44.39:419][752]LogShaderCompilers: Display: Shaders left to compile 35
[2018.05.12-17.44.41:041][773]LogShaderCompilers: Display: Shaders left to compile 25
[2018.05.12-17.44.41:081][774]LogShaderCompilers: Display: Shaders left to compile 15
[2018.05.12-17.44.41:725][782]LogShaderCompilers: Display: Shaders left to compile 5
[2018.05.12-17.44.44:659][823]LogSlate: FSceneViewport::OnFocusLost() reason 0
[2018.05.12-17.44.44:725][824]LogTemp: Repeating last play command: New Editor Window (PIE)
[2018.05.12-17.44.44:784][824]LogFMOD: Creating runtime Studio System
[2018.05.12-17.44.44:787][824]LogFMOD: Default sample rate = 48000
[2018.05.12-17.44.44:787][824]LogFMOD: System sample rate = 44100
[2018.05.12-17.44.44:787][824]LogFMOD: Matching system sample rate 44100
[2018.05.12-17.44.44:799][824]LogFMOD: Loading Banks
[2018.05.12-17.44.44:846][824]BlueprintLog: New page: Pre-Play auto-recompile
[2018.05.12-17.44.44:848][824]LogPlayLevel: [PlayLevel] Compiling BP_Flower_Spawner before play...
[2018.05.12-17.44.45:062][824]LogPlayLevel: PlayLevel: Blueprint regeneration took 216 ms (1 blueprints)
[2018.05.12-17.44.45:062][824]PIE: New page: PIE session: L_LevelNICOLE_DONT_TOUCH (12 May 2018 19:44:45)
[2018.05.12-17.44.45:062][824]LogPlayLevel: Creating play world package: /Game/Maps/UEDPIE_0_L_LevelNICOLE_DONT_TOUCH
[2018.05.12-17.44.45:074][824]LogPlayLevel: PIE: StaticDuplicateObject took: (0.011776s)
[2018.05.12-17.44.45:075][824]LogAIModule: Creating AISystem for world L_LevelNICOLE_DONT_TOUCH
[2018.05.12-17.44.45:075][824]LogPlayLevel: PIE: World Init took: (0.000867s)
[2018.05.12-17.44.45:075][824]LogPlayLevel: PIE: Created PIE world by copying editor world from /Game/Maps/L_LevelNICOLE_DONT_TOUCH.L_LevelNICOLE_DONT_TOUCH to /Game/Maps/UEDPIE_0_L_LevelNICOLE_DONT_TOUCH.L_LevelNICOLE_DONT_TOUCH (0.012873s)
[2018.05.12-17.44.45:120][824]LogInit: XAudio2 using 'Speakers (High Definition Audio Device)' : 2 channels at 44.1 kHz using 32 bits per sample (channel mask 0x3)
[2018.05.12-17.44.45:128][824]LogInit: FAudioDevice initialized.
[2018.05.12-17.44.45:191][824]LogLoad: Game class is 'GM_DangerBee_C'
[2018.05.12-17.44.45:197][824]LogWorld: Bringing World /Game/Maps/UEDPIE_0_L_LevelNICOLE_DONT_TOUCH.L_LevelNICOLE_DONT_TOUCH up for play (max tick rate 0) at 2018.05.12-18.44.45
[2018.05.12-17.44.45:222][824]LogWorld: Bringing up level for play took: 0.030185
[2018.05.12-17.44.45:223][824]LogGameMode: Display: Match State Changed from EnteringMap to WaitingToStart
[2018.05.12-17.44.45:223][824]LogGameState: Match State Changed from EnteringMap to WaitingToStart
[2018.05.12-17.44.45:223][824]LogGameMode: Display: Match State Changed from WaitingToStart to InProgress
[2018.05.12-17.44.45:225][824]LogGameState: Match State Changed from WaitingToStart to InProgress
[2018.05.12-17.44.45:231][824]PIE: Play in editor start time for /Game/Maps/UEDPIE_0_L_LevelNICOLE_DONT_TOUCH 0.957
[2018.05.12-17.45.36:679][592]LogSlate: Window 'GameJam Game Preview Standalone (64-bit/PCD3D_SM5)' being destroyed
[2018.05.12-17.45.51:125][875]LogSlate: FSceneViewport::OnFocusLost() reason 0
[2018.05.12-17.46.11:568][255]LogSlate: FSceneViewport::OnFocusLost() reason 0
[2018.05.12-17.46.48:203][958]LogSlate: FSceneViewport::OnFocusLost() reason 0
[2018.05.12-17.48.14:713][297]LogSlate: Took 0.013509 seconds to synchronously load lazily loaded font '../../../Engine/Content/Slate/Fonts/Roboto-BoldCondensed.ttf' (158K)
[2018.05.12-17.49.23:005][469]LogSlate: Took 0.023012 seconds to synchronously load lazily loaded font '../../../Engine/Content/Slate/Fonts/Roboto-BoldCondensedItalic.ttf' (160K)
[2018.05.12-17.49.37:082][673]BlueprintLog: New page: Compile BP_Flower_Spawner
[2018.05.12-17.51.04:622][ 29]BlueprintLog: New page: Compile BP_Flower_Spawner
[2018.05.12-17.51.16:977][266]BlueprintLog: New page: Compile BP_Flower_Spawner
[2018.05.12-17.51.52:471][961]BlueprintLog: New page: Compile BP_Flower_Spawner
[2018.05.12-17.51.52:477][961]LogUObjectGlobals: Created PersistentFrame Addr=0x000000d7358f41e0, Size=4, Default__BP_Flower_Spawner_C Function /Game/Blueprints/BP_Flower_Spawner.BP_Flower_Spawner_C:ExecuteUbergraph_BP_Flower_Spawner
[2018.05.12-17.53.05:459][481]LogSlate: FSceneViewport::OnFocusLost() reason 0
[2018.05.12-17.53.05:558][483]LogTemp: Repeating last play command: New Editor Window (PIE)
[2018.05.12-17.53.05:619][483]LogFMOD: Creating runtime Studio System
[2018.05.12-17.53.05:622][483]LogFMOD: Default sample rate = 48000
[2018.05.12-17.53.05:622][483]LogFMOD: System sample rate = 44100
[2018.05.12-17.53.05:622][483]LogFMOD: Matching system sample rate 44100
[2018.05.12-17.53.05:636][483]LogFMOD: Loading Banks
[2018.05.12-17.53.05:682][483]BlueprintLog: New page: Pre-Play auto-recompile
[2018.05.12-17.53.05:685][483]LogPlayLevel: [PlayLevel] Compiling BP_Flower_Spawner before play...
[2018.05.12-17.53.05:687][483]LogUObjectGlobals: Destroyed PersistentFrame Addr=0x000000d7358f41e0, Size=4
[2018.05.12-17.53.05:687][483]LogUObjectGlobals: Created PersistentFrame Addr=0x000000d7358f41e0, Size=4, BP_Flower_Spawner_C_86 Function /Engine/Transient.REINST_BP_Flower_Spawner_C_69:ExecuteUbergraph_BP_Flower_Spawner
[2018.05.12-17.53.05:687][483]LogBlueprint: Error: [Compiler BP_Flower_Spawner] Cannot construct objects of type 'None' in  Construct Object from Class
[2018.05.12-17.53.05:689][483]LogUObjectGlobals: Created PersistentFrame Addr=0x000000d7320353f0, Size=16, Default__BP_Flower_Spawner_C Function /Game/Blueprints/BP_Flower_Spawner.BP_Flower_Spawner_C:ExecuteUbergraph_BP_Flower_Spawner
[2018.05.12-17.53.05:689][483]LogBlueprint: Warning: [Compiler BP_Flower_Spawner] [0766.44] Compile of BP_Flower_Spawner failed. 1 Fatal Issue(s) 0 Warning(s) [in 5 ms] (/Game/Blueprints/BP_Flower_Spawner.BP_Flower_Spawner)
[2018.05.12-17.53.05:860][483]LogUObjectGlobals: Destroyed PersistentFrame Addr=0x000000d7358f41e0, Size=4
[2018.05.12-17.53.05:861][483]LogPlayLevel: PlayLevel: Blueprint regeneration took 179 ms (1 blueprints)
[2018.05.12-17.53.05:861][483]BlueprintLog: Blueprint BP_Flower_Spawner failed to compile
[2018.05.12-17.53.09:618][483]LogSlate: Window 'Message' being destroyed
[2018.05.12-17.53.09:632][483]PIE: New page: PIE session: L_LevelNICOLE_DONT_TOUCH (12 May 2018 19:53:09)
[2018.05.12-17.53.09:633][483]LogPlayLevel: Creating play world package: /Game/Maps/UEDPIE_0_L_LevelNICOLE_DONT_TOUCH
[2018.05.12-17.53.09:676][483]LogPlayLevel: PIE: StaticDuplicateObject took: (0.043054s)
[2018.05.12-17.53.09:678][483]LogAIModule: Creating AISystem for world L_LevelNICOLE_DONT_TOUCH
[2018.05.12-17.53.09:678][483]LogPlayLevel: PIE: World Init took: (0.002367s)
[2018.05.12-17.53.09:679][483]LogPlayLevel: PIE: Created PIE world by copying editor world from /Game/Maps/L_LevelNICOLE_DONT_TOUCH.L_LevelNICOLE_DONT_TOUCH to /Game/Maps/UEDPIE_0_L_LevelNICOLE_DONT_TOUCH.L_LevelNICOLE_DONT_TOUCH (0.046286s)
[2018.05.12-17.53.09:786][483]LogInit: XAudio2 using 'Speakers (High Definition Audio Device)' : 2 channels at 44.1 kHz using 32 bits per sample (channel mask 0x3)
[2018.05.12-17.53.09:801][483]LogInit: FAudioDevice initialized.
[2018.05.12-17.53.09:892][483]LogLoad: Game class is 'GM_DangerBee_C'
[2018.05.12-17.53.09:900][483]LogWorld: Bringing World /Game/Maps/UEDPIE_0_L_LevelNICOLE_DONT_TOUCH.L_LevelNICOLE_DONT_TOUCH up for play (max tick rate 0) at 2018.05.12-18.53.09
[2018.05.12-17.53.09:900][483]LogWorld: Bringing up level for play took: 0.007885
[2018.05.12-17.53.09:902][483]LogGameMode: Display: Match State Changed from EnteringMap to WaitingToStart
[2018.05.12-17.53.09:902][483]LogGameState: Match State Changed from EnteringMap to WaitingToStart
[2018.05.12-17.53.09:902][483]LogGameMode: Display: Match State Changed from WaitingToStart to InProgress
[2018.05.12-17.53.09:904][483]LogGameState: Match State Changed from WaitingToStart to InProgress
[2018.05.12-17.53.09:911][483]PIE: Play in editor start time for /Game/Maps/UEDPIE_0_L_LevelNICOLE_DONT_TOUCH 3.638
[2018.05.12-17.53.13:212][543]LogSlate: Window 'GameJam Game Preview Standalone (64-bit/PCD3D_SM5)' being destroyed
[2018.05.12-17.53.14:359][567]LogSlate: Prevented a slow task dialog from being summoned while a context menu was open
[2018.05.12-17.53.25:375][804]BlueprintLog: New page: Compile BP_Flower_Spawner
[2018.05.12-17.53.25:380][804]LogUObjectGlobals: Destroyed PersistentFrame Addr=0x000000d7320353f0, Size=16
[2018.05.12-17.53.25:380][804]LogUObjectGlobals: Created PersistentFrame Addr=0x000000d7670d32e0, Size=16, BP_Flower_Spawner_C_87 Function /Engine/Transient.REINST_BP_Flower_Spawner_C_73:ExecuteUbergraph_BP_Flower_Spawner
[2018.05.12-17.53.25:380][804]LogBlueprint: Error: [Compiler BP_Flower_Spawner] Cannot construct objects of type '/Game/Blueprints/BP_Flower.BP_Flower_C' in  Construct Object from Class
[2018.05.12-17.53.25:380][804]LogBlueprint: Error: [Compiler BP_Flower_Spawner] Outer object is required in  Construct Object from Class
[2018.05.12-17.53.25:381][804]LogUObjectGlobals: Created PersistentFrame Addr=0x000000d7670d13f0, Size=16, Default__BP_Flower_Spawner_C Function /Game/Blueprints/BP_Flower_Spawner.BP_Flower_Spawner_C:ExecuteUbergraph_BP_Flower_Spawner
[2018.05.12-17.53.25:523][804]LogBlueprint: Warning: [Compiler BP_Flower_Spawner] [0786.27] Compile of BP_Flower_Spawner failed. 2 Fatal Issue(s) 0 Warning(s) [in 147 ms] (/Game/Blueprints/BP_Flower_Spawner.BP_Flower_Spawner)
[2018.05.12-17.53.36:416][ 31]BlueprintLog: New page: Compile BP_Flower_Spawner
[2018.05.12-17.53.36:423][ 31]LogUObjectGlobals: Destroyed PersistentFrame Addr=0x000000d7670d13f0, Size=16
[2018.05.12-17.53.36:423][ 31]LogUObjectGlobals: Created PersistentFrame Addr=0x000000d735b0f790, Size=16, BP_Flower_Spawner_C_88 Function /Engine/Transient.REINST_BP_Flower_Spawner_C_77:ExecuteUbergraph_BP_Flower_Spawner
[2018.05.12-17.53.36:424][ 31]LogBlueprint: Error: [Compiler BP_Flower_Spawner] Cannot construct objects of type '/Game/Blueprints/BP_Flower.BP_Flower_C' in  Construct Object from Class
[2018.05.12-17.53.36:425][ 31]LogUObjectGlobals: Created PersistentFrame Addr=0x000000d735b0d820, Size=16, Default__BP_Flower_Spawner_C Function /Game/Blueprints/BP_Flower_Spawner.BP_Flower_Spawner_C:ExecuteUbergraph_BP_Flower_Spawner
[2018.05.12-17.53.36:556][ 31]LogUObjectGlobals: Destroyed PersistentFrame Addr=0x000000d7670d32e0, Size=16
[2018.05.12-17.53.36:566][ 31]LogBlueprint: Warning: [Compiler BP_Flower_Spawner] [0797.31] Compile of BP_Flower_Spawner failed. 1 Fatal Issue(s) 0 Warning(s) [in 150 ms] (/Game/Blueprints/BP_Flower_Spawner.BP_Flower_Spawner)
