Log file open, 05/13/18 17:04:37
LogWindows: Failed to load 'aqProf.dll' (GetLastError=126)
LogWindows: File 'aqProf.dll' does not exist
LogWindows: Failed to load 'VtuneApi.dll' (GetLastError=126)
LogWindows: File 'VtuneApi.dll' does not exist
LogWindows: Failed to load 'VtuneApi32e.dll' (GetLastError=126)
LogWindows: File 'VtuneApi32e.dll' does not exist
LogInit: Display: Running engine for game: GameJam
LogPlatformFile: Not using cached read wrapper
LogInit: Display: RandInit(1308932465) SRandInit(1308932465).
LogInit: Read version file with build ID '3944462'
LogInit: Overriding engine version to CL 4033788, compatible CL 3944462
LogInit: Registered custom module enumerator with build ID '3944462'
LogTaskGraph: Started task graph with 5 named threads and 23 total threads with 3 sets of task threads.
LogStats: Stats thread started at 0.262872
LogD3D11RHI: Aftermath initialized
LogICUInternationalization: Display: ICU TimeZone Detection - Raw Offset: -5:00, Platform Override: ''
LogModuleManager: Display: Found up-to-date module file ../../../../../../Users/vikky/Documents/GitHub/Danger-Bee/Plugins/FMODStudio/Binaries/Win64/UE4Editor-FMODStudio.dll (API version 3944462).
LogModuleManager: Display: Found up-to-date module file ../../../../../../Users/vikky/Documents/GitHub/Danger-Bee/Plugins/FMODStudio/Binaries/Win64/UE4Editor-FMODStudioEditor.dll (API version 3944462).
LogModuleManager: Display: Found up-to-date module file ../../../Engine/Plugins/2D/Paper2D/Binaries/Win64/UE4Editor-Paper2D.dll (API version 3944462).
LogModuleManager: Display: Found up-to-date module file ../../../Engine/Plugins/2D/Paper2D/Binaries/Win64/UE4Editor-Paper2DEditor.dll (API version 3944462).
LogModuleManager: Display: Found up-to-date module file ../../../Engine/Plugins/2D/Paper2D/Binaries/Win64/UE4Editor-PaperSpriteSheetImporter.dll (API version 3944462).
LogModuleManager: Display: Found up-to-date module file ../../../Engine/Plugins/2D/Paper2D/Binaries/Win64/UE4Editor-PaperTiledImporter.dll (API version 3944462).
LogModuleManager: Display: Found up-to-date module file ../../../Engine/Plugins/2D/Paper2D/Binaries/Win64/UE4Editor-SmartSnapping.dll (API version 3944462).
LogModuleManager: Display: Found up-to-date module file ../../../Engine/Plugins/Blendables/LightPropagationVolume/Binaries/Win64/UE4Editor-LightPropagationVolumeRuntime.dll (API version 3944462).
LogModuleManager: Display: Found up-to-date module file ../../../Engine/Plugins/Blendables/LightPropagationVolume/Binaries/Win64/UE4Editor-LightPropagationVolumeEditor.dll (API version 3944462).
LogModuleManager: Display: Found up-to-date module file ../../../Engine/Plugins/Developer/CLionSourceCodeAccess/Binaries/Win64/UE4Editor-CLionSourceCodeAccess.dll (API version 3944462).
LogModuleManager: Display: Found up-to-date module file ../../../Engine/Plugins/Developer/GitSourceControl/Binaries/Win64/UE4Editor-GitSourceControl.dll (API version 3944462).
LogModuleManager: Display: Found up-to-date module file ../../../Engine/Plugins/Developer/PerforceSourceControl/Binaries/Win64/UE4Editor-PerforceSourceControl.dll (API version 3944462).
LogModuleManager: Display: Found up-to-date module file ../../../Engine/Plugins/Developer/SubversionSourceControl/Binaries/Win64/UE4Editor-SubversionSourceControl.dll (API version 3944462).
LogModuleManager: Display: Found up-to-date module file ../../../Engine/Plugins/Developer/UObjectPlugin/Binaries/Win64/UE4Editor-UObjectPlugin.dll (API version 3944462).
LogModuleManager: Display: Found up-to-date module file ../../../Engine/Plugins/Developer/VisualStudioCodeSourceCodeAccess/Binaries/Win64/UE4Editor-VisualStudioCodeSourceCodeAccess.dll (API version 3944462).
LogModuleManager: Display: Found up-to-date module file ../../../Engine/Plugins/Developer/VisualStudioSourceCodeAccess/Binaries/Win64/UE4Editor-VisualStudioSourceCodeAccess.dll (API version 3944462).
LogModuleManager: Display: Found up-to-date module file ../../../Engine/Plugins/Editor/AssetManagerEditor/Binaries/Win64/UE4Editor-AssetManagerEditor.dll (API version 3944462).
LogModuleManager: Display: Found up-to-date module file ../../../Engine/Plugins/Editor/CryptoKeys/Binaries/Win64/UE4Editor-CryptoKeys.dll (API version 3944462).
LogModuleManager: Display: Found up-to-date module file ../../../Engine/Plugins/Editor/CryptoKeys/Binaries/Win64/UE4Editor-CryptoKeysOpenSSL.dll (API version 3944462).
LogModuleManager: Display: Found up-to-date module file ../../../Engine/Plugins/Editor/DataValidation/Binaries/Win64/UE4Editor-DataValidation.dll (API version 3944462).
LogModuleManager: Display: Found up-to-date module file ../../../Engine/Plugins/Editor/FacialAnimation/Binaries/Win64/UE4Editor-FacialAnimation.dll (API version 3944462).
LogModuleManager: Display: Found up-to-date module file ../../../Engine/Plugins/Editor/FacialAnimation/Binaries/Win64/UE4Editor-FacialAnimationEditor.dll (API version 3944462).
LogModuleManager: Display: Found up-to-date module file ../../../Engine/Plugins/Editor/GameplayTagsEditor/Binaries/Win64/UE4Editor-GameplayTagsEditor.dll (API version 3944462).
LogModuleManager: Display: Found up-to-date module file ../../../Engine/Plugins/Editor/MobileLauncherProfileWizard/Binaries/Win64/UE4Editor-MobileLauncherProfileWizard.dll (API version 3944462).
LogModuleManager: Display: Found up-to-date module file ../../../Engine/Plugins/Editor/PluginBrowser/Binaries/Win64/UE4Editor-PluginBrowser.dll (API version 3944462).
LogModuleManager: Display: Found up-to-date module file ../../../Engine/Plugins/Editor/SpeedTreeImporter/Binaries/Win64/UE4Editor-SpeedTreeImporter.dll (API version 3944462).
LogModuleManager: Display: Found up-to-date module file ../../../Engine/Plugins/Enterprise/DatasmithContent/Binaries/Win64/UE4Editor-DatasmithContent.dll (API version 3944462).
LogModuleManager: Display: Found up-to-date module file ../../../Engine/Plugins/Experimental/AlembicImporter/Binaries/Win64/UE4Editor-AlembicImporter.dll (API version 3944462).
LogModuleManager: Display: Found up-to-date module file ../../../Engine/Plugins/Experimental/AlembicImporter/Binaries/Win64/UE4Editor-AlembicLibrary.dll (API version 3944462).
LogModuleManager: Display: Found up-to-date module file ../../../Engine/Plugins/Experimental/CharacterAI/Binaries/Win64/UE4Editor-CharacterAI.dll (API version 3944462).
LogModuleManager: Display: Found up-to-date module file ../../../Engine/Plugins/Experimental/HTML5Networking/Binaries/Win64/UE4Editor-HTML5Networking.dll (API version 3944462).
LogModuleManager: Display: Found up-to-date module file ../../../Engine/Plugins/Media/AndroidMedia/Binaries/Win64/UE4Editor-AndroidMediaEditor.dll (API version 3944462).
LogModuleManager: Display: Found up-to-date module file ../../../Engine/Plugins/Media/AndroidMedia/Binaries/Win64/UE4Editor-AndroidMediaFactory.dll (API version 3944462).
LogModuleManager: Display: Found up-to-date module file ../../../Engine/Plugins/Media/AvfMedia/Binaries/Win64/UE4Editor-AvfMediaEditor.dll (API version 3944462).
LogModuleManager: Display: Found up-to-date module file ../../../Engine/Plugins/Media/AvfMedia/Binaries/Win64/UE4Editor-AvfMediaFactory.dll (API version 3944462).
LogModuleManager: Display: Found up-to-date module file ../../../Engine/Plugins/Media/AvfMedia/Binaries/Win64/UE4Editor-AvfMediaFactory.dll (API version 3944462).
LogModuleManager: Display: Found up-to-date module file ../../../Engine/Plugins/Media/ImgMedia/Binaries/Win64/UE4Editor-ImgMedia.dll (API version 3944462).
LogModuleManager: Display: Found up-to-date module file ../../../Engine/Plugins/Media/ImgMedia/Binaries/Win64/UE4Editor-ImgMediaEditor.dll (API version 3944462).
LogModuleManager: Display: Found up-to-date module file ../../../Engine/Plugins/Media/ImgMedia/Binaries/Win64/UE4Editor-ImgMediaFactory.dll (API version 3944462).
LogModuleManager: Display: Found up-to-date module file ../../../Engine/Plugins/Media/ImgMedia/Binaries/Win64/UE4Editor-ImgMediaFactory.dll (API version 3944462).
LogModuleManager: Display: Found up-to-date module file ../../../Engine/Plugins/Media/ImgMedia/Binaries/Win64/UE4Editor-OpenExrWrapper.dll (API version 3944462).
LogModuleManager: Display: Found up-to-date module file ../../../Engine/Plugins/Media/LinearTimecode/Binaries/Win64/UE4Editor-LinearTimecode.dll (API version 3944462).
LogModuleManager: Display: Found up-to-date module file ../../../Engine/Plugins/Media/MediaCompositing/Binaries/Win64/UE4Editor-MediaCompositing.dll (API version 3944462).
LogModuleManager: Display: Found up-to-date module file ../../../Engine/Plugins/Media/MediaCompositing/Binaries/Win64/UE4Editor-MediaCompositingEditor.dll (API version 3944462).
LogModuleManager: Display: Found up-to-date module file ../../../Engine/Plugins/Media/MediaPlayerEditor/Binaries/Win64/UE4Editor-MediaPlayerEditor.dll (API version 3944462).
LogModuleManager: Display: Found up-to-date module file ../../../Engine/Plugins/Media/WmfMedia/Binaries/Win64/UE4Editor-WmfMedia.dll (API version 3944462).
LogModuleManager: Display: Found up-to-date module file ../../../Engine/Plugins/Media/WmfMedia/Binaries/Win64/UE4Editor-WmfMediaEditor.dll (API version 3944462).
LogModuleManager: Display: Found up-to-date module file ../../../Engine/Plugins/Media/WmfMedia/Binaries/Win64/UE4Editor-WmfMediaFactory.dll (API version 3944462).
LogModuleManager: Display: Found up-to-date module file ../../../Engine/Plugins/Media/WmfMedia/Binaries/Win64/UE4Editor-WmfMediaFactory.dll (API version 3944462).
LogModuleManager: Display: Found up-to-date module file ../../../Engine/Plugins/Messaging/TcpMessaging/Binaries/Win64/UE4Editor-TcpMessaging.dll (API version 3944462).
LogModuleManager: Display: Found up-to-date module file ../../../Engine/Plugins/Messaging/UdpMessaging/Binaries/Win64/UE4Editor-UdpMessaging.dll (API version 3944462).
LogModuleManager: Display: Found up-to-date module file ../../../Engine/Plugins/MovieScene/ActorSequence/Binaries/Win64/UE4Editor-ActorSequence.dll (API version 3944462).
LogModuleManager: Display: Found up-to-date module file ../../../Engine/Plugins/MovieScene/LevelSequenceEditor/Binaries/Win64/UE4Editor-LevelSequenceEditor.dll (API version 3944462).
LogModuleManager: Display: Found up-to-date module file ../../../Engine/Plugins/MovieScene/MatineeToLevelSequence/Binaries/Win64/UE4Editor-MatineeToLevelSequence.dll (API version 3944462).
LogModuleManager: Display: Found up-to-date module file ../../../Engine/Plugins/NetcodeUnitTest/NetcodeUnitTest/Binaries/Win64/UE4Editor-NetcodeUnitTest.dll (API version 3944462).
LogModuleManager: Display: Found up-to-date module file ../../../Engine/Plugins/NetcodeUnitTest/NUTUnrealEngine4/Binaries/Win64/UE4Editor-NUTUnrealEngine4.dll (API version 3944462).
LogModuleManager: Display: Found up-to-date module file ../../../Engine/Plugins/Online/OnlineSubsystem/Binaries/Win64/UE4Editor-OnlineSubsystem.dll (API version 3944462).
LogModuleManager: Display: Found up-to-date module file ../../../Engine/Plugins/Runtime/AndroidPermission/Binaries/Win64/UE4Editor-AndroidPermission.dll (API version 3944462).
LogModuleManager: Display: Found up-to-date module file ../../../Engine/Plugins/Online/OnlineSubsystemNull/Binaries/Win64/UE4Editor-OnlineSubsystemNull.dll (API version 3944462).
LogModuleManager: Display: Found up-to-date module file ../../../Engine/Plugins/Online/OnlineSubsystemUtils/Binaries/Win64/UE4Editor-OnlineSubsystemUtils.dll (API version 3944462).
LogModuleManager: Display: Found up-to-date module file ../../../Engine/Plugins/Online/OnlineSubsystemUtils/Binaries/Win64/UE4Editor-OnlineBlueprintSupport.dll (API version 3944462).
LogModuleManager: Display: Found up-to-date module file ../../../Engine/Plugins/Runtime/AndroidDeviceProfileSelector/Binaries/Win64/UE4Editor-AndroidDeviceProfileSelector.dll (API version 3944462).
LogModuleManager: Display: Found up-to-date module file ../../../Engine/Plugins/Runtime/AppleARKit/Binaries/Win64/UE4Editor-AppleARKit.dll (API version 3944462).
LogModuleManager: Display: Found up-to-date module file ../../../Engine/Plugins/Runtime/ProceduralMeshComponent/Binaries/Win64/UE4Editor-ProceduralMeshComponent.dll (API version 3944462).
LogModuleManager: Display: Found up-to-date module file ../../../Engine/Plugins/Runtime/ProceduralMeshComponent/Binaries/Win64/UE4Editor-ProceduralMeshComponentEditor.dll (API version 3944462).
LogModuleManager: Display: Found up-to-date module file ../../../Engine/Plugins/Animation/LiveLink/Binaries/Win64/UE4Editor-LiveLink.dll (API version 3944462).
LogModuleManager: Display: Found up-to-date module file ../../../Engine/Plugins/Animation/LiveLink/Binaries/Win64/UE4Editor-LiveLinkEditor.dll (API version 3944462).
LogModuleManager: Display: Found up-to-date module file ../../../Engine/Plugins/Runtime/ArchVisCharacter/Binaries/Win64/UE4Editor-ArchVisCharacter.dll (API version 3944462).
LogModuleManager: Display: Found up-to-date module file ../../../Engine/Plugins/Runtime/AudioCapture/Binaries/Win64/UE4Editor-AudioCapture.dll (API version 3944462).
LogModuleManager: Display: Found up-to-date module file ../../../Engine/Plugins/Runtime/AudioCapture/Binaries/Win64/UE4Editor-AudioCaptureEditor.dll (API version 3944462).
LogModuleManager: Display: Found up-to-date module file ../../../Engine/Plugins/Runtime/CableComponent/Binaries/Win64/UE4Editor-CableComponent.dll (API version 3944462).
LogModuleManager: Display: Found up-to-date module file ../../../Engine/Plugins/Runtime/CustomMeshComponent/Binaries/Win64/UE4Editor-CustomMeshComponent.dll (API version 3944462).
LogModuleManager: Display: Found up-to-date module file ../../../Engine/Plugins/Runtime/ExampleDeviceProfileSelector/Binaries/Win64/UE4Editor-ExampleDeviceProfileSelector.dll (API version 3944462).
LogModuleManager: Display: Found up-to-date module file ../../../Engine/Plugins/Runtime/ImmediatePhysics/Binaries/Win64/UE4Editor-ImmediatePhysics.dll (API version 3944462).
LogModuleManager: Display: Found up-to-date module file ../../../Engine/Plugins/Runtime/ImmediatePhysics/Binaries/Win64/UE4Editor-ImmediatePhysicsEditor.dll (API version 3944462).
LogModuleManager: Display: Found up-to-date module file ../../../Engine/Plugins/Runtime/LocationServicesBPLibrary/Binaries/Win64/UE4Editor-LocationServicesBPLibrary.dll (API version 3944462).
LogModuleManager: Display: Found up-to-date module file ../../../Engine/Plugins/Runtime/MobilePatchingUtils/Binaries/Win64/UE4Editor-MobilePatchingUtils.dll (API version 3944462).
LogModuleManager: Display: Found up-to-date module file ../../../Engine/Plugins/Runtime/Oculus/OculusVR/Binaries/Win64/UE4Editor-OculusHMD.dll (API version 3944462).
LogModuleManager: Display: Found up-to-date module file ../../../Engine/Plugins/Runtime/Oculus/OculusVR/Binaries/Win64/UE4Editor-OculusInput.dll (API version 3944462).
LogModuleManager: Display: Found up-to-date module file ../../../Engine/Plugins/Runtime/Oculus/OculusVR/Binaries/Win64/UE4Editor-OculusEditor.dll (API version 3944462).
LogModuleManager: Display: Found up-to-date module file ../../../Engine/Plugins/Runtime/PhysXVehicles/Binaries/Win64/UE4Editor-PhysXVehicles.dll (API version 3944462).
LogModuleManager: Display: Found up-to-date module file ../../../Engine/Plugins/Runtime/PhysXVehicles/Binaries/Win64/UE4Editor-PhysXVehiclesEditor.dll (API version 3944462).
LogModuleManager: Display: Found up-to-date module file ../../../Engine/Plugins/Runtime/RuntimePhysXCooking/Binaries/Win64/UE4Editor-RuntimePhysXCooking.dll (API version 3944462).
LogModuleManager: Display: Found up-to-date module file ../../../Engine/Plugins/Runtime/Steam/SteamVR/Binaries/Win64/UE4Editor-SteamVR.dll (API version 3944462).
LogModuleManager: Display: Found up-to-date module file ../../../Engine/Plugins/Runtime/Steam/SteamVR/Binaries/Win64/UE4Editor-SteamVRController.dll (API version 3944462).
LogModuleManager: Display: Found up-to-date module file ../../../Engine/Plugins/Runtime/WindowsMoviePlayer/Binaries/Win64/UE4Editor-WindowsMoviePlayer.dll (API version 3944462).
LogPluginManager: Mounting plugin Paper2D
LogPluginManager: Mounting plugin LiveLink
LogPluginManager: Mounting plugin LightPropagationVolume
LogPluginManager: Mounting plugin CLionSourceCodeAccess
LogPluginManager: Mounting plugin CodeLiteSourceCodeAccess
LogPluginManager: Mounting plugin GitSourceControl
LogPluginManager: Mounting plugin KDevelopSourceCodeAccess
LogPluginManager: Mounting plugin NullSourceCodeAccess
LogPluginManager: Mounting plugin PerforceSourceControl
LogPluginManager: Mounting plugin SubversionSourceControl
LogPluginManager: Mounting plugin UObjectPlugin
LogPluginManager: Mounting plugin VisualStudioCodeSourceCodeAccess
LogPluginManager: Mounting plugin VisualStudioSourceCodeAccess
LogPluginManager: Mounting plugin XCodeSourceCodeAccess
LogPluginManager: Mounting plugin AssetManagerEditor
LogPluginManager: Mounting plugin CryptoKeys
LogPluginManager: Mounting plugin DataValidation
LogPluginManager: Mounting plugin FacialAnimation
LogPluginManager: Mounting plugin GameplayTagsEditor
LogPluginManager: Mounting plugin MobileLauncherProfileWizard
LogPluginManager: Mounting plugin PluginBrowser
LogPluginManager: Mounting plugin SpeedTreeImporter
LogPluginManager: Mounting plugin DatasmithContent
LogPluginManager: Mounting plugin AlembicImporter
LogPluginManager: Mounting plugin CharacterAI
LogPluginManager: Mounting plugin HTML5Networking
LogPluginManager: Mounting plugin AndroidMedia
LogPluginManager: Mounting plugin AvfMedia
LogPluginManager: Mounting plugin ImgMedia
LogPluginManager: Mounting plugin LinearTimecode
LogPluginManager: Mounting plugin MediaCompositing
LogPluginManager: Mounting plugin MediaPlayerEditor
LogPluginManager: Mounting plugin WmfMedia
LogPluginManager: Mounting plugin TcpMessaging
LogPluginManager: Mounting plugin UdpMessaging
LogPluginManager: Mounting plugin ActorSequence
LogPluginManager: Mounting plugin LevelSequenceEditor
LogPluginManager: Mounting plugin MatineeToLevelSequence
LogPluginManager: Mounting plugin NetcodeUnitTest
LogPluginManager: Mounting plugin NUTUnrealEngine4
LogPluginManager: Mounting plugin OnlineSubsystemGooglePlay
LogPluginManager: Mounting plugin OnlineSubsystemIOS
LogPluginManager: Mounting plugin OnlineSubsystem
LogPluginManager: Mounting plugin OnlineSubsystemNull
LogPluginManager: Mounting plugin OnlineSubsystemUtils
LogPluginManager: Mounting plugin AndroidDeviceProfileSelector
LogPluginManager: Mounting plugin AndroidMoviePlayer
LogPluginManager: Mounting plugin AndroidPermission
LogPluginManager: Mounting plugin AppleARKit
LogPluginManager: Mounting plugin AppleMoviePlayer
LogPluginManager: Mounting plugin ArchVisCharacter
LogPluginManager: Mounting plugin AudioCapture
LogPluginManager: Mounting plugin CableComponent
LogPluginManager: Mounting plugin CustomMeshComponent
LogPluginManager: Mounting plugin ExampleDeviceProfileSelector
LogPluginManager: Mounting plugin GoogleCloudMessaging
LogPluginManager: Mounting plugin ImmediatePhysics
LogPluginManager: Mounting plugin IOSDeviceProfileSelector
LogPluginManager: Mounting plugin LinuxDeviceProfileSelector
LogPluginManager: Mounting plugin LocationServicesBPLibrary
LogPluginManager: Mounting plugin MobilePatchingUtils
LogPluginManager: Mounting plugin OculusVR
LogPluginManager: Plugin shader directory ../../../Engine/Plugins/Runtime/Oculus/OculusVR/Shaders found
LogPluginManager: Mapping shader source directory ../../../Engine/Plugins/Runtime/Oculus/OculusVR/Shaders to virtual directory /Plugin/OculusVR
LogPluginManager: Mounting plugin PhysXVehicles
LogPluginManager: Mounting plugin ProceduralMeshComponent
LogPluginManager: Mounting plugin RuntimePhysXCooking
LogPluginManager: Mounting plugin SteamVR
LogPluginManager: Mounting plugin WindowsMoviePlayer
LogPluginManager: Mounting plugin FMODStudio
LogStreaming: Display: Took  0.982s to configure plugins.
LogInit: Using libcurl 7.47.1
LogInit:  - built for x86_64-pc-win32
LogInit:  - supports SSL with OpenSSL/1.0.2g
LogInit:  - supports HTTP deflate (compression) using libz 1.2.8
LogInit:  - other features:
LogInit:      CURL_VERSION_SSL
LogInit:      CURL_VERSION_LIBZ
LogInit:      CURL_VERSION_IPV6
LogInit:      CURL_VERSION_ASYNCHDNS
LogInit:      CURL_VERSION_LARGEFILE
LogInit:      CURL_VERSION_IDN
LogInit:  CurlRequestOptions (configurable via config and command line):
LogInit:  - bVerifyPeer = false  - Libcurl will NOT verify peer certificate
LogInit:  - bUseHttpProxy = false  - Libcurl will NOT use HTTP proxy
LogInit:  - bDontReuseConnections = false  - Libcurl will reuse connections
LogInit:  - CertBundlePath = nullptr  - Libcurl will use whatever was configured at build time.
LogInit:  - MaxHostConnections = 16  - Libcurl will limit the number of connections to a host
LogInit:  - LocalHostAddr = Default
LogInit: WinSock: version 1.1 (2.2), MaxSocks=32767, MaxUdp=65467
LogInit: WinSock: I am DESKTOP-313A1NQ (192.168.2.25:0)
LogInit: Build: ++UE4+Release-4.19-CL-4033788
LogInit: Engine Version: 4.19.2-4033788+++UE4+Release-4.19
LogInit: Compatible Engine Version: 4.19.0-3944462+++UE4+Release-4.19
LogInit: Net CL: 3944462
LogDevObjectVersion: Number of dev versions registered: 18
LogDevObjectVersion:   Dev-Blueprints (B0D832E4-1F89-4F0D-ACCF-7EB736FD4AA2): 10
LogDevObjectVersion:   Dev-Build (E1C64328-A22C-4D53-A36C-8E866417BD8C): 0
LogDevObjectVersion:   Dev-Core (375EC13C-06E4-48FB-B500-84F0262A717E): 2
LogDevObjectVersion:   Dev-Editor (E4B068ED-F494-42E9-A231-DA0B2E46BB41): 23
LogDevObjectVersion:   Dev-Framework (CFFC743F-43B0-4480-9391-14DF171D2073): 33
LogDevObjectVersion:   Dev-Mobile (B02B49B5-BB20-44E9-A304-32B752E40360): 2
LogDevObjectVersion:   Dev-Networking (A4E4105C-59A1-49B5-A7C5-40C4547EDFEE): 0
LogDevObjectVersion:   Dev-Online (39C831C9-5AE6-47DC-9A44-9C173E1C8E7C): 0
LogDevObjectVersion:   Dev-Physics (78F01B33-EBEA-4F98-B9B4-84EACCB95AA2): 0
LogDevObjectVersion:   Dev-Platform (6631380F-2D4D-43E0-8009-CF276956A95A): 0
LogDevObjectVersion:   Dev-Rendering (12F88B9F-8875-4AFC-A67C-D90C383ABD29): 25
LogDevObjectVersion:   Dev-Sequencer (7B5AE74C-D270-4C10-A958-57980B212A5A): 6
LogDevObjectVersion:   Dev-VR (D7296918-1DD6-4BDD-9DE2-64A83CC13884): 1
LogDevObjectVersion:   Dev-LoadTimes (C2A15278-BFE7-4AFE-6C17-90FF531DF755): 1
LogDevObjectVersion:   Private-Geometry (6EACA3D4-40EC-4CC1-B786-8BED09428FC5): 2
LogDevObjectVersion:   Dev-AnimPhys (29E575DD-E0A3-4627-9D10-D276232CDCEA): 16
LogDevObjectVersion:   Dev-ReflectionCapture (6B266CEC-1EC7-4B8F-A30B-E4D90942FC07): 1
LogDevObjectVersion:   Dev-Automation (0DF73D61-A23F-47EA-B727-89E90C41499A): 1
LogInit: Compiled (64-bit): Apr 27 2018 02:06:57
LogInit: Compiled with Visual C++: 19.00.24215.01
LogInit: Build Configuration: Development
LogInit: Branch Name: ++UE4+Release-4.19
LogInit: Command Line:  
LogInit: Base Directory: C:/Program Files/Epic Games/UE_4.19/Engine/Binaries/Win64/
LogInit: Installed Engine Build: 1
LogStreaming: Display: Took  0.002s to delete old logs.
LogInit: Presizing for max 8388607 objects, including 0 objects not considered by GC, pre-allocating 0 bytes for permanent pool.
LogInit: Object subsystem initialized
[2018.05.13-21.04.38:911][  0]LogInit: Selected Device Profile: [Windows]
[2018.05.13-21.04.38:911][  0]LogInit: Applying CVar settings loaded from the selected device profile: [Windows]
[2018.05.13-21.04.38:922][  0]LogInit: Computer: DESKTOP-313A1NQ
[2018.05.13-21.04.38:922][  0]LogInit: User: vikky
[2018.05.13-21.04.38:922][  0]LogInit: CPU Page size=4096, Cores=4
[2018.05.13-21.04.38:922][  0]LogInit: High frequency timer resolution =3.328128 MHz
[2018.05.13-21.04.38:922][  0]LogMemory: Memory total: Physical=15.9GB (16GB approx)
[2018.05.13-21.04.38:922][  0]LogMemory: Platform Memory Stats for Windows
[2018.05.13-21.04.38:923][  0]LogMemory: Process Physical Memory: 276.27 MB used, 276.27 MB peak
[2018.05.13-21.04.38:923][  0]LogMemory: Process Virtual Memory: 276.82 MB used, 276.82 MB peak
[2018.05.13-21.04.38:923][  0]LogMemory: Physical Memory: 6335.07 MB used,  9984.63 MB free, 16319.71 MB total
[2018.05.13-21.04.38:923][  0]LogMemory: Virtual Memory: 705.29 MB used,  9984.63 MB free, 134217728.00 MB total
[2018.05.13-21.04.38:938][  0]LogInit: Using OS detected language (en-US).
[2018.05.13-21.04.38:938][  0]LogInit: Using OS detected locale (en-CA).
[2018.05.13-21.04.38:940][  0]LogTextLocalizationManager: No specific localization for 'en-US' exists, so the 'en' localization will be used.
[2018.05.13-21.04.39:338][  0]LogStreaming: Display: Took  0.400s to EndInitTextLocalization.
[2018.05.13-21.04.39:338][  0]LogInit: Setting process to per monitor DPI aware
[2018.05.13-21.04.39:376][  0]LogSlate: New Slate User Created.  User Index 0, Is Virtual User: 0
[2018.05.13-21.04.39:376][  0]LogSlate: Slate User Registered.  User Index 0, Is Virtual User: 0
[2018.05.13-21.04.39:547][  0]LogD3D11RHI: D3D11 adapters:
[2018.05.13-21.04.39:590][  0]LogD3D11RHI:    0. 'NVIDIA GeForce GTX 960' (Feature Level 11_0)
[2018.05.13-21.04.39:590][  0]LogD3D11RHI:       2016/0/8159 MB DedicatedVideo/DedicatedSystem/SharedSystem, Outputs:1, VendorId:0x10de
[2018.05.13-21.04.39:591][  0]LogD3D11RHI:    1. 'Microsoft Basic Render Driver' (Feature Level 11_0)
[2018.05.13-21.04.39:591][  0]LogD3D11RHI:       0/0/8159 MB DedicatedVideo/DedicatedSystem/SharedSystem, Outputs:0, VendorId:0x1414
[2018.05.13-21.04.39:591][  0]LogD3D11RHI: Chosen D3D11 Adapter: 0
[2018.05.13-21.04.39:597][  0]LogD3D11RHI: Creating new Direct3DDevice
[2018.05.13-21.04.39:597][  0]LogD3D11RHI:     GPU DeviceId: 0x1401 (for the marketing name, search the web for "GPU Device Id")
[2018.05.13-21.04.39:597][  0]LogWindows: EnumDisplayDevices:
[2018.05.13-21.04.39:597][  0]LogWindows:    0. 'NVIDIA GeForce GTX 960' (P:1 D:1)
[2018.05.13-21.04.39:598][  0]LogWindows:    1. 'NVIDIA GeForce GTX 960' (P:0 D:0)
[2018.05.13-21.04.39:598][  0]LogWindows:    2. 'NVIDIA GeForce GTX 960' (P:0 D:0)
[2018.05.13-21.04.39:598][  0]LogWindows:    3. 'NVIDIA GeForce GTX 960' (P:0 D:0)
[2018.05.13-21.04.39:598][  0]LogWindows: DebugString: GetVideoDriverDetailsInvalid PrimaryIsNotTheChoosenAdapter GetVideoDriverDetailsInvalid PrimaryIsNotTheChoosenAdapter GetVideoDriverDetailsInvalid PrimaryIsNotTheChoosenAdapter GetVideoDriverDetailsInvalid PrimaryIsNotTheChoosenAdapter FoundDriverCount:0 
[2018.05.13-21.04.39:598][  0]LogD3D11RHI:     Adapter Name: NVIDIA GeForce GTX 960
[2018.05.13-21.04.39:598][  0]LogD3D11RHI:   Driver Version: Unknown (internal:Unknown, unified:Unknown)
[2018.05.13-21.04.39:598][  0]LogD3D11RHI:      Driver Date: Unknown
[2018.05.13-21.04.39:598][  0]LogRHI: Texture pool is 1411 MB (70% of 2016 MB)
[2018.05.13-21.04.39:624][  0]LogD3D11RHI: [Aftermath] Aftermath enabled and primed
[2018.05.13-21.04.39:624][  0]LogD3D11RHI: [Aftermath] Aftermath enabled and primed
[2018.05.13-21.04.39:624][  0]LogD3D11RHI: Async texture creation enabled
[2018.05.13-21.04.39:677][  0]LogD3D11RHI: GPU Timing Frequency: 1000.000000 (Debug: 2 1)
[2018.05.13-21.04.39:725][  0]LogShaderCompilers: Guid format shader working directory is -11 characters bigger than the processId version (../../../../../../Users/vikky/Documents/GitHub/Danger-Bee/Intermediate/Shaders/WorkingDirectory/7796/).
[2018.05.13-21.04.39:725][  0]LogShaderCompilers: Cleaned the shader compiler working directory 'C:/Users/vikky/AppData/Local/Temp/UnrealShaderWorkingDir/AC1FB3FC4DAE1D5CC214A386B3EBB366/'.
[2018.05.13-21.04.39:868][  0]LogTemp: Display: Loaded TP AllDesktopTargetPlatform
[2018.05.13-21.04.39:881][  0]LogTemp: Display: Loaded TP MacClientTargetPlatform
[2018.05.13-21.04.39:893][  0]LogTemp: Display: Loaded TP MacNoEditorTargetPlatform
[2018.05.13-21.04.39:905][  0]LogTemp: Display: Loaded TP MacServerTargetPlatform
[2018.05.13-21.04.39:918][  0]LogTemp: Display: Loaded TP MacTargetPlatform
[2018.05.13-21.04.39:930][  0]LogTemp: Display: Loaded TP WindowsClientTargetPlatform
[2018.05.13-21.04.39:942][  0]LogTemp: Display: Loaded TP WindowsNoEditorTargetPlatform
[2018.05.13-21.04.39:955][  0]LogTemp: Display: Loaded TP WindowsServerTargetPlatform
[2018.05.13-21.04.39:961][  0]LogTemp: Display: Loaded TP WindowsTargetPlatform
[2018.05.13-21.04.39:972][  0]LogTemp: Display: Loaded TP Android_ASTCTargetPlatform
[2018.05.13-21.04.39:982][  0]LogTemp: Display: Loaded TP Android_ATCTargetPlatform
[2018.05.13-21.04.39:995][  0]LogTemp: Display: Loaded TP Android_DXTTargetPlatform
[2018.05.13-21.04.40:005][  0]LogTemp: Display: Loaded TP Android_ETC1aTargetPlatform
[2018.05.13-21.04.40:015][  0]LogTemp: Display: Loaded TP Android_ETC1TargetPlatform
[2018.05.13-21.04.40:026][  0]LogTemp: Display: Loaded TP Android_ETC2TargetPlatform
[2018.05.13-21.04.40:050][  0]LogTemp: Display: Loaded TP Android_MultiTargetPlatform
[2018.05.13-21.04.40:050][  0]LogTemp: Display: Loaded TP Android_PVRTCTargetPlatform
[2018.05.13-21.04.40:061][  0]LogTemp: Display: Loaded TP AndroidTargetPlatform
[2018.05.13-21.04.40:062][  0]LogTemp: Display: Loaded TP HTML5TargetPlatform
[2018.05.13-21.04.40:098][  0]LogTemp: Display: Loaded TP IOSTargetPlatform
[2018.05.13-21.04.40:109][  0]LogTemp: Display: Loaded TP TVOSTargetPlatform
[2018.05.13-21.04.40:122][  0]LogTemp: Display: Loaded TP LinuxClientTargetPlatform
[2018.05.13-21.04.40:133][  0]LogTemp: Display: Loaded TP LinuxNoEditorTargetPlatform
[2018.05.13-21.04.40:145][  0]LogTemp: Display: Loaded TP LinuxServerTargetPlatform
[2018.05.13-21.04.40:157][  0]LogTemp: Display: Loaded TP LinuxTargetPlatform
[2018.05.13-21.04.40:157][  0]LogTargetPlatformManager: Display: Building Assets For Windows
[2018.05.13-21.04.40:265][  0]LogXGEController: Cannot use XGE Controller as Incredibuild is not installed on this machine.
[2018.05.13-21.04.40:265][  0]LogShaderCompilers: Cannot use XGE Shader Compiler as Incredibuild is not installed on this machine.
[2018.05.13-21.04.40:265][  0]LogShaderCompilers: Display: Using Local Shader Compiler.
[2018.05.13-21.04.40:920][  0]LogDerivedDataCache: Display: Max Cache Size: 512 MB
[2018.05.13-21.04.40:985][  0]LogDerivedDataCache: Loaded boot cache 0.06s 74MB C:/Users/vikky/AppData/Local/UnrealEngine/4.19/DerivedDataCache/Boot.ddc.
[2018.05.13-21.04.40:985][  0]LogDerivedDataCache: Display: Loaded Boot cache: C:/Users/vikky/AppData/Local/UnrealEngine/4.19/DerivedDataCache/Boot.ddc
[2018.05.13-21.04.40:985][  0]LogDerivedDataCache: FDerivedDataBackendGraph:  Pak pak cache file ../../../../../../Users/vikky/Documents/GitHub/Danger-Bee/DerivedDataCache/DDC.ddp not found, will not use a pak cache.
[2018.05.13-21.04.40:985][  0]LogDerivedDataCache: Unable to find inner node Pak for hierarchical cache Hierarchy.
[2018.05.13-21.04.40:985][  0]LogDerivedDataCache: FDerivedDataBackendGraph:  CompressedPak pak cache file ../../../../../../Users/vikky/Documents/GitHub/Danger-Bee/DerivedDataCache/Compressed.ddp not found, will not use a pak cache.
[2018.05.13-21.04.40:985][  0]LogDerivedDataCache: Unable to find inner node CompressedPak for hierarchical cache Hierarchy.
[2018.05.13-21.04.41:000][  0]LogDerivedDataCache: Display: Pak cache opened for reading ../../../Engine/DerivedDataCache/Compressed.ddp.
[2018.05.13-21.04.41:013][  0]LogDerivedDataCache: Using Local data cache path C:/Users/vikky/AppData/Local/UnrealEngine/Common/DerivedDataCache: Writable
[2018.05.13-21.04.41:013][  0]LogDerivedDataCache: Shared data cache path not found in *engine.ini, will not use an Shared cache.
[2018.05.13-21.04.41:013][  0]LogDerivedDataCache: Unable to find inner node Shared for hierarchical cache Hierarchy.
[2018.05.13-21.04.41:022][  0]LogMaterial: Verifying Global Shaders for PCD3D_SM5
[2018.05.13-21.04.41:023][  0]LogSlate: Using Freetype 2.6.0
[2018.05.13-21.04.41:023][  0]LogSlate: SlateFontCache - WITH_FREETYPE: 1, WITH_HARFBUZZ: 1
[2018.05.13-21.04.41:023][  0]LogSlate: SlateFontCache - WITH_FREETYPE: 1, WITH_HARFBUZZ: 1
[2018.05.13-21.04.41:143][  0]LogAssetRegistry: FAssetRegistry took 0.0261 seconds to start up
[2018.05.13-21.04.41:429][  0]LogInit: Selected Device Profile: [Windows]
[2018.05.13-21.04.41:570][  0]LogSimplygon: Simplygon DLL not present - disabling.
[2018.05.13-21.04.41:572][  0]LogMeshReduction: Using SimplygonSwarm for distributed automatic mesh merging
[2018.05.13-21.04.41:572][  0]LogMeshReduction: Using QuadricMeshReduction for automatic static mesh reduction
[2018.05.13-21.04.41:572][  0]LogMeshReduction: No automatic skeletal mesh reduction module available
[2018.05.13-21.04.41:572][  0]LogMeshReduction: No automatic mesh merging module available
[2018.05.13-21.04.41:572][  0]LogMeshMerging: No automatic mesh merging module available
[2018.05.13-21.04.41:601][  0]LogNetVersion: GameJam , NetCL: 3944462, EngineNetVer: 2, GameNetVer: 0 (Checksum: 2281863040)
[2018.05.13-21.04.42:007][  0]LogPackageLocalizationCache: Processed 10 localized package path(s) for 2 prioritized culture(s) in 0.078385 seconds
[2018.05.13-21.04.42:012][  0]LogUObjectArray: 36728 objects as part of root set at end of initial load.
[2018.05.13-21.04.42:012][  0]LogUObjectAllocator: 7314312 out of 0 bytes used by permanent object pool.
[2018.05.13-21.04.42:013][  0]LogUObjectArray: CloseDisregardForGC: 0/0 objects in disregard for GC pool
[2018.05.13-21.04.43:527][  0]LogTcpMessaging: Initializing TcpMessaging bridge
[2018.05.13-21.04.43:555][  0]LogUdpMessaging: Initializing bridge on interface 0.0.0.0:0 to multicast group 230.0.0.1:6666.
[2018.05.13-21.04.43:784][  0]LogFMOD: FFMODStudioModule startup
[2018.05.13-21.04.43:784][  0]LogFMOD:  Lib path = '../../../../../../Users/vikky/Documents/GitHub/Danger-Bee/Plugins/FMODStudio/Binaries'
[2018.05.13-21.04.43:784][  0]LogFMOD: FFMODStudioModule::LoadDll: Loading ../../../../../../Users/vikky/Documents/GitHub/Danger-Bee/Plugins/FMODStudio/Binaries/Win64/fmodL64.dll
[2018.05.13-21.04.43:786][  0]LogFMOD: FFMODStudioModule::LoadDll: Loading ../../../../../../Users/vikky/Documents/GitHub/Danger-Bee/Plugins/FMODStudio/Binaries/Win64/fmodstudioL64.dll
[2018.05.13-21.04.43:807][  0]LogFMOD: Loading strings bank: ../../../../../../Users/vikky/Documents/GitHub/Danger-Bee/Content/FMOD/Desktop/Master Bank.strings.bank
[2018.05.13-21.04.43:809][  0]LogFMOD: Constructing asset: /Game/FMOD/Events/AMB/Ambience
[2018.05.13-21.04.43:809][  0]LogFMOD: Skipping asset: bank:/Master Bank.strings
[2018.05.13-21.04.43:809][  0]LogFMOD: Constructing asset: /Game/FMOD/Events/MUS/Music
[2018.05.13-21.04.43:809][  0]LogFMOD: Constructing asset: /Game/FMOD/Events/FX/Buzz
[2018.05.13-21.04.43:809][  0]LogFMOD: Constructing asset: /Game/FMOD/Events/FX/Snail_Scream
[2018.05.13-21.04.43:809][  0]LogFMOD: Constructing asset: /Game/FMOD/Events/FX/Plant_Sprout
[2018.05.13-21.04.43:809][  0]LogFMOD: Constructing asset: /Game/FMOD/Events/FX/Plant_Bloom
[2018.05.13-21.04.43:809][  0]LogFMOD: Skipping asset: bus:/
[2018.05.13-21.04.43:809][  0]LogFMOD: Constructing asset: /Game/FMOD/Events/FX/Sprinkler
[2018.05.13-21.04.43:809][  0]LogFMOD: Constructing asset: /Game/FMOD/Events/FX/Snail_Bop
[2018.05.13-21.04.43:809][  0]LogFMOD: Constructing asset: /Game/FMOD/Banks/Master_Bank
[2018.05.13-21.04.43:809][  0]LogFMOD: Constructing asset: /Game/FMOD/Events/FX/Snail_Chomp
[2018.05.13-21.04.43:809][  0]LogFMOD: Constructing asset: /Game/FMOD/Buses/Reverb
[2018.05.13-21.04.43:810][  0]LogFMOD: Constructing asset: /Game/FMOD/Events/FX/Snail_Squick
[2018.05.13-21.04.43:810][  0]LogFMOD: Constructing asset: /Game/FMOD/Events/FX/Plant_Rustle
[2018.05.13-21.04.43:811][  0]LogFMOD: Default sample rate = 48000
[2018.05.13-21.04.43:811][  0]LogFMOD: System sample rate = 48000
[2018.05.13-21.04.43:811][  0]LogFMOD: Matching system sample rate 48000
[2018.05.13-21.04.43:841][  0]LogFMOD: Default sample rate = 48000
[2018.05.13-21.04.43:841][  0]LogFMOD: System sample rate = 48000
[2018.05.13-21.04.43:841][  0]LogFMOD: Matching system sample rate 48000
[2018.05.13-21.04.43:992][  0]SourceControl: Source control is disabled
[2018.05.13-21.04.43:992][  0]LogWindows: Warning: CreateProc failed: The system cannot find the file specified. (0x00000002)
[2018.05.13-21.04.43:992][  0]LogWindows: Warning: URL: C:/Program Files/Git/bin/git.exe version
[2018.05.13-21.04.43:992][  0]LogWindows: Warning: CreateProc failed: The system cannot find the file specified. (0x00000002)
[2018.05.13-21.04.43:992][  0]LogWindows: Warning: URL: C:/Program Files (x86)/Git/bin/git.exe version
[2018.05.13-21.04.43:992][  0]LogWindows: Warning: CreateProc failed: The system cannot find the file specified. (0x00000002)
[2018.05.13-21.04.43:992][  0]LogWindows: Warning: URL: C:\Users\vikky\AppData\Local/Programs/Git/cmd/git.exe version
[2018.05.13-21.04.43:992][  0]LogWindows: Warning: CreateProc failed: The system cannot find the file specified. (0x00000002)
[2018.05.13-21.04.43:992][  0]LogWindows: Warning: URL: C:/Program Files (x86)/SmartGit/git/bin/git.exe version
[2018.05.13-21.04.43:992][  0]LogWindows: Warning: CreateProc failed: The system cannot find the file specified. (0x00000002)
[2018.05.13-21.04.43:992][  0]LogWindows: Warning: URL: C:/Program Files (x86)/SmartGit/bin/git.exe version
[2018.05.13-21.04.43:993][  0]LogWindows: Warning: CreateProc failed: The system cannot find the file specified. (0x00000002)
[2018.05.13-21.04.43:993][  0]LogWindows: Warning: URL: C:\Users\vikky\AppData\Local/Atlassian/SourceTree/git_local/bin/git.exe version
[2018.05.13-21.04.43:993][  0]LogWindows: Warning: CreateProc failed: The system cannot find the file specified. (0x00000002)
[2018.05.13-21.04.43:993][  0]LogWindows: Warning: URL: C:/Program Files (x86)/fournova/Tower/vendor/Git/bin/git.exe version
[2018.05.13-21.04.44:011][  0]LogWindows: Warning: CreateProc failed: The system cannot find the file specified. (0x00000002)
[2018.05.13-21.04.44:011][  0]LogWindows: Warning: URL: C:/Program Files/Git/bin/git.exe version
[2018.05.13-21.04.44:011][  0]LogWindows: Warning: CreateProc failed: The system cannot find the file specified. (0x00000002)
[2018.05.13-21.04.44:011][  0]LogWindows: Warning: URL: C:/Program Files (x86)/Git/bin/git.exe version
[2018.05.13-21.04.44:012][  0]LogWindows: Warning: CreateProc failed: The system cannot find the file specified. (0x00000002)
[2018.05.13-21.04.44:012][  0]LogWindows: Warning: URL: C:\Users\vikky\AppData\Local/Programs/Git/cmd/git.exe version
[2018.05.13-21.04.44:012][  0]LogWindows: Warning: CreateProc failed: The system cannot find the file specified. (0x00000002)
[2018.05.13-21.04.44:012][  0]LogWindows: Warning: URL: C:/Program Files (x86)/SmartGit/git/bin/git.exe version
[2018.05.13-21.04.44:012][  0]LogWindows: Warning: CreateProc failed: The system cannot find the file specified. (0x00000002)
[2018.05.13-21.04.44:012][  0]LogWindows: Warning: URL: C:/Program Files (x86)/SmartGit/bin/git.exe version
[2018.05.13-21.04.44:012][  0]LogWindows: Warning: CreateProc failed: The system cannot find the file specified. (0x00000002)
[2018.05.13-21.04.44:012][  0]LogWindows: Warning: URL: C:\Users\vikky\AppData\Local/Atlassian/SourceTree/git_local/bin/git.exe version
[2018.05.13-21.04.44:012][  0]LogWindows: Warning: CreateProc failed: The system cannot find the file specified. (0x00000002)
[2018.05.13-21.04.44:012][  0]LogWindows: Warning: URL: C:/Program Files (x86)/fournova/Tower/vendor/Git/bin/git.exe version
[2018.05.13-21.04.44:029][  0]LogWindows: Warning: CreateProc failed: The system cannot find the file specified. (0x00000002)
[2018.05.13-21.04.44:030][  0]LogWindows: Warning: URL: C:/Program Files/Git/bin/git.exe version
[2018.05.13-21.04.44:030][  0]LogWindows: Warning: CreateProc failed: The system cannot find the file specified. (0x00000002)
[2018.05.13-21.04.44:030][  0]LogWindows: Warning: URL: C:/Program Files (x86)/Git/bin/git.exe version
[2018.05.13-21.04.44:030][  0]LogWindows: Warning: CreateProc failed: The system cannot find the file specified. (0x00000002)
[2018.05.13-21.04.44:030][  0]LogWindows: Warning: URL: C:\Users\vikky\AppData\Local/Programs/Git/cmd/git.exe version
[2018.05.13-21.04.44:030][  0]LogWindows: Warning: CreateProc failed: The system cannot find the file specified. (0x00000002)
[2018.05.13-21.04.44:030][  0]LogWindows: Warning: URL: C:/Program Files (x86)/SmartGit/git/bin/git.exe version
[2018.05.13-21.04.44:030][  0]LogWindows: Warning: CreateProc failed: The system cannot find the file specified. (0x00000002)
[2018.05.13-21.04.44:030][  0]LogWindows: Warning: URL: C:/Program Files (x86)/SmartGit/bin/git.exe version
[2018.05.13-21.04.44:030][  0]LogWindows: Warning: CreateProc failed: The system cannot find the file specified. (0x00000002)
[2018.05.13-21.04.44:030][  0]LogWindows: Warning: URL: C:\Users\vikky\AppData\Local/Atlassian/SourceTree/git_local/bin/git.exe version
[2018.05.13-21.04.44:030][  0]LogWindows: Warning: CreateProc failed: The system cannot find the file specified. (0x00000002)
[2018.05.13-21.04.44:030][  0]LogWindows: Warning: URL: C:/Program Files (x86)/fournova/Tower/vendor/Git/bin/git.exe version
[2018.05.13-21.04.44:537][  0]LogAndroidPermission: UAndroidPermissionCallbackProxy::GetInstance
[2018.05.13-21.04.44:659][  0]LogOcInput: OculusInput pre-init called
[2018.05.13-21.04.44:736][  0]LogFMOD: FFMODStudioEditorModule startup
[2018.05.13-21.04.44:800][  0]LogEngine: Initializing Engine...
[2018.05.13-21.04.44:801][  0]LogHMD: Failed to initialize OpenVR with code 110
[2018.05.13-21.04.44:802][  0]LogStats: UGameplayTagsManager::ConstructGameplayTagTree: Construct from data asset -  0.000 s
[2018.05.13-21.04.44:802][  0]LogStats: UGameplayTagsManager::ConstructGameplayTagTree: GameplayTagTreeChangedEvent.Broadcast -  0.000 s
[2018.05.13-21.04.45:010][  0]LogAIModule: Creating AISystem for world Untitled
[2018.05.13-21.04.45:027][  0]LogInit: XAudio2 using 'Speakers (Realtek High Definition Audio)' : 2 channels at 48 kHz using 32 bits per sample (channel mask 0x3)
[2018.05.13-21.04.45:036][  0]LogInit: FAudioDevice initialized.
[2018.05.13-21.04.45:052][  0]LogDerivedDataCache: Error: Could not save memory cache C:/Users/vikky/AppData/Local/UnrealEngine/4.19/DerivedDataCache/Boot.ddc.
[2018.05.13-21.04.45:058][  0]LogInit: Texture streaming: Enabled
[2018.05.13-21.04.45:072][  0]LogEngineSessionManager: EngineSessionManager initialized
[2018.05.13-21.04.45:090][  0]LogInit: Transaction tracking system initialized
[2018.05.13-21.04.45:113][  0]BlueprintLog: New page: Editor Load
[2018.05.13-21.04.45:190][  0]LocalizationService: Localization service is disabled
[2018.05.13-21.04.45:289][  0]LogConsoleResponse: Display: 
[2018.05.13-21.04.45:434][  0]LogCook: Display: Max memory allowance for cook 16384mb min free memory 0mb
[2018.05.13-21.04.45:434][  0]LogCook: Display: Mobile HDR setting 1
[2018.05.13-21.04.45:434][  0]LogGameplayTags: Display: UGameplayTagsManager::DoneAddingNativeTags. DelegateIsBound: 0
[2018.05.13-21.04.45:434][  0]LogStats: UGameplayTagsManager::ConstructGameplayTagTree: Construct from data asset -  0.000 s
[2018.05.13-21.04.45:434][  0]LogStats: UGameplayTagsManager::ConstructGameplayTagTree: GameplayTagTreeChangedEvent.Broadcast -  0.000 s
[2018.05.13-21.04.45:466][  0]LogFileCache: Scanning file cache for directory 'C:/Users/vikky/Documents/GitHub/Danger-Bee/Content/' took 0.01s
[2018.05.13-21.04.45:825][  0]LogWindows: Warning: CreateProc failed: The system cannot find the file specified. (0x00000002)
[2018.05.13-21.04.45:825][  0]LogWindows: Warning: URL: C:/Program Files/Git/bin/git.exe version
[2018.05.13-21.04.45:825][  0]LogWindows: Warning: CreateProc failed: The system cannot find the file specified. (0x00000002)
[2018.05.13-21.04.45:825][  0]LogWindows: Warning: URL: C:/Program Files (x86)/Git/bin/git.exe version
[2018.05.13-21.04.45:825][  0]LogWindows: Warning: CreateProc failed: The system cannot find the file specified. (0x00000002)
[2018.05.13-21.04.45:825][  0]LogWindows: Warning: URL: C:\Users\vikky\AppData\Local/Programs/Git/cmd/git.exe version
[2018.05.13-21.04.45:825][  0]LogWindows: Warning: CreateProc failed: The system cannot find the file specified. (0x00000002)
[2018.05.13-21.04.45:825][  0]LogWindows: Warning: URL: C:/Program Files (x86)/SmartGit/git/bin/git.exe version
[2018.05.13-21.04.45:825][  0]LogWindows: Warning: CreateProc failed: The system cannot find the file specified. (0x00000002)
[2018.05.13-21.04.45:825][  0]LogWindows: Warning: URL: C:/Program Files (x86)/SmartGit/bin/git.exe version
[2018.05.13-21.04.45:825][  0]LogWindows: Warning: CreateProc failed: The system cannot find the file specified. (0x00000002)
[2018.05.13-21.04.45:825][  0]LogWindows: Warning: URL: C:\Users\vikky\AppData\Local/Atlassian/SourceTree/git_local/bin/git.exe version
[2018.05.13-21.04.45:826][  0]LogWindows: Warning: CreateProc failed: The system cannot find the file specified. (0x00000002)
[2018.05.13-21.04.45:826][  0]LogWindows: Warning: URL: C:/Program Files (x86)/fournova/Tower/vendor/Git/bin/git.exe version
[2018.05.13-21.04.45:826][  0]Cmd: MAP LOAD FILE="../../../../../../Users/vikky/Documents/GitHub/Danger-Bee/Content/Maps/MainMenu.umap" TEMPLATE=0 SHOWPROGRESS=1 FEATURELEVEL=3
[2018.05.13-21.04.45:826][  0]LightingResults: New page: Lighting Build
[2018.05.13-21.04.45:830][  0]MapCheck: New page: Map Check
[2018.05.13-21.04.45:830][  0]LightingResults: New page: Lighting Build
[2018.05.13-21.04.45:850][  0]LogUObjectGlobals: Created PersistentFrame Addr=0x0000023bf8dc65c8, Size=4, Default__UI_Menu_C Function /Game/Blueprints/UI/UI_Menu.UI_Menu_C:ExecuteUbergraph_UI_Menu
[2018.05.13-21.04.45:853][  0]LogUObjectGlobals: Destroyed PersistentFrame Addr=0x0000023bf8dc65c8, Size=4
[2018.05.13-21.04.45:853][  0]LogUObjectGlobals: Created PersistentFrame Addr=0x0000023bf8dc65c8, Size=4, Default__UI_Menu_C Function /Engine/Transient.REINST_UI_Menu_C_0:ExecuteUbergraph_UI_Menu
[2018.05.13-21.04.45:855][  0]LogUObjectGlobals: Created PersistentFrame Addr=0x0000023bf8dc6508, Size=4, Default__UI_Menu_C Function /Game/Blueprints/UI/UI_Menu.UI_Menu_C:ExecuteUbergraph_UI_Menu
[2018.05.13-21.04.45:856][  0]LogUObjectGlobals: Created PersistentFrame Addr=0x0000023ba26056d8, Size=24, Default__MainMenu_C Function /Game/Maps/MainMenu.MainMenu_C:ExecuteUbergraph_MainMenu
[2018.05.13-21.04.45:857][  0]LogUObjectGlobals: Destroyed PersistentFrame Addr=0x0000023ba26056d8, Size=24
[2018.05.13-21.04.45:857][  0]LogUObjectGlobals: Created PersistentFrame Addr=0x0000023ba26056d8, Size=24, Default__MainMenu_C Function /Engine/Transient.REINST_MainMenu_C_2:ExecuteUbergraph_MainMenu
[2018.05.13-21.04.45:858][  0]LogUObjectGlobals: Created PersistentFrame Addr=0x0000023ba2604b98, Size=24, Default__MainMenu_C Function /Game/Maps/MainMenu.MainMenu_C:ExecuteUbergraph_MainMenu
[2018.05.13-21.04.45:865][  0]LogAIModule: Creating AISystem for world MainMenu
[2018.05.13-21.04.45:866][  0]LogEditorServer: Finished looking for orphan Actors (0.000 secs)
[2018.05.13-21.04.45:875][  0]LogUObjectGlobals: Destroyed PersistentFrame Addr=0x0000023bf8dc65c8, Size=4
[2018.05.13-21.04.45:876][  0]LogUObjectGlobals: Destroyed PersistentFrame Addr=0x0000023ba26056d8, Size=24
[2018.05.13-21.04.45:876][  0]Cmd: MAP CHECKDEP NOCLEARLOG
[2018.05.13-21.04.45:926][  0]MapCheck: Map check complete: 0 Error(s), 0 Warning(s), took 50.347ms to complete.
[2018.05.13-21.04.45:926][  0]LogFileHelpers: Loading map 'MainMenu' took 0.101
[2018.05.13-21.04.45:986][  0]LogWindowsTextInputMethodSystem: Display: IME system now deactivated.
[2018.05.13-21.04.45:987][  0]LogWindowsTextInputMethodSystem: Display: IME system now deactivated.
[2018.05.13-21.04.46:046][  0]LogCollectionManager: Loaded 0 collections in 0.002383 seconds
[2018.05.13-21.04.46:086][  0]LogFileCache: Scanning file cache for directory 'C:/Users/vikky/Documents/GitHub/Danger-Bee/Saved/Collections/' took 0.01s
[2018.05.13-21.04.46:086][  0]LogFileCache: Scanning file cache for directory 'C:/Users/vikky/Documents/GitHub/Danger-Bee/Content/Developers/vikky/Collections/' took 0.01s
[2018.05.13-21.04.46:086][  0]LogFileCache: Scanning file cache for directory 'C:/Users/vikky/Documents/GitHub/Danger-Bee/Content/Collections/' took 0.01s
[2018.05.13-21.04.46:086][  0]LogCollectionManager: Rebuilt the GUID cache for 0 collections in 0.000000 seconds
[2018.05.13-21.04.46:094][  0]LogContentBrowser: Native class hierarchy populated in 0.0083 seconds. Added 2469 classes and 565 folders.
[2018.05.13-21.04.46:101][  0]LogContentBrowser: Native class hierarchy updated for 'WidgetCarousel' in 0.0002 seconds. Added 0 classes and 0 folders.
[2018.05.13-21.04.46:145][  0]LogContentBrowser: Native class hierarchy updated for 'AddContentDialog' in 0.0002 seconds. Added 0 classes and 0 folders.
[2018.05.13-21.04.46:151][  0]LogContentBrowser: Native class hierarchy updated for 'SceneOutliner' in 0.0003 seconds. Added 1 classes and 2 folders.
[2018.05.13-21.04.47:222][  0]LogSlate: Only BGRA pngs, bmps or icos are supported in by External Image Picker
[2018.05.13-21.04.47:242][  0]LogSlate: Took 0.000238 seconds to synchronously load lazily loaded font '../../../Engine/Content/Slate/Fonts/Roboto-Regular.ttf' (155K)
[2018.05.13-21.04.47:248][  0]LogSlate: Took 0.000223 seconds to synchronously load lazily loaded font '../../../Engine/Content/Slate/Fonts/Roboto-Bold.ttf' (160K)
[2018.05.13-21.04.47:252][  0]LogSlate: Took 0.000341 seconds to synchronously load lazily loaded font '../../../Engine/Content/Editor/Slate/Fonts/FontAwesome.ttf' (139K)
[2018.05.13-21.04.47:506][  0]LogTemp: Executing iPhonePackager certificates Engine -bundlename com.YourCompany.GameJam
[2018.05.13-21.04.47:507][  0]LogTemp: CWD: C:\Program Files\Epic Games\UE_4.19\Engine\Binaries\DotNET\IOS
[2018.05.13-21.04.47:507][  0]LogTemp: Initial Dir: C:\Program Files\Epic Games\UE_4.19
[2018.05.13-21.04.47:507][  0]LogTemp: Env CWD: C:\Program Files\Epic Games\UE_4.19\Engine\Binaries\DotNET\IOS
[2018.05.13-21.04.47:507][  0]LogTemp: BranchPath = DESKTOP-313A1NQ/C/Program Files/Epic Games/UE_4.19/Engine/Binaries --- GameBranchPath = DESKTOP-313A1NQ/C/Program Files/Epic Games/UE_4.19/Engine/Binaries
[2018.05.13-21.04.47:507][  0]LogTemp: IPP ERROR: Could not find provision directory 'C:\Users\vikky\AppData\Local/Apple Computer/MobileDevice/Provisioning Profiles/'.
[2018.05.13-21.04.47:507][  0]LogRenderer: Reallocating scene render targets to support 1576x612 Format 10 NumSamples 1 (Frame:1).
[2018.05.13-21.04.47:556][  0]LogSlate: Took 0.000248 seconds to synchronously load lazily loaded font '../../../Engine/Content/Slate/Fonts/Roboto-Light.ttf' (167K)
[2018.05.13-21.04.47:635][  0]LogContentBrowser: Native class hierarchy updated for 'HierarchicalLODOutliner' in 0.0003 seconds. Added 0 classes and 0 folders.
[2018.05.13-21.04.47:635][  0]LogLoad: (Engine Initialization) Total time: 11.08 seconds
[2018.05.13-21.04.47:635][  0]LogLoad: (Engine Initialization) Total Blueprint compile time: 0.00 seconds
[2018.05.13-21.04.47:680][  0]LogContentStreaming: Texture pool size now 1000 MB
[2018.05.13-21.04.47:714][  1]LogFMOD: File has changed: ../../../../../../Users/vikky/Documents/GitHub/Danger-Bee/Content/FMOD/Desktop/Master Bank.strings.bank
[2018.05.13-21.04.47:787][  1]LogFMOD: Loading strings bank: ../../../../../../Users/vikky/Documents/GitHub/Danger-Bee/Content/FMOD/Desktop/Master Bank.strings.bank
[2018.05.13-21.04.47:788][  1]LogFMOD: Skipping asset: bank:/Master Bank.strings
[2018.05.13-21.04.47:788][  1]LogFMOD: Skipping asset: bus:/
[2018.05.13-21.04.47:789][  1]LogFMOD: Default sample rate = 48000
[2018.05.13-21.04.47:789][  1]LogFMOD: System sample rate = 48000
[2018.05.13-21.04.47:789][  1]LogFMOD: Matching system sample rate 48000
[2018.05.13-21.04.47:952][  1]LogFMOD: Default sample rate = 48000
[2018.05.13-21.04.47:952][  1]LogFMOD: System sample rate = 48000
[2018.05.13-21.04.47:952][  1]LogFMOD: Matching system sample rate 48000
[2018.05.13-21.04.48:023][  1]LogFileCache: Retrieving MD5 hashes for directory 'C:/Users/vikky/Documents/GitHub/Danger-Bee/Content/' took 0.37s
[2018.05.13-21.04.48:031][  1]LogAssetRegistry: Asset discovery search completed in 6.9114 seconds
[2018.05.13-21.04.48:034][  1]LogCollectionManager: Rebuilt the object cache for 0 collections in 0.000000 seconds (found 0 objects)
[2018.05.13-21.04.48:034][  1]LogCollectionManager: Fixed up redirectors for 0 collections in 0.000044 seconds (updated 0 objects)
[2018.05.13-21.04.48:665][ 68]LogSlate: Took 0.000218 seconds to synchronously load lazily loaded font '../../../Engine/Content/Slate/Fonts/Roboto-Light.ttf' (167K)
[2018.05.13-21.05.48:436][231]LogSlate: FSceneViewport::OnFocusLost() reason 0
[2018.05.13-21.05.49:933][399]LogUObjectGlobals: Created PersistentFrame Addr=0x0000023bc1b85300, Size=384, Default__BP_Flower_C Function /Game/Blueprints/BP_Flower.BP_Flower_C:ExecuteUbergraph_BP_Flower
[2018.05.13-21.05.49:937][399]LogUObjectGlobals: Destroyed PersistentFrame Addr=0x0000023bc1b85300, Size=384
[2018.05.13-21.05.49:938][399]LogUObjectGlobals: Created PersistentFrame Addr=0x0000023bb1add900, Size=384, Default__BP_Flower_C Function /Engine/Transient.REINST_BP_Flower_C_6:ExecuteUbergraph_BP_Flower
[2018.05.13-21.05.49:940][399]LogUObjectGlobals: Created PersistentFrame Addr=0x0000023bb1ac2800, Size=384, Default__BP_Flower_C Function /Game/Blueprints/BP_Flower.BP_Flower_C:ExecuteUbergraph_BP_Flower
[2018.05.13-21.05.49:942][399]LogUObjectGlobals: Created PersistentFrame Addr=0x0000023bea511860, Size=4, Default__AIC_SnailAIController_C Function /Game/Blueprints/AIC_SnailAIController.AIC_SnailAIController_C:ExecuteUbergraph_AIC_SnailAIController
[2018.05.13-21.05.49:944][399]LogUObjectGlobals: Destroyed PersistentFrame Addr=0x0000023bea511860, Size=4
[2018.05.13-21.05.49:944][399]LogUObjectGlobals: Created PersistentFrame Addr=0x0000023bea511860, Size=4, Default__AIC_SnailAIController_C Function /Engine/Transient.REINST_AIC_SnailAIController_C_8:ExecuteUbergraph_AIC_SnailAIController
[2018.05.13-21.05.49:944][399]LogUObjectGlobals: Created PersistentFrame Addr=0x0000023bea510350, Size=4, Default__AIC_SnailAIController_C Function /Game/Blueprints/AIC_SnailAIController.AIC_SnailAIController_C:ExecuteUbergraph_AIC_SnailAIController
[2018.05.13-21.05.49:959][399]LogUObjectGlobals: Created PersistentFrame Addr=0x0000023bef692940, Size=208, Default__BP_SnailPawn_C Function /Game/Blueprints/BP_SnailPawn.BP_SnailPawn_C:ExecuteUbergraph_BP_SnailPawn
[2018.05.13-21.05.49:972][399]LogUObjectGlobals: Destroyed PersistentFrame Addr=0x0000023bef692940, Size=208
[2018.05.13-21.05.49:972][399]LogUObjectGlobals: Created PersistentFrame Addr=0x0000023beb37c640, Size=208, Default__BP_SnailPawn_C Function /Engine/Transient.REINST_BP_SnailPawn_C_10:ExecuteUbergraph_BP_SnailPawn
[2018.05.13-21.05.49:981][399]LogUObjectGlobals: Created PersistentFrame Addr=0x0000023beb37ecc0, Size=208, Default__BP_SnailPawn_C Function /Game/Blueprints/BP_SnailPawn.BP_SnailPawn_C:ExecuteUbergraph_BP_SnailPawn
[2018.05.13-21.05.50:043][399]LogUObjectGlobals: Created PersistentFrame Addr=0x0000023beac74ce8, Size=4, Default__BP_Snail_C Function /Game/Blueprints/BP_Snail.BP_Snail_C:ExecuteUbergraph_BP_Snail
[2018.05.13-21.05.50:044][399]LogUObjectGlobals: Destroyed PersistentFrame Addr=0x0000023beac74ce8, Size=4
[2018.05.13-21.05.50:044][399]LogUObjectGlobals: Created PersistentFrame Addr=0x0000023beac74ce8, Size=4, Default__BP_Snail_C Function /Engine/Transient.REINST_BP_Snail_C_14:ExecuteUbergraph_BP_Snail
[2018.05.13-21.05.50:045][399]LogUObjectGlobals: Created PersistentFrame Addr=0x0000023beac74d48, Size=4, Default__BP_Snail_C Function /Game/Blueprints/BP_Snail.BP_Snail_C:ExecuteUbergraph_BP_Snail
[2018.05.13-21.05.50:060][399]LogUObjectGlobals: Created PersistentFrame Addr=0x0000023bad1a7b00, Size=520, Default__BP_Bee_Redo_C Function /Game/Blueprints/BP_Bee_Redo.BP_Bee_Redo_C:ExecuteUbergraph_BP_Bee_Redo
[2018.05.13-21.05.50:078][399]LogUObjectGlobals: Destroyed PersistentFrame Addr=0x0000023bad1a7b00, Size=520
[2018.05.13-21.05.50:078][399]LogUObjectGlobals: Created PersistentFrame Addr=0x0000023bad1a7b00, Size=520, Default__BP_Bee_Redo_C Function /Engine/Transient.REINST_BP_Bee_Redo_C_16:ExecuteUbergraph_BP_Bee_Redo
[2018.05.13-21.05.50:093][399]LogUObjectGlobals: Created PersistentFrame Addr=0x0000023bd48fd800, Size=520, Default__BP_Bee_Redo_C Function /Game/Blueprints/BP_Bee_Redo.BP_Bee_Redo_C:ExecuteUbergraph_BP_Bee_Redo
[2018.05.13-21.05.50:439][399]LogAIModule: Creating AISystem for world L_Level02
[2018.05.13-21.05.50:467][399]LogUObjectGlobals: Destroyed PersistentFrame Addr=0x0000023bb1add900, Size=384
[2018.05.13-21.05.50:467][399]LogUObjectGlobals: Destroyed PersistentFrame Addr=0x0000023bea511860, Size=4
[2018.05.13-21.05.50:467][399]LogUObjectGlobals: Destroyed PersistentFrame Addr=0x0000023beb37c640, Size=208
[2018.05.13-21.05.50:467][399]LogUObjectGlobals: Destroyed PersistentFrame Addr=0x0000023beac74ce8, Size=4
[2018.05.13-21.05.50:467][399]LogUObjectGlobals: Destroyed PersistentFrame Addr=0x0000023bad1a7b00, Size=520
[2018.05.13-21.05.50:470][399]Cmd: MAP LOAD FILE="../../../../../../Users/vikky/Documents/GitHub/Danger-Bee/Content/Maps/L_Level02.umap" TEMPLATE=0 SHOWPROGRESS=1 FEATURELEVEL=3
[2018.05.13-21.05.50:470][399]LightingResults: New page: Lighting Build
[2018.05.13-21.05.50:470][399]LoadErrors: New page: Loading map: L_Level02.umap
[2018.05.13-21.05.50:471][399]MapCheck: New page: Map Check
[2018.05.13-21.05.50:471][399]LightingResults: New page: Lighting Build
[2018.05.13-21.05.50:480][399]LogUObjectGlobals: Destroyed PersistentFrame Addr=0x0000023ba2604b98, Size=24
[2018.05.13-21.05.50:539][399]LogEditorServer: Finished looking for orphan Actors (0.000 secs)
[2018.05.13-21.05.50:591][399]Cmd: MAP CHECKDEP NOCLEARLOG
[2018.05.13-21.05.50:648][399]MapCheck: Map check complete: 0 Error(s), 0 Warning(s), took 57.559ms to complete.
[2018.05.13-21.05.50:648][399]LogFileHelpers: Loading map 'L_Level02' took 0.179
[2018.05.13-21.05.51:796][507]LogFMOD: Creating runtime Studio System
[2018.05.13-21.05.51:797][507]LogFMOD: Default sample rate = 48000
[2018.05.13-21.05.51:797][507]LogFMOD: System sample rate = 48000
[2018.05.13-21.05.51:797][507]LogFMOD: Matching system sample rate 48000
[2018.05.13-21.05.51:808][507]LogFMOD: Loading Banks
[2018.05.13-21.05.51:848][507]LogPlayLevel: PlayLevel: No blueprints needed recompiling
[2018.05.13-21.05.51:848][507]PIE: New page: SIE session: L_Level02 (May 13, 2018, 1:05:51 PM)
[2018.05.13-21.05.51:848][507]LogPlayLevel: Creating play world package: /Game/Maps/UEDPIE_0_L_Level02
[2018.05.13-21.05.51:852][507]LogPlayLevel: PIE: StaticDuplicateObject took: (0.003884s)
[2018.05.13-21.05.51:853][507]LogAIModule: Creating AISystem for world L_Level02
[2018.05.13-21.05.51:853][507]LogPlayLevel: PIE: World Init took: (0.000634s)
[2018.05.13-21.05.51:853][507]LogPlayLevel: PIE: Created PIE world by copying editor world from /Game/Maps/L_Level02.L_Level02 to /Game/Maps/UEDPIE_0_L_Level02.L_Level02 (0.004629s)
[2018.05.13-21.05.51:865][507]LogInit: XAudio2 using 'Speakers (Realtek High Definition Audio)' : 2 channels at 48 kHz using 32 bits per sample (channel mask 0x3)
[2018.05.13-21.05.51:874][507]LogInit: FAudioDevice initialized.
[2018.05.13-21.05.51:919][507]LogLoad: Game class is 'GM_DangerBee_C'
[2018.05.13-21.05.51:923][507]LogWorld: Bringing World /Game/Maps/UEDPIE_0_L_Level02.L_Level02 up for play (max tick rate 0) at 2018.05.13-17.05.51
[2018.05.13-21.05.51:923][507]LogWorld: Bringing up level for play took: 0.002656
[2018.05.13-21.05.51:927][507]LogContentBrowser: Native class hierarchy updated for 'MovieSceneCapture' in 0.0003 seconds. Added 11 classes and 0 folders.
[2018.05.13-21.05.51:927][507]LogGameMode: Display: Match State Changed from EnteringMap to WaitingToStart
[2018.05.13-21.05.51:928][507]LogGameState: Match State Changed from EnteringMap to WaitingToStart
[2018.05.13-21.05.51:928][507]PIE: Play in editor start time for /Game/Maps/UEDPIE_0_L_Level02 -0.748
