Log file open, 05/15/18 17:11:42
LogWindows: Failed to load 'aqProf.dll' (GetLastError=126)
LogWindows: File 'aqProf.dll' does not exist
LogWindows: Failed to load 'VtuneApi.dll' (GetLastError=126)
LogWindows: File 'VtuneApi.dll' does not exist
LogWindows: Failed to load 'VtuneApi32e.dll' (GetLastError=126)
LogWindows: File 'VtuneApi32e.dll' does not exist
LogInit: Display: Running engine for game: GameJam
LogPlatformFile: Not using cached read wrapper
LogInit: Display: RandInit(-1311871250) SRandInit(-1311871243).
LogInit: Read version file with build ID '3944462'
LogInit: Overriding engine version to CL 4033788, compatible CL 3944462
LogInit: Registered custom module enumerator with build ID '3944462'
LogTaskGraph: Started task graph with 5 named threads and 23 total threads with 3 sets of task threads.
LogStats: Stats thread started at 0.302226
LogD3D11RHI: Aftermath initialized
LogICUInternationalization: Display: ICU TimeZone Detection - Raw Offset: +0:00, Platform Override: ''
LogModuleManager: Display: Found up-to-date module file ../../../../../Users/Kyle/Documents/Unreal Projects/GameJam/Plugins/FMODStudio/Binaries/Win64/UE4Editor-FMODStudio.dll (API version 3944462).
LogModuleManager: Display: Found up-to-date module file ../../../../../Users/Kyle/Documents/Unreal Projects/GameJam/Plugins/FMODStudio/Binaries/Win64/UE4Editor-FMODStudioEditor.dll (API version 3944462).
LogModuleManager: Display: Found up-to-date module file ../../../Engine/Plugins/2D/Paper2D/Binaries/Win64/UE4Editor-Paper2D.dll (API version 3944462).
LogModuleManager: Display: Found up-to-date module file ../../../Engine/Plugins/2D/Paper2D/Binaries/Win64/UE4Editor-Paper2DEditor.dll (API version 3944462).
LogModuleManager: Display: Found up-to-date module file ../../../Engine/Plugins/2D/Paper2D/Binaries/Win64/UE4Editor-PaperSpriteSheetImporter.dll (API version 3944462).
LogModuleManager: Display: Found up-to-date module file ../../../Engine/Plugins/2D/Paper2D/Binaries/Win64/UE4Editor-PaperTiledImporter.dll (API version 3944462).
LogModuleManager: Display: Found up-to-date module file ../../../Engine/Plugins/2D/Paper2D/Binaries/Win64/UE4Editor-SmartSnapping.dll (API version 3944462).
LogModuleManager: Display: Found up-to-date module file ../../../Engine/Plugins/Blendables/LightPropagationVolume/Binaries/Win64/UE4Editor-LightPropagationVolumeRuntime.dll (API version 3944462).
LogModuleManager: Display: Found up-to-date module file ../../../Engine/Plugins/Blendables/LightPropagationVolume/Binaries/Win64/UE4Editor-LightPropagationVolumeEditor.dll (API version 3944462).
LogModuleManager: Display: Found up-to-date module file ../../../Engine/Plugins/Developer/CLionSourceCodeAccess/Binaries/Win64/UE4Editor-CLionSourceCodeAccess.dll (API version 3944462).
LogModuleManager: Display: Found up-to-date module file ../../../Engine/Plugins/Developer/GitSourceControl/Binaries/Win64/UE4Editor-GitSourceControl.dll (API version 3944462).
LogModuleManager: Display: Found up-to-date module file ../../../Engine/Plugins/Developer/PerforceSourceControl/Binaries/Win64/UE4Editor-PerforceSourceControl.dll (API version 3944462).
LogModuleManager: Display: Found up-to-date module file ../../../Engine/Plugins/Developer/SubversionSourceControl/Binaries/Win64/UE4Editor-SubversionSourceControl.dll (API version 3944462).
LogModuleManager: Display: Found up-to-date module file ../../../Engine/Plugins/Developer/UObjectPlugin/Binaries/Win64/UE4Editor-UObjectPlugin.dll (API version 3944462).
LogModuleManager: Display: Found up-to-date module file ../../../Engine/Plugins/Developer/VisualStudioCodeSourceCodeAccess/Binaries/Win64/UE4Editor-VisualStudioCodeSourceCodeAccess.dll (API version 3944462).
LogModuleManager: Display: Found up-to-date module file ../../../Engine/Plugins/Developer/VisualStudioSourceCodeAccess/Binaries/Win64/UE4Editor-VisualStudioSourceCodeAccess.dll (API version 3944462).
LogModuleManager: Display: Found up-to-date module file ../../../Engine/Plugins/Editor/AssetManagerEditor/Binaries/Win64/UE4Editor-AssetManagerEditor.dll (API version 3944462).
LogModuleManager: Display: Found up-to-date module file ../../../Engine/Plugins/Editor/CryptoKeys/Binaries/Win64/UE4Editor-CryptoKeys.dll (API version 3944462).
LogModuleManager: Display: Found up-to-date module file ../../../Engine/Plugins/Editor/CryptoKeys/Binaries/Win64/UE4Editor-CryptoKeysOpenSSL.dll (API version 3944462).
LogModuleManager: Display: Found up-to-date module file ../../../Engine/Plugins/Editor/DataValidation/Binaries/Win64/UE4Editor-DataValidation.dll (API version 3944462).
LogModuleManager: Display: Found up-to-date module file ../../../Engine/Plugins/Editor/FacialAnimation/Binaries/Win64/UE4Editor-FacialAnimation.dll (API version 3944462).
LogModuleManager: Display: Found up-to-date module file ../../../Engine/Plugins/Editor/FacialAnimation/Binaries/Win64/UE4Editor-FacialAnimationEditor.dll (API version 3944462).
LogModuleManager: Display: Found up-to-date module file ../../../Engine/Plugins/Editor/GameplayTagsEditor/Binaries/Win64/UE4Editor-GameplayTagsEditor.dll (API version 3944462).
LogModuleManager: Display: Found up-to-date module file ../../../Engine/Plugins/Editor/MobileLauncherProfileWizard/Binaries/Win64/UE4Editor-MobileLauncherProfileWizard.dll (API version 3944462).
LogModuleManager: Display: Found up-to-date module file ../../../Engine/Plugins/Editor/PluginBrowser/Binaries/Win64/UE4Editor-PluginBrowser.dll (API version 3944462).
LogModuleManager: Display: Found up-to-date module file ../../../Engine/Plugins/Editor/SpeedTreeImporter/Binaries/Win64/UE4Editor-SpeedTreeImporter.dll (API version 3944462).
LogModuleManager: Display: Found up-to-date module file ../../../Engine/Plugins/Enterprise/DatasmithContent/Binaries/Win64/UE4Editor-DatasmithContent.dll (API version 3944462).
LogModuleManager: Display: Found up-to-date module file ../../../Engine/Plugins/Experimental/AlembicImporter/Binaries/Win64/UE4Editor-AlembicImporter.dll (API version 3944462).
LogModuleManager: Display: Found up-to-date module file ../../../Engine/Plugins/Experimental/AlembicImporter/Binaries/Win64/UE4Editor-AlembicLibrary.dll (API version 3944462).
LogModuleManager: Display: Found up-to-date module file ../../../Engine/Plugins/Experimental/CharacterAI/Binaries/Win64/UE4Editor-CharacterAI.dll (API version 3944462).
LogModuleManager: Display: Found up-to-date module file ../../../Engine/Plugins/Experimental/HTML5Networking/Binaries/Win64/UE4Editor-HTML5Networking.dll (API version 3944462).
LogModuleManager: Display: Found up-to-date module file ../../../Engine/Plugins/Media/AndroidMedia/Binaries/Win64/UE4Editor-AndroidMediaEditor.dll (API version 3944462).
LogModuleManager: Display: Found up-to-date module file ../../../Engine/Plugins/Media/AndroidMedia/Binaries/Win64/UE4Editor-AndroidMediaFactory.dll (API version 3944462).
LogModuleManager: Display: Found up-to-date module file ../../../Engine/Plugins/Media/AvfMedia/Binaries/Win64/UE4Editor-AvfMediaEditor.dll (API version 3944462).
LogModuleManager: Display: Found up-to-date module file ../../../Engine/Plugins/Media/AvfMedia/Binaries/Win64/UE4Editor-AvfMediaFactory.dll (API version 3944462).
LogModuleManager: Display: Found up-to-date module file ../../../Engine/Plugins/Media/AvfMedia/Binaries/Win64/UE4Editor-AvfMediaFactory.dll (API version 3944462).
LogModuleManager: Display: Found up-to-date module file ../../../Engine/Plugins/Media/ImgMedia/Binaries/Win64/UE4Editor-ImgMedia.dll (API version 3944462).
LogModuleManager: Display: Found up-to-date module file ../../../Engine/Plugins/Media/ImgMedia/Binaries/Win64/UE4Editor-ImgMediaEditor.dll (API version 3944462).
LogModuleManager: Display: Found up-to-date module file ../../../Engine/Plugins/Media/ImgMedia/Binaries/Win64/UE4Editor-ImgMediaFactory.dll (API version 3944462).
LogModuleManager: Display: Found up-to-date module file ../../../Engine/Plugins/Media/ImgMedia/Binaries/Win64/UE4Editor-ImgMediaFactory.dll (API version 3944462).
LogModuleManager: Display: Found up-to-date module file ../../../Engine/Plugins/Media/ImgMedia/Binaries/Win64/UE4Editor-OpenExrWrapper.dll (API version 3944462).
LogModuleManager: Display: Found up-to-date module file ../../../Engine/Plugins/Media/LinearTimecode/Binaries/Win64/UE4Editor-LinearTimecode.dll (API version 3944462).
LogModuleManager: Display: Found up-to-date module file ../../../Engine/Plugins/Media/MediaCompositing/Binaries/Win64/UE4Editor-MediaCompositing.dll (API version 3944462).
LogModuleManager: Display: Found up-to-date module file ../../../Engine/Plugins/Media/MediaCompositing/Binaries/Win64/UE4Editor-MediaCompositingEditor.dll (API version 3944462).
LogModuleManager: Display: Found up-to-date module file ../../../Engine/Plugins/Media/MediaPlayerEditor/Binaries/Win64/UE4Editor-MediaPlayerEditor.dll (API version 3944462).
LogModuleManager: Display: Found up-to-date module file ../../../Engine/Plugins/Media/WmfMedia/Binaries/Win64/UE4Editor-WmfMedia.dll (API version 3944462).
LogModuleManager: Display: Found up-to-date module file ../../../Engine/Plugins/Media/WmfMedia/Binaries/Win64/UE4Editor-WmfMediaEditor.dll (API version 3944462).
LogModuleManager: Display: Found up-to-date module file ../../../Engine/Plugins/Media/WmfMedia/Binaries/Win64/UE4Editor-WmfMediaFactory.dll (API version 3944462).
LogModuleManager: Display: Found up-to-date module file ../../../Engine/Plugins/Media/WmfMedia/Binaries/Win64/UE4Editor-WmfMediaFactory.dll (API version 3944462).
LogModuleManager: Display: Found up-to-date module file ../../../Engine/Plugins/Messaging/TcpMessaging/Binaries/Win64/UE4Editor-TcpMessaging.dll (API version 3944462).
LogModuleManager: Display: Found up-to-date module file ../../../Engine/Plugins/Messaging/UdpMessaging/Binaries/Win64/UE4Editor-UdpMessaging.dll (API version 3944462).
LogModuleManager: Display: Found up-to-date module file ../../../Engine/Plugins/MovieScene/ActorSequence/Binaries/Win64/UE4Editor-ActorSequence.dll (API version 3944462).
LogModuleManager: Display: Found up-to-date module file ../../../Engine/Plugins/MovieScene/LevelSequenceEditor/Binaries/Win64/UE4Editor-LevelSequenceEditor.dll (API version 3944462).
LogModuleManager: Display: Found up-to-date module file ../../../Engine/Plugins/MovieScene/MatineeToLevelSequence/Binaries/Win64/UE4Editor-MatineeToLevelSequence.dll (API version 3944462).
LogModuleManager: Display: Found up-to-date module file ../../../Engine/Plugins/NetcodeUnitTest/NetcodeUnitTest/Binaries/Win64/UE4Editor-NetcodeUnitTest.dll (API version 3944462).
LogModuleManager: Display: Found up-to-date module file ../../../Engine/Plugins/NetcodeUnitTest/NUTUnrealEngine4/Binaries/Win64/UE4Editor-NUTUnrealEngine4.dll (API version 3944462).
LogModuleManager: Display: Found up-to-date module file ../../../Engine/Plugins/Online/OnlineSubsystem/Binaries/Win64/UE4Editor-OnlineSubsystem.dll (API version 3944462).
LogModuleManager: Display: Found up-to-date module file ../../../Engine/Plugins/Runtime/AndroidPermission/Binaries/Win64/UE4Editor-AndroidPermission.dll (API version 3944462).
LogModuleManager: Display: Found up-to-date module file ../../../Engine/Plugins/Online/OnlineSubsystemNull/Binaries/Win64/UE4Editor-OnlineSubsystemNull.dll (API version 3944462).
LogModuleManager: Display: Found up-to-date module file ../../../Engine/Plugins/Online/OnlineSubsystemUtils/Binaries/Win64/UE4Editor-OnlineSubsystemUtils.dll (API version 3944462).
LogModuleManager: Display: Found up-to-date module file ../../../Engine/Plugins/Online/OnlineSubsystemUtils/Binaries/Win64/UE4Editor-OnlineBlueprintSupport.dll (API version 3944462).
LogModuleManager: Display: Found up-to-date module file ../../../Engine/Plugins/Runtime/AndroidDeviceProfileSelector/Binaries/Win64/UE4Editor-AndroidDeviceProfileSelector.dll (API version 3944462).
LogModuleManager: Display: Found up-to-date module file ../../../Engine/Plugins/Runtime/AppleARKit/Binaries/Win64/UE4Editor-AppleARKit.dll (API version 3944462).
LogModuleManager: Display: Found up-to-date module file ../../../Engine/Plugins/Runtime/ProceduralMeshComponent/Binaries/Win64/UE4Editor-ProceduralMeshComponent.dll (API version 3944462).
LogModuleManager: Display: Found up-to-date module file ../../../Engine/Plugins/Runtime/ProceduralMeshComponent/Binaries/Win64/UE4Editor-ProceduralMeshComponentEditor.dll (API version 3944462).
LogModuleManager: Display: Found up-to-date module file ../../../Engine/Plugins/Animation/LiveLink/Binaries/Win64/UE4Editor-LiveLink.dll (API version 3944462).
LogModuleManager: Display: Found up-to-date module file ../../../Engine/Plugins/Animation/LiveLink/Binaries/Win64/UE4Editor-LiveLinkEditor.dll (API version 3944462).
LogModuleManager: Display: Found up-to-date module file ../../../Engine/Plugins/Runtime/ArchVisCharacter/Binaries/Win64/UE4Editor-ArchVisCharacter.dll (API version 3944462).
LogModuleManager: Display: Found up-to-date module file ../../../Engine/Plugins/Runtime/AudioCapture/Binaries/Win64/UE4Editor-AudioCapture.dll (API version 3944462).
LogModuleManager: Display: Found up-to-date module file ../../../Engine/Plugins/Runtime/AudioCapture/Binaries/Win64/UE4Editor-AudioCaptureEditor.dll (API version 3944462).
LogModuleManager: Display: Found up-to-date module file ../../../Engine/Plugins/Runtime/CableComponent/Binaries/Win64/UE4Editor-CableComponent.dll (API version 3944462).
LogModuleManager: Display: Found up-to-date module file ../../../Engine/Plugins/Runtime/CustomMeshComponent/Binaries/Win64/UE4Editor-CustomMeshComponent.dll (API version 3944462).
LogModuleManager: Display: Found up-to-date module file ../../../Engine/Plugins/Runtime/ExampleDeviceProfileSelector/Binaries/Win64/UE4Editor-ExampleDeviceProfileSelector.dll (API version 3944462).
LogModuleManager: Display: Found up-to-date module file ../../../Engine/Plugins/Runtime/ImmediatePhysics/Binaries/Win64/UE4Editor-ImmediatePhysics.dll (API version 3944462).
LogModuleManager: Display: Found up-to-date module file ../../../Engine/Plugins/Runtime/ImmediatePhysics/Binaries/Win64/UE4Editor-ImmediatePhysicsEditor.dll (API version 3944462).
LogModuleManager: Display: Found up-to-date module file ../../../Engine/Plugins/Runtime/LocationServicesBPLibrary/Binaries/Win64/UE4Editor-LocationServicesBPLibrary.dll (API version 3944462).
LogModuleManager: Display: Found up-to-date module file ../../../Engine/Plugins/Runtime/MobilePatchingUtils/Binaries/Win64/UE4Editor-MobilePatchingUtils.dll (API version 3944462).
LogModuleManager: Display: Found up-to-date module file ../../../Engine/Plugins/Runtime/Oculus/OculusVR/Binaries/Win64/UE4Editor-OculusHMD.dll (API version 3944462).
LogModuleManager: Display: Found up-to-date module file ../../../Engine/Plugins/Runtime/Oculus/OculusVR/Binaries/Win64/UE4Editor-OculusInput.dll (API version 3944462).
LogModuleManager: Display: Found up-to-date module file ../../../Engine/Plugins/Runtime/Oculus/OculusVR/Binaries/Win64/UE4Editor-OculusEditor.dll (API version 3944462).
LogModuleManager: Display: Found up-to-date module file ../../../Engine/Plugins/Runtime/PhysXVehicles/Binaries/Win64/UE4Editor-PhysXVehicles.dll (API version 3944462).
LogModuleManager: Display: Found up-to-date module file ../../../Engine/Plugins/Runtime/PhysXVehicles/Binaries/Win64/UE4Editor-PhysXVehiclesEditor.dll (API version 3944462).
LogModuleManager: Display: Found up-to-date module file ../../../Engine/Plugins/Runtime/RuntimePhysXCooking/Binaries/Win64/UE4Editor-RuntimePhysXCooking.dll (API version 3944462).
LogModuleManager: Display: Found up-to-date module file ../../../Engine/Plugins/Runtime/Steam/SteamVR/Binaries/Win64/UE4Editor-SteamVR.dll (API version 3944462).
LogModuleManager: Display: Found up-to-date module file ../../../Engine/Plugins/Runtime/Steam/SteamVR/Binaries/Win64/UE4Editor-SteamVRController.dll (API version 3944462).
LogModuleManager: Display: Found up-to-date module file ../../../Engine/Plugins/Runtime/WindowsMoviePlayer/Binaries/Win64/UE4Editor-WindowsMoviePlayer.dll (API version 3944462).
LogPluginManager: Mounting plugin Paper2D
LogPluginManager: Mounting plugin LiveLink
LogPluginManager: Mounting plugin LightPropagationVolume
LogPluginManager: Mounting plugin CLionSourceCodeAccess
LogPluginManager: Mounting plugin CodeLiteSourceCodeAccess
LogPluginManager: Mounting plugin GitSourceControl
LogPluginManager: Mounting plugin KDevelopSourceCodeAccess
LogPluginManager: Mounting plugin NullSourceCodeAccess
LogPluginManager: Mounting plugin PerforceSourceControl
LogPluginManager: Mounting plugin SubversionSourceControl
LogPluginManager: Mounting plugin UObjectPlugin
LogPluginManager: Mounting plugin VisualStudioCodeSourceCodeAccess
LogPluginManager: Mounting plugin VisualStudioSourceCodeAccess
LogPluginManager: Mounting plugin XCodeSourceCodeAccess
LogPluginManager: Mounting plugin AssetManagerEditor
LogPluginManager: Mounting plugin CryptoKeys
LogPluginManager: Mounting plugin DataValidation
LogPluginManager: Mounting plugin FacialAnimation
LogPluginManager: Mounting plugin GameplayTagsEditor
LogPluginManager: Mounting plugin MobileLauncherProfileWizard
LogPluginManager: Mounting plugin PluginBrowser
LogPluginManager: Mounting plugin SpeedTreeImporter
LogPluginManager: Mounting plugin DatasmithContent
LogPluginManager: Mounting plugin AlembicImporter
LogPluginManager: Mounting plugin CharacterAI
LogPluginManager: Mounting plugin HTML5Networking
LogPluginManager: Mounting plugin FMODStudio
LogPluginManager: Mounting plugin AndroidMedia
LogPluginManager: Mounting plugin AvfMedia
LogPluginManager: Mounting plugin ImgMedia
LogPluginManager: Mounting plugin LinearTimecode
LogPluginManager: Mounting plugin MediaCompositing
LogPluginManager: Mounting plugin MediaPlayerEditor
LogPluginManager: Mounting plugin WmfMedia
LogPluginManager: Mounting plugin TcpMessaging
LogPluginManager: Mounting plugin UdpMessaging
LogPluginManager: Mounting plugin ActorSequence
LogPluginManager: Mounting plugin LevelSequenceEditor
LogPluginManager: Mounting plugin MatineeToLevelSequence
LogPluginManager: Mounting plugin NetcodeUnitTest
LogPluginManager: Mounting plugin NUTUnrealEngine4
LogPluginManager: Mounting plugin OnlineSubsystemGooglePlay
LogPluginManager: Mounting plugin OnlineSubsystemIOS
LogPluginManager: Mounting plugin OnlineSubsystem
LogPluginManager: Mounting plugin OnlineSubsystemNull
LogPluginManager: Mounting plugin OnlineSubsystemUtils
LogPluginManager: Mounting plugin AndroidDeviceProfileSelector
LogPluginManager: Mounting plugin AndroidMoviePlayer
LogPluginManager: Mounting plugin AndroidPermission
LogPluginManager: Mounting plugin AppleARKit
LogPluginManager: Mounting plugin AppleMoviePlayer
LogPluginManager: Mounting plugin ArchVisCharacter
LogPluginManager: Mounting plugin AudioCapture
LogPluginManager: Mounting plugin CableComponent
LogPluginManager: Mounting plugin CustomMeshComponent
LogPluginManager: Mounting plugin ExampleDeviceProfileSelector
LogPluginManager: Mounting plugin GoogleCloudMessaging
LogPluginManager: Mounting plugin ImmediatePhysics
LogPluginManager: Mounting plugin IOSDeviceProfileSelector
LogPluginManager: Mounting plugin LinuxDeviceProfileSelector
LogPluginManager: Mounting plugin LocationServicesBPLibrary
LogPluginManager: Mounting plugin MobilePatchingUtils
LogPluginManager: Mounting plugin OculusVR
LogPluginManager: Plugin shader directory ../../../Engine/Plugins/Runtime/Oculus/OculusVR/Shaders found
LogPluginManager: Mapping shader source directory ../../../Engine/Plugins/Runtime/Oculus/OculusVR/Shaders to virtual directory /Plugin/OculusVR
LogPluginManager: Mounting plugin PhysXVehicles
LogPluginManager: Mounting plugin ProceduralMeshComponent
LogPluginManager: Mounting plugin RuntimePhysXCooking
LogPluginManager: Mounting plugin SteamVR
LogPluginManager: Mounting plugin WindowsMoviePlayer
LogStreaming: Display: Took  1.014s to configure plugins.
LogInit: Using libcurl 7.47.1
LogInit:  - built for x86_64-pc-win32
LogInit:  - supports SSL with OpenSSL/1.0.2g
LogInit:  - supports HTTP deflate (compression) using libz 1.2.8
LogInit:  - other features:
LogInit:      CURL_VERSION_SSL
LogInit:      CURL_VERSION_LIBZ
LogInit:      CURL_VERSION_IPV6
LogInit:      CURL_VERSION_ASYNCHDNS
LogInit:      CURL_VERSION_LARGEFILE
LogInit:      CURL_VERSION_IDN
LogInit:  CurlRequestOptions (configurable via config and command line):
LogInit:  - bVerifyPeer = false  - Libcurl will NOT verify peer certificate
LogInit:  - bUseHttpProxy = false  - Libcurl will NOT use HTTP proxy
LogInit:  - bDontReuseConnections = false  - Libcurl will reuse connections
LogInit:  - CertBundlePath = nullptr  - Libcurl will use whatever was configured at build time.
LogInit:  - MaxHostConnections = 16  - Libcurl will limit the number of connections to a host
LogInit:  - LocalHostAddr = Default
LogInit: WinSock: version 1.1 (2.2), MaxSocks=32767, MaxUdp=65467
LogInit: WinSock: I am KYLE-PC (192.168.0.12:0)
LogInit: Build: ++UE4+Release-4.19-CL-4033788
LogInit: Engine Version: 4.19.2-4033788+++UE4+Release-4.19
LogInit: Compatible Engine Version: 4.19.0-3944462+++UE4+Release-4.19
LogInit: Net CL: 3944462
LogDevObjectVersion: Number of dev versions registered: 18
LogDevObjectVersion:   Dev-Blueprints (B0D832E4-1F89-4F0D-ACCF-7EB736FD4AA2): 10
LogDevObjectVersion:   Dev-Build (E1C64328-A22C-4D53-A36C-8E866417BD8C): 0
LogDevObjectVersion:   Dev-Core (375EC13C-06E4-48FB-B500-84F0262A717E): 2
LogDevObjectVersion:   Dev-Editor (E4B068ED-F494-42E9-A231-DA0B2E46BB41): 23
LogDevObjectVersion:   Dev-Framework (CFFC743F-43B0-4480-9391-14DF171D2073): 33
LogDevObjectVersion:   Dev-Mobile (B02B49B5-BB20-44E9-A304-32B752E40360): 2
LogDevObjectVersion:   Dev-Networking (A4E4105C-59A1-49B5-A7C5-40C4547EDFEE): 0
LogDevObjectVersion:   Dev-Online (39C831C9-5AE6-47DC-9A44-9C173E1C8E7C): 0
LogDevObjectVersion:   Dev-Physics (78F01B33-EBEA-4F98-B9B4-84EACCB95AA2): 0
LogDevObjectVersion:   Dev-Platform (6631380F-2D4D-43E0-8009-CF276956A95A): 0
LogDevObjectVersion:   Dev-Rendering (12F88B9F-8875-4AFC-A67C-D90C383ABD29): 25
LogDevObjectVersion:   Dev-Sequencer (7B5AE74C-D270-4C10-A958-57980B212A5A): 6
LogDevObjectVersion:   Dev-VR (D7296918-1DD6-4BDD-9DE2-64A83CC13884): 1
LogDevObjectVersion:   Dev-LoadTimes (C2A15278-BFE7-4AFE-6C17-90FF531DF755): 1
LogDevObjectVersion:   Private-Geometry (6EACA3D4-40EC-4CC1-B786-8BED09428FC5): 2
LogDevObjectVersion:   Dev-AnimPhys (29E575DD-E0A3-4627-9D10-D276232CDCEA): 16
LogDevObjectVersion:   Dev-ReflectionCapture (6B266CEC-1EC7-4B8F-A30B-E4D90942FC07): 1
LogDevObjectVersion:   Dev-Automation (0DF73D61-A23F-47EA-B727-89E90C41499A): 1
LogInit: Compiled (64-bit): Apr 27 2018 02:06:57
LogInit: Compiled with Visual C++: 19.00.24215.01
LogInit: Build Configuration: Development
LogInit: Branch Name: ++UE4+Release-4.19
LogInit: Command Line: 
LogInit: Base Directory: C:/Games/UE_4.19/Engine/Binaries/Win64/
LogInit: Installed Engine Build: 1
LogStreaming: Display: Took  0.006s to delete old logs.
LogInit: Presizing for max 8388607 objects, including 0 objects not considered by GC, pre-allocating 0 bytes for permanent pool.
LogInit: Object subsystem initialized
[2018.05.15-16.11.43:653][  0]LogInit: Selected Device Profile: [Windows]
[2018.05.15-16.11.43:653][  0]LogInit: Applying CVar settings loaded from the selected device profile: [Windows]
[2018.05.15-16.11.43:667][  0]LogInit: Computer: KYLE-PC
[2018.05.15-16.11.43:667][  0]LogInit: User: Kyle
[2018.05.15-16.11.43:667][  0]LogInit: CPU Page size=4096, Cores=4
[2018.05.15-16.11.43:667][  0]LogInit: High frequency timer resolution =14.318180 MHz
[2018.05.15-16.11.43:668][  0]LogMemory: Memory total: Physical=15.9GB (16GB approx)
[2018.05.15-16.11.43:668][  0]LogMemory: Platform Memory Stats for Windows
[2018.05.15-16.11.43:668][  0]LogMemory: Process Physical Memory: 272.81 MB used, 272.81 MB peak
[2018.05.15-16.11.43:668][  0]LogMemory: Process Virtual Memory: 278.55 MB used, 278.55 MB peak
[2018.05.15-16.11.43:668][  0]LogMemory: Physical Memory: 8244.24 MB used,  8037.99 MB free, 16282.23 MB total
[2018.05.15-16.11.43:668][  0]LogMemory: Virtual Memory: 656.13 MB used,  8037.99 MB free, 134217728.00 MB total
[2018.05.15-16.11.43:705][  0]LogInit: Using OS detected language (en-US).
[2018.05.15-16.11.43:705][  0]LogInit: Using OS detected locale (en-GB).
[2018.05.15-16.11.43:708][  0]LogTextLocalizationManager: No specific localization for 'en-US' exists, so the 'en' localization will be used.
[2018.05.15-16.11.44:327][  0]LogStreaming: Display: Took  0.622s to EndInitTextLocalization.
[2018.05.15-16.11.44:328][  0]LogInit: Setting process to per monitor DPI aware
[2018.05.15-16.11.44:378][  0]LogSlate: New Slate User Created.  User Index 0, Is Virtual User: 0
[2018.05.15-16.11.44:378][  0]LogSlate: Slate User Registered.  User Index 0, Is Virtual User: 0
[2018.05.15-16.11.44:633][  0]LogD3D11RHI: D3D11 adapters:
[2018.05.15-16.11.44:646][  0]LogD3D11RHI:    0. 'AMD Radeon (TM) R9 200 Series' (Feature Level 11_0)
[2018.05.15-16.11.44:646][  0]LogD3D11RHI:       2027/0/3840 MB DedicatedVideo/DedicatedSystem/SharedSystem, Outputs:2, VendorId:0x1002
[2018.05.15-16.11.44:648][  0]LogD3D11RHI:    1. 'Microsoft Basic Render Driver' (Feature Level 11_0)
[2018.05.15-16.11.44:648][  0]LogD3D11RHI:       0/0/256 MB DedicatedVideo/DedicatedSystem/SharedSystem, Outputs:0, VendorId:0x1414
[2018.05.15-16.11.44:648][  0]LogD3D11RHI: Chosen D3D11 Adapter: 0
[2018.05.15-16.11.44:654][  0]LogD3D11RHI: Creating new Direct3DDevice
[2018.05.15-16.11.44:654][  0]LogD3D11RHI:     GPU DeviceId: 0x6811 (for the marketing name, search the web for "GPU Device Id")
[2018.05.15-16.11.44:654][  0]LogWindows: EnumDisplayDevices:
[2018.05.15-16.11.44:654][  0]LogWindows:    0. 'AMD Radeon (TM) R9 200 Series' (P:1 D:1)
[2018.05.15-16.11.44:654][  0]LogWindows:    1. 'AMD Radeon (TM) R9 200 Series' (P:0 D:1)
[2018.05.15-16.11.44:654][  0]LogWindows:    2. 'AMD Radeon (TM) R9 200 Series' (P:0 D:0)
[2018.05.15-16.11.44:655][  0]LogWindows:    3. 'AMD Radeon (TM) R9 200 Series' (P:0 D:0)
[2018.05.15-16.11.44:655][  0]LogWindows:    4. 'AMD Radeon (TM) R9 200 Series' (P:0 D:0)
[2018.05.15-16.11.44:655][  0]LogWindows:    5. 'AMD Radeon (TM) R9 200 Series' (P:0 D:0)
[2018.05.15-16.11.44:655][  0]LogWindows: DebugString: FoundDriverCount:6 
[2018.05.15-16.11.44:655][  0]LogD3D11RHI:     Adapter Name: AMD Radeon (TM) R9 200 Series
[2018.05.15-16.11.44:656][  0]LogD3D11RHI:   Driver Version: Crimson 16.4.1 (internal:16.150.2211.1001, unified:16.150.2211.1001)
[2018.05.15-16.11.44:656][  0]LogD3D11RHI:      Driver Date: 4-3-2016
[2018.05.15-16.11.44:656][  0]LogRHI: Texture pool is 1419 MB (70% of 2027 MB)
[2018.05.15-16.11.44:695][  0]LogD3D11RHI: Async texture creation enabled
[2018.05.15-16.11.44:710][  0]LogD3D11RHI: GPU Timing Frequency: 27.000000 (Debug: 2 1)
[2018.05.15-16.11.44:710][  0]LogShaderCompilers: Guid format shader working directory is -14 characters bigger than the processId version (../../../../../Users/Kyle/Documents/Unreal Projects/GameJam/Intermediate/Shaders/WorkingDirectory/6856/).
[2018.05.15-16.11.44:710][  0]LogShaderCompilers: Cleaned the shader compiler working directory 'C:/Users/Kyle/AppData/Local/Temp/UnrealShaderWorkingDir/9589D9034EEB05AA68FAE89253CC62CE/'.
[2018.05.15-16.11.44:986][  0]LogTemp: Display: Loaded TP AllDesktopTargetPlatform
[2018.05.15-16.11.45:005][  0]LogTemp: Display: Loaded TP MacClientTargetPlatform
[2018.05.15-16.11.45:024][  0]LogTemp: Display: Loaded TP MacNoEditorTargetPlatform
[2018.05.15-16.11.45:043][  0]LogTemp: Display: Loaded TP MacServerTargetPlatform
[2018.05.15-16.11.45:063][  0]LogTemp: Display: Loaded TP MacTargetPlatform
[2018.05.15-16.11.45:083][  0]LogTemp: Display: Loaded TP WindowsClientTargetPlatform
[2018.05.15-16.11.45:103][  0]LogTemp: Display: Loaded TP WindowsNoEditorTargetPlatform
[2018.05.15-16.11.45:122][  0]LogTemp: Display: Loaded TP WindowsServerTargetPlatform
[2018.05.15-16.11.45:131][  0]LogTemp: Display: Loaded TP WindowsTargetPlatform
[2018.05.15-16.11.45:148][  0]LogTemp: Display: Loaded TP Android_ASTCTargetPlatform
[2018.05.15-16.11.45:166][  0]LogTemp: Display: Loaded TP Android_ATCTargetPlatform
[2018.05.15-16.11.45:184][  0]LogTemp: Display: Loaded TP Android_DXTTargetPlatform
[2018.05.15-16.11.45:203][  0]LogTemp: Display: Loaded TP Android_ETC1aTargetPlatform
[2018.05.15-16.11.45:220][  0]LogTemp: Display: Loaded TP Android_ETC1TargetPlatform
[2018.05.15-16.11.45:239][  0]LogTemp: Display: Loaded TP Android_ETC2TargetPlatform
[2018.05.15-16.11.45:274][  0]LogTemp: Display: Loaded TP Android_MultiTargetPlatform
[2018.05.15-16.11.45:274][  0]LogTemp: Display: Loaded TP Android_PVRTCTargetPlatform
[2018.05.15-16.11.45:293][  0]LogTemp: Display: Loaded TP AndroidTargetPlatform
[2018.05.15-16.11.45:294][  0]LogTemp: Display: Loaded TP HTML5TargetPlatform
[2018.05.15-16.11.45:339][  0]LogTemp: Display: Loaded TP IOSTargetPlatform
[2018.05.15-16.11.45:357][  0]LogTemp: Display: Loaded TP TVOSTargetPlatform
[2018.05.15-16.11.45:377][  0]LogTemp: Display: Loaded TP LinuxClientTargetPlatform
[2018.05.15-16.11.45:396][  0]LogTemp: Display: Loaded TP LinuxNoEditorTargetPlatform
[2018.05.15-16.11.45:414][  0]LogTemp: Display: Loaded TP LinuxServerTargetPlatform
[2018.05.15-16.11.45:433][  0]LogTemp: Display: Loaded TP LinuxTargetPlatform
[2018.05.15-16.11.45:433][  0]LogTargetPlatformManager: Display: Building Assets For Windows
[2018.05.15-16.11.45:537][  0]LogXGEController: Cannot use XGE Controller as Incredibuild is not installed on this machine.
[2018.05.15-16.11.45:537][  0]LogShaderCompilers: Cannot use XGE Shader Compiler as Incredibuild is not installed on this machine.
[2018.05.15-16.11.45:537][  0]LogShaderCompilers: Display: Using Local Shader Compiler.
[2018.05.15-16.11.46:672][  0]LogDerivedDataCache: Display: Max Cache Size: 512 MB
[2018.05.15-16.11.46:847][  0]LogDerivedDataCache: Loaded boot cache 0.17s 74MB C:/Users/Kyle/AppData/Local/UnrealEngine/4.19/DerivedDataCache/Boot.ddc.
[2018.05.15-16.11.46:847][  0]LogDerivedDataCache: Display: Loaded Boot cache: C:/Users/Kyle/AppData/Local/UnrealEngine/4.19/DerivedDataCache/Boot.ddc
[2018.05.15-16.11.46:847][  0]LogDerivedDataCache: FDerivedDataBackendGraph:  Pak pak cache file ../../../../../Users/Kyle/Documents/Unreal Projects/GameJam/DerivedDataCache/DDC.ddp not found, will not use a pak cache.
[2018.05.15-16.11.46:847][  0]LogDerivedDataCache: Unable to find inner node Pak for hierarchical cache Hierarchy.
[2018.05.15-16.11.46:847][  0]LogDerivedDataCache: FDerivedDataBackendGraph:  CompressedPak pak cache file ../../../../../Users/Kyle/Documents/Unreal Projects/GameJam/DerivedDataCache/Compressed.ddp not found, will not use a pak cache.
[2018.05.15-16.11.46:847][  0]LogDerivedDataCache: Unable to find inner node CompressedPak for hierarchical cache Hierarchy.
[2018.05.15-16.11.46:871][  0]LogDerivedDataCache: Display: Pak cache opened for reading ../../../Engine/DerivedDataCache/Compressed.ddp.
[2018.05.15-16.11.46:885][  0]LogDerivedDataCache: Using Local data cache path C:/Users/Kyle/AppData/Local/UnrealEngine/Common/DerivedDataCache: Writable
[2018.05.15-16.11.46:885][  0]LogDerivedDataCache: Shared data cache path not found in *engine.ini, will not use an Shared cache.
[2018.05.15-16.11.46:885][  0]LogDerivedDataCache: Unable to find inner node Shared for hierarchical cache Hierarchy.
[2018.05.15-16.11.46:904][  0]LogMaterial: Verifying Global Shaders for PCD3D_SM5
[2018.05.15-16.11.46:905][  0]LogSlate: Using Freetype 2.6.0
[2018.05.15-16.11.46:905][  0]LogSlate: SlateFontCache - WITH_FREETYPE: 1, WITH_HARFBUZZ: 1
[2018.05.15-16.11.46:905][  0]LogSlate: SlateFontCache - WITH_FREETYPE: 1, WITH_HARFBUZZ: 1
[2018.05.15-16.11.47:046][  0]LogAssetRegistry: FAssetRegistry took 0.0283 seconds to start up
[2018.05.15-16.11.47:603][  0]LogInit: Selected Device Profile: [Windows]
[2018.05.15-16.11.47:799][  0]LogSimplygon: Simplygon DLL not present - disabling.
[2018.05.15-16.11.47:803][  0]LogMeshReduction: Using SimplygonSwarm for distributed automatic mesh merging
[2018.05.15-16.11.47:803][  0]LogMeshReduction: Using QuadricMeshReduction for automatic static mesh reduction
[2018.05.15-16.11.47:804][  0]LogMeshReduction: No automatic skeletal mesh reduction module available
[2018.05.15-16.11.47:804][  0]LogMeshReduction: No automatic mesh merging module available
[2018.05.15-16.11.47:804][  0]LogMeshMerging: No automatic mesh merging module available
[2018.05.15-16.11.47:852][  0]LogNetVersion: GameJam , NetCL: 3944462, EngineNetVer: 2, GameNetVer: 0 (Checksum: 2281863040)
[2018.05.15-16.11.48:594][  0]LogPackageLocalizationCache: Processed 10 localized package path(s) for 2 prioritized culture(s) in 0.122995 seconds
[2018.05.15-16.11.48:603][  0]LogUObjectArray: 36728 objects as part of root set at end of initial load.
[2018.05.15-16.11.48:603][  0]LogUObjectAllocator: 7314312 out of 0 bytes used by permanent object pool.
[2018.05.15-16.11.48:603][  0]LogUObjectArray: CloseDisregardForGC: 0/0 objects in disregard for GC pool
[2018.05.15-16.11.50:557][  0]LogFMOD: FFMODStudioModule startup
[2018.05.15-16.11.50:557][  0]LogFMOD:  Lib path = '../../../../../Users/Kyle/Documents/Unreal Projects/GameJam/Plugins/FMODStudio/Binaries'
[2018.05.15-16.11.50:557][  0]LogFMOD: FFMODStudioModule::LoadDll: Loading ../../../../../Users/Kyle/Documents/Unreal Projects/GameJam/Plugins/FMODStudio/Binaries/Win64/fmodL64.dll
[2018.05.15-16.11.50:559][  0]LogFMOD: FFMODStudioModule::LoadDll: Loading ../../../../../Users/Kyle/Documents/Unreal Projects/GameJam/Plugins/FMODStudio/Binaries/Win64/fmodstudioL64.dll
[2018.05.15-16.11.50:589][  0]LogFMOD: Loading strings bank: ../../../../../Users/Kyle/Documents/Unreal Projects/GameJam/Content/FMOD/Desktop/Master Bank.strings.bank
[2018.05.15-16.11.50:591][  0]LogFMOD: Constructing asset: /Game/FMOD/Events/AMB/Ambience
[2018.05.15-16.11.50:591][  0]LogFMOD: Skipping asset: bank:/Master Bank.strings
[2018.05.15-16.11.50:591][  0]LogFMOD: Constructing asset: /Game/FMOD/Buses/FX
[2018.05.15-16.11.50:591][  0]LogFMOD: Constructing asset: /Game/FMOD/Events/MUS/Music
[2018.05.15-16.11.50:591][  0]LogFMOD: Constructing asset: /Game/FMOD/Events/FX/Buzz
[2018.05.15-16.11.50:591][  0]LogFMOD: Constructing asset: /Game/FMOD/Events/FX/Snail_Scream
[2018.05.15-16.11.50:591][  0]LogFMOD: Constructing asset: /Game/FMOD/Events/FX/Plant_Sprout
[2018.05.15-16.11.50:591][  0]LogFMOD: Constructing asset: /Game/FMOD/Events/FX/Plant_Bloom
[2018.05.15-16.11.50:591][  0]LogFMOD: Skipping asset: bus:/
[2018.05.15-16.11.50:591][  0]LogFMOD: Constructing asset: /Game/FMOD/Events/FX/Sprinkler
[2018.05.15-16.11.50:591][  0]LogFMOD: Constructing asset: /Game/FMOD/Events/FX/Snail_Bop
[2018.05.15-16.11.50:592][  0]LogFMOD: Constructing asset: /Game/FMOD/Banks/Master_Bank
[2018.05.15-16.11.50:592][  0]LogFMOD: Constructing asset: /Game/FMOD/Events/FX/Snail_Chomp
[2018.05.15-16.11.50:592][  0]LogFMOD: Constructing asset: /Game/FMOD/Buses/Reverb
[2018.05.15-16.11.50:592][  0]LogFMOD: Constructing asset: /Game/FMOD/Events/FX/Snail_Squick
[2018.05.15-16.11.50:592][  0]LogFMOD: Constructing asset: /Game/FMOD/Events/FX/Plant_Rustle
[2018.05.15-16.11.50:594][  0]LogFMOD: Default sample rate = 48000
[2018.05.15-16.11.50:594][  0]LogFMOD: System sample rate = 44100
[2018.05.15-16.11.50:594][  0]LogFMOD: Matching system sample rate 44100
[2018.05.15-16.11.50:609][  0]LogFMOD: Default sample rate = 48000
[2018.05.15-16.11.50:609][  0]LogFMOD: System sample rate = 44100
[2018.05.15-16.11.50:609][  0]LogFMOD: Matching system sample rate 44100
[2018.05.15-16.11.50:634][  0]LogTcpMessaging: Initializing TcpMessaging bridge
[2018.05.15-16.11.50:661][  0]LogUdpMessaging: Initializing bridge on interface 0.0.0.0:0 to multicast group 230.0.0.1:6666.
[2018.05.15-16.11.51:001][  0]SourceControl: Source control is disabled
[2018.05.15-16.11.51:539][  0]LogFMOD: FFMODStudioEditorModule startup
[2018.05.15-16.11.51:788][  0]LogAndroidPermission: UAndroidPermissionCallbackProxy::GetInstance
[2018.05.15-16.11.51:913][  0]LogOcInput: OculusInput pre-init called
[2018.05.15-16.11.52:027][  0]LogEngine: Initializing Engine...
[2018.05.15-16.11.52:029][  0]LogHMD: Failed to initialize OpenVR with code 110
[2018.05.15-16.11.52:031][  0]LogStats: UGameplayTagsManager::ConstructGameplayTagTree: Construct from data asset -  0.000 s
[2018.05.15-16.11.52:031][  0]LogStats: UGameplayTagsManager::ConstructGameplayTagTree: GameplayTagTreeChangedEvent.Broadcast -  0.000 s
[2018.05.15-16.11.52:391][  0]LogAIModule: Creating AISystem for world Untitled
[2018.05.15-16.11.52:464][  0]LogInit: XAudio2 using 'Speakers (High Definition Audio Device)' : 2 channels at 44.1 kHz using 32 bits per sample (channel mask 0x3)
[2018.05.15-16.11.52:473][  0]LogInit: FAudioDevice initialized.
[2018.05.15-16.11.52:635][  0]LogDerivedDataCache: Saved boot cache 0.16s 74MB C:/Users/Kyle/AppData/Local/UnrealEngine/4.19/DerivedDataCache/Boot.ddc.
[2018.05.15-16.11.52:681][  0]LogInit: Texture streaming: Enabled
[2018.05.15-16.11.52:704][  0]LogEngineSessionManager: EngineSessionManager initialized
[2018.05.15-16.11.52:715][  0]LogInit: Transaction tracking system initialized
[2018.05.15-16.11.52:740][  0]BlueprintLog: New page: Editor Load
[2018.05.15-16.11.52:823][  0]LocalizationService: Localization service is disabled
[2018.05.15-16.11.52:926][  0]LogConsoleResponse: Display: 
[2018.05.15-16.11.53:123][  0]LogCook: Display: Max memory allowance for cook 16384mb min free memory 0mb
[2018.05.15-16.11.53:123][  0]LogCook: Display: Mobile HDR setting 1
[2018.05.15-16.11.53:123][  0]LogGameplayTags: Display: UGameplayTagsManager::DoneAddingNativeTags. DelegateIsBound: 0
[2018.05.15-16.11.53:123][  0]LogStats: UGameplayTagsManager::ConstructGameplayTagTree: Construct from data asset -  0.000 s
[2018.05.15-16.11.53:123][  0]LogStats: UGameplayTagsManager::ConstructGameplayTagTree: GameplayTagTreeChangedEvent.Broadcast -  0.000 s
[2018.05.15-16.11.53:479][  0]LogFileCache: Scanning file cache for directory 'C:/Users/Kyle/Documents/Unreal Projects/GameJam/Content/' took 0.02s
[2018.05.15-16.11.53:479][  0]Cmd: MAP LOAD FILE="../../../../../Users/Kyle/Documents/Unreal Projects/GameJam/Content/Maps/MainMenu.umap" TEMPLATE=0 SHOWPROGRESS=1 FEATURELEVEL=3
[2018.05.15-16.11.53:479][  0]LightingResults: New page: Lighting Build
[2018.05.15-16.11.53:482][  0]MapCheck: New page: Map Check
[2018.05.15-16.11.53:482][  0]LightingResults: New page: Lighting Build
[2018.05.15-16.11.53:522][  0]LogUObjectGlobals: Created PersistentFrame Addr=0x0000006fb72da5e0, Size=4, Default__UI_Menu_C Function /Game/Blueprints/UI/UI_Menu.UI_Menu_C:ExecuteUbergraph_UI_Menu
[2018.05.15-16.11.53:526][  0]LogUObjectGlobals: Destroyed PersistentFrame Addr=0x0000006fb72da5e0, Size=4
[2018.05.15-16.11.53:526][  0]LogUObjectGlobals: Created PersistentFrame Addr=0x0000006fb72da5e0, Size=4, Default__UI_Menu_C Function /Engine/Transient.REINST_UI_Menu_C_0:ExecuteUbergraph_UI_Menu
[2018.05.15-16.11.53:529][  0]LogUObjectGlobals: Created PersistentFrame Addr=0x0000006fb72db130, Size=4, Default__UI_Menu_C Function /Game/Blueprints/UI/UI_Menu.UI_Menu_C:ExecuteUbergraph_UI_Menu
[2018.05.15-16.11.53:531][  0]LogUObjectGlobals: Created PersistentFrame Addr=0x0000006fb77d6aa0, Size=24, Default__MainMenu_C Function /Game/Maps/MainMenu.MainMenu_C:ExecuteUbergraph_MainMenu
[2018.05.15-16.11.53:533][  0]LogUObjectGlobals: Destroyed PersistentFrame Addr=0x0000006fb77d6aa0, Size=24
[2018.05.15-16.11.53:533][  0]LogUObjectGlobals: Created PersistentFrame Addr=0x0000006fb77d6aa0, Size=24, Default__MainMenu_C Function /Engine/Transient.REINST_MainMenu_C_2:ExecuteUbergraph_MainMenu
[2018.05.15-16.11.53:534][  0]LogUObjectGlobals: Created PersistentFrame Addr=0x0000006fb77d5e88, Size=24, Default__MainMenu_C Function /Game/Maps/MainMenu.MainMenu_C:ExecuteUbergraph_MainMenu
[2018.05.15-16.11.53:553][  0]LogAIModule: Creating AISystem for world MainMenu
[2018.05.15-16.11.53:554][  0]LogEditorServer: Finished looking for orphan Actors (0.000 secs)
[2018.05.15-16.11.53:574][  0]LogUObjectGlobals: Destroyed PersistentFrame Addr=0x0000006fb72da5e0, Size=4
[2018.05.15-16.11.53:574][  0]LogUObjectGlobals: Destroyed PersistentFrame Addr=0x0000006fb77d6aa0, Size=24
[2018.05.15-16.11.53:575][  0]Cmd: MAP CHECKDEP NOCLEARLOG
[2018.05.15-16.11.53:626][  0]MapCheck: Map check complete: 0 Error(s), 0 Warning(s), took 50.821ms to complete.
[2018.05.15-16.11.53:626][  0]LogFileHelpers: Loading map 'MainMenu' took 0.147
[2018.05.15-16.11.53:801][  0]LogCollectionManager: Loaded 0 collections in 0.002142 seconds
[2018.05.15-16.11.53:858][  0]LogFileCache: Scanning file cache for directory 'C:/Users/Kyle/Documents/Unreal Projects/GameJam/Saved/Collections/' took 0.01s
[2018.05.15-16.11.53:858][  0]LogFileCache: Scanning file cache for directory 'C:/Users/Kyle/Documents/Unreal Projects/GameJam/Content/Developers/Kyle/Collections/' took 0.01s
[2018.05.15-16.11.53:858][  0]LogFileCache: Scanning file cache for directory 'C:/Users/Kyle/Documents/Unreal Projects/GameJam/Content/Collections/' took 0.01s
[2018.05.15-16.11.53:859][  0]LogCollectionManager: Rebuilt the GUID cache for 0 collections in 0.000001 seconds
[2018.05.15-16.11.53:875][  0]LogContentBrowser: Native class hierarchy populated in 0.0165 seconds. Added 2469 classes and 565 folders.
[2018.05.15-16.11.53:885][  0]LogContentBrowser: Native class hierarchy updated for 'WidgetCarousel' in 0.0003 seconds. Added 0 classes and 0 folders.
[2018.05.15-16.11.53:934][  0]LogContentBrowser: Native class hierarchy updated for 'AddContentDialog' in 0.0003 seconds. Added 0 classes and 0 folders.
[2018.05.15-16.11.53:942][  0]LogContentBrowser: Native class hierarchy updated for 'SceneOutliner' in 0.0004 seconds. Added 1 classes and 2 folders.
[2018.05.15-16.11.53:963][  0]LogSlate: Took 0.000280 seconds to synchronously load lazily loaded font '../../../Engine/Content/Slate/Fonts/Roboto-Regular.ttf' (155K)
[2018.05.15-16.11.53:967][  0]LogSlate: Took 0.000309 seconds to synchronously load lazily loaded font '../../../Engine/Content/Slate/Fonts/Roboto-Bold.ttf' (160K)
[2018.05.15-16.11.53:973][  0]LogSlate: Took 0.000193 seconds to synchronously load lazily loaded font '../../../Engine/Content/Editor/Slate/Fonts/FontAwesome.ttf' (139K)
[2018.05.15-16.11.54:094][  0]LogRenderer: Reallocating scene render targets to support 1164x576 Format 9 NumSamples 1 (Frame:1).
[2018.05.15-16.11.54:324][  0]LogSlate: Took 0.000243 seconds to synchronously load lazily loaded font '../../../Engine/Content/Slate/Fonts/Roboto-Light.ttf' (167K)
[2018.05.15-16.11.54:466][  0]LogContentBrowser: Native class hierarchy updated for 'HierarchicalLODOutliner' in 0.0004 seconds. Added 0 classes and 0 folders.
[2018.05.15-16.11.54:466][  0]LogLoad: (Engine Initialization) Total time: 13.42 seconds
[2018.05.15-16.11.54:466][  0]LogLoad: (Engine Initialization) Total Blueprint compile time: 0.00 seconds
[2018.05.15-16.11.54:516][  0]LogContentStreaming: Texture pool size now 800 MB
[2018.05.15-16.11.54:566][  1]LogFMOD: File has changed: ../../../../../Users/Kyle/Documents/Unreal Projects/GameJam/Content/FMOD/Desktop/Master Bank.strings.bank
[2018.05.15-16.11.54:666][  1]LogFMOD: Loading strings bank: ../../../../../Users/Kyle/Documents/Unreal Projects/GameJam/Content/FMOD/Desktop/Master Bank.strings.bank
[2018.05.15-16.11.54:668][  1]LogFMOD: Skipping asset: bank:/Master Bank.strings
[2018.05.15-16.11.54:668][  1]LogFMOD: Skipping asset: bus:/
[2018.05.15-16.11.54:670][  1]LogFMOD: Default sample rate = 48000
[2018.05.15-16.11.54:670][  1]LogFMOD: System sample rate = 44100
[2018.05.15-16.11.54:670][  1]LogFMOD: Matching system sample rate 44100
[2018.05.15-16.11.54:841][  1]LogFMOD: Default sample rate = 48000
[2018.05.15-16.11.54:841][  1]LogFMOD: System sample rate = 44100
[2018.05.15-16.11.54:841][  1]LogFMOD: Matching system sample rate 44100
[2018.05.15-16.11.54:907][  1]LogFileCache: Retrieving MD5 hashes for directory 'C:/Users/Kyle/Documents/Unreal Projects/GameJam/Content/' took 0.42s
[2018.05.15-16.11.54:972][  2]LogAssetRegistry: Asset discovery search completed in 7.9473 seconds
[2018.05.15-16.11.54:974][  2]LogCollectionManager: Rebuilt the object cache for 0 collections in 0.000001 seconds (found 0 objects)
[2018.05.15-16.11.54:975][  2]LogCollectionManager: Fixed up redirectors for 0 collections in 0.000092 seconds (updated 0 objects)
[2018.05.15-16.11.55:890][ 22]LogSlate: FSceneViewport::OnFocusLost() reason 2
[2018.05.15-16.12.19:402][283]LogSlate: FSceneViewport::OnFocusLost() reason 2
[2018.05.15-16.12.29:460][563]LogSlate: FSceneViewport::OnFocusLost() reason 0
[2018.05.15-16.12.32:724][699]LogSlate: Took 0.000250 seconds to synchronously load lazily loaded font '../../../Engine/Content/Slate/Fonts/Roboto-Light.ttf' (167K)
[2018.05.15-16.12.32:798][699]LogUObjectGlobals: Created PersistentFrame Addr=0x0000006fd999ae00, Size=256, Default__BP_Flower_C Function /Game/Blueprints/BP_Flower.BP_Flower_C:ExecuteUbergraph_BP_Flower
[2018.05.15-16.12.32:801][699]LogUObjectGlobals: Created PersistentFrame Addr=0x0000006fc3699de0, Size=216, Default__GM_DangerBee_C Function /Game/Blueprints/GM_DangerBee.GM_DangerBee_C:ExecuteUbergraph_GM_DangerBee
[2018.05.15-16.12.32:903][699]LogUObjectGlobals: Created PersistentFrame Addr=0x0000006fe4eb5c90, Size=112, Default__UI_BloomCounter_C Function /Game/Blueprints/UI/UI_BloomCounter.UI_BloomCounter_C:ExecuteUbergraph_UI_BloomCounter
[2018.05.15-16.12.32:932][699]LogUObjectGlobals: Created PersistentFrame Addr=0x0000006fea0fc800, Size=1312, Default__BP_Flying_Bee_C Function /Game/Blueprints/BP_Flying_Bee.BP_Flying_Bee_C:ExecuteUbergraph_BP_Flying_Bee
[2018.05.15-16.12.32:963][699]LogUObjectGlobals: Created PersistentFrame Addr=0x0000006fe056d030, Size=24, Default__UI_PauseMenu_C Function /Game/Blueprints/UI/UI_PauseMenu.UI_PauseMenu_C:ExecuteUbergraph_UI_PauseMenu
[2018.05.15-16.12.32:967][699]LogUObjectGlobals: Created PersistentFrame Addr=0x0000006fe053c4a0, Size=80, Default__PC_PlayerController_C Function /Game/Blueprints/PC_PlayerController.PC_PlayerController_C:ExecuteUbergraph_PC_PlayerController
[2018.05.15-16.12.33:004][699]LogUObjectGlobals: Destroyed PersistentFrame Addr=0x0000006fd999ae00, Size=256
[2018.05.15-16.12.33:004][699]LogUObjectGlobals: Created PersistentFrame Addr=0x0000006fe063d500, Size=256, Default__BP_Flower_C Function /Engine/Transient.REINST_BP_Flower_C_6:ExecuteUbergraph_BP_Flower
[2018.05.15-16.12.33:006][699]LogUObjectGlobals: Destroyed PersistentFrame Addr=0x0000006fea0fc800, Size=1312
[2018.05.15-16.12.33:006][699]LogUObjectGlobals: Created PersistentFrame Addr=0x0000006fc63c0f00, Size=1312, Default__BP_Flying_Bee_C Function /Engine/Transient.REINST_BP_Flying_Bee_C_7:ExecuteUbergraph_BP_Flying_Bee
[2018.05.15-16.12.33:006][699]LogUObjectGlobals: Destroyed PersistentFrame Addr=0x0000006fe053c4a0, Size=80
[2018.05.15-16.12.33:006][699]LogUObjectGlobals: Created PersistentFrame Addr=0x0000006fb6c29da0, Size=80, Default__PC_PlayerController_C Function /Engine/Transient.REINST_PC_PlayerController_C_8:ExecuteUbergraph_PC_PlayerController
[2018.05.15-16.12.33:007][699]LogUObjectGlobals: Destroyed PersistentFrame Addr=0x0000006fe4eb5c90, Size=112
[2018.05.15-16.12.33:007][699]LogUObjectGlobals: Created PersistentFrame Addr=0x0000006fd9f53e40, Size=112, Default__UI_BloomCounter_C Function /Engine/Transient.REINST_UI_BloomCounter_C_1:ExecuteUbergraph_UI_BloomCounter
[2018.05.15-16.12.33:007][699]LogUObjectGlobals: Destroyed PersistentFrame Addr=0x0000006fe056d030, Size=24
[2018.05.15-16.12.33:007][699]LogUObjectGlobals: Created PersistentFrame Addr=0x0000006fe9bbbdd8, Size=24, Default__UI_PauseMenu_C Function /Engine/Transient.REINST_UI_PauseMenu_C_2:ExecuteUbergraph_UI_PauseMenu
[2018.05.15-16.12.33:007][699]LogUObjectGlobals: Destroyed PersistentFrame Addr=0x0000006fc3699de0, Size=216
[2018.05.15-16.12.33:008][699]LogUObjectGlobals: Created PersistentFrame Addr=0x0000006fb6c389c0, Size=216, Default__GM_DangerBee_C Function /Engine/Transient.REINST_GM_DangerBee_C_10:ExecuteUbergraph_GM_DangerBee
[2018.05.15-16.12.33:039][699]LogUObjectGlobals: Created PersistentFrame Addr=0x0000006fe037a000, Size=256, Default__BP_Flower_C Function /Game/Blueprints/BP_Flower.BP_Flower_C:ExecuteUbergraph_BP_Flower
[2018.05.15-16.12.33:044][699]LogUObjectGlobals: Created PersistentFrame Addr=0x0000006fe036ab00, Size=1312, Default__BP_Flying_Bee_C Function /Game/Blueprints/BP_Flying_Bee.BP_Flying_Bee_C:ExecuteUbergraph_BP_Flying_Bee
[2018.05.15-16.12.33:045][699]LogUObjectGlobals: Created PersistentFrame Addr=0x0000006fe034dd50, Size=80, Default__PC_PlayerController_C Function /Game/Blueprints/PC_PlayerController.PC_PlayerController_C:ExecuteUbergraph_PC_PlayerController
[2018.05.15-16.12.33:047][699]LogUObjectGlobals: Created PersistentFrame Addr=0x0000006fe0320e20, Size=112, Default__UI_BloomCounter_C Function /Game/Blueprints/UI/UI_BloomCounter.UI_BloomCounter_C:ExecuteUbergraph_UI_BloomCounter
[2018.05.15-16.12.33:048][699]LogUObjectGlobals: Created PersistentFrame Addr=0x0000006fe46c1d98, Size=24, Default__UI_PauseMenu_C Function /Game/Blueprints/UI/UI_PauseMenu.UI_PauseMenu_C:ExecuteUbergraph_UI_PauseMenu
[2018.05.15-16.12.33:052][699]LogUObjectGlobals: Created PersistentFrame Addr=0x0000006fe03aab00, Size=216, Default__GM_DangerBee_C Function /Game/Blueprints/GM_DangerBee.GM_DangerBee_C:ExecuteUbergraph_GM_DangerBee
[2018.05.15-16.12.33:074][699]LogUObjectGlobals: Created PersistentFrame Addr=0x0000006fe06198f0, Size=4, Default__AIC_SnailAIController_C Function /Game/Blueprints/AIC_SnailAIController.AIC_SnailAIController_C:ExecuteUbergraph_AIC_SnailAIController
[2018.05.15-16.12.33:077][699]LogUObjectGlobals: Destroyed PersistentFrame Addr=0x0000006fe06198f0, Size=4
[2018.05.15-16.12.33:077][699]LogUObjectGlobals: Created PersistentFrame Addr=0x0000006fe06198f0, Size=4, Default__AIC_SnailAIController_C Function /Engine/Transient.REINST_AIC_SnailAIController_C_18:ExecuteUbergraph_AIC_SnailAIController
[2018.05.15-16.12.33:078][699]LogUObjectGlobals: Created PersistentFrame Addr=0x0000006fe0619368, Size=4, Default__AIC_SnailAIController_C Function /Game/Blueprints/AIC_SnailAIController.AIC_SnailAIController_C:ExecuteUbergraph_AIC_SnailAIController
[2018.05.15-16.12.33:094][699]LogUObjectGlobals: Created PersistentFrame Addr=0x0000006fe0395800, Size=520, Default__BP_Bee_Redo_C Function /Game/Blueprints/BP_Bee_Redo.BP_Bee_Redo_C:ExecuteUbergraph_BP_Bee_Redo
[2018.05.15-16.12.33:128][699]LogUObjectGlobals: Destroyed PersistentFrame Addr=0x0000006fe0395800, Size=520
[2018.05.15-16.12.33:128][699]LogUObjectGlobals: Created PersistentFrame Addr=0x0000006fe0395800, Size=520, Default__BP_Bee_Redo_C Function /Engine/Transient.REINST_BP_Bee_Redo_C_20:ExecuteUbergraph_BP_Bee_Redo
[2018.05.15-16.12.33:153][699]LogUObjectGlobals: Created PersistentFrame Addr=0x0000006fe0432480, Size=520, Default__BP_Bee_Redo_C Function /Game/Blueprints/BP_Bee_Redo.BP_Bee_Redo_C:ExecuteUbergraph_BP_Bee_Redo
[2018.05.15-16.12.33:183][699]LogUObjectGlobals: Created PersistentFrame Addr=0x0000006fdffe7d80, Size=296, Default__BP_SnailPawn_C Function /Game/Blueprints/BP_SnailPawn.BP_SnailPawn_C:ExecuteUbergraph_BP_SnailPawn
[2018.05.15-16.12.33:215][699]LogUObjectGlobals: Destroyed PersistentFrame Addr=0x0000006fdffe7d80, Size=296
[2018.05.15-16.12.33:215][699]LogUObjectGlobals: Created PersistentFrame Addr=0x0000006fdffe7d80, Size=296, Default__BP_SnailPawn_C Function /Engine/Transient.REINST_BP_SnailPawn_C_22:ExecuteUbergraph_BP_SnailPawn
[2018.05.15-16.12.33:235][699]LogUObjectGlobals: Created PersistentFrame Addr=0x0000006fdffe7100, Size=296, Default__BP_SnailPawn_C Function /Game/Blueprints/BP_SnailPawn.BP_SnailPawn_C:ExecuteUbergraph_BP_SnailPawn
[2018.05.15-16.12.33:369][699]LogUObjectGlobals: Created PersistentFrame Addr=0x0000006fe0357740, Size=288, Default__BP_Flower_Spawner_C Function /Game/Blueprints/BP_Flower_Spawner.BP_Flower_Spawner_C:ExecuteUbergraph_BP_Flower_Spawner
[2018.05.15-16.12.33:375][699]LogUObjectGlobals: Destroyed PersistentFrame Addr=0x0000006fe0357740, Size=288
[2018.05.15-16.12.33:375][699]LogUObjectGlobals: Created PersistentFrame Addr=0x0000006fe0357740, Size=288, Default__BP_Flower_Spawner_C Function /Engine/Transient.REINST_BP_Flower_Spawner_C_26:ExecuteUbergraph_BP_Flower_Spawner
[2018.05.15-16.12.33:380][699]LogUObjectGlobals: Created PersistentFrame Addr=0x0000006fe0356980, Size=288, Default__BP_Flower_Spawner_C Function /Game/Blueprints/BP_Flower_Spawner.BP_Flower_Spawner_C:ExecuteUbergraph_BP_Flower_Spawner
[2018.05.15-16.12.33:411][699]LogUObjectGlobals: Created PersistentFrame Addr=0x0000006fca2b9600, Size=448, Default__BP_HangingFlower_Spawner_C Function /Game/Blueprints/BP_HangingFlower_Spawner.BP_HangingFlower_Spawner_C:ExecuteUbergraph_BP_HangingFlower_Spawner
[2018.05.15-16.12.33:421][699]LogUObjectGlobals: Destroyed PersistentFrame Addr=0x0000006fca2b9600, Size=448
[2018.05.15-16.12.33:421][699]LogUObjectGlobals: Created PersistentFrame Addr=0x0000006fdfe5ab00, Size=448, Default__BP_HangingFlower_Spawner_C Function /Engine/Transient.REINST_BP_HangingFlower_Spawner_C_28:ExecuteUbergraph_BP_HangingFlower_Spawner
[2018.05.15-16.12.33:426][699]LogUObjectGlobals: Created PersistentFrame Addr=0x0000006fdfe5a080, Size=448, Default__BP_HangingFlower_Spawner_C Function /Game/Blueprints/BP_HangingFlower_Spawner.BP_HangingFlower_Spawner_C:ExecuteUbergraph_BP_HangingFlower_Spawner
[2018.05.15-16.12.33:448][699]LogUObjectGlobals: Created PersistentFrame Addr=0x0000006fdfe4d480, Size=384, Default__BP_StandingFlower_Spawner_C Function /Game/Blueprints/BP_StandingFlower_Spawner.BP_StandingFlower_Spawner_C:ExecuteUbergraph_BP_StandingFlower_Spawner
[2018.05.15-16.12.33:457][699]LogUObjectGlobals: Destroyed PersistentFrame Addr=0x0000006fdfe4d480, Size=384
[2018.05.15-16.12.33:457][699]LogUObjectGlobals: Created PersistentFrame Addr=0x0000006fc9db3880, Size=384, Default__BP_StandingFlower_Spawner_C Function /Engine/Transient.REINST_BP_StandingFlower_Spawner_C_30:ExecuteUbergraph_BP_StandingFlower_Spawner
[2018.05.15-16.12.33:461][699]LogUObjectGlobals: Created PersistentFrame Addr=0x0000006fc9d8f280, Size=384, Default__BP_StandingFlower_Spawner_C Function /Game/Blueprints/BP_StandingFlower_Spawner.BP_StandingFlower_Spawner_C:ExecuteUbergraph_BP_StandingFlower_Spawner
[2018.05.15-16.12.33:472][699]LogUObjectGlobals: Created PersistentFrame Addr=0x0000006fc9e967c0, Size=64, Default__WB_Countdown_C Function /Game/Blueprints/WB_Countdown.WB_Countdown_C:ExecuteUbergraph_WB_Countdown
[2018.05.15-16.12.33:474][699]LogUObjectGlobals: Destroyed PersistentFrame Addr=0x0000006fc9e967c0, Size=64
[2018.05.15-16.12.33:474][699]LogUObjectGlobals: Created PersistentFrame Addr=0x0000006fc9e96300, Size=64, Default__WB_Countdown_C Function /Engine/Transient.REINST_WB_Countdown_C_3:ExecuteUbergraph_WB_Countdown
[2018.05.15-16.12.33:475][699]LogUObjectGlobals: Created PersistentFrame Addr=0x0000006fc9e959c0, Size=64, Default__WB_Countdown_C Function /Game/Blueprints/WB_Countdown.WB_Countdown_C:ExecuteUbergraph_WB_Countdown
[2018.05.15-16.12.33:550][699]LogUObjectGlobals: Created PersistentFrame Addr=0x0000006fe0323820, Size=104, Default__L_LevelNicoleBigger2_C Function /Game/Maps/L_LevelNicoleBigger2.L_LevelNicoleBigger2_C:ExecuteUbergraph_L_LevelNicoleBigger2
[2018.05.15-16.12.33:560][699]LogUObjectGlobals: Destroyed PersistentFrame Addr=0x0000006fe0323820, Size=104
[2018.05.15-16.12.33:560][699]LogUObjectGlobals: Created PersistentFrame Addr=0x0000006fe0323820, Size=104, Default__L_LevelNicoleBigger2_C Function /Engine/Transient.REINST_L_LevelNicoleBigger2_C_33:ExecuteUbergraph_L_LevelNicoleBigger2
[2018.05.15-16.12.33:564][699]LogUObjectGlobals: Created PersistentFrame Addr=0x0000006fe4e47660, Size=104, Default__L_LevelNicoleBigger2_C Function /Game/Maps/L_LevelNicoleBigger2.L_LevelNicoleBigger2_C:ExecuteUbergraph_L_LevelNicoleBigger2
[2018.05.15-16.12.34:470][699]LogAIModule: Creating AISystem for world L_LevelNicoleBigger2
[2018.05.15-16.12.34:729][699]LogUObjectGlobals: Destroyed PersistentFrame Addr=0x0000006fe063d500, Size=256
[2018.05.15-16.12.34:729][699]LogUObjectGlobals: Destroyed PersistentFrame Addr=0x0000006fb6c389c0, Size=216
[2018.05.15-16.12.34:729][699]LogUObjectGlobals: Destroyed PersistentFrame Addr=0x0000006fd9f53e40, Size=112
[2018.05.15-16.12.34:729][699]LogUObjectGlobals: Destroyed PersistentFrame Addr=0x0000006fc63c0f00, Size=1312
[2018.05.15-16.12.34:729][699]LogUObjectGlobals: Destroyed PersistentFrame Addr=0x0000006fe9bbbdd8, Size=24
[2018.05.15-16.12.34:729][699]LogUObjectGlobals: Destroyed PersistentFrame Addr=0x0000006fb6c29da0, Size=80
[2018.05.15-16.12.34:729][699]LogUObjectGlobals: Destroyed PersistentFrame Addr=0x0000006fe06198f0, Size=4
[2018.05.15-16.12.34:730][699]LogUObjectGlobals: Destroyed PersistentFrame Addr=0x0000006fe0395800, Size=520
[2018.05.15-16.12.34:730][699]LogUObjectGlobals: Destroyed PersistentFrame Addr=0x0000006fdffe7d80, Size=296
[2018.05.15-16.12.34:730][699]LogUObjectGlobals: Destroyed PersistentFrame Addr=0x0000006fe0357740, Size=288
[2018.05.15-16.12.34:730][699]LogUObjectGlobals: Destroyed PersistentFrame Addr=0x0000006fdfe5ab00, Size=448
[2018.05.15-16.12.34:730][699]LogUObjectGlobals: Destroyed PersistentFrame Addr=0x0000006fc9db3880, Size=384
[2018.05.15-16.12.34:730][699]LogUObjectGlobals: Destroyed PersistentFrame Addr=0x0000006fc9e96300, Size=64
[2018.05.15-16.12.34:730][699]LogUObjectGlobals: Destroyed PersistentFrame Addr=0x0000006fe0323820, Size=104
[2018.05.15-16.12.34:739][699]Cmd: MAP LOAD FILE="../../../../../Users/Kyle/Documents/Unreal Projects/GameJam/Content/Maps/L_LevelNicoleBigger2.umap" TEMPLATE=0 SHOWPROGRESS=1 FEATURELEVEL=3
[2018.05.15-16.12.34:739][699]LightingResults: New page: Lighting Build
[2018.05.15-16.12.34:740][699]LoadErrors: New page: Loading map: L_LevelNicoleBigger2.umap
[2018.05.15-16.12.34:740][699]MapCheck: New page: Map Check
[2018.05.15-16.12.34:740][699]LightingResults: New page: Lighting Build
[2018.05.15-16.12.34:764][699]LogUObjectGlobals: Destroyed PersistentFrame Addr=0x0000006fb77d5e88, Size=24
[2018.05.15-16.12.35:039][699]LogEditorServer: Finished looking for orphan Actors (0.000 secs)
[2018.05.15-16.12.35:136][699]Cmd: MAP CHECKDEP NOCLEARLOG
[2018.05.15-16.12.35:212][699]MapCheck: Map check complete: 0 Error(s), 0 Warning(s), took 76.336ms to complete.
[2018.05.15-16.12.35:212][699]LogFileHelpers: Loading map 'L_LevelNicoleBigger2' took 0.475
[2018.05.15-16.12.38:754][774]LogSlate: FSceneViewport::OnFocusLost() reason 2
[2018.05.15-16.12.40:004][794]LogSlate: FSceneViewport::OnFocusLost() reason 2
[2018.05.15-16.12.40:507][794]LogContentBrowser: Native class hierarchy updated for 'BlueprintGraph' in 0.0008 seconds. Added 116 classes and 0 folders.
[2018.05.15-16.12.40:937][794]LogUObjectGlobals: Created PersistentFrame Addr=0x0000006f84419618, Size=4, Default__SKEL_PROTO_BP_AnimBlueprint_0_C Function /Engine/Transient.SKEL_PROTO_BP_AnimBlueprint_0_C:ExecuteUbergraph_PROTO_BP_AnimBlueprint_0
[2018.05.15-16.12.40:938][794]LogUObjectGlobals: Created PersistentFrame Addr=0x0000006f84419610, Size=4, Default__PROTO_BP_AnimBlueprint_0_C Function /Engine/Transient.PROTO_BP_AnimBlueprint_0_C:ExecuteUbergraph_PROTO_BP_AnimBlueprint_0
[2018.05.15-16.12.41:461][794]LogSlate: Took 0.000242 seconds to synchronously load lazily loaded font '../../../Engine/Content/Slate/Fonts/Roboto-BoldCondensed.ttf' (158K)
[2018.05.15-16.12.41:551][795]LogSlate: Took 0.000302 seconds to synchronously load lazily loaded font '../../../Engine/Content/Slate/Fonts/Roboto-Italic.ttf' (157K)
[2018.05.15-16.13.59:174][189]LogSlate: Prevented a slow task dialog from being summoned while a context menu was open
[2018.05.15-16.14.09:836][624]LogUObjectGlobals: Destroyed PersistentFrame Addr=0x0000006fe4e47660, Size=104
[2018.05.15-16.14.09:837][624]LogUObjectGlobals: Created PersistentFrame Addr=0x0000006f8acabac0, Size=104, Default__L_LevelNicoleBigger2_C Function /Engine/Transient.REINST_L_LevelNicoleBigger2_C_50:ExecuteUbergraph_L_LevelNicoleBigger2
[2018.05.15-16.14.09:842][624]LogUObjectGlobals: Created PersistentFrame Addr=0x0000006f8b1b5910, Size=112, Default__L_LevelNicoleBigger2_C Function /Game/Maps/L_LevelNicoleBigger2.L_LevelNicoleBigger2_C:ExecuteUbergraph_L_LevelNicoleBigger2
[2018.05.15-16.14.11:284][624]LogSavePackage: Save=1465.64ms
[2018.05.15-16.14.11:284][624]LogSavePackage: Moving '../../../../../Users/Kyle/Documents/Unreal Projects/GameJam/Saved/L_LevelNicoleBigger289C0B6F947207C12C0AECEB73545FF3F.tmp' to '../../../../../Users/Kyle/Documents/Unreal Projects/GameJam/Content/Maps/L_LevelNicoleBigger2.umap'
[2018.05.15-16.14.11:291][624]LogSavePackage: Display: Finished SavePackage ../../../../../Users/Kyle/Documents/Unreal Projects/GameJam/Content/Maps/L_LevelNicoleBigger2.umap
[2018.05.15-16.14.11:350][624]LogFileHelpers: Saving map 'L_LevelNicoleBigger2' took 1.688
[2018.05.15-16.15.39:520][926]LogUObjectGlobals: Created PersistentFrame Addr=0x0000006f8b1ea830, Size=4, Default__SKEL_UI_End_C Function /Game/Blueprints/UI/UI_End.SKEL_UI_End_C:ExecuteUbergraph_UI_End
[2018.05.15-16.16.09:643][565]LogUObjectGlobals: Destroyed PersistentFrame Addr=0x0000006f8b1ea830, Size=4
[2018.05.15-16.16.09:643][565]LogUObjectGlobals: Created PersistentFrame Addr=0x0000006ff9643070, Size=4, Default__SKEL_UI_End_C Function /Engine/Transient.REINST_SKEL_UI_End_C_8:ExecuteUbergraph_UI_End
[2018.05.15-16.16.09:645][565]LogUObjectGlobals: Created PersistentFrame Addr=0x0000006ff9641df8, Size=4, Default__SKEL_UI_End_C Function /Game/Blueprints/UI/UI_End.SKEL_UI_End_C:ExecuteUbergraph_UI_End
[2018.05.15-16.16.16:133][707]BlueprintLog: New page: Compile UI_End
[2018.05.15-16.16.16:136][707]LogUObjectGlobals: Destroyed PersistentFrame Addr=0x0000006ff9641df8, Size=4
[2018.05.15-16.16.16:136][707]LogUObjectGlobals: Created PersistentFrame Addr=0x0000006ffa5bfc48, Size=4, Default__SKEL_UI_End_C Function /Engine/Transient.REINST_SKEL_UI_End_C_9:ExecuteUbergraph_UI_End
[2018.05.15-16.16.16:145][707]LogUObjectGlobals: Created PersistentFrame Addr=0x0000006ffa5bd9b8, Size=4, Default__UI_End_C Function /Game/Blueprints/UI/UI_End.UI_End_C:ExecuteUbergraph_UI_End
[2018.05.15-16.16.16:184][707]LogUObjectGlobals: Destroyed PersistentFrame Addr=0x0000006ffa5bfc48, Size=4
[2018.05.15-16.16.16:184][707]LogUObjectGlobals: Destroyed PersistentFrame Addr=0x0000006f8acabac0, Size=104
[2018.05.15-16.16.16:184][707]LogUObjectGlobals: Destroyed PersistentFrame Addr=0x0000006ff9643070, Size=4
[2018.05.15-16.16.32:099][ 95]Cmd: OBJ SAVEPACKAGE PACKAGE="/Game/Blueprints/UI/UI_End" FILE="../../../../../Users/Kyle/Documents/Unreal Projects/GameJam/Content/Blueprints/UI/UI_End.uasset" SILENT=true
[2018.05.15-16.16.32:138][ 95]LogSavePackage: Save=18.37ms
[2018.05.15-16.16.32:138][ 95]LogSavePackage: Moving '../../../../../Users/Kyle/Documents/Unreal Projects/GameJam/Saved/UI_End6653029A46A0AD3087829D9DB15024EA.tmp' to '../../../../../Users/Kyle/Documents/Unreal Projects/GameJam/Content/Blueprints/UI/UI_End.uasset'
[2018.05.15-16.16.32:144][ 95]LogSavePackage: Display: Finished SavePackage ../../../../../Users/Kyle/Documents/Unreal Projects/GameJam/Content/Blueprints/UI/UI_End.uasset
[2018.05.15-16.16.33:886][128]LogSlate: Window 'UI_End' being destroyed
[2018.05.15-16.16.33:961][128]LogSlate: Window 'GameJam - Unreal Editor' being destroyed
[2018.05.15-16.16.33:962][128]LogWindowsTextInputMethodSystem: Display: IME system now deactivated.
[2018.05.15-16.16.34:258][129]Cmd: QUIT_EDITOR
[2018.05.15-16.16.34:325][129]LogSlate: Slate User Destroyed.  User Index 0, Is Virtual User: 0
[2018.05.15-16.16.34:325][129]LogExit: Preparing to exit.
[2018.05.15-16.16.34:761][129]LogDirectoryWatcher: A directory notification for 'C:/Users/Kyle/Documents/Unreal Projects/GameJam/Content/' was aborted.
[2018.05.15-16.16.34:879][129]LogExit: Editor shut down
[2018.05.15-16.16.34:899][129]LogExit: Transaction tracking system shut down
[2018.05.15-16.16.34:900][129]LogUObjectGlobals: Destroyed PersistentFrame Addr=0x0000006fb72db130, Size=4
[2018.05.15-16.16.34:902][129]LogUObjectGlobals: Destroyed PersistentFrame Addr=0x0000006fe037a000, Size=256
[2018.05.15-16.16.34:902][129]LogUObjectGlobals: Destroyed PersistentFrame Addr=0x0000006fe036ab00, Size=1312
[2018.05.15-16.16.34:902][129]LogUObjectGlobals: Destroyed PersistentFrame Addr=0x0000006fe034dd50, Size=80
[2018.05.15-16.16.34:902][129]LogUObjectGlobals: Destroyed PersistentFrame Addr=0x0000006fe0320e20, Size=112
[2018.05.15-16.16.34:902][129]LogUObjectGlobals: Destroyed PersistentFrame Addr=0x0000006fe46c1d98, Size=24
[2018.05.15-16.16.34:902][129]LogUObjectGlobals: Destroyed PersistentFrame Addr=0x0000006fe03aab00, Size=216
[2018.05.15-16.16.34:902][129]LogUObjectGlobals: Destroyed PersistentFrame Addr=0x0000006fe0619368, Size=4
[2018.05.15-16.16.34:903][129]LogUObjectGlobals: Destroyed PersistentFrame Addr=0x0000006fe0432480, Size=520
[2018.05.15-16.16.34:903][129]LogUObjectGlobals: Destroyed PersistentFrame Addr=0x0000006fdffe7100, Size=296
[2018.05.15-16.16.34:903][129]LogUObjectGlobals: Destroyed PersistentFrame Addr=0x0000006fe0356980, Size=288
[2018.05.15-16.16.34:904][129]LogUObjectGlobals: Destroyed PersistentFrame Addr=0x0000006ffa5bd9b8, Size=4
[2018.05.15-16.16.34:904][129]LogUObjectGlobals: Destroyed PersistentFrame Addr=0x0000006fdfe5a080, Size=448
[2018.05.15-16.16.34:904][129]LogUObjectGlobals: Destroyed PersistentFrame Addr=0x0000006fc9d8f280, Size=384
[2018.05.15-16.16.34:904][129]LogUObjectGlobals: Destroyed PersistentFrame Addr=0x0000006fc9e959c0, Size=64
[2018.05.15-16.16.34:923][129]LogUObjectGlobals: Destroyed PersistentFrame Addr=0x0000006f8b1b5910, Size=112
[2018.05.15-16.16.34:926][129]LogUObjectGlobals: Destroyed PersistentFrame Addr=0x0000006f84419618, Size=4
[2018.05.15-16.16.34:926][129]LogUObjectGlobals: Destroyed PersistentFrame Addr=0x0000006f84419610, Size=4
[2018.05.15-16.16.35:146][129]LogDirectoryWatcher: A directory notification for '../../../Engine/Content/' was aborted.
[2018.05.15-16.16.35:146][129]LogDirectoryWatcher: A directory notification for '../../../../../Users/Kyle/Documents/Unreal Projects/GameJam/Content/' was aborted.
[2018.05.15-16.16.35:147][129]LogDirectoryWatcher: A directory notification for '../../Plugins/2D/Paper2D/Content/' was aborted.
[2018.05.15-16.16.35:147][129]LogDirectoryWatcher: A directory notification for '../../Plugins/Enterprise/DatasmithContent/Content/' was aborted.
[2018.05.15-16.16.35:147][129]LogDirectoryWatcher: A directory notification for '../../../../../Users/Kyle/Documents/Unreal Projects/GameJam/Plugins/FMODStudio/Content/' was aborted.
[2018.05.15-16.16.35:147][129]LogDirectoryWatcher: A directory notification for '../../Plugins/Media/MediaCompositing/Content/' was aborted.
[2018.05.15-16.16.35:147][129]LogDirectoryWatcher: A directory notification for '../../Plugins/Runtime/AppleARKit/Content/' was aborted.
[2018.05.15-16.16.35:147][129]LogDirectoryWatcher: A directory notification for '../../Plugins/Runtime/Oculus/OculusVR/Content/' was aborted.
[2018.05.15-16.16.35:147][129]LogDirectoryWatcher: A directory notification for '../../Plugins/Runtime/Steam/SteamVR/Content/' was aborted.
[2018.05.15-16.16.35:365][129]LogExit: Object subsystem successfully closed.
[2018.05.15-16.16.35:386][129]LogShaderCompilers: Display: Shaders left to compile 0
[2018.05.15-16.16.35:396][129]LogD3D11RHI: Shutdown
[2018.05.15-16.16.35:396][129]LogD3D11RHI: CleanupD3DDevice
[2018.05.15-16.16.35:403][129]LogD3D11RHI: ~FD3D11DynamicRHI
[2018.05.15-16.16.35:431][129]LogModuleManager: Shutting down and abandoning module SequencerWidgets (582)
[2018.05.15-16.16.35:431][129]LogModuleManager: Shutting down and abandoning module BlueprintGraph (580)
[2018.05.15-16.16.35:431][129]LogModuleManager: Shutting down and abandoning module HierarchicalLODOutliner (578)
[2018.05.15-16.16.35:431][129]LogModuleManager: Shutting down and abandoning module SceneOutliner (576)
[2018.05.15-16.16.35:431][129]LogModuleManager: Shutting down and abandoning module AddContentDialog (574)
[2018.05.15-16.16.35:432][129]LogDirectoryWatcher: A directory notification for 'C:/Games/UE_4.19/FeaturePacks/' was aborted.
[2018.05.15-16.16.35:434][129]LogModuleManager: Shutting down and abandoning module WidgetCarousel (573)
[2018.05.15-16.16.35:434][129]LogModuleManager: Shutting down and abandoning module EditorWidgets (570)
[2018.05.15-16.16.35:434][129]LogModuleManager: Shutting down and abandoning module CollectionManager (568)
[2018.05.15-16.16.35:435][129]LogDirectoryWatcher: A directory notification for 'C:/Users/Kyle/Documents/Unreal Projects/GameJam/Content/Collections/' was aborted.
[2018.05.15-16.16.35:435][129]LogDirectoryWatcher: A directory notification for 'C:/Users/Kyle/Documents/Unreal Projects/GameJam/Content/Developers/Kyle/Collections/' was aborted.
[2018.05.15-16.16.35:435][129]LogDirectoryWatcher: A directory notification for 'C:/Users/Kyle/Documents/Unreal Projects/GameJam/Saved/Collections/' was aborted.
[2018.05.15-16.16.35:435][129]LogModuleManager: Shutting down and abandoning module StatsViewer (566)
[2018.05.15-16.16.35:435][129]LogModuleManager: Shutting down and abandoning module FoliageEdit (564)
[2018.05.15-16.16.35:435][129]LogModuleManager: Shutting down and abandoning module LandscapeEditor (562)
[2018.05.15-16.16.35:435][129]LogModuleManager: Shutting down and abandoning module MeshPaintMode (560)
[2018.05.15-16.16.35:435][129]LogModuleManager: Shutting down and abandoning module SceneDepthPickerMode (558)
[2018.05.15-16.16.35:435][129]LogModuleManager: Shutting down and abandoning module ActorPickerMode (556)
[2018.05.15-16.16.35:436][129]LogModuleManager: Shutting down and abandoning module GeometryMode (554)
[2018.05.15-16.16.35:436][129]LogModuleManager: Shutting down and abandoning module TextureAlignMode (552)
[2018.05.15-16.16.35:436][129]LogModuleManager: Shutting down and abandoning module BspMode (550)
[2018.05.15-16.16.35:436][129]LogModuleManager: Shutting down and abandoning module PIEPreviewDeviceProfileSelector (548)
[2018.05.15-16.16.35:436][129]LogModuleManager: Shutting down and abandoning module HardwareSurvey (546)
[2018.05.15-16.16.35:436][129]LogModuleManager: Shutting down and abandoning module SequenceRecorderSections (544)
[2018.05.15-16.16.35:436][129]LogModuleManager: Shutting down and abandoning module AutomationWorker (542)
[2018.05.15-16.16.35:436][129]LogModuleManager: Shutting down and abandoning module AudioCaptureEditor (540)
[2018.05.15-16.16.35:436][129]LogModuleManager: Shutting down and abandoning module SequenceRecorder (539)
[2018.05.15-16.16.35:436][129]LogModuleManager: Shutting down and abandoning module MatineeToLevelSequence (536)
[2018.05.15-16.16.35:436][129]LogModuleManager: Shutting down and abandoning module LevelSequenceEditor (534)
[2018.05.15-16.16.35:436][129]LogModuleManager: Shutting down and abandoning module PlacementMode (533)
[2018.05.15-16.16.35:436][129]LogModuleManager: Shutting down and abandoning module MaterialEditor (532)
[2018.05.15-16.16.35:436][129]LogModuleManager: Shutting down and abandoning module WmfMediaFactory (528)
[2018.05.15-16.16.35:436][129]LogModuleManager: Shutting down and abandoning module WmfMediaEditor (526)
[2018.05.15-16.16.35:436][129]LogModuleManager: Shutting down and abandoning module MediaPlayerEditor (524)
[2018.05.15-16.16.35:436][129]LogModuleManager: Shutting down and abandoning module OpenExrWrapper (522)
[2018.05.15-16.16.35:436][129]LogModuleManager: Shutting down and abandoning module ImgMediaFactory (520)
[2018.05.15-16.16.35:436][129]LogModuleManager: Shutting down and abandoning module ImgMediaEditor (518)
[2018.05.15-16.16.35:436][129]LogModuleManager: Shutting down and abandoning module AvfMediaFactory (516)
[2018.05.15-16.16.35:436][129]LogModuleManager: Shutting down and abandoning module AvfMediaEditor (514)
[2018.05.15-16.16.35:436][129]LogModuleManager: Shutting down and abandoning module AndroidMediaFactory (512)
[2018.05.15-16.16.35:437][129]LogModuleManager: Shutting down and abandoning module AndroidMediaEditor (510)
[2018.05.15-16.16.35:437][129]LogModuleManager: Shutting down and abandoning module CharacterAI (508)
[2018.05.15-16.16.35:437][129]LogModuleManager: Shutting down and abandoning module SmartSnapping (506)
[2018.05.15-16.16.35:437][129]LogModuleManager: Shutting down and abandoning module SessionServices (504)
[2018.05.15-16.16.35:437][129]LogModuleManager: Shutting down and abandoning module ViewportSnapping (502)
[2018.05.15-16.16.35:437][129]LogModuleManager: Shutting down and abandoning module ViewportInteraction (500)
[2018.05.15-16.16.35:437][129]LogModuleManager: Shutting down and abandoning module ClothPainter (498)
[2018.05.15-16.16.35:437][129]LogModuleManager: Shutting down and abandoning module SkeletalMeshEditor (497)
[2018.05.15-16.16.35:437][129]LogModuleManager: Shutting down and abandoning module LogVisualizer (494)
[2018.05.15-16.16.35:437][129]LogModuleManager: Shutting down and abandoning module IntroTutorials (492)
[2018.05.15-16.16.35:437][129]LogModuleManager: Shutting down and abandoning module GameProjectGeneration (491)
[2018.05.15-16.16.35:437][129]LogModuleManager: Shutting down and abandoning module IOSPlatformEditor (488)
[2018.05.15-16.16.35:437][129]LogModuleManager: Shutting down and abandoning module HTML5PlatformEditor (486)
[2018.05.15-16.16.35:437][129]LogModuleManager: Shutting down and abandoning module AndroidPlatformEditor (484)
[2018.05.15-16.16.35:437][129]LogModuleManager: Shutting down and abandoning module AndroidDeviceDetection (483)
[2018.05.15-16.16.35:974][129]LogModuleManager: Shutting down and abandoning module WindowsPlatformEditor (480)
[2018.05.15-16.16.35:974][129]LogModuleManager: Shutting down and abandoning module IOSRuntimeSettings (478)
[2018.05.15-16.16.35:974][129]LogModuleManager: Shutting down and abandoning module AndroidRuntimeSettings (476)
[2018.05.15-16.16.35:974][129]LogModuleManager: Shutting down and abandoning module InputBindingEditor (474)
[2018.05.15-16.16.35:974][129]LogModuleManager: Shutting down and abandoning module MergeActors (472)
[2018.05.15-16.16.35:974][129]LogModuleManager: Shutting down and abandoning module LocalizationDashboard (470)
[2018.05.15-16.16.35:974][129]LogModuleManager: Shutting down and abandoning module LocalizationService (469)
[2018.05.15-16.16.35:974][129]LogModuleManager: Shutting down and abandoning module HardwareTargeting (466)
[2018.05.15-16.16.35:974][129]LogModuleManager: Shutting down and abandoning module DeviceProfileEditor (464)
[2018.05.15-16.16.35:974][129]LogModuleManager: Shutting down and abandoning module UndoHistory (462)
[2018.05.15-16.16.35:975][129]LogModuleManager: Shutting down and abandoning module XmlParser (460)
[2018.05.15-16.16.35:975][129]LogModuleManager: Shutting down and abandoning module Blutility (458)
[2018.05.15-16.16.35:975][129]LogModuleManager: Shutting down and abandoning module ProjectSettingsViewer (456)
[2018.05.15-16.16.35:975][129]LogModuleManager: Shutting down and abandoning module ProjectTargetPlatformEditor (455)
[2018.05.15-16.16.35:975][129]LogModuleManager: Shutting down and abandoning module EditorSettingsViewer (452)
[2018.05.15-16.16.35:975][129]LogModuleManager: Shutting down and abandoning module SettingsEditor (450)
[2018.05.15-16.16.35:976][129]LogModuleManager: Shutting down and abandoning module ProjectLauncher (448)
[2018.05.15-16.16.35:977][129]LogModuleManager: Shutting down and abandoning module SessionFrontend (446)
[2018.05.15-16.16.35:977][129]LogModuleManager: Shutting down and abandoning module ProfilerClient (444)
[2018.05.15-16.16.35:977][129]LogModuleManager: Shutting down and abandoning module DeviceManager (442)
[2018.05.15-16.16.35:977][129]LogModuleManager: Shutting down and abandoning module TargetDeviceServices (441)
[2018.05.15-16.16.36:032][129]LogModuleManager: Shutting down and abandoning module AutomationController (438)
[2018.05.15-16.16.36:032][129]LogModuleManager: Shutting down and abandoning module AutomationWindow (436)
[2018.05.15-16.16.36:032][129]LogModuleManager: Shutting down and abandoning module Layers (434)
[2018.05.15-16.16.36:032][129]LogModuleManager: Shutting down and abandoning module ComponentVisualizers (432)
[2018.05.15-16.16.36:032][129]LogModuleManager: Shutting down and abandoning module DetailCustomizations (430)
[2018.05.15-16.16.36:032][129]LogModuleManager: Shutting down and abandoning module PackagesDialog (428)
[2018.05.15-16.16.36:032][129]LogModuleManager: Shutting down and abandoning module Persona (426)
[2018.05.15-16.16.36:033][129]LogModuleManager: Shutting down and abandoning module AdvancedPreviewScene (425)
[2018.05.15-16.16.36:033][129]LogModuleManager: Shutting down and abandoning module AnimGraph (423)
[2018.05.15-16.16.36:033][129]LogModuleManager: Shutting down and abandoning module Kismet (420)
[2018.05.15-16.16.36:051][129]LogModuleManager: Shutting down and abandoning module GraphEditor (418)
[2018.05.15-16.16.36:051][129]LogModuleManager: Shutting down and abandoning module ClassViewer (416)
[2018.05.15-16.16.36:054][129]LogModuleManager: Shutting down and abandoning module Toolbox (414)
[2018.05.15-16.16.36:054][129]LogModuleManager: Shutting down and abandoning module ModuleUI (412)
[2018.05.15-16.16.36:054][129]LogModuleManager: Shutting down and abandoning module MovieSceneTools (410)
[2018.05.15-16.16.36:054][129]LogModuleManager: Shutting down and abandoning module OutputLog (408)
[2018.05.15-16.16.36:054][129]LogModuleManager: Shutting down and abandoning module GammaUI (406)
[2018.05.15-16.16.36:055][129]LogModuleManager: Shutting down and abandoning module Documentation (404)
[2018.05.15-16.16.36:055][129]LogModuleManager: Shutting down and abandoning module MovieSceneTracks (402)
[2018.05.15-16.16.36:055][129]LogModuleManager: Shutting down and abandoning module MovieScene (400)
[2018.05.15-16.16.36:055][129]LogModuleManager: Shutting down and abandoning module StreamingPauseRendering (398)
[2018.05.15-16.16.36:056][129]LogModuleManager: Shutting down and abandoning module LauncherPlatform (396)
[2018.05.15-16.16.36:056][129]LogModuleManager: Shutting down and abandoning module AnalyticsET (394)
[2018.05.15-16.16.36:056][129]LogModuleManager: Shutting down and abandoning module PortalServices (392)
[2018.05.15-16.16.36:056][129]LogModuleManager: Shutting down and abandoning module PortalRpc (390)
[2018.05.15-16.16.36:056][129]LogModuleManager: Shutting down and abandoning module MessagingRpc (388)
[2018.05.15-16.16.36:056][129]LogModuleManager: Shutting down and abandoning module AIModule (386)
[2018.05.15-16.16.36:056][129]LogModuleManager: Shutting down and abandoning module GameplayDebugger (385)
[2018.05.15-16.16.36:056][129]LogModuleManager: Shutting down and abandoning module AITestSuite (383)
[2018.05.15-16.16.36:056][129]LogModuleManager: Shutting down and abandoning module DesktopPlatform (380)
[2018.05.15-16.16.36:056][129]LogModuleManager: Shutting down and abandoning module ProfilerService (378)
[2018.05.15-16.16.36:228][129]LogModuleManager: Shutting down and abandoning module TaskGraph (376)
[2018.05.15-16.16.36:228][129]LogModuleManager: Shutting down and abandoning module SteamVRController (374)
[2018.05.15-16.16.36:228][129]LogModuleManager: Shutting down and abandoning module ProceduralMeshComponentEditor (372)
[2018.05.15-16.16.36:228][129]LogModuleManager: Shutting down and abandoning module ProceduralMeshComponent (370)
[2018.05.15-16.16.36:228][129]LogModuleManager: Shutting down and abandoning module OculusInput (368)
[2018.05.15-16.16.36:228][129]LogModuleManager: Shutting down and abandoning module MobilePatchingUtils (366)
[2018.05.15-16.16.36:228][129]LogModuleManager: Shutting down and abandoning module CustomMeshComponent (364)
[2018.05.15-16.16.36:228][129]LogModuleManager: Shutting down and abandoning module CableComponent (362)
[2018.05.15-16.16.36:228][129]LogModuleManager: Shutting down and abandoning module AudioCapture (360)
[2018.05.15-16.16.36:228][129]LogModuleManager: Shutting down and abandoning module ArchVisCharacter (358)
[2018.05.15-16.16.36:228][129]LogModuleManager: Shutting down and abandoning module AndroidPermission (356)
[2018.05.15-16.16.36:228][129]LogModuleManager: Shutting down and abandoning module NUTUnrealEngine4 (352)
[2018.05.15-16.16.36:228][129]LogModuleManager: Shutting down and abandoning module NetcodeUnitTest (350)
[2018.05.15-16.16.36:228][129]LogModuleManager: Shutting down and abandoning module MediaCompositingEditor (348)
[2018.05.15-16.16.36:228][129]LogModuleManager: Shutting down and abandoning module MediaCompositing (346)
[2018.05.15-16.16.36:228][129]LogModuleManager: Shutting down and abandoning module LinearTimecode (344)
[2018.05.15-16.16.36:228][129]LogModuleManager: Shutting down and abandoning module ImgMedia (342)
[2018.05.15-16.16.36:234][129]LogModuleManager: Shutting down and abandoning module FMODStudioEditor (340)
[2018.05.15-16.16.36:234][129]LogModuleManager: Shutting down and abandoning module HTML5Networking (338)
[2018.05.15-16.16.36:234][129]LogModuleManager: Shutting down and abandoning module AlembicImporter (336)
[2018.05.15-16.16.36:235][129]LogModuleManager: Shutting down and abandoning module AlembicLibrary (335)
[2018.05.15-16.16.36:235][129]LogModuleManager: Shutting down and abandoning module GeometryCache (334)
[2018.05.15-16.16.36:235][129]LogModuleManager: Shutting down and abandoning module GeometryCacheEd (333)
[2018.05.15-16.16.36:235][129]LogModuleManager: Shutting down and abandoning module DatasmithContent (328)
[2018.05.15-16.16.36:235][129]LogModuleManager: Shutting down and abandoning module SpeedTreeImporter (326)
[2018.05.15-16.16.36:235][129]LogModuleManager: Shutting down and abandoning module PluginBrowser (324)
[2018.05.15-16.16.36:235][129]LogModuleManager: Shutting down and abandoning module MobileLauncherProfileWizard (322)
[2018.05.15-16.16.36:235][129]LogModuleManager: Shutting down and abandoning module CryptoKeysOpenSSL (320)
[2018.05.15-16.16.36:235][129]LogModuleManager: Shutting down and abandoning module CryptoKeys (318)
[2018.05.15-16.16.36:235][129]LogModuleManager: Shutting down and abandoning module VisualStudioSourceCodeAccess (316)
[2018.05.15-16.16.36:235][129]LogModuleManager: Shutting down and abandoning module VisualStudioCodeSourceCodeAccess (314)
[2018.05.15-16.16.36:235][129]LogModuleManager: Shutting down and abandoning module UObjectPlugin (312)
[2018.05.15-16.16.36:235][129]LogModuleManager: Shutting down and abandoning module SubversionSourceControl (310)
[2018.05.15-16.16.36:235][129]LogModuleManager: Shutting down and abandoning module PerforceSourceControl (308)
[2018.05.15-16.16.36:235][129]LogModuleManager: Shutting down and abandoning module GitSourceControl (306)
[2018.05.15-16.16.36:236][129]LogModuleManager: Shutting down and abandoning module SourceControl (305)
[2018.05.15-16.16.36:236][129]LogModuleManager: Shutting down and abandoning module CLionSourceCodeAccess (302)
[2018.05.15-16.16.36:236][129]LogModuleManager: Shutting down and abandoning module LightPropagationVolumeEditor (300)
[2018.05.15-16.16.36:236][129]LogModuleManager: Shutting down and abandoning module PaperTiledImporter (298)
[2018.05.15-16.16.36:236][129]LogModuleManager: Shutting down and abandoning module PaperSpriteSheetImporter (296)
[2018.05.15-16.16.36:236][129]LogModuleManager: Shutting down and abandoning module Paper2DEditor (294)
[2018.05.15-16.16.36:236][129]LogModuleManager: Shutting down and abandoning module MeshPaint (293)
[2018.05.15-16.16.36:236][129]LogModuleManager: Shutting down and abandoning module RuntimePhysXCooking (290)
[2018.05.15-16.16.36:236][129]LogModuleManager: Shutting down and abandoning module PhysXVehiclesEditor (288)
[2018.05.15-16.16.36:236][129]LogModuleManager: Shutting down and abandoning module PhysXVehicles (286)
[2018.05.15-16.16.36:236][129]LogModuleManager: Shutting down and abandoning module OculusEditor (284)
[2018.05.15-16.16.36:236][129]LogModuleManager: Shutting down and abandoning module LocationServicesBPLibrary (282)
[2018.05.15-16.16.36:236][129]LogModuleManager: Shutting down and abandoning module ImmediatePhysicsEditor (280)
[2018.05.15-16.16.36:236][129]LogModuleManager: Shutting down and abandoning module ImmediatePhysics (278)
[2018.05.15-16.16.36:237][129]LogModuleManager: Shutting down and abandoning module ActorSequence (276)
[2018.05.15-16.16.36:237][129]LogModuleManager: Shutting down and abandoning module UdpMessaging (274)
[2018.05.15-16.16.36:338][129]LogModuleManager: Shutting down and abandoning module TcpMessaging (272)
[2018.05.15-16.16.36:439][129]LogModuleManager: Shutting down and abandoning module FMODStudio (270)
[2018.05.15-16.16.36:645][129]LogModuleManager: Shutting down and abandoning module GameplayTagsEditor (268)
[2018.05.15-16.16.36:645][129]LogModuleManager: Shutting down and abandoning module FacialAnimationEditor (266)
[2018.05.15-16.16.36:645][129]LogModuleManager: Shutting down and abandoning module FacialAnimation (264)
[2018.05.15-16.16.36:645][129]LogModuleManager: Shutting down and abandoning module DataValidation (262)
[2018.05.15-16.16.36:646][129]LogModuleManager: Shutting down and abandoning module AssetManagerEditor (260)
[2018.05.15-16.16.36:646][129]LogModuleManager: Shutting down and abandoning module LevelEditor (259)
[2018.05.15-16.16.36:648][129]LogModuleManager: Shutting down and abandoning module PixelInspectorModule (258)
[2018.05.15-16.16.36:648][129]LogModuleManager: Shutting down and abandoning module CommonMenuExtensions (256)
[2018.05.15-16.16.36:649][129]LogModuleManager: Shutting down and abandoning module MainFrame (254)
[2018.05.15-16.16.36:649][129]LogModuleManager: Shutting down and abandoning module HotReload (253)
[2018.05.15-16.16.36:649][129]LogDirectoryWatcher: A directory notification for 'C:/Users/Kyle/Documents/Unreal Projects/GameJam/Plugins/FMODStudio/Binaries/Win64' was aborted.
[2018.05.15-16.16.36:650][129]LogModuleManager: Shutting down and abandoning module ContentBrowser (249)
[2018.05.15-16.16.36:652][129]LogModuleManager: Shutting down and abandoning module TreeMap (247)
[2018.05.15-16.16.36:653][129]LogModuleManager: Shutting down and abandoning module LightPropagationVolumeRuntime (244)
[2018.05.15-16.16.36:653][129]LogModuleManager: Shutting down and abandoning module LiveLinkEditor (242)
[2018.05.15-16.16.36:653][129]LogModuleManager: Shutting down and abandoning module LiveLink (240)
[2018.05.15-16.16.37:358][129]LogModuleManager: Shutting down and abandoning module Paper2D (238)
[2018.05.15-16.16.37:358][129]LogModuleManager: Shutting down and abandoning module WindowsMoviePlayer (236)
[2018.05.15-16.16.37:358][129]LogModuleManager: Shutting down and abandoning module WmfMedia (234)
[2018.05.15-16.16.37:358][129]LogModuleManager: Shutting down and abandoning module Media (233)
[2018.05.15-16.16.37:364][129]LogModuleManager: Shutting down and abandoning module PacketHandler (230)
[2018.05.15-16.16.37:364][129]LogModuleManager: Shutting down and abandoning module ClothingSystemEditor (228)
[2018.05.15-16.16.37:364][129]LogModuleManager: Shutting down and abandoning module ClothingSystemRuntime (226)
[2018.05.15-16.16.37:365][129]LogModuleManager: Shutting down and abandoning module MediaAssets (224)
[2018.05.15-16.16.37:365][129]LogModuleManager: Shutting down and abandoning module Overlay (222)
[2018.05.15-16.16.37:365][129]LogModuleManager: Shutting down and abandoning module OverlayEditor (221)
[2018.05.15-16.16.37:365][129]LogModuleManager: Shutting down and abandoning module VREditor (218)
[2018.05.15-16.16.37:366][129]LogModuleManager: Shutting down and abandoning module StringTableEditor (216)
[2018.05.15-16.16.37:366][129]LogModuleManager: Shutting down and abandoning module GameplayTasksEditor (214)
[2018.05.15-16.16.37:366][129]LogModuleManager: Shutting down and abandoning module BehaviorTreeEditor (212)
[2018.05.15-16.16.37:366][129]LogModuleManager: Shutting down and abandoning module FunctionalTesting (210)
[2018.05.15-16.16.37:366][129]LogModuleManager: Shutting down and abandoning module CollisionAnalyzer (208)
[2018.05.15-16.16.37:366][129]LogModuleManager: Shutting down and abandoning module WorkspaceMenuStructure (207)
[2018.05.15-16.16.37:366][129]LogModuleManager: Shutting down and abandoning module UMG (204)
[2018.05.15-16.16.37:366][129]LogModuleManager: Shutting down and abandoning module UMGEditor (203)
[2018.05.15-16.16.37:366][129]LogModuleManager: Shutting down and abandoning module Sequencer (202)
[2018.05.15-16.16.37:366][129]LogModuleManager: Shutting down and abandoning module MessageLog (199)
[2018.05.15-16.16.37:366][129]LogModuleManager: Shutting down and abandoning module SlateReflector (194)
[2018.05.15-16.16.37:366][129]LogModuleManager: Shutting down and abandoning module Slate (192)
[2018.05.15-16.16.37:366][129]LogModuleManager: Shutting down and abandoning module EditorStyle (190)
[2018.05.15-16.16.37:368][129]LogModuleManager: Shutting down and abandoning module MRMesh (188)
[2018.05.15-16.16.37:368][129]LogModuleManager: Shutting down and abandoning module SourceCodeAccess (186)
[2018.05.15-16.16.37:368][129]LogModuleManager: Shutting down and abandoning module HeadMountedDisplay (184)
[2018.05.15-16.16.37:368][129]LogModuleManager: Shutting down and abandoning module XAudio2 (182)
[2018.05.15-16.16.37:369][129]LogModuleManager: Shutting down and abandoning module Networking (180)
[2018.05.15-16.16.37:369][129]LogModuleManager: Shutting down and abandoning module Core (178)
[2018.05.15-16.16.37:369][129]LogModuleManager: Shutting down and abandoning module LevelSequence (176)
[2018.05.15-16.16.37:369][129]LogModuleManager: Shutting down and abandoning module KismetCompiler (174)
[2018.05.15-16.16.37:369][129]LogModuleManager: Shutting down and abandoning module MeshUtilities (172)
[2018.05.15-16.16.37:369][129]LogModuleManager: Shutting down and abandoning module MeshMergeUtilities (171)
[2018.05.15-16.16.37:369][129]LogModuleManager: Shutting down and abandoning module MeshReductionInterface (170)
[2018.05.15-16.16.37:369][129]LogModuleManager: Shutting down and abandoning module SimplygonSwarm (169)
[2018.05.15-16.16.37:369][129]LogModuleManager: Shutting down and abandoning module SimplygonMeshReduction (167)
[2018.05.15-16.16.37:369][129]LogModuleManager: Shutting down and abandoning module QuadricMeshReduction (165)
[2018.05.15-16.16.37:369][129]LogModuleManager: Shutting down and abandoning module MaterialBaking (161)
[2018.05.15-16.16.37:370][129]LogModuleManager: Shutting down and abandoning module DirectoryWatcher (157)
[2018.05.15-16.16.37:373][129]LogModuleManager: Shutting down and abandoning module DerivedDataCache (154)
[2018.05.15-16.16.37:400][129]LogDerivedDataCache: Shutdown
[2018.05.15-16.16.37:400][129]LogModuleManager: Shutting down and abandoning module XGEController (152)
[2018.05.15-16.16.37:400][129]LogModuleManager: Shutting down and abandoning module TargetPlatform (150)
[2018.05.15-16.16.37:400][129]LogModuleManager: Shutting down and abandoning module VulkanShaderFormat (149)
[2018.05.15-16.16.37:400][129]LogModuleManager: Shutting down and abandoning module ShaderFormatVectorVM (147)
[2018.05.15-16.16.37:400][129]LogModuleManager: Shutting down and abandoning module ShaderFormatOpenGL (145)
[2018.05.15-16.16.37:400][129]LogModuleManager: Shutting down and abandoning module ShaderFormatD3D (143)
[2018.05.15-16.16.37:400][129]LogModuleManager: Shutting down and abandoning module MetalShaderFormat (141)
[2018.05.15-16.16.37:400][129]LogModuleManager: Shutting down and abandoning module TextureFormatUncompressed (139)
[2018.05.15-16.16.37:400][129]LogModuleManager: Shutting down and abandoning module TextureFormatPVR (137)
[2018.05.15-16.16.37:400][129]LogModuleManager: Shutting down and abandoning module TextureFormatDXT (135)
[2018.05.15-16.16.37:400][129]LogModuleManager: Shutting down and abandoning module TextureFormatIntelISPCTexComp (133)
[2018.05.15-16.16.37:400][129]LogModuleManager: Shutting down and abandoning module TextureFormatASTC (131)
[2018.05.15-16.16.37:400][129]LogModuleManager: Shutting down and abandoning module ImageWrapper (130)
[2018.05.15-16.16.37:400][129]LogModuleManager: Shutting down and abandoning module TextureFormatAndroid (127)
[2018.05.15-16.16.37:400][129]LogModuleManager: Shutting down and abandoning module AudioFormatOpus (125)
[2018.05.15-16.16.37:400][129]LogModuleManager: Shutting down and abandoning module AudioFormatOgg (123)
[2018.05.15-16.16.37:400][129]LogModuleManager: Shutting down and abandoning module AudioFormatADPCM (121)
[2018.05.15-16.16.37:400][129]LogModuleManager: Shutting down and abandoning module LinuxTargetPlatform (119)
[2018.05.15-16.16.37:400][129]LogModuleManager: Shutting down and abandoning module LinuxServerTargetPlatform (117)
[2018.05.15-16.16.37:400][129]LogModuleManager: Shutting down and abandoning module LinuxNoEditorTargetPlatform (115)
[2018.05.15-16.16.37:400][129]LogModuleManager: Shutting down and abandoning module LinuxClientTargetPlatform (113)
[2018.05.15-16.16.37:400][129]LogModuleManager: Shutting down and abandoning module TVOSTargetPlatform (111)
[2018.05.15-16.16.37:400][129]LogModuleManager: Shutting down and abandoning module Messaging (109)
[2018.05.15-16.16.37:400][129]LogModuleManager: Shutting down and abandoning module IOSTargetPlatform (107)
[2018.05.15-16.16.37:400][129]LogModuleManager: Shutting down and abandoning module HTML5TargetPlatform (105)
[2018.05.15-16.16.37:400][129]LogModuleManager: Shutting down and abandoning module AndroidTargetPlatform (103)
[2018.05.15-16.16.37:401][129]LogModuleManager: Shutting down and abandoning module Android_PVRTCTargetPlatform (101)
[2018.05.15-16.16.37:401][129]LogModuleManager: Shutting down and abandoning module Android_MultiTargetPlatform (99)
[2018.05.15-16.16.37:401][129]LogModuleManager: Shutting down and abandoning module Android_ETC2TargetPlatform (97)
[2018.05.15-16.16.37:401][129]LogModuleManager: Shutting down and abandoning module Android_ETC1TargetPlatform (95)
[2018.05.15-16.16.37:401][129]LogModuleManager: Shutting down and abandoning module Android_ETC1aTargetPlatform (93)
[2018.05.15-16.16.37:401][129]LogModuleManager: Shutting down and abandoning module Android_DXTTargetPlatform (91)
[2018.05.15-16.16.37:401][129]LogModuleManager: Shutting down and abandoning module Android_ATCTargetPlatform (89)
[2018.05.15-16.16.37:401][129]LogModuleManager: Shutting down and abandoning module Android_ASTCTargetPlatform (87)
[2018.05.15-16.16.37:401][129]LogModuleManager: Shutting down and abandoning module WindowsTargetPlatform (85)
[2018.05.15-16.16.37:401][129]LogModuleManager: Shutting down and abandoning module WindowsServerTargetPlatform (83)
[2018.05.15-16.16.37:401][129]LogModuleManager: Shutting down and abandoning module WindowsNoEditorTargetPlatform (81)
[2018.05.15-16.16.37:401][129]LogModuleManager: Shutting down and abandoning module WindowsClientTargetPlatform (79)
[2018.05.15-16.16.37:401][129]LogModuleManager: Shutting down and abandoning module MacTargetPlatform (77)
[2018.05.15-16.16.37:401][129]LogModuleManager: Shutting down and abandoning module MacServerTargetPlatform (75)
[2018.05.15-16.16.37:401][129]LogModuleManager: Shutting down and abandoning module MacNoEditorTargetPlatform (73)
[2018.05.15-16.16.37:402][129]LogModuleManager: Shutting down and abandoning module MacClientTargetPlatform (71)
[2018.05.15-16.16.37:402][129]LogModuleManager: Shutting down and abandoning module AllDesktopTargetPlatform (69)
[2018.05.15-16.16.37:402][129]LogModuleManager: Shutting down and abandoning module InputCore (66)
[2018.05.15-16.16.37:402][129]LogModuleManager: Shutting down and abandoning module Settings (64)
[2018.05.15-16.16.37:402][129]LogModuleManager: Shutting down and abandoning module PhysXCooking (62)
[2018.05.15-16.16.37:402][129]LogModuleManager: Shutting down and abandoning module SteamVR (60)
[2018.05.15-16.16.37:402][129]LogModuleManager: Shutting down and abandoning module OculusHMD (58)
[2018.05.15-16.16.37:402][129]LogModuleManager: Shutting down and abandoning module ExampleDeviceProfileSelector (56)
[2018.05.15-16.16.37:402][129]LogModuleManager: Shutting down and abandoning module AppleARKit (54)
[2018.05.15-16.16.37:402][129]LogModuleManager: Shutting down and abandoning module AugmentedReality (51)
[2018.05.15-16.16.37:402][129]LogModuleManager: Shutting down and abandoning module OnlineBlueprintSupport (48)
[2018.05.15-16.16.37:402][129]LogModuleManager: Shutting down and abandoning module OnlineSubsystem (44)
[2018.05.15-16.16.37:402][129]LogModuleManager: Shutting down and abandoning module XMPP (43)
[2018.05.15-16.16.37:402][129]LogModuleManager: Shutting down and abandoning module HTTP (41)
[2018.05.15-16.16.37:402][129]LogHttp: Display: Http module shutting down, but needs to wait on 1 outstanding Http requests:
[2018.05.15-16.16.37:402][129]LogHttp: Display: 	verb=[POST] url=[https://datarouter.ol.epicgames.com/datarouter/api/v1/public/data?SessionID=%7B4765DC9E-496B-9D17-6921-609AB81FEB6B%7D&AppID=UEEditor.Rocket.Release&AppVersion=4.19.2-4033788%2B%2B%2BUE4%2BRelease-4.19&UserID=bc2804e648ffb7f4c4c1cfb3a8161d64%7C3cb0055cc94147da92a023fee5e3480b%7Cffbb5df6-dd97-4662-b59e-a862b821a5c0&AppEnvironment=datacollector-binary&UploadType=eteventstream] status=Processing
[2018.05.15-16.16.37:414][129]LogModuleManager: Shutting down and abandoning module SSL (40)
[2018.05.15-16.16.37:416][129]LogModuleManager: Shutting down and abandoning module AnimationModifiers (36)
[2018.05.15-16.16.37:416][129]LogModuleManager: Shutting down and abandoning module PropertyEditor (35)
[2018.05.15-16.16.37:416][129]LogModuleManager: Shutting down and abandoning module AudioEditor (32)
[2018.05.15-16.16.37:416][129]LogModuleManager: Shutting down and abandoning module TextureCompressor (30)
[2018.05.15-16.16.37:416][129]LogModuleManager: Shutting down and abandoning module ShaderCore (28)
[2018.05.15-16.16.37:416][129]LogModuleManager: Shutting down and abandoning module Landscape (26)
[2018.05.15-16.16.37:416][129]LogModuleManager: Shutting down and abandoning module SlateRHIRenderer (24)
[2018.05.15-16.16.37:419][129]LogModuleManager: Shutting down and abandoning module OpenGLDrv (22)
[2018.05.15-16.16.37:419][129]LogModuleManager: Shutting down and abandoning module D3D11RHI (20)
[2018.05.15-16.16.37:419][129]LogModuleManager: Shutting down and abandoning module AnimGraphRuntime (18)
[2018.05.15-16.16.37:419][129]LogModuleManager: Shutting down and abandoning module Renderer (16)
[2018.05.15-16.16.37:420][129]LogModuleManager: Shutting down and abandoning module Engine (14)
[2018.05.15-16.16.37:420][129]LogModuleManager: Shutting down and abandoning module CoreUObject (12)
[2018.05.15-16.16.37:420][129]LogModuleManager: Shutting down and abandoning module NetworkFile (10)
[2018.05.15-16.16.37:420][129]LogModuleManager: Shutting down and abandoning module CookedIterativeFile (8)
[2018.05.15-16.16.37:420][129]LogModuleManager: Shutting down and abandoning module StreamingFile (6)
[2018.05.15-16.16.37:420][129]LogModuleManager: Shutting down and abandoning module SandboxFile (4)
[2018.05.15-16.16.37:420][129]LogModuleManager: Shutting down and abandoning module PakFile (2)
[2018.05.15-16.16.37:432][129]LogExit: Exiting.
[2018.05.15-16.16.37:472][129]Log file closed, 05/15/18 17:16:37
