Log file open, 05/12/18 10:10:32
LogWindows: Failed to load 'aqProf.dll' (GetLastError=126)
LogWindows: File 'aqProf.dll' does not exist
LogWindows: Failed to load 'VtuneApi.dll' (GetLastError=126)
LogWindows: File 'VtuneApi.dll' does not exist
LogWindows: Failed to load 'VtuneApi32e.dll' (GetLastError=126)
LogWindows: File 'VtuneApi32e.dll' does not exist
LogInit: Display: Running engine for game: GameJam
LogPlatformFile: Not using cached read wrapper
LogInit: Display: RandInit(-1190178904) SRandInit(-1190178903).
LogInit: Read version file with build ID '3944462'
LogInit: Overriding engine version to CL 4033788, compatible CL 3944462
LogInit: Registered custom module enumerator with build ID '3944462'
LogTaskGraph: Started task graph with 5 named threads and 20 total threads with 3 sets of task threads.
LogStats: Stats thread started at 0.220512
LogD3D11RHI: Aftermath initialized
LogICUInternationalization: Display: ICU TimeZone Detection - Raw Offset: -5:00, Platform Override: ''
LogModuleManager: Display: Found up-to-date module file ../../../../../../Users/Nicole/Desktop/Danger-Bee/Plugins/FMODStudio/Binaries/Win64/UE4Editor-FMODStudio.dll (API version 3944462).
LogModuleManager: Display: Found up-to-date module file ../../../../../../Users/Nicole/Desktop/Danger-Bee/Plugins/FMODStudio/Binaries/Win64/UE4Editor-FMODStudioEditor.dll (API version 3944462).
LogModuleManager: Display: Found up-to-date module file ../../../Engine/Plugins/2D/Paper2D/Binaries/Win64/UE4Editor-Paper2D.dll (API version 3944462).
LogModuleManager: Display: Found up-to-date module file ../../../Engine/Plugins/2D/Paper2D/Binaries/Win64/UE4Editor-Paper2DEditor.dll (API version 3944462).
LogModuleManager: Display: Found up-to-date module file ../../../Engine/Plugins/2D/Paper2D/Binaries/Win64/UE4Editor-PaperSpriteSheetImporter.dll (API version 3944462).
LogModuleManager: Display: Found up-to-date module file ../../../Engine/Plugins/2D/Paper2D/Binaries/Win64/UE4Editor-PaperTiledImporter.dll (API version 3944462).
LogModuleManager: Display: Found up-to-date module file ../../../Engine/Plugins/2D/Paper2D/Binaries/Win64/UE4Editor-SmartSnapping.dll (API version 3944462).
LogModuleManager: Display: Found up-to-date module file ../../../Engine/Plugins/Blendables/LightPropagationVolume/Binaries/Win64/UE4Editor-LightPropagationVolumeRuntime.dll (API version 3944462).
LogModuleManager: Display: Found up-to-date module file ../../../Engine/Plugins/Blendables/LightPropagationVolume/Binaries/Win64/UE4Editor-LightPropagationVolumeEditor.dll (API version 3944462).
LogModuleManager: Display: Found up-to-date module file ../../../Engine/Plugins/Developer/CLionSourceCodeAccess/Binaries/Win64/UE4Editor-CLionSourceCodeAccess.dll (API version 3944462).
LogModuleManager: Display: Found up-to-date module file ../../../Engine/Plugins/Developer/GitSourceControl/Binaries/Win64/UE4Editor-GitSourceControl.dll (API version 3944462).
LogModuleManager: Display: Found up-to-date module file ../../../Engine/Plugins/Developer/PerforceSourceControl/Binaries/Win64/UE4Editor-PerforceSourceControl.dll (API version 3944462).
LogModuleManager: Display: Found up-to-date module file ../../../Engine/Plugins/Developer/SubversionSourceControl/Binaries/Win64/UE4Editor-SubversionSourceControl.dll (API version 3944462).
LogModuleManager: Display: Found up-to-date module file ../../../Engine/Plugins/Developer/UObjectPlugin/Binaries/Win64/UE4Editor-UObjectPlugin.dll (API version 3944462).
LogModuleManager: Display: Found up-to-date module file ../../../Engine/Plugins/Developer/VisualStudioCodeSourceCodeAccess/Binaries/Win64/UE4Editor-VisualStudioCodeSourceCodeAccess.dll (API version 3944462).
LogModuleManager: Display: Found up-to-date module file ../../../Engine/Plugins/Developer/VisualStudioSourceCodeAccess/Binaries/Win64/UE4Editor-VisualStudioSourceCodeAccess.dll (API version 3944462).
LogModuleManager: Display: Found up-to-date module file ../../../Engine/Plugins/Editor/AssetManagerEditor/Binaries/Win64/UE4Editor-AssetManagerEditor.dll (API version 3944462).
LogModuleManager: Display: Found up-to-date module file ../../../Engine/Plugins/Editor/CryptoKeys/Binaries/Win64/UE4Editor-CryptoKeys.dll (API version 3944462).
LogModuleManager: Display: Found up-to-date module file ../../../Engine/Plugins/Editor/CryptoKeys/Binaries/Win64/UE4Editor-CryptoKeysOpenSSL.dll (API version 3944462).
LogModuleManager: Display: Found up-to-date module file ../../../Engine/Plugins/Editor/DataValidation/Binaries/Win64/UE4Editor-DataValidation.dll (API version 3944462).
LogModuleManager: Display: Found up-to-date module file ../../../Engine/Plugins/Editor/FacialAnimation/Binaries/Win64/UE4Editor-FacialAnimation.dll (API version 3944462).
LogModuleManager: Display: Found up-to-date module file ../../../Engine/Plugins/Editor/FacialAnimation/Binaries/Win64/UE4Editor-FacialAnimationEditor.dll (API version 3944462).
LogModuleManager: Display: Found up-to-date module file ../../../Engine/Plugins/Editor/GameplayTagsEditor/Binaries/Win64/UE4Editor-GameplayTagsEditor.dll (API version 3944462).
LogModuleManager: Display: Found up-to-date module file ../../../Engine/Plugins/Editor/MobileLauncherProfileWizard/Binaries/Win64/UE4Editor-MobileLauncherProfileWizard.dll (API version 3944462).
LogModuleManager: Display: Found up-to-date module file ../../../Engine/Plugins/Editor/PluginBrowser/Binaries/Win64/UE4Editor-PluginBrowser.dll (API version 3944462).
LogModuleManager: Display: Found up-to-date module file ../../../Engine/Plugins/Editor/SpeedTreeImporter/Binaries/Win64/UE4Editor-SpeedTreeImporter.dll (API version 3944462).
LogModuleManager: Display: Found up-to-date module file ../../../Engine/Plugins/Enterprise/DatasmithContent/Binaries/Win64/UE4Editor-DatasmithContent.dll (API version 3944462).
LogModuleManager: Display: Found up-to-date module file ../../../Engine/Plugins/Experimental/AlembicImporter/Binaries/Win64/UE4Editor-AlembicImporter.dll (API version 3944462).
LogModuleManager: Display: Found up-to-date module file ../../../Engine/Plugins/Experimental/AlembicImporter/Binaries/Win64/UE4Editor-AlembicLibrary.dll (API version 3944462).
LogModuleManager: Display: Found up-to-date module file ../../../Engine/Plugins/Experimental/CharacterAI/Binaries/Win64/UE4Editor-CharacterAI.dll (API version 3944462).
LogModuleManager: Display: Found up-to-date module file ../../../Engine/Plugins/Experimental/HTML5Networking/Binaries/Win64/UE4Editor-HTML5Networking.dll (API version 3944462).
LogModuleManager: Display: Found up-to-date module file ../../../Engine/Plugins/Media/AndroidMedia/Binaries/Win64/UE4Editor-AndroidMediaEditor.dll (API version 3944462).
LogModuleManager: Display: Found up-to-date module file ../../../Engine/Plugins/Media/AndroidMedia/Binaries/Win64/UE4Editor-AndroidMediaFactory.dll (API version 3944462).
LogModuleManager: Display: Found up-to-date module file ../../../Engine/Plugins/Media/AvfMedia/Binaries/Win64/UE4Editor-AvfMediaEditor.dll (API version 3944462).
LogModuleManager: Display: Found up-to-date module file ../../../Engine/Plugins/Media/AvfMedia/Binaries/Win64/UE4Editor-AvfMediaFactory.dll (API version 3944462).
LogModuleManager: Display: Found up-to-date module file ../../../Engine/Plugins/Media/AvfMedia/Binaries/Win64/UE4Editor-AvfMediaFactory.dll (API version 3944462).
LogModuleManager: Display: Found up-to-date module file ../../../Engine/Plugins/Media/ImgMedia/Binaries/Win64/UE4Editor-ImgMedia.dll (API version 3944462).
LogModuleManager: Display: Found up-to-date module file ../../../Engine/Plugins/Media/ImgMedia/Binaries/Win64/UE4Editor-ImgMediaEditor.dll (API version 3944462).
LogModuleManager: Display: Found up-to-date module file ../../../Engine/Plugins/Media/ImgMedia/Binaries/Win64/UE4Editor-ImgMediaFactory.dll (API version 3944462).
LogModuleManager: Display: Found up-to-date module file ../../../Engine/Plugins/Media/ImgMedia/Binaries/Win64/UE4Editor-ImgMediaFactory.dll (API version 3944462).
LogModuleManager: Display: Found up-to-date module file ../../../Engine/Plugins/Media/ImgMedia/Binaries/Win64/UE4Editor-OpenExrWrapper.dll (API version 3944462).
LogModuleManager: Display: Found up-to-date module file ../../../Engine/Plugins/Media/LinearTimecode/Binaries/Win64/UE4Editor-LinearTimecode.dll (API version 3944462).
LogModuleManager: Display: Found up-to-date module file ../../../Engine/Plugins/Media/MediaCompositing/Binaries/Win64/UE4Editor-MediaCompositing.dll (API version 3944462).
LogModuleManager: Display: Found up-to-date module file ../../../Engine/Plugins/Media/MediaCompositing/Binaries/Win64/UE4Editor-MediaCompositingEditor.dll (API version 3944462).
LogModuleManager: Display: Found up-to-date module file ../../../Engine/Plugins/Media/MediaPlayerEditor/Binaries/Win64/UE4Editor-MediaPlayerEditor.dll (API version 3944462).
LogModuleManager: Display: Found up-to-date module file ../../../Engine/Plugins/Media/WmfMedia/Binaries/Win64/UE4Editor-WmfMedia.dll (API version 3944462).
LogModuleManager: Display: Found up-to-date module file ../../../Engine/Plugins/Media/WmfMedia/Binaries/Win64/UE4Editor-WmfMediaEditor.dll (API version 3944462).
LogModuleManager: Display: Found up-to-date module file ../../../Engine/Plugins/Media/WmfMedia/Binaries/Win64/UE4Editor-WmfMediaFactory.dll (API version 3944462).
LogModuleManager: Display: Found up-to-date module file ../../../Engine/Plugins/Media/WmfMedia/Binaries/Win64/UE4Editor-WmfMediaFactory.dll (API version 3944462).
LogModuleManager: Display: Found up-to-date module file ../../../Engine/Plugins/Messaging/TcpMessaging/Binaries/Win64/UE4Editor-TcpMessaging.dll (API version 3944462).
LogModuleManager: Display: Found up-to-date module file ../../../Engine/Plugins/Messaging/UdpMessaging/Binaries/Win64/UE4Editor-UdpMessaging.dll (API version 3944462).
LogModuleManager: Display: Found up-to-date module file ../../../Engine/Plugins/MovieScene/ActorSequence/Binaries/Win64/UE4Editor-ActorSequence.dll (API version 3944462).
LogModuleManager: Display: Found up-to-date module file ../../../Engine/Plugins/MovieScene/LevelSequenceEditor/Binaries/Win64/UE4Editor-LevelSequenceEditor.dll (API version 3944462).
LogModuleManager: Display: Found up-to-date module file ../../../Engine/Plugins/MovieScene/MatineeToLevelSequence/Binaries/Win64/UE4Editor-MatineeToLevelSequence.dll (API version 3944462).
LogModuleManager: Display: Found up-to-date module file ../../../Engine/Plugins/NetcodeUnitTest/NetcodeUnitTest/Binaries/Win64/UE4Editor-NetcodeUnitTest.dll (API version 3944462).
LogModuleManager: Display: Found up-to-date module file ../../../Engine/Plugins/NetcodeUnitTest/NUTUnrealEngine4/Binaries/Win64/UE4Editor-NUTUnrealEngine4.dll (API version 3944462).
LogModuleManager: Display: Found up-to-date module file ../../../Engine/Plugins/Online/OnlineSubsystem/Binaries/Win64/UE4Editor-OnlineSubsystem.dll (API version 3944462).
LogModuleManager: Display: Found up-to-date module file ../../../Engine/Plugins/Runtime/AndroidPermission/Binaries/Win64/UE4Editor-AndroidPermission.dll (API version 3944462).
LogModuleManager: Display: Found up-to-date module file ../../../Engine/Plugins/Online/OnlineSubsystemNull/Binaries/Win64/UE4Editor-OnlineSubsystemNull.dll (API version 3944462).
LogModuleManager: Display: Found up-to-date module file ../../../Engine/Plugins/Online/OnlineSubsystemUtils/Binaries/Win64/UE4Editor-OnlineSubsystemUtils.dll (API version 3944462).
LogModuleManager: Display: Found up-to-date module file ../../../Engine/Plugins/Online/OnlineSubsystemUtils/Binaries/Win64/UE4Editor-OnlineBlueprintSupport.dll (API version 3944462).
LogModuleManager: Display: Found up-to-date module file ../../../Engine/Plugins/Runtime/AndroidDeviceProfileSelector/Binaries/Win64/UE4Editor-AndroidDeviceProfileSelector.dll (API version 3944462).
LogModuleManager: Display: Found up-to-date module file ../../../Engine/Plugins/Runtime/AppleARKit/Binaries/Win64/UE4Editor-AppleARKit.dll (API version 3944462).
LogModuleManager: Display: Found up-to-date module file ../../../Engine/Plugins/Runtime/ProceduralMeshComponent/Binaries/Win64/UE4Editor-ProceduralMeshComponent.dll (API version 3944462).
LogModuleManager: Display: Found up-to-date module file ../../../Engine/Plugins/Runtime/ProceduralMeshComponent/Binaries/Win64/UE4Editor-ProceduralMeshComponentEditor.dll (API version 3944462).
LogModuleManager: Display: Found up-to-date module file ../../../Engine/Plugins/Animation/LiveLink/Binaries/Win64/UE4Editor-LiveLink.dll (API version 3944462).
LogModuleManager: Display: Found up-to-date module file ../../../Engine/Plugins/Animation/LiveLink/Binaries/Win64/UE4Editor-LiveLinkEditor.dll (API version 3944462).
LogModuleManager: Display: Found up-to-date module file ../../../Engine/Plugins/Runtime/ArchVisCharacter/Binaries/Win64/UE4Editor-ArchVisCharacter.dll (API version 3944462).
LogModuleManager: Display: Found up-to-date module file ../../../Engine/Plugins/Runtime/AudioCapture/Binaries/Win64/UE4Editor-AudioCapture.dll (API version 3944462).
LogModuleManager: Display: Found up-to-date module file ../../../Engine/Plugins/Runtime/AudioCapture/Binaries/Win64/UE4Editor-AudioCaptureEditor.dll (API version 3944462).
LogModuleManager: Display: Found up-to-date module file ../../../Engine/Plugins/Runtime/CableComponent/Binaries/Win64/UE4Editor-CableComponent.dll (API version 3944462).
LogModuleManager: Display: Found up-to-date module file ../../../Engine/Plugins/Runtime/CustomMeshComponent/Binaries/Win64/UE4Editor-CustomMeshComponent.dll (API version 3944462).
LogModuleManager: Display: Found up-to-date module file ../../../Engine/Plugins/Runtime/ExampleDeviceProfileSelector/Binaries/Win64/UE4Editor-ExampleDeviceProfileSelector.dll (API version 3944462).
LogModuleManager: Display: Found up-to-date module file ../../../Engine/Plugins/Runtime/ImmediatePhysics/Binaries/Win64/UE4Editor-ImmediatePhysics.dll (API version 3944462).
LogModuleManager: Display: Found up-to-date module file ../../../Engine/Plugins/Runtime/ImmediatePhysics/Binaries/Win64/UE4Editor-ImmediatePhysicsEditor.dll (API version 3944462).
LogModuleManager: Display: Found up-to-date module file ../../../Engine/Plugins/Runtime/LocationServicesBPLibrary/Binaries/Win64/UE4Editor-LocationServicesBPLibrary.dll (API version 3944462).
LogModuleManager: Display: Found up-to-date module file ../../../Engine/Plugins/Runtime/MobilePatchingUtils/Binaries/Win64/UE4Editor-MobilePatchingUtils.dll (API version 3944462).
LogModuleManager: Display: Found up-to-date module file ../../../Engine/Plugins/Runtime/Oculus/OculusVR/Binaries/Win64/UE4Editor-OculusHMD.dll (API version 3944462).
LogModuleManager: Display: Found up-to-date module file ../../../Engine/Plugins/Runtime/Oculus/OculusVR/Binaries/Win64/UE4Editor-OculusInput.dll (API version 3944462).
LogModuleManager: Display: Found up-to-date module file ../../../Engine/Plugins/Runtime/Oculus/OculusVR/Binaries/Win64/UE4Editor-OculusEditor.dll (API version 3944462).
LogModuleManager: Display: Found up-to-date module file ../../../Engine/Plugins/Runtime/PhysXVehicles/Binaries/Win64/UE4Editor-PhysXVehicles.dll (API version 3944462).
LogModuleManager: Display: Found up-to-date module file ../../../Engine/Plugins/Runtime/PhysXVehicles/Binaries/Win64/UE4Editor-PhysXVehiclesEditor.dll (API version 3944462).
LogModuleManager: Display: Found up-to-date module file ../../../Engine/Plugins/Runtime/RuntimePhysXCooking/Binaries/Win64/UE4Editor-RuntimePhysXCooking.dll (API version 3944462).
LogModuleManager: Display: Found up-to-date module file ../../../Engine/Plugins/Runtime/Steam/SteamVR/Binaries/Win64/UE4Editor-SteamVR.dll (API version 3944462).
LogModuleManager: Display: Found up-to-date module file ../../../Engine/Plugins/Runtime/Steam/SteamVR/Binaries/Win64/UE4Editor-SteamVRController.dll (API version 3944462).
LogModuleManager: Display: Found up-to-date module file ../../../Engine/Plugins/Runtime/WindowsMoviePlayer/Binaries/Win64/UE4Editor-WindowsMoviePlayer.dll (API version 3944462).
LogPluginManager: Mounting plugin Paper2D
LogPluginManager: Mounting plugin LiveLink
LogPluginManager: Mounting plugin LightPropagationVolume
LogPluginManager: Mounting plugin CLionSourceCodeAccess
LogPluginManager: Mounting plugin CodeLiteSourceCodeAccess
LogPluginManager: Mounting plugin GitSourceControl
LogPluginManager: Mounting plugin KDevelopSourceCodeAccess
LogPluginManager: Mounting plugin NullSourceCodeAccess
LogPluginManager: Mounting plugin PerforceSourceControl
LogPluginManager: Mounting plugin SubversionSourceControl
LogPluginManager: Mounting plugin UObjectPlugin
LogPluginManager: Mounting plugin VisualStudioCodeSourceCodeAccess
LogPluginManager: Mounting plugin VisualStudioSourceCodeAccess
LogPluginManager: Mounting plugin XCodeSourceCodeAccess
LogPluginManager: Mounting plugin AssetManagerEditor
LogPluginManager: Mounting plugin CryptoKeys
LogPluginManager: Mounting plugin DataValidation
LogPluginManager: Mounting plugin FacialAnimation
LogPluginManager: Mounting plugin GameplayTagsEditor
LogPluginManager: Mounting plugin MobileLauncherProfileWizard
LogPluginManager: Mounting plugin PluginBrowser
LogPluginManager: Mounting plugin SpeedTreeImporter
LogPluginManager: Mounting plugin DatasmithContent
LogPluginManager: Mounting plugin AlembicImporter
LogPluginManager: Mounting plugin CharacterAI
LogPluginManager: Mounting plugin HTML5Networking
LogPluginManager: Mounting plugin AndroidMedia
LogPluginManager: Mounting plugin AvfMedia
LogPluginManager: Mounting plugin ImgMedia
LogPluginManager: Mounting plugin LinearTimecode
LogPluginManager: Mounting plugin MediaCompositing
LogPluginManager: Mounting plugin MediaPlayerEditor
LogPluginManager: Mounting plugin WmfMedia
LogPluginManager: Mounting plugin TcpMessaging
LogPluginManager: Mounting plugin UdpMessaging
LogPluginManager: Mounting plugin ActorSequence
LogPluginManager: Mounting plugin LevelSequenceEditor
LogPluginManager: Mounting plugin MatineeToLevelSequence
LogPluginManager: Mounting plugin NetcodeUnitTest
LogPluginManager: Mounting plugin NUTUnrealEngine4
LogPluginManager: Mounting plugin OnlineSubsystemGooglePlay
LogPluginManager: Mounting plugin OnlineSubsystemIOS
LogPluginManager: Mounting plugin OnlineSubsystem
LogPluginManager: Mounting plugin OnlineSubsystemNull
LogPluginManager: Mounting plugin OnlineSubsystemUtils
LogPluginManager: Mounting plugin AndroidDeviceProfileSelector
LogPluginManager: Mounting plugin AndroidMoviePlayer
LogPluginManager: Mounting plugin AndroidPermission
LogPluginManager: Mounting plugin AppleARKit
LogPluginManager: Mounting plugin AppleMoviePlayer
LogPluginManager: Mounting plugin ArchVisCharacter
LogPluginManager: Mounting plugin AudioCapture
LogPluginManager: Mounting plugin CableComponent
LogPluginManager: Mounting plugin CustomMeshComponent
LogPluginManager: Mounting plugin ExampleDeviceProfileSelector
LogPluginManager: Mounting plugin GoogleCloudMessaging
LogPluginManager: Mounting plugin ImmediatePhysics
LogPluginManager: Mounting plugin IOSDeviceProfileSelector
LogPluginManager: Mounting plugin LinuxDeviceProfileSelector
LogPluginManager: Mounting plugin LocationServicesBPLibrary
LogPluginManager: Mounting plugin MobilePatchingUtils
LogPluginManager: Mounting plugin OculusVR
LogPluginManager: Plugin shader directory ../../../Engine/Plugins/Runtime/Oculus/OculusVR/Shaders found
LogPluginManager: Mapping shader source directory ../../../Engine/Plugins/Runtime/Oculus/OculusVR/Shaders to virtual directory /Plugin/OculusVR
LogPluginManager: Mounting plugin PhysXVehicles
LogPluginManager: Mounting plugin ProceduralMeshComponent
LogPluginManager: Mounting plugin RuntimePhysXCooking
LogPluginManager: Mounting plugin SteamVR
LogPluginManager: Mounting plugin WindowsMoviePlayer
LogPluginManager: Mounting plugin FMODStudio
LogStreaming: Display: Took  0.797s to configure plugins.
LogInit: Using libcurl 7.47.1
LogInit:  - built for x86_64-pc-win32
LogInit:  - supports SSL with OpenSSL/1.0.2g
LogInit:  - supports HTTP deflate (compression) using libz 1.2.8
LogInit:  - other features:
LogInit:      CURL_VERSION_SSL
LogInit:      CURL_VERSION_LIBZ
LogInit:      CURL_VERSION_IPV6
LogInit:      CURL_VERSION_ASYNCHDNS
LogInit:      CURL_VERSION_LARGEFILE
LogInit:      CURL_VERSION_IDN
LogInit:  CurlRequestOptions (configurable via config and command line):
LogInit:  - bVerifyPeer = false  - Libcurl will NOT verify peer certificate
LogInit:  - bUseHttpProxy = false  - Libcurl will NOT use HTTP proxy
LogInit:  - bDontReuseConnections = false  - Libcurl will reuse connections
LogInit:  - CertBundlePath = nullptr  - Libcurl will use whatever was configured at build time.
LogInit:  - MaxHostConnections = 16  - Libcurl will limit the number of connections to a host
LogInit:  - LocalHostAddr = Default
LogInit: WinSock: version 1.1 (2.2), MaxSocks=32767, MaxUdp=65467
LogInit: WinSock: I am DESKTOP-G4STLKH (192.168.1.9:0)
LogInit: Build: ++UE4+Release-4.19-CL-4033788
LogInit: Engine Version: 4.19.2-4033788+++UE4+Release-4.19
LogInit: Compatible Engine Version: 4.19.0-3944462+++UE4+Release-4.19
LogInit: Net CL: 3944462
LogDevObjectVersion: Number of dev versions registered: 18
LogDevObjectVersion:   Dev-Blueprints (B0D832E4-1F89-4F0D-ACCF-7EB736FD4AA2): 10
LogDevObjectVersion:   Dev-Build (E1C64328-A22C-4D53-A36C-8E866417BD8C): 0
LogDevObjectVersion:   Dev-Core (375EC13C-06E4-48FB-B500-84F0262A717E): 2
LogDevObjectVersion:   Dev-Editor (E4B068ED-F494-42E9-A231-DA0B2E46BB41): 23
LogDevObjectVersion:   Dev-Framework (CFFC743F-43B0-4480-9391-14DF171D2073): 33
LogDevObjectVersion:   Dev-Mobile (B02B49B5-BB20-44E9-A304-32B752E40360): 2
LogDevObjectVersion:   Dev-Networking (A4E4105C-59A1-49B5-A7C5-40C4547EDFEE): 0
LogDevObjectVersion:   Dev-Online (39C831C9-5AE6-47DC-9A44-9C173E1C8E7C): 0
LogDevObjectVersion:   Dev-Physics (78F01B33-EBEA-4F98-B9B4-84EACCB95AA2): 0
LogDevObjectVersion:   Dev-Platform (6631380F-2D4D-43E0-8009-CF276956A95A): 0
LogDevObjectVersion:   Dev-Rendering (12F88B9F-8875-4AFC-A67C-D90C383ABD29): 25
LogDevObjectVersion:   Dev-Sequencer (7B5AE74C-D270-4C10-A958-57980B212A5A): 6
LogDevObjectVersion:   Dev-VR (D7296918-1DD6-4BDD-9DE2-64A83CC13884): 1
LogDevObjectVersion:   Dev-LoadTimes (C2A15278-BFE7-4AFE-6C17-90FF531DF755): 1
LogDevObjectVersion:   Private-Geometry (6EACA3D4-40EC-4CC1-B786-8BED09428FC5): 2
LogDevObjectVersion:   Dev-AnimPhys (29E575DD-E0A3-4627-9D10-D276232CDCEA): 16
LogDevObjectVersion:   Dev-ReflectionCapture (6B266CEC-1EC7-4B8F-A30B-E4D90942FC07): 1
LogDevObjectVersion:   Dev-Automation (0DF73D61-A23F-47EA-B727-89E90C41499A): 1
LogInit: Compiled (64-bit): Apr 27 2018 02:06:57
LogInit: Compiled with Visual C++: 19.00.24215.01
LogInit: Build Configuration: Development
LogInit: Branch Name: ++UE4+Release-4.19
LogInit: Command Line: -EpicPortal 
LogInit: Base Directory: C:/Program Files/Epic Games/UE_4.19/Engine/Binaries/Win64/
LogInit: Installed Engine Build: 1
LogStreaming: Display: Took  0.002s to delete old logs.
LogInit: Presizing for max 8388607 objects, including 0 objects not considered by GC, pre-allocating 0 bytes for permanent pool.
LogInit: Object subsystem initialized
[2018.05.12-14.10.33:922][  0]LogInit: Selected Device Profile: [Windows]
[2018.05.12-14.10.33:922][  0]LogInit: Applying CVar settings loaded from the selected device profile: [Windows]
[2018.05.12-14.10.33:929][  0]LogInit: Computer: DESKTOP-G4STLKH
[2018.05.12-14.10.33:929][  0]LogInit: User: Nicole
[2018.05.12-14.10.33:929][  0]LogInit: CPU Page size=4096, Cores=6
[2018.05.12-14.10.33:929][  0]LogInit: High frequency timer resolution =3.515622 MHz
[2018.05.12-14.10.33:929][  0]LogMemory: Memory total: Physical=15.9GB (16GB approx)
[2018.05.12-14.10.33:929][  0]LogMemory: Platform Memory Stats for Windows
[2018.05.12-14.10.33:929][  0]LogMemory: Process Physical Memory: 277.45 MB used, 277.45 MB peak
[2018.05.12-14.10.33:929][  0]LogMemory: Process Virtual Memory: 270.58 MB used, 270.58 MB peak
[2018.05.12-14.10.33:929][  0]LogMemory: Physical Memory: 8802.00 MB used,  7455.69 MB free, 16257.69 MB total
[2018.05.12-14.10.33:929][  0]LogMemory: Virtual Memory: 700.78 MB used,  7455.69 MB free, 134217728.00 MB total
[2018.05.12-14.10.33:942][  0]LogInit: Using OS detected language (en-US).
[2018.05.12-14.10.33:942][  0]LogInit: Using OS detected locale (en-CA).
[2018.05.12-14.10.33:945][  0]LogTextLocalizationManager: No specific localization for 'en-US' exists, so the 'en' localization will be used.
[2018.05.12-14.10.34:272][  0]LogStreaming: Display: Took  0.330s to EndInitTextLocalization.
[2018.05.12-14.10.34:272][  0]LogInit: Setting process to per monitor DPI aware
[2018.05.12-14.10.34:296][  0]LogSlate: New Slate User Created.  User Index 0, Is Virtual User: 0
[2018.05.12-14.10.34:296][  0]LogSlate: Slate User Registered.  User Index 0, Is Virtual User: 0
[2018.05.12-14.10.34:430][  0]LogD3D11RHI: D3D11 adapters:
[2018.05.12-14.10.34:474][  0]LogD3D11RHI:    0. 'NVIDIA GeForce GTX 1060 6GB' (Feature Level 11_0)
[2018.05.12-14.10.34:474][  0]LogD3D11RHI:       6052/0/8128 MB DedicatedVideo/DedicatedSystem/SharedSystem, Outputs:1, VendorId:0x10de
[2018.05.12-14.10.34:484][  0]LogD3D11RHI:    1. 'Intel(R) UHD Graphics 630' (Feature Level 11_0)
[2018.05.12-14.10.34:484][  0]LogD3D11RHI:       128/0/8128 MB DedicatedVideo/DedicatedSystem/SharedSystem, Outputs:0, VendorId:0x8086
[2018.05.12-14.10.34:485][  0]LogD3D11RHI:    2. 'Microsoft Basic Render Driver' (Feature Level 11_0)
[2018.05.12-14.10.34:485][  0]LogD3D11RHI:       0/0/8128 MB DedicatedVideo/DedicatedSystem/SharedSystem, Outputs:0, VendorId:0x1414
[2018.05.12-14.10.34:485][  0]LogD3D11RHI: Chosen D3D11 Adapter: 0
[2018.05.12-14.10.34:493][  0]LogD3D11RHI: Creating new Direct3DDevice
[2018.05.12-14.10.34:493][  0]LogD3D11RHI:     GPU DeviceId: 0x1c03 (for the marketing name, search the web for "GPU Device Id")
[2018.05.12-14.10.34:493][  0]LogWindows: EnumDisplayDevices:
[2018.05.12-14.10.34:493][  0]LogWindows:    0. 'NVIDIA GeForce GTX 1060 6GB' (P:1 D:1)
[2018.05.12-14.10.34:493][  0]LogWindows:    1. 'NVIDIA GeForce GTX 1060 6GB' (P:0 D:0)
[2018.05.12-14.10.34:493][  0]LogWindows:    2. 'NVIDIA GeForce GTX 1060 6GB' (P:0 D:0)
[2018.05.12-14.10.34:494][  0]LogWindows:    3. 'NVIDIA GeForce GTX 1060 6GB' (P:0 D:0)
[2018.05.12-14.10.34:494][  0]LogWindows:    4. 'Intel(R) UHD Graphics 630' (P:0 D:0)
[2018.05.12-14.10.34:494][  0]LogWindows:    5. 'Intel(R) UHD Graphics 630' (P:0 D:0)
[2018.05.12-14.10.34:494][  0]LogWindows:    6. 'Intel(R) UHD Graphics 630' (P:0 D:0)
[2018.05.12-14.10.34:494][  0]LogWindows: DebugString: GetVideoDriverDetailsInvalid PrimaryIsNotTheChoosenAdapter GetVideoDriverDetailsInvalid PrimaryIsNotTheChoosenAdapter GetVideoDriverDetailsInvalid PrimaryIsNotTheChoosenAdapter GetVideoDriverDetailsInvalid PrimaryIsNotTheChoosenAdapter GetVideoDriverDetailsInvalid PrimaryIsNotTheChoosenAdapter GetVideoDriverDetailsInvalid PrimaryIsNotTheChoosenAdapter GetVideoDriverDetailsInvalid PrimaryIsNotTheChoosenAdapter FoundDriverCount:0 
[2018.05.12-14.10.34:494][  0]LogD3D11RHI:     Adapter Name: NVIDIA GeForce GTX 1060 6GB
[2018.05.12-14.10.34:494][  0]LogD3D11RHI:   Driver Version: Unknown (internal:Unknown, unified:Unknown)
[2018.05.12-14.10.34:494][  0]LogD3D11RHI:      Driver Date: Unknown
[2018.05.12-14.10.34:494][  0]LogRHI: Texture pool is 4236 MB (70% of 6052 MB)
[2018.05.12-14.10.34:520][  0]LogD3D11RHI: [Aftermath] Aftermath enabled and primed
[2018.05.12-14.10.34:520][  0]LogD3D11RHI: [Aftermath] Aftermath enabled and primed
[2018.05.12-14.10.34:520][  0]LogD3D11RHI: Async texture creation enabled
[2018.05.12-14.10.34:544][  0]LogD3D11RHI: GPU Timing Frequency: 1000.000000 (Debug: 2 2)
[2018.05.12-14.10.34:591][  0]LogShaderCompilers: Guid format shader working directory is -3 characters bigger than the processId version (../../../../../../Users/Nicole/Desktop/Danger-Bee/Intermediate/Shaders/WorkingDirectory/15232/).
[2018.05.12-14.10.34:591][  0]LogShaderCompilers: Cleaned the shader compiler working directory 'C:/Users/Nicole/AppData/Local/Temp/UnrealShaderWorkingDir/EF94DF63436889883FD2DAAC0C7939B1/'.
[2018.05.12-14.10.34:769][  0]LogTemp: Display: Loaded TP AllDesktopTargetPlatform
[2018.05.12-14.10.34:780][  0]LogTemp: Display: Loaded TP MacClientTargetPlatform
[2018.05.12-14.10.34:791][  0]LogTemp: Display: Loaded TP MacNoEditorTargetPlatform
[2018.05.12-14.10.34:801][  0]LogTemp: Display: Loaded TP MacServerTargetPlatform
[2018.05.12-14.10.34:812][  0]LogTemp: Display: Loaded TP MacTargetPlatform
[2018.05.12-14.10.34:823][  0]LogTemp: Display: Loaded TP WindowsClientTargetPlatform
[2018.05.12-14.10.34:833][  0]LogTemp: Display: Loaded TP WindowsNoEditorTargetPlatform
[2018.05.12-14.10.34:844][  0]LogTemp: Display: Loaded TP WindowsServerTargetPlatform
[2018.05.12-14.10.34:850][  0]LogTemp: Display: Loaded TP WindowsTargetPlatform
[2018.05.12-14.10.34:860][  0]LogTemp: Display: Loaded TP Android_ASTCTargetPlatform
[2018.05.12-14.10.34:869][  0]LogTemp: Display: Loaded TP Android_ATCTargetPlatform
[2018.05.12-14.10.34:879][  0]LogTemp: Display: Loaded TP Android_DXTTargetPlatform
[2018.05.12-14.10.34:888][  0]LogTemp: Display: Loaded TP Android_ETC1aTargetPlatform
[2018.05.12-14.10.34:897][  0]LogTemp: Display: Loaded TP Android_ETC1TargetPlatform
[2018.05.12-14.10.34:907][  0]LogTemp: Display: Loaded TP Android_ETC2TargetPlatform
[2018.05.12-14.10.34:925][  0]LogTemp: Display: Loaded TP Android_MultiTargetPlatform
[2018.05.12-14.10.34:925][  0]LogTemp: Display: Loaded TP Android_PVRTCTargetPlatform
[2018.05.12-14.10.34:935][  0]LogTemp: Display: Loaded TP AndroidTargetPlatform
[2018.05.12-14.10.34:936][  0]LogTemp: Display: Loaded TP HTML5TargetPlatform
[2018.05.12-14.10.34:969][  0]LogTemp: Display: Loaded TP IOSTargetPlatform
[2018.05.12-14.10.34:978][  0]LogTemp: Display: Loaded TP TVOSTargetPlatform
[2018.05.12-14.10.34:987][  0]LogTemp: Display: Loaded TP LinuxClientTargetPlatform
[2018.05.12-14.10.34:997][  0]LogTemp: Display: Loaded TP LinuxNoEditorTargetPlatform
[2018.05.12-14.10.35:006][  0]LogTemp: Display: Loaded TP LinuxServerTargetPlatform
[2018.05.12-14.10.35:015][  0]LogTemp: Display: Loaded TP LinuxTargetPlatform
[2018.05.12-14.10.35:016][  0]LogTargetPlatformManager: Display: Building Assets For Windows
[2018.05.12-14.10.35:102][  0]LogXGEController: Cannot use XGE Controller as Incredibuild is not installed on this machine.
[2018.05.12-14.10.35:102][  0]LogShaderCompilers: Cannot use XGE Shader Compiler as Incredibuild is not installed on this machine.
[2018.05.12-14.10.35:102][  0]LogShaderCompilers: Display: Using Local Shader Compiler.
[2018.05.12-14.10.35:663][  0]LogDerivedDataCache: Display: Max Cache Size: 512 MB
[2018.05.12-14.10.35:716][  0]LogDerivedDataCache: Loaded boot cache 0.05s 74MB C:/Users/Nicole/AppData/Local/UnrealEngine/4.19/DerivedDataCache/Boot.ddc.
[2018.05.12-14.10.35:717][  0]LogDerivedDataCache: Display: Loaded Boot cache: C:/Users/Nicole/AppData/Local/UnrealEngine/4.19/DerivedDataCache/Boot.ddc
[2018.05.12-14.10.35:717][  0]LogDerivedDataCache: FDerivedDataBackendGraph:  Pak pak cache file ../../../../../../Users/Nicole/Desktop/Danger-Bee/DerivedDataCache/DDC.ddp not found, will not use a pak cache.
[2018.05.12-14.10.35:717][  0]LogDerivedDataCache: Unable to find inner node Pak for hierarchical cache Hierarchy.
[2018.05.12-14.10.35:717][  0]LogDerivedDataCache: FDerivedDataBackendGraph:  CompressedPak pak cache file ../../../../../../Users/Nicole/Desktop/Danger-Bee/DerivedDataCache/Compressed.ddp not found, will not use a pak cache.
[2018.05.12-14.10.35:717][  0]LogDerivedDataCache: Unable to find inner node CompressedPak for hierarchical cache Hierarchy.
[2018.05.12-14.10.35:729][  0]LogDerivedDataCache: Display: Pak cache opened for reading ../../../Engine/DerivedDataCache/Compressed.ddp.
[2018.05.12-14.10.35:741][  0]LogDerivedDataCache: Using Local data cache path C:/Users/Nicole/AppData/Local/UnrealEngine/Common/DerivedDataCache: Writable
[2018.05.12-14.10.35:741][  0]LogDerivedDataCache: Shared data cache path not found in *engine.ini, will not use an Shared cache.
[2018.05.12-14.10.35:741][  0]LogDerivedDataCache: Unable to find inner node Shared for hierarchical cache Hierarchy.
[2018.05.12-14.10.35:750][  0]LogMaterial: Verifying Global Shaders for PCD3D_SM5
[2018.05.12-14.10.35:750][  0]LogSlate: Using Freetype 2.6.0
[2018.05.12-14.10.35:751][  0]LogSlate: SlateFontCache - WITH_FREETYPE: 1, WITH_HARFBUZZ: 1
[2018.05.12-14.10.35:751][  0]LogSlate: SlateFontCache - WITH_FREETYPE: 1, WITH_HARFBUZZ: 1
[2018.05.12-14.10.35:851][  0]LogAssetRegistry: FAssetRegistry took 0.0246 seconds to start up
[2018.05.12-14.10.36:084][  0]LogInit: Selected Device Profile: [Windows]
[2018.05.12-14.10.36:197][  0]LogSimplygon: Simplygon DLL not present - disabling.
[2018.05.12-14.10.36:200][  0]LogMeshReduction: Using SimplygonSwarm for distributed automatic mesh merging
[2018.05.12-14.10.36:200][  0]LogMeshReduction: Using QuadricMeshReduction for automatic static mesh reduction
[2018.05.12-14.10.36:200][  0]LogMeshReduction: No automatic skeletal mesh reduction module available
[2018.05.12-14.10.36:200][  0]LogMeshReduction: No automatic mesh merging module available
[2018.05.12-14.10.36:200][  0]LogMeshMerging: No automatic mesh merging module available
[2018.05.12-14.10.36:225][  0]LogNetVersion: GameJam , NetCL: 3944462, EngineNetVer: 2, GameNetVer: 0 (Checksum: 2281863040)
[2018.05.12-14.10.36:552][  0]LogPackageLocalizationCache: Processed 10 localized package path(s) for 2 prioritized culture(s) in 0.061094 seconds
[2018.05.12-14.10.36:556][  0]LogUObjectArray: 36728 objects as part of root set at end of initial load.
[2018.05.12-14.10.36:556][  0]LogUObjectAllocator: 7314304 out of 0 bytes used by permanent object pool.
[2018.05.12-14.10.36:556][  0]LogUObjectArray: CloseDisregardForGC: 0/0 objects in disregard for GC pool
[2018.05.12-14.10.37:782][  0]LogTcpMessaging: Initializing TcpMessaging bridge
[2018.05.12-14.10.37:807][  0]LogUdpMessaging: Initializing bridge on interface 0.0.0.0:0 to multicast group 230.0.0.1:6666.
[2018.05.12-14.10.37:999][  0]LogFMOD: FFMODStudioModule startup
[2018.05.12-14.10.37:999][  0]LogFMOD:  Lib path = '../../../../../../Users/Nicole/Desktop/Danger-Bee/Plugins/FMODStudio/Binaries'
[2018.05.12-14.10.37:999][  0]LogFMOD: FFMODStudioModule::LoadDll: Loading ../../../../../../Users/Nicole/Desktop/Danger-Bee/Plugins/FMODStudio/Binaries/Win64/fmodL64.dll
[2018.05.12-14.10.38:000][  0]LogFMOD: FFMODStudioModule::LoadDll: Loading ../../../../../../Users/Nicole/Desktop/Danger-Bee/Plugins/FMODStudio/Binaries/Win64/fmodstudioL64.dll
[2018.05.12-14.10.38:027][  0]LogFMOD: Loading strings bank: ../../../../../../Users/Nicole/Desktop/Danger-Bee/Content/FMOD/Desktop/Master Bank.strings.bank
[2018.05.12-14.10.38:029][  0]LogFMOD: Constructing asset: /Game/FMOD/Events/AMB/Ambience
[2018.05.12-14.10.38:029][  0]LogFMOD: Skipping asset: bank:/Master Bank.strings
[2018.05.12-14.10.38:029][  0]LogFMOD: Constructing asset: /Game/FMOD/Events/MUS/Music
[2018.05.12-14.10.38:029][  0]LogFMOD: Constructing asset: /Game/FMOD/Events/FX/Buzz
[2018.05.12-14.10.38:029][  0]LogFMOD: Constructing asset: /Game/FMOD/Events/FX/Snail_Scream
[2018.05.12-14.10.38:029][  0]LogFMOD: Skipping asset: bus:/
[2018.05.12-14.10.38:029][  0]LogFMOD: Constructing asset: /Game/FMOD/Events/FX/Sprinkler
[2018.05.12-14.10.38:029][  0]LogFMOD: Constructing asset: /Game/FMOD/Events/FX/Snail_Bop
[2018.05.12-14.10.38:029][  0]LogFMOD: Constructing asset: /Game/FMOD/Banks/Master_Bank
[2018.05.12-14.10.38:029][  0]LogFMOD: Constructing asset: /Game/FMOD/Buses/Reverb
[2018.05.12-14.10.38:029][  0]LogFMOD: Constructing asset: /Game/FMOD/Events/FX/Snail_Squick
[2018.05.12-14.10.38:029][  0]LogFMOD: Constructing asset: /Game/FMOD/Events/FX/Plant_Rustle
[2018.05.12-14.10.38:031][  0]LogFMOD: Default sample rate = 48000
[2018.05.12-14.10.38:031][  0]LogFMOD: System sample rate = 48000
[2018.05.12-14.10.38:031][  0]LogFMOD: Matching system sample rate 48000
[2018.05.12-14.10.38:046][  0]LogFMOD: Default sample rate = 48000
[2018.05.12-14.10.38:046][  0]LogFMOD: System sample rate = 48000
[2018.05.12-14.10.38:046][  0]LogFMOD: Matching system sample rate 48000
[2018.05.12-14.10.38:157][  0]SourceControl: Source control is disabled
[2018.05.12-14.10.38:157][  0]SourceControl: Source control is disabled
[2018.05.12-14.10.38:171][  0]SourceControl: Source control is disabled
[2018.05.12-14.10.38:185][  0]SourceControl: Source control is disabled
[2018.05.12-14.10.38:574][  0]LogAndroidPermission: UAndroidPermissionCallbackProxy::GetInstance
[2018.05.12-14.10.38:673][  0]LogOcInput: OculusInput pre-init called
[2018.05.12-14.10.38:729][  0]LogFMOD: FFMODStudioEditorModule startup
[2018.05.12-14.10.38:785][  0]LogEngine: Initializing Engine...
[2018.05.12-14.10.38:807][  0]LogHMD: Failed to initialize OpenVR with code 126
[2018.05.12-14.10.38:808][  0]LogStats: UGameplayTagsManager::ConstructGameplayTagTree: Construct from data asset -  0.000 s
[2018.05.12-14.10.38:808][  0]LogStats: UGameplayTagsManager::ConstructGameplayTagTree: GameplayTagTreeChangedEvent.Broadcast -  0.000 s
[2018.05.12-14.10.38:982][  0]LogAIModule: Creating AISystem for world Untitled
[2018.05.12-14.10.38:991][  0]LogInit: XAudio2 using 'Headset Earphone (Corsair VOID RGB USB Gaming Headset )' : 2 channels at 48 kHz using 16 bits per sample (channel mask 0x3)
[2018.05.12-14.10.38:997][  0]LogInit: FAudioDevice initialized.
[2018.05.12-14.10.39:045][  0]LogDerivedDataCache: Saved boot cache 0.05s 74MB C:/Users/Nicole/AppData/Local/UnrealEngine/4.19/DerivedDataCache/Boot.ddc.
[2018.05.12-14.10.39:052][  0]LogInit: Texture streaming: Enabled
[2018.05.12-14.10.39:067][  0]LogEngineSessionManager: EngineSessionManager initialized
[2018.05.12-14.10.39:078][  0]LogInit: Transaction tracking system initialized
[2018.05.12-14.10.39:097][  0]BlueprintLog: New page: Editor Load
[2018.05.12-14.10.39:161][  0]LocalizationService: Localization service is disabled
[2018.05.12-14.10.39:239][  0]LogConsoleResponse: Display: 
[2018.05.12-14.10.39:357][  0]LogCook: Display: Max memory allowance for cook 16384mb min free memory 0mb
[2018.05.12-14.10.39:357][  0]LogCook: Display: Mobile HDR setting 1
[2018.05.12-14.10.39:357][  0]LogGameplayTags: Display: UGameplayTagsManager::DoneAddingNativeTags. DelegateIsBound: 0
[2018.05.12-14.10.39:357][  0]LogStats: UGameplayTagsManager::ConstructGameplayTagTree: Construct from data asset -  0.000 s
[2018.05.12-14.10.39:357][  0]LogStats: UGameplayTagsManager::ConstructGameplayTagTree: GameplayTagTreeChangedEvent.Broadcast -  0.000 s
[2018.05.12-14.10.39:654][  0]LogFileCache: Scanning file cache for directory 'C:/Users/Nicole/Desktop/Danger-Bee/Content/' took 0.01s
[2018.05.12-14.10.39:654][  0]SourceControl: Source control is disabled
[2018.05.12-14.10.39:654][  0]Cmd: MAP LOAD FILE="../../../../../../Users/Nicole/Desktop/Danger-Bee/Content/Maps/L_Level01.umap" TEMPLATE=0 SHOWPROGRESS=1 FEATURELEVEL=3
[2018.05.12-14.10.39:655][  0]LightingResults: New page: Lighting Build
[2018.05.12-14.10.39:657][  0]MapCheck: New page: Map Check
[2018.05.12-14.10.39:657][  0]LightingResults: New page: Lighting Build
[2018.05.12-14.10.39:763][  0]LogUObjectGlobals: Created PersistentFrame Addr=0x00000254366c4f00, Size=1408, Default__BP_Bee_Redo_C Function /Game/Blueprints/BP_Bee_Redo.BP_Bee_Redo_C:ExecuteUbergraph_BP_Bee_Redo
[2018.05.12-14.10.39:771][  0]LogUObjectGlobals: Destroyed PersistentFrame Addr=0x00000254366c4f00, Size=1408
[2018.05.12-14.10.39:771][  0]LogUObjectGlobals: Created PersistentFrame Addr=0x000002543665b900, Size=1408, Default__BP_Bee_Redo_C Function /Engine/Transient.REINST_BP_Bee_Redo_C_5:ExecuteUbergraph_BP_Bee_Redo
[2018.05.12-14.10.39:777][  0]LogUObjectGlobals: Created PersistentFrame Addr=0x0000025436658800, Size=1408, Default__BP_Bee_Redo_C Function /Game/Blueprints/BP_Bee_Redo.BP_Bee_Redo_C:ExecuteUbergraph_BP_Bee_Redo
[2018.05.12-14.10.39:893][  0]LogAIModule: Creating AISystem for world L_Level01
[2018.05.12-14.10.39:898][  0]LogEditorServer: Finished looking for orphan Actors (0.000 secs)
[2018.05.12-14.10.39:908][  0]LogUObjectGlobals: Destroyed PersistentFrame Addr=0x000002543665b900, Size=1408
[2018.05.12-14.10.39:909][  0]Cmd: MAP CHECKDEP NOCLEARLOG
[2018.05.12-14.10.39:951][  0]MapCheck: Map check complete: 0 Error(s), 0 Warning(s), took 41.348ms to complete.
[2018.05.12-14.10.39:951][  0]LogFileHelpers: Loading map 'L_Level01' took 0.297
[2018.05.12-14.10.40:007][  0]LogWindowsTextInputMethodSystem: Display: IME system now deactivated.
[2018.05.12-14.10.40:007][  0]LogWindowsTextInputMethodSystem: Display: IME system now deactivated.
[2018.05.12-14.10.40:064][  0]LogCollectionManager: Loaded 0 collections in 0.001468 seconds
[2018.05.12-14.10.40:103][  0]LogFileCache: Scanning file cache for directory 'C:/Users/Nicole/Desktop/Danger-Bee/Saved/Collections/' took 0.01s
[2018.05.12-14.10.40:103][  0]LogFileCache: Scanning file cache for directory 'C:/Users/Nicole/Desktop/Danger-Bee/Content/Developers/Nicole/Collections/' took 0.01s
[2018.05.12-14.10.40:103][  0]LogFileCache: Scanning file cache for directory 'C:/Users/Nicole/Desktop/Danger-Bee/Content/Collections/' took 0.01s
[2018.05.12-14.10.40:103][  0]LogCollectionManager: Rebuilt the GUID cache for 0 collections in 0.000000 seconds
[2018.05.12-14.10.40:111][  0]LogContentBrowser: Native class hierarchy populated in 0.0072 seconds. Added 2469 classes and 565 folders.
[2018.05.12-14.10.40:117][  0]LogContentBrowser: Native class hierarchy updated for 'WidgetCarousel' in 0.0002 seconds. Added 0 classes and 0 folders.
[2018.05.12-14.10.40:153][  0]LogContentBrowser: Native class hierarchy updated for 'AddContentDialog' in 0.0002 seconds. Added 0 classes and 0 folders.
[2018.05.12-14.10.40:157][  0]LogContentBrowser: Native class hierarchy updated for 'SceneOutliner' in 0.0002 seconds. Added 1 classes and 2 folders.
[2018.05.12-14.10.40:177][  0]LogSlate: Took 0.000168 seconds to synchronously load lazily loaded font '../../../Engine/Content/Slate/Fonts/Roboto-Regular.ttf' (155K)
[2018.05.12-14.10.40:179][  0]LogSlate: Took 0.000220 seconds to synchronously load lazily loaded font '../../../Engine/Content/Slate/Fonts/Roboto-Bold.ttf' (160K)
[2018.05.12-14.10.40:183][  0]LogSlate: Took 0.000165 seconds to synchronously load lazily loaded font '../../../Engine/Content/Editor/Slate/Fonts/FontAwesome.ttf' (139K)
[2018.05.12-14.10.40:247][  0]LogRenderer: Reallocating scene render targets to support 1208x576 Format 10 NumSamples 1 (Frame:1).
[2018.05.12-14.10.40:274][  0]LogSlate: Took 0.000133 seconds to synchronously load lazily loaded font '../../../Engine/Content/Slate/Fonts/Roboto-Light.ttf' (167K)
[2018.05.12-14.10.40:333][  0]LogContentBrowser: Native class hierarchy updated for 'HierarchicalLODOutliner' in 0.0002 seconds. Added 0 classes and 0 folders.
[2018.05.12-14.10.40:333][  0]LogLoad: (Engine Initialization) Total time: 8.28 seconds
[2018.05.12-14.10.40:333][  0]LogLoad: (Engine Initialization) Total Blueprint compile time: 0.00 seconds
[2018.05.12-14.10.40:371][  0]LogAssetRegistry: Asset discovery search completed in 4.5408 seconds
[2018.05.12-14.10.40:372][  0]LogCollectionManager: Rebuilt the object cache for 0 collections in 0.000000 seconds (found 0 objects)
[2018.05.12-14.10.40:372][  0]LogCollectionManager: Fixed up redirectors for 0 collections in 0.000039 seconds (updated 0 objects)
[2018.05.12-14.10.40:375][  0]LogContentStreaming: Texture pool size now 1000 MB
[2018.05.12-14.10.40:413][  1]LogFMOD: File has changed: ../../../../../../Users/Nicole/Desktop/Danger-Bee/Content/FMOD/Desktop/Master Bank.strings.bank
[2018.05.12-14.10.40:498][  1]LogFMOD: Loading strings bank: ../../../../../../Users/Nicole/Desktop/Danger-Bee/Content/FMOD/Desktop/Master Bank.strings.bank
[2018.05.12-14.10.40:500][  1]LogFMOD: Skipping asset: bank:/Master Bank.strings
[2018.05.12-14.10.40:500][  1]LogFMOD: Skipping asset: bus:/
[2018.05.12-14.10.40:501][  1]LogFMOD: Default sample rate = 48000
[2018.05.12-14.10.40:501][  1]LogFMOD: System sample rate = 48000
[2018.05.12-14.10.40:501][  1]LogFMOD: Matching system sample rate 48000
[2018.05.12-14.10.40:660][  1]LogFMOD: Default sample rate = 48000
[2018.05.12-14.10.40:660][  1]LogFMOD: System sample rate = 48000
[2018.05.12-14.10.40:660][  1]LogFMOD: Matching system sample rate 48000
[2018.05.12-14.10.40:715][  1]LogFileCache: Retrieving MD5 hashes for directory 'C:/Users/Nicole/Desktop/Danger-Bee/Content/' took 0.36s
[2018.05.12-14.10.43:363][154]LogSlate: Took 0.000139 seconds to synchronously load lazily loaded font '../../../Engine/Content/Slate/Fonts/Roboto-Light.ttf' (167K)
[2018.05.12-14.11.46:973][600]LogSlate: FSceneViewport::OnFocusLost() reason 0
[2018.05.12-14.11.49:416][890]Cmd: MAP LOAD FILE="../../../../../../Users/Nicole/Desktop/Danger-Bee/Content/Maps/L_Level01.umap" TEMPLATE=0 SHOWPROGRESS=1 FEATURELEVEL=3
[2018.05.12-14.11.49:416][890]LightingResults: New page: Lighting Build
[2018.05.12-14.11.49:417][890]LoadErrors: New page: Loading map: L_Level01.umap
[2018.05.12-14.11.49:417][890]MapCheck: New page: Map Check
[2018.05.12-14.11.49:417][890]LightingResults: New page: Lighting Build
[2018.05.12-14.11.49:435][890]LogAIModule: Creating AISystem for world L_Level01
[2018.05.12-14.11.49:437][890]LogEditorServer: Finished looking for orphan Actors (0.000 secs)
[2018.05.12-14.11.49:464][890]Cmd: MAP CHECKDEP NOCLEARLOG
[2018.05.12-14.11.49:506][890]MapCheck: Map check complete: 0 Error(s), 0 Warning(s), took 41.945ms to complete.
[2018.05.12-14.11.49:507][890]LogFileHelpers: Loading map 'L_Level01' took 0.092
[2018.05.12-14.11.58:466][962]LogSlate: FSceneViewport::OnFocusLost() reason 0
[2018.05.12-14.12.20:241][553]LogSavePackage: Save=2.74ms
[2018.05.12-14.12.20:241][553]LogSavePackage: Moving '../../../../../../Users/Nicole/Desktop/Danger-Bee/Saved/L_LevelNICOLE_DONT_TOUCHCB31FDCE407BEF921AF2B5A6010D502D.tmp' to '../../../../../../Users/Nicole/Desktop/Danger-Bee/Content/Maps/L_LevelNICOLE_DONT_TOUCH.umap'
[2018.05.12-14.12.20:242][553]LogSavePackage: Display: Finished SavePackage ../../../../../../Users/Nicole/Desktop/Danger-Bee/Content/Maps/L_LevelNICOLE_DONT_TOUCH.umap
[2018.05.12-14.12.20:243][553]LogFileHelpers: Saving map 'L_LevelNICOLE_DONT_TOUCH' took 0.055
[2018.05.12-14.12.29:187][614]Cmd: MAP LOAD FILE="../../../../../../Users/Nicole/Desktop/Danger-Bee/Content/Maps/L_LevelNICOLE_DONT_TOUCH.umap" TEMPLATE=0 SHOWPROGRESS=1 FEATURELEVEL=3
[2018.05.12-14.12.29:187][614]LightingResults: New page: Lighting Build
[2018.05.12-14.12.29:188][614]LoadErrors: New page: Loading map: L_LevelNICOLE_DONT_TOUCH.umap
[2018.05.12-14.12.29:188][614]MapCheck: New page: Map Check
[2018.05.12-14.12.29:188][614]LightingResults: New page: Lighting Build
[2018.05.12-14.12.29:197][614]LogEditorServer: Finished looking for orphan Actors (0.000 secs)
[2018.05.12-14.12.29:197][614]LogAIModule: Creating AISystem for world L_LevelNICOLE_DONT_TOUCH
[2018.05.12-14.12.29:225][614]Cmd: MAP CHECKDEP NOCLEARLOG
[2018.05.12-14.12.29:266][614]MapCheck: Map check complete: 0 Error(s), 0 Warning(s), took 41.161ms to complete.
[2018.05.12-14.12.29:266][614]LogFileHelpers: Loading map 'L_LevelNICOLE_DONT_TOUCH' took 0.080
[2018.05.12-14.12.40:319][931]LogSlate: Took 0.000164 seconds to synchronously load lazily loaded font '../../../Engine/Content/Slate/Fonts/Roboto-Italic.ttf' (157K)
[2018.05.12-14.12.41:258][ 43]LogSlate: FSceneViewport::OnFocusLost() reason 0
[2018.05.12-14.12.55:430][725]LogActorFactory: Actor Factory created SM_Wall_16x16_01
[2018.05.12-14.12.57:569][981]LogActorFactory: Actor Factory created SM_Wall_16x16_01
[2018.05.12-14.12.58:972][141]LogSlate: FSceneViewport::OnFocusLost() reason 0
[2018.05.12-14.13.03:242][653]Cmd: CAMERA ALIGN ACTIVEVIEWPORTONLY
[2018.05.12-14.13.05:355][906]LogEditorViewport: Clicking on Actor (LMB): BP_Sky_Sphere_C (BP_Sky_Sphere)
[2018.05.12-14.13.06:270][ 12]Cmd: CAMERA ALIGN ACTIVEVIEWPORTONLY
[2018.05.12-14.13.07:949][213]LogEditorViewport: Clicking on Actor (LMB): BP_Sky_Sphere_C (BP_Sky_Sphere)
[2018.05.12-14.13.09:154][356]LogSlate: FSceneViewport::OnFocusLost() reason 0
[2018.05.12-14.13.09:919][444]Cmd: CAMERA ALIGN ACTIVEVIEWPORTONLY
[2018.05.12-14.13.34:833][409]LogSlate: FSceneViewport::OnFocusLost() reason 0
[2018.05.12-14.13.48:643][ 60]LogSlate: FSceneViewport::OnFocusLost() reason 0
[2018.05.12-14.13.56:816][ 37]LogSlate: FSceneViewport::OnFocusLost() reason 0
[2018.05.12-14.14.05:423][ 67]LogSlate: FSceneViewport::OnFocusLost() reason 0
[2018.05.12-14.14.08:278][409]LogEditorViewport: Clicking on Actor (LMB): StaticMeshActor (SM_Wall_16x16_01)
[2018.05.12-14.14.09:785][585]LogEditorViewport: Clicking on Actor (LMB): StaticMeshActor (SM_Wall_16x16_2)
[2018.05.12-14.14.13:282][998]LogSlate: FSceneViewport::OnFocusLost() reason 0
[2018.05.12-14.14.27:321][675]LogSlate: FSceneViewport::OnFocusLost() reason 0
[2018.05.12-14.14.33:764][446]LogEditorViewport: Clicking on Actor (LMB): BP_Sky_Sphere_C (BP_Sky_Sphere)
[2018.05.12-14.14.34:799][567]LogEditorViewport: Clicking on Actor (LMB): BP_Sky_Sphere_C (BP_Sky_Sphere)
[2018.05.12-14.14.37:387][875]LogEditorViewport: Clicking on Actor (LMB): StaticMeshActor (SM_Wall_16x16_3)
[2018.05.12-14.14.54:879][955]LogSlate: FSceneViewport::OnFocusLost() reason 0
[2018.05.12-14.15.18:265][749]LogSlate: FSceneViewport::OnFocusLost() reason 0
[2018.05.12-14.15.28:943][ 28]LogEditorViewport: Clicking on Actor (LMB): StaticMeshActor (SM_Wall_16x16_01)
[2018.05.12-14.15.44:119][826]LogSlate: FSceneViewport::OnFocusLost() reason 0
[2018.05.12-14.15.44:404][859]LogActorFactory: Actor Factory created SM_CurvedCeiling_16x16_01
[2018.05.12-14.15.48:403][337]LogActorFactory: Actor Factory created SM_CurvedCeiling_16x16_01
[2018.05.12-14.15.57:906][468]LogEditorViewport: Clicking on Actor (LMB): BP_Sky_Sphere_C (BP_Sky_Sphere)
[2018.05.12-14.16.05:651][391]LogSlate: FSceneViewport::OnFocusLost() reason 0
[2018.05.12-14.16.12:550][204]LogSlate: FSceneViewport::OnFocusLost() reason 0
[2018.05.12-14.16.20:434][147]Cmd: DELETE
[2018.05.12-14.16.20:434][147]Cmd: ACTOR DELETE
[2018.05.12-14.16.20:437][147]LogEditorActor: Deleted Actor: PointLight
[2018.05.12-14.16.20:446][147]LogEditorActor: Deleted 1 Actors (0.011 secs)
[2018.05.12-14.16.24:898][680]LogEditorViewport: Clicking on Actor (LMB): StaticMeshActor (SM_Wall_16x16_01)
[2018.05.12-14.16.25:556][751]LogSlate: FSceneViewport::OnFocusLost() reason 2
[2018.05.12-14.16.25:628][751]LogSavePackage: Save=7.95ms
[2018.05.12-14.16.25:628][751]LogSavePackage: Moving '../../../../../../Users/Nicole/Desktop/Danger-Bee/Saved/L_LevelNICOLE_DONT_TOUCH6913FFA14346806CE0DD56931007BCD0.tmp' to '../../../../../../Users/Nicole/Desktop/Danger-Bee/Content/Maps/L_LevelNICOLE_DONT_TOUCH.umap'
[2018.05.12-14.16.25:630][751]LogSavePackage: Display: Finished SavePackage ../../../../../../Users/Nicole/Desktop/Danger-Bee/Content/Maps/L_LevelNICOLE_DONT_TOUCH.umap
[2018.05.12-14.16.25:649][751]LogFileHelpers: Saving map 'L_LevelNICOLE_DONT_TOUCH' took 0.086
